<?xml version="1.0" encoding="UTF-8"?>
<coverage generated="1761509098890" clover="3.2.0">
  <project timestamp="1761509098891" name="All files">
    <metrics statements="1699" coveredstatements="1097" conditionals="1410" coveredconditionals="808" methods="287" coveredmethods="208" elements="3396" coveredelements="2113" complexity="0" loc="1699" ncloc="1699" packages="8" files="19" classes="19"/>
    <package name="src">
      <metrics statements="39" coveredstatements="0" conditionals="9" coveredconditionals="0" methods="3" coveredmethods="0"/>
      <file name="index.ts" path="/Volumes/Drive/Projects/fireblocks-custody-service/src/index.ts">
        <metrics statements="14" coveredstatements="0" conditionals="0" coveredconditionals="0" methods="1" coveredmethods="0"/>
        <line num="1" count="0" type="stmt"/>
        <line num="2" count="0" type="stmt"/>
        <line num="3" count="0" type="stmt"/>
        <line num="4" count="0" type="stmt"/>
        <line num="5" count="0" type="stmt"/>
        <line num="6" count="0" type="stmt"/>
        <line num="7" count="0" type="stmt"/>
        <line num="8" count="0" type="stmt"/>
        <line num="9" count="0" type="stmt"/>
        <line num="10" count="0" type="stmt"/>
        <line num="11" count="0" type="stmt"/>
        <line num="21" count="0" type="stmt"/>
        <line num="23" count="0" type="stmt"/>
        <line num="26" count="0" type="stmt"/>
      </file>
      <file name="main.ts" path="/Volumes/Drive/Projects/fireblocks-custody-service/src/main.ts">
        <metrics statements="25" coveredstatements="0" conditionals="9" coveredconditionals="0" methods="2" coveredmethods="0"/>
        <line num="3" count="0" type="stmt"/>
        <line num="5" count="0" type="stmt"/>
        <line num="6" count="0" type="stmt"/>
        <line num="8" count="0" type="stmt"/>
        <line num="11" count="0" type="stmt"/>
        <line num="12" count="0" type="stmt"/>
        <line num="13" count="0" type="stmt"/>
        <line num="16" count="0" type="cond" truecount="0" falsecount="3"/>
        <line num="18" count="0" type="cond" truecount="0" falsecount="2"/>
        <line num="19" count="0" type="stmt"/>
        <line num="20" count="0" type="stmt"/>
        <line num="23" count="0" type="stmt"/>
        <line num="24" count="0" type="cond" truecount="0" falsecount="2"/>
        <line num="25" count="0" type="stmt"/>
        <line num="26" count="0" type="stmt"/>
        <line num="28" count="0" type="stmt"/>
        <line num="30" count="0" type="cond" truecount="0" falsecount="2"/>
        <line num="32" count="0" type="stmt"/>
        <line num="33" count="0" type="stmt"/>
        <line num="44" count="0" type="stmt"/>
        <line num="46" count="0" type="stmt"/>
        <line num="47" count="0" type="stmt"/>
        <line num="51" count="0" type="stmt"/>
        <line num="52" count="0" type="stmt"/>
        <line num="53" count="0" type="stmt"/>
      </file>
    </package>
    <package name="src.approvals">
      <metrics statements="117" coveredstatements="58" conditionals="103" coveredconditionals="38" methods="9" coveredmethods="7"/>
      <file name="validator.ts" path="/Volumes/Drive/Projects/fireblocks-custody-service/src/approvals/validator.ts">
        <metrics statements="117" coveredstatements="58" conditionals="103" coveredconditionals="38" methods="9" coveredmethods="7"/>
        <line num="2" count="2" type="stmt"/>
        <line num="28" count="14" type="cond" truecount="1" falsecount="1"/>
        <line num="29" count="14" type="stmt"/>
        <line num="32" count="0" type="stmt"/>
        <line num="34" count="0" type="stmt"/>
        <line num="35" count="0" type="stmt"/>
        <line num="36" count="0" type="cond" truecount="0" falsecount="4"/>
        <line num="37" count="0" type="stmt"/>
        <line num="38" count="0" type="stmt"/>
        <line num="41" count="0" type="cond" truecount="0" falsecount="2"/>
        <line num="42" count="0" type="stmt"/>
        <line num="43" count="0" type="cond" truecount="0" falsecount="2"/>
        <line num="44" count="0" type="stmt"/>
        <line num="46" count="0" type="stmt"/>
        <line num="49" count="0" type="cond" truecount="0" falsecount="4"/>
        <line num="50" count="0" type="stmt"/>
        <line num="53" count="0" type="cond" truecount="0" falsecount="4"/>
        <line num="54" count="0" type="stmt"/>
        <line num="57" count="0" type="cond" truecount="0" falsecount="2"/>
        <line num="61" count="0" type="stmt"/>
        <line num="71" count="14" type="cond" truecount="3" falsecount="1"/>
        <line num="72" count="0" type="stmt"/>
        <line num="73" count="0" type="stmt"/>
        <line num="76" count="14" type="cond" truecount="1" falsecount="1"/>
        <line num="77" count="0" type="stmt"/>
        <line num="80" count="14" type="cond" truecount="2" falsecount="2"/>
        <line num="81" count="0" type="stmt"/>
        <line num="84" count="14" type="stmt"/>
        <line num="94" count="6" type="stmt"/>
        <line num="96" count="6" type="cond" truecount="3" falsecount="1"/>
        <line num="97" count="0" type="stmt"/>
        <line num="98" count="0" type="stmt"/>
        <line num="101" count="6" type="cond" truecount="1" falsecount="1"/>
        <line num="102" count="0" type="stmt"/>
        <line num="103" count="0" type="stmt"/>
        <line num="106" count="6" type="stmt"/>
        <line num="107" count="6" type="cond" truecount="1" falsecount="1"/>
        <line num="108" count="0" type="stmt"/>
        <line num="109" count="0" type="stmt"/>
        <line num="112" count="6" type="cond" truecount="2" falsecount="2"/>
        <line num="113" count="0" type="stmt"/>
        <line num="116" count="6" type="cond" truecount="1" falsecount="6"/>
        <line num="118" count="6" type="cond" truecount="2" falsecount="0"/>
        <line num="119" count="1" type="stmt"/>
        <line num="121" count="6" type="stmt"/>
        <line num="123" count="0" type="cond" truecount="0" falsecount="2"/>
        <line num="124" count="0" type="stmt"/>
        <line num="126" count="0" type="stmt"/>
        <line num="128" count="0" type="cond" truecount="0" falsecount="2"/>
        <line num="129" count="0" type="stmt"/>
        <line num="131" count="0" type="stmt"/>
        <line num="133" count="0" type="cond" truecount="0" falsecount="4"/>
        <line num="134" count="0" type="stmt"/>
        <line num="136" count="0" type="stmt"/>
        <line num="138" count="0" type="cond" truecount="0" falsecount="4"/>
        <line num="139" count="0" type="stmt"/>
        <line num="141" count="0" type="stmt"/>
        <line num="143" count="0" type="stmt"/>
        <line num="145" count="0" type="stmt"/>
        <line num="153" count="56" type="cond" truecount="1" falsecount="1"/>
        <line num="154" count="0" type="stmt"/>
        <line num="156" count="56" type="cond" truecount="2" falsecount="0"/>
        <line num="175" count="2" type="stmt"/>
        <line num="179" count="16" type="stmt"/>
        <line num="180" count="16" type="stmt"/>
        <line num="182" count="16" type="cond" truecount="1" falsecount="1"/>
        <line num="183" count="0" type="stmt"/>
        <line num="189" count="16" type="stmt"/>
        <line num="190" count="16" type="stmt"/>
        <line num="192" count="16" type="stmt"/>
        <line num="193" count="7" type="stmt"/>
        <line num="195" count="7" type="cond" truecount="3" falsecount="1"/>
        <line num="196" count="0" type="stmt"/>
        <line num="197" count="0" type="stmt"/>
        <line num="201" count="7" type="stmt"/>
        <line num="202" count="7" type="cond" truecount="1" falsecount="1"/>
        <line num="203" count="0" type="stmt"/>
        <line num="205" count="7" type="stmt"/>
        <line num="206" count="7" type="cond" truecount="1" falsecount="1"/>
        <line num="207" count="0" type="stmt"/>
        <line num="209" count="7" type="stmt"/>
        <line num="214" count="7" type="stmt"/>
        <line num="215" count="7" type="cond" truecount="1" falsecount="1"/>
        <line num="216" count="0" type="stmt"/>
        <line num="218" count="7" type="stmt"/>
        <line num="219" count="7" type="cond" truecount="1" falsecount="1"/>
        <line num="220" count="0" type="stmt"/>
        <line num="222" count="7" type="stmt"/>
        <line num="227" count="7" type="stmt"/>
        <line num="228" count="7" type="cond" truecount="2" falsecount="0"/>
        <line num="229" count="1" type="stmt"/>
        <line num="231" count="6" type="stmt"/>
        <line num="232" count="6" type="cond" truecount="2" falsecount="2"/>
        <line num="233" count="0" type="stmt"/>
        <line num="238" count="7" type="stmt"/>
        <line num="239" count="7" type="stmt"/>
        <line num="240" count="7" type="stmt"/>
        <line num="241" count="7" type="stmt"/>
        <line num="244" count="7" type="stmt"/>
        <line num="245" count="7" type="cond" truecount="2" falsecount="2"/>
        <line num="246" count="0" type="stmt"/>
        <line num="250" count="7" type="stmt"/>
        <line num="251" count="7" type="cond" truecount="1" falsecount="1"/>
        <line num="252" count="0" type="cond" truecount="0" falsecount="2"/>
        <line num="253" count="0" type="stmt"/>
        <line num="255" count="0" type="stmt"/>
        <line num="256" count="0" type="stmt"/>
        <line num="257" count="0" type="cond" truecount="0" falsecount="2"/>
        <line num="258" count="0" type="stmt"/>
        <line num="265" count="7" type="stmt"/>
        <line num="266" count="7" type="cond" truecount="2" falsecount="0"/>
        <line num="267" count="6" type="cond" truecount="1" falsecount="1"/>
        <line num="268" count="0" type="stmt"/>
        <line num="270" count="6" type="stmt"/>
        <line num="271" count="6" type="stmt"/>
        <line num="272" count="6" type="stmt"/>
        <line num="278" count="16" type="stmt"/>
      </file>
    </package>
    <package name="src.config">
      <metrics statements="445" coveredstatements="286" conditionals="466" coveredconditionals="281" methods="52" coveredmethods="40"/>
      <file name="types.ts" path="/Volumes/Drive/Projects/fireblocks-custody-service/src/config/types.ts">
        <metrics statements="3" coveredstatements="3" conditionals="0" coveredconditionals="0" methods="0" coveredmethods="0"/>
        <line num="8" count="9" type="stmt"/>
        <line num="121" count="9" type="stmt"/>
        <line num="142" count="9" type="stmt"/>
      </file>
      <file name="validator-strict.ts" path="/Volumes/Drive/Projects/fireblocks-custody-service/src/config/validator-strict.ts">
        <metrics statements="1" coveredstatements="1" conditionals="0" coveredconditionals="0" methods="0" coveredmethods="0"/>
        <line num="1" count="1" type="stmt"/>
      </file>
      <file name="validator.ts" path="/Volumes/Drive/Projects/fireblocks-custody-service/src/config/validator.ts">
        <metrics statements="441" coveredstatements="282" conditionals="466" coveredconditionals="281" methods="52" coveredmethods="40"/>
        <line num="27" count="2" type="stmt"/>
        <line num="28" count="2" type="stmt"/>
        <line num="29" count="2" type="stmt"/>
        <line num="31" count="2" type="stmt"/>
        <line num="33" count="2" type="stmt"/>
        <line num="63" count="15" type="cond" truecount="4" falsecount="0"/>
        <line num="64" count="4" type="stmt"/>
        <line num="67" count="11" type="cond" truecount="1" falsecount="1"/>
        <line num="68" count="0" type="stmt"/>
        <line num="70" count="11" type="stmt"/>
        <line num="71" count="11" type="stmt"/>
        <line num="72" count="8" type="stmt"/>
        <line num="74" count="3" type="stmt"/>
        <line num="79" count="23" type="stmt"/>
        <line num="80" count="23" type="stmt"/>
        <line num="81" count="31" type="cond" truecount="1" falsecount="1"/>
        <line num="82" count="0" type="stmt"/>
        <line num="84" count="31" type="stmt"/>
        <line num="94" count="23" type="cond" truecount="2" falsecount="0"/>
        <line num="95" count="16" type="stmt"/>
        <line num="98" count="7" type="cond" truecount="3" falsecount="1"/>
        <line num="99" count="0" type="stmt"/>
        <line num="102" count="7" type="cond" truecount="3" falsecount="1"/>
        <line num="103" count="0" type="stmt"/>
        <line num="112" count="16" type="cond" truecount="1" falsecount="1"/>
        <line num="113" count="0" type="stmt"/>
        <line num="116" count="16" type="cond" truecount="2" falsecount="0"/>
        <line num="117" count="9" type="stmt"/>
        <line num="118" count="9" type="stmt"/>
        <line num="121" count="7" type="stmt"/>
        <line num="123" count="7" type="stmt"/>
        <line num="124" count="7" type="stmt"/>
        <line num="126" count="7" type="cond" truecount="3" falsecount="1"/>
        <line num="127" count="0" type="stmt"/>
        <line num="128" count="0" type="stmt"/>
        <line num="131" count="7" type="cond" truecount="1" falsecount="1"/>
        <line num="132" count="0" type="stmt"/>
        <line num="133" count="7" type="cond" truecount="1" falsecount="1"/>
        <line num="134" count="0" type="stmt"/>
        <line num="136" count="7" type="stmt"/>
        <line num="139" count="7" type="cond" truecount="3" falsecount="1"/>
        <line num="140" count="0" type="stmt"/>
        <line num="143" count="7" type="cond" truecount="3" falsecount="2"/>
        <line num="144" count="0" type="stmt"/>
        <line num="150" count="14" type="cond" truecount="1" falsecount="1"/>
        <line num="151" count="0" type="stmt"/>
        <line num="154" count="14" type="cond" truecount="1" falsecount="1"/>
        <line num="155" count="0" type="stmt"/>
        <line num="158" count="14" type="cond" truecount="2" falsecount="2"/>
        <line num="159" count="0" type="stmt"/>
        <line num="162" count="14" type="cond" truecount="1" falsecount="1"/>
        <line num="163" count="0" type="cond" truecount="0" falsecount="4"/>
        <line num="164" count="0" type="stmt"/>
        <line num="174" count="0" type="cond" truecount="0" falsecount="2"/>
        <line num="175" count="0" type="stmt"/>
        <line num="178" count="0" type="cond" truecount="0" falsecount="4"/>
        <line num="179" count="0" type="stmt"/>
        <line num="182" count="0" type="cond" truecount="0" falsecount="2"/>
        <line num="186" count="0" type="stmt"/>
        <line num="197" count="16" type="cond" truecount="4" falsecount="0"/>
        <line num="198" count="9" type="stmt"/>
        <line num="199" count="9" type="stmt"/>
        <line num="202" count="7" type="stmt"/>
        <line num="203" count="7" type="stmt"/>
        <line num="205" count="7" type="stmt"/>
        <line num="206" count="7" type="stmt"/>
        <line num="208" count="7" type="cond" truecount="3" falsecount="1"/>
        <line num="209" count="0" type="stmt"/>
        <line num="210" count="0" type="stmt"/>
        <line num="213" count="7" type="cond" truecount="1" falsecount="1"/>
        <line num="214" count="0" type="stmt"/>
        <line num="215" count="7" type="cond" truecount="1" falsecount="1"/>
        <line num="216" count="0" type="stmt"/>
        <line num="218" count="7" type="stmt"/>
        <line num="221" count="7" type="cond" truecount="1" falsecount="1"/>
        <line num="222" count="0" type="stmt"/>
        <line num="225" count="7" type="cond" truecount="2" falsecount="2"/>
        <line num="226" count="0" type="stmt"/>
        <line num="229" count="7" type="cond" truecount="1" falsecount="1"/>
        <line num="233" count="0" type="stmt"/>
        <line num="236" count="7" type="cond" truecount="1" falsecount="1"/>
        <line num="237" count="7" type="stmt"/>
        <line num="238" count="7" type="stmt"/>
        <line num="242" count="7" type="cond" truecount="1" falsecount="1"/>
        <line num="243" count="0" type="stmt"/>
        <line num="244" count="0" type="stmt"/>
        <line num="248" count="7" type="cond" truecount="1" falsecount="1"/>
        <line num="249" count="0" type="stmt"/>
        <line num="250" count="0" type="stmt"/>
        <line num="251" count="0" type="cond" truecount="0" falsecount="2"/>
        <line num="252" count="0" type="stmt"/>
        <line num="254" count="0" type="cond" truecount="0" falsecount="2"/>
        <line num="255" count="0" type="stmt"/>
        <line num="260" count="7" type="cond" truecount="1" falsecount="1"/>
        <line num="261" count="7" type="stmt"/>
        <line num="262" count="7" type="cond" truecount="1" falsecount="1"/>
        <line num="263" count="0" type="stmt"/>
        <line num="265" count="7" type="stmt"/>
        <line num="271" count="7" type="cond" truecount="3" falsecount="1"/>
        <line num="272" count="0" type="stmt"/>
        <line num="273" count="7" type="cond" truecount="1" falsecount="1"/>
        <line num="274" count="0" type="stmt"/>
        <line num="275" count="7" type="cond" truecount="1" falsecount="1"/>
        <line num="276" count="0" type="stmt"/>
        <line num="281" count="7" type="stmt"/>
        <line num="289" count="16" type="cond" truecount="3" falsecount="1"/>
        <line num="290" count="0" type="stmt"/>
        <line num="291" count="0" type="stmt"/>
        <line num="294" count="16" type="stmt"/>
        <line num="295" count="16" type="stmt"/>
        <line num="296" count="16" type="stmt"/>
        <line num="298" count="16" type="stmt"/>
        <line num="299" count="24" type="stmt"/>
        <line num="301" count="24" type="cond" truecount="3" falsecount="1"/>
        <line num="302" count="0" type="stmt"/>
        <line num="303" count="0" type="stmt"/>
        <line num="306" count="24" type="cond" truecount="1" falsecount="1"/>
        <line num="307" count="0" type="stmt"/>
        <line num="309" count="24" type="stmt"/>
        <line num="312" count="24" type="cond" truecount="1" falsecount="1"/>
        <line num="313" count="0" type="stmt"/>
        <line num="316" count="24" type="cond" truecount="1" falsecount="1"/>
        <line num="317" count="0" type="stmt"/>
        <line num="320" count="24" type="cond" truecount="1" falsecount="1"/>
        <line num="324" count="0" type="stmt"/>
        <line num="329" count="24" type="cond" truecount="3" falsecount="1"/>
        <line num="330" count="0" type="stmt"/>
        <line num="332" count="24" type="stmt"/>
        <line num="334" count="24" type="stmt"/>
        <line num="335" count="24" type="stmt"/>
        <line num="337" count="24" type="cond" truecount="1" falsecount="1"/>
        <line num="338" count="0" type="stmt"/>
        <line num="340" count="24" type="cond" truecount="1" falsecount="1"/>
        <line num="341" count="0" type="stmt"/>
        <line num="343" count="24" type="stmt"/>
        <line num="346" count="24" type="cond" truecount="2" falsecount="0"/>
        <line num="347" count="1" type="stmt"/>
        <line num="349" count="23" type="stmt"/>
        <line num="350" count="23" type="stmt"/>
        <line num="354" count="24" type="cond" truecount="2" falsecount="0"/>
        <line num="355" count="9" type="stmt"/>
        <line num="358" count="24" type="cond" truecount="2" falsecount="0"/>
        <line num="359" count="9" type="stmt"/>
        <line num="362" count="24" type="cond" truecount="2" falsecount="0"/>
        <line num="363" count="9" type="stmt"/>
        <line num="366" count="24" type="cond" truecount="2" falsecount="0"/>
        <line num="367" count="9" type="stmt"/>
        <line num="370" count="24" type="cond" truecount="2" falsecount="2"/>
        <line num="371" count="0" type="stmt"/>
        <line num="374" count="24" type="cond" truecount="2" falsecount="2"/>
        <line num="375" count="0" type="stmt"/>
        <line num="381" count="16" type="stmt"/>
        <line num="383" count="16" type="stmt"/>
        <line num="391" count="16" type="cond" truecount="4" falsecount="1"/>
        <line num="392" count="0" type="stmt"/>
        <line num="393" count="0" type="stmt"/>
        <line num="396" count="16" type="stmt"/>
        <line num="398" count="16" type="stmt"/>
        <line num="400" count="16" type="cond" truecount="4" falsecount="1"/>
        <line num="401" count="0" type="stmt"/>
        <line num="403" count="16" type="stmt"/>
        <line num="404" count="23" type="stmt"/>
        <line num="405" count="23" type="cond" truecount="3" falsecount="1"/>
        <line num="406" count="0" type="stmt"/>
        <line num="407" count="0" type="stmt"/>
        <line num="410" count="23" type="cond" truecount="1" falsecount="1"/>
        <line num="411" count="0" type="stmt"/>
        <line num="412" count="23" type="cond" truecount="1" falsecount="1"/>
        <line num="413" count="0" type="stmt"/>
        <line num="415" count="23" type="stmt"/>
        <line num="424" count="16" type="cond" truecount="2" falsecount="0"/>
        <line num="425" count="9" type="stmt"/>
        <line num="428" count="16" type="cond" truecount="2" falsecount="0"/>
        <line num="429" count="9" type="stmt"/>
        <line num="433" count="16" type="stmt"/>
        <line num="449" count="16" type="cond" truecount="4" falsecount="0"/>
        <line num="450" count="1" type="stmt"/>
        <line num="451" count="1" type="stmt"/>
        <line num="454" count="15" type="stmt"/>
        <line num="456" count="15" type="stmt"/>
        <line num="457" count="16" type="stmt"/>
        <line num="459" count="16" type="cond" truecount="3" falsecount="1"/>
        <line num="460" count="0" type="stmt"/>
        <line num="461" count="0" type="stmt"/>
        <line num="464" count="16" type="cond" truecount="1" falsecount="1"/>
        <line num="465" count="0" type="stmt"/>
        <line num="466" count="16" type="cond" truecount="1" falsecount="1"/>
        <line num="467" count="0" type="stmt"/>
        <line num="469" count="16" type="stmt"/>
        <line num="472" count="16" type="cond" truecount="1" falsecount="1"/>
        <line num="473" count="0" type="stmt"/>
        <line num="476" count="16" type="cond" truecount="2" falsecount="0"/>
        <line num="477" count="1" type="stmt"/>
        <line num="480" count="16" type="cond" truecount="1" falsecount="1"/>
        <line num="481" count="0" type="stmt"/>
        <line num="482" count="0" type="stmt"/>
        <line num="483" count="0" type="cond" truecount="0" falsecount="2"/>
        <line num="484" count="0" type="stmt"/>
        <line num="485" count="0" type="cond" truecount="0" falsecount="2"/>
        <line num="486" count="0" type="stmt"/>
        <line num="491" count="16" type="cond" truecount="1" falsecount="1"/>
        <line num="493" count="0" type="stmt"/>
        <line num="495" count="0" type="stmt"/>
        <line num="498" count="16" type="cond" truecount="4" falsecount="0"/>
        <line num="499" count="7" type="stmt"/>
        <line num="503" count="15" type="stmt"/>
        <line num="512" count="16" type="cond" truecount="1" falsecount="1"/>
        <line num="513" count="0" type="stmt"/>
        <line num="516" count="16" type="stmt"/>
        <line num="517" count="16" type="stmt"/>
        <line num="519" count="16" type="stmt"/>
        <line num="520" count="7" type="stmt"/>
        <line num="522" count="7" type="cond" truecount="3" falsecount="1"/>
        <line num="523" count="0" type="stmt"/>
        <line num="524" count="0" type="stmt"/>
        <line num="527" count="7" type="cond" truecount="1" falsecount="1"/>
        <line num="528" count="0" type="stmt"/>
        <line num="529" count="7" type="cond" truecount="1" falsecount="1"/>
        <line num="530" count="0" type="stmt"/>
        <line num="532" count="7" type="stmt"/>
        <line num="535" count="7" type="cond" truecount="1" falsecount="1"/>
        <line num="536" count="0" type="stmt"/>
        <line num="539" count="7" type="cond" truecount="1" falsecount="1"/>
        <line num="540" count="0" type="stmt"/>
        <line num="543" count="7" type="cond" truecount="4" falsecount="1"/>
        <line num="544" count="0" type="stmt"/>
        <line num="546" count="7" type="stmt"/>
        <line num="547" count="7" type="stmt"/>
        <line num="553" count="7" type="stmt"/>
        <line num="559" count="7" type="stmt"/>
        <line num="560" count="28" type="cond" truecount="3" falsecount="1"/>
        <line num="561" count="1" type="stmt"/>
        <line num="565" count="7" type="stmt"/>
        <line num="566" count="21" type="stmt"/>
        <line num="567" count="21" type="cond" truecount="3" falsecount="1"/>
        <line num="568" count="0" type="stmt"/>
        <line num="573" count="7" type="cond" truecount="1" falsecount="1"/>
        <line num="574" count="0" type="stmt"/>
        <line num="576" count="7" type="stmt"/>
        <line num="579" count="7" type="stmt"/>
        <line num="580" count="7" type="stmt"/>
        <line num="581" count="7" type="cond" truecount="2" falsecount="2"/>
        <line num="582" count="0" type="stmt"/>
        <line num="587" count="7" type="cond" truecount="1" falsecount="1"/>
        <line num="588" count="0" type="cond" truecount="0" falsecount="4"/>
        <line num="589" count="0" type="stmt"/>
        <line num="594" count="16" type="stmt"/>
        <line num="603" count="16" type="cond" truecount="4" falsecount="0"/>
        <line num="604" count="9" type="stmt"/>
        <line num="605" count="9" type="stmt"/>
        <line num="608" count="7" type="stmt"/>
        <line num="609" count="7" type="stmt"/>
        <line num="611" count="7" type="stmt"/>
        <line num="612" count="7" type="stmt"/>
        <line num="614" count="7" type="cond" truecount="3" falsecount="1"/>
        <line num="615" count="0" type="stmt"/>
        <line num="616" count="0" type="stmt"/>
        <line num="619" count="7" type="cond" truecount="1" falsecount="1"/>
        <line num="620" count="0" type="stmt"/>
        <line num="621" count="7" type="cond" truecount="1" falsecount="1"/>
        <line num="622" count="0" type="stmt"/>
        <line num="624" count="7" type="stmt"/>
        <line num="627" count="7" type="cond" truecount="1" falsecount="1"/>
        <line num="628" count="0" type="stmt"/>
        <line num="631" count="7" type="cond" truecount="2" falsecount="2"/>
        <line num="632" count="0" type="stmt"/>
        <line num="635" count="7" type="cond" truecount="1" falsecount="1"/>
        <line num="639" count="0" type="stmt"/>
        <line num="642" count="7" type="cond" truecount="1" falsecount="1"/>
        <line num="643" count="7" type="stmt"/>
        <line num="644" count="7" type="stmt"/>
        <line num="648" count="7" type="cond" truecount="1" falsecount="1"/>
        <line num="649" count="0" type="stmt"/>
        <line num="650" count="0" type="stmt"/>
        <line num="654" count="7" type="cond" truecount="1" falsecount="1"/>
        <line num="655" count="0" type="stmt"/>
        <line num="656" count="0" type="stmt"/>
        <line num="657" count="0" type="cond" truecount="0" falsecount="2"/>
        <line num="658" count="0" type="stmt"/>
        <line num="660" count="0" type="cond" truecount="0" falsecount="2"/>
        <line num="661" count="0" type="stmt"/>
        <line num="666" count="7" type="cond" truecount="1" falsecount="1"/>
        <line num="667" count="7" type="stmt"/>
        <line num="668" count="7" type="cond" truecount="1" falsecount="1"/>
        <line num="669" count="0" type="stmt"/>
        <line num="671" count="7" type="stmt"/>
        <line num="676" count="7" type="cond" truecount="2" falsecount="2"/>
        <line num="677" count="0" type="stmt"/>
        <line num="681" count="7" type="stmt"/>
        <line num="683" count="7" type="stmt"/>
        <line num="692" count="16" type="cond" truecount="2" falsecount="0"/>
        <line num="693" count="9" type="stmt"/>
        <line num="696" count="7" type="stmt"/>
        <line num="697" count="14" type="cond" truecount="3" falsecount="1"/>
        <line num="698" count="0" type="stmt"/>
        <line num="699" count="0" type="stmt"/>
        <line num="702" count="14" type="cond" truecount="3" falsecount="1"/>
        <line num="703" count="0" type="stmt"/>
        <line num="704" count="14" type="cond" truecount="1" falsecount="1"/>
        <line num="705" count="0" type="stmt"/>
        <line num="707" count="0" type="stmt"/>
        <line num="712" count="14" type="cond" truecount="3" falsecount="1"/>
        <line num="713" count="0" type="stmt"/>
        <line num="716" count="14" type="cond" truecount="2" falsecount="2"/>
        <line num="717" count="0" type="stmt"/>
        <line num="721" count="7" type="cond" truecount="1" falsecount="1"/>
        <line num="722" count="7" type="stmt"/>
        <line num="725" count="7" type="cond" truecount="1" falsecount="1"/>
        <line num="726" count="7" type="stmt"/>
        <line num="729" count="7" type="cond" truecount="1" falsecount="1"/>
        <line num="730" count="0" type="stmt"/>
        <line num="731" count="0" type="stmt"/>
        <line num="732" count="0" type="cond" truecount="0" falsecount="2"/>
        <line num="733" count="0" type="stmt"/>
        <line num="735" count="0" type="stmt"/>
        <line num="745" count="16" type="cond" truecount="4" falsecount="1"/>
        <line num="746" count="0" type="stmt"/>
        <line num="747" count="0" type="stmt"/>
        <line num="750" count="16" type="cond" truecount="1" falsecount="1"/>
        <line num="751" count="0" type="stmt"/>
        <line num="754" count="16" type="cond" truecount="1" falsecount="1"/>
        <line num="755" count="0" type="stmt"/>
        <line num="758" count="16" type="cond" truecount="2" falsecount="2"/>
        <line num="759" count="0" type="stmt"/>
        <line num="762" count="16" type="stmt"/>
        <line num="764" count="16" type="cond" truecount="4" falsecount="1"/>
        <line num="765" count="0" type="stmt"/>
        <line num="767" count="16" type="cond" truecount="1" falsecount="1"/>
        <line num="768" count="0" type="stmt"/>
        <line num="771" count="16" type="cond" truecount="1" falsecount="1"/>
        <line num="772" count="0" type="stmt"/>
        <line num="775" count="16" type="cond" truecount="1" falsecount="1"/>
        <line num="779" count="0" type="stmt"/>
        <line num="789" count="16" type="cond" truecount="4" falsecount="1"/>
        <line num="790" count="0" type="stmt"/>
        <line num="791" count="0" type="stmt"/>
        <line num="794" count="16" type="cond" truecount="1" falsecount="1"/>
        <line num="795" count="0" type="stmt"/>
        <line num="798" count="16" type="stmt"/>
        <line num="806" count="16" type="stmt"/>
        <line num="808" count="16" type="cond" truecount="2" falsecount="2"/>
        <line num="809" count="0" type="stmt"/>
        <line num="812" count="16" type="stmt"/>
        <line num="819" count="16" type="cond" truecount="4" falsecount="1"/>
        <line num="820" count="0" type="stmt"/>
        <line num="821" count="0" type="stmt"/>
        <line num="830" count="16" type="stmt"/>
        <line num="836" count="16" type="stmt"/>
        <line num="837" count="16" type="cond" truecount="4" falsecount="1"/>
        <line num="838" count="0" type="stmt"/>
        <line num="841" count="16" type="stmt"/>
        <line num="849" count="16" type="stmt"/>
        <line num="859" count="16" type="cond" truecount="2" falsecount="0"/>
        <line num="860" count="9" type="stmt"/>
        <line num="863" count="7" type="stmt"/>
        <line num="864" count="7" type="cond" truecount="1" falsecount="1"/>
        <line num="865" count="7" type="cond" truecount="1" falsecount="1"/>
        <line num="866" count="7" type="cond" truecount="3" falsecount="1"/>
        <line num="867" count="0" type="stmt"/>
        <line num="869" count="7" type="cond" truecount="2" falsecount="2"/>
        <line num="870" count="0" type="stmt"/>
        <line num="872" count="7" type="cond" truecount="2" falsecount="2"/>
        <line num="873" count="0" type="stmt"/>
        <line num="877" count="7" type="stmt"/>
        <line num="879" count="7" type="cond" truecount="1" falsecount="1"/>
        <line num="883" count="0" type="stmt"/>
        <line num="887" count="7" type="stmt"/>
        <line num="888" count="7" type="cond" truecount="1" falsecount="1"/>
        <line num="889" count="7" type="cond" truecount="1" falsecount="1"/>
        <line num="890" count="0" type="stmt"/>
        <line num="893" count="7" type="cond" truecount="1" falsecount="1"/>
        <line num="897" count="0" type="stmt"/>
        <line num="900" count="7" type="cond" truecount="2" falsecount="2"/>
        <line num="901" count="0" type="stmt"/>
        <line num="904" count="7" type="cond" truecount="1" falsecount="1"/>
        <line num="905" count="0" type="stmt"/>
        <line num="906" count="0" type="cond" truecount="0" falsecount="2"/>
        <line num="907" count="0" type="stmt"/>
        <line num="919" count="16" type="cond" truecount="2" falsecount="0"/>
        <line num="920" count="9" type="stmt"/>
        <line num="923" count="7" type="cond" truecount="3" falsecount="1"/>
        <line num="924" count="0" type="stmt"/>
        <line num="927" count="7" type="cond" truecount="1" falsecount="1"/>
        <line num="928" count="0" type="stmt"/>
        <line num="929" count="0" type="cond" truecount="0" falsecount="2"/>
        <line num="930" count="0" type="stmt"/>
        <line num="935" count="7" type="cond" truecount="1" falsecount="1"/>
        <line num="936" count="0" type="cond" truecount="0" falsecount="4"/>
        <line num="937" count="0" type="stmt"/>
        <line num="939" count="0" type="cond" truecount="0" falsecount="2"/>
        <line num="940" count="0" type="stmt"/>
        <line num="945" count="2" type="stmt"/>
        <line num="947" count="8" type="stmt"/>
        <line num="951" count="8" type="stmt"/>
        <line num="955" count="16" type="stmt"/>
        <line num="956" count="16" type="stmt"/>
        <line num="958" count="16" type="cond" truecount="3" falsecount="1"/>
        <line num="959" count="0" type="stmt"/>
        <line num="960" count="0" type="stmt"/>
        <line num="963" count="16" type="stmt"/>
        <line num="965" count="16" type="stmt"/>
        <line num="967" count="16" type="stmt"/>
        <line num="969" count="16" type="cond" truecount="4" falsecount="1"/>
        <line num="970" count="0" type="stmt"/>
        <line num="972" count="16" type="stmt"/>
        <line num="979" count="16" type="cond" truecount="5" falsecount="0"/>
        <line num="980" count="9" type="stmt"/>
        <line num="983" count="16" type="stmt"/>
        <line num="990" count="16" type="cond" truecount="1" falsecount="1"/>
        <line num="991" count="16" type="stmt"/>
        <line num="992" count="16" type="cond" truecount="2" falsecount="0"/>
        <line num="996" count="1" type="stmt"/>
        <line num="1002" count="16" type="stmt"/>
        <line num="1009" count="16" type="cond" truecount="1" falsecount="1"/>
        <line num="1013" count="0" type="stmt"/>
        <line num="1018" count="16" type="cond" truecount="4" falsecount="1"/>
        <line num="1019" count="0" type="stmt"/>
        <line num="1021" count="16" type="stmt"/>
        <line num="1022" count="16" type="stmt"/>
        <line num="1034" count="16" type="stmt"/>
        <line num="1039" count="16" type="stmt"/>
        <line num="1040" count="16" type="stmt"/>
        <line num="1042" count="16" type="cond" truecount="1" falsecount="1"/>
        <line num="1043" count="16" type="cond" truecount="4" falsecount="0"/>
        <line num="1044" count="9" type="stmt"/>
        <line num="1046" count="7" type="stmt"/>
        <line num="1047" count="7" type="cond" truecount="1" falsecount="1"/>
        <line num="1048" count="0" type="stmt"/>
        <line num="1055" count="16" type="cond" truecount="1" falsecount="1"/>
        <line num="1056" count="0" type="stmt"/>
        <line num="1057" count="0" type="cond" truecount="0" falsecount="2"/>
        <line num="1058" count="0" type="stmt"/>
        <line num="1065" count="16" type="cond" truecount="2" falsecount="0"/>
        <line num="1066" count="7" type="stmt"/>
        <line num="1067" count="7" type="cond" truecount="2" falsecount="0"/>
        <line num="1068" count="2" type="stmt"/>
        <line num="1077" count="16" type="stmt"/>
        <line num="1078" count="16" type="stmt"/>
        <line num="1080" count="16" type="stmt"/>
        <line num="1084" count="16" type="stmt"/>
        <line num="1085" count="16" type="stmt"/>
      </file>
    </package>
    <package name="src.config.presets">
      <metrics statements="1" coveredstatements="0" conditionals="0" coveredconditionals="0" methods="0" coveredmethods="0"/>
      <file name="roles.ts" path="/Volumes/Drive/Projects/fireblocks-custody-service/src/config/presets/roles.ts">
        <metrics statements="1" coveredstatements="0" conditionals="0" coveredconditionals="0" methods="0" coveredmethods="0"/>
        <line num="3" count="0" type="stmt"/>
      </file>
    </package>
    <package name="src.contracts">
      <metrics statements="67" coveredstatements="64" conditionals="109" coveredconditionals="95" methods="3" coveredmethods="3"/>
      <file name="shared-config.ts" path="/Volumes/Drive/Projects/fireblocks-custody-service/src/contracts/shared-config.ts">
        <metrics statements="67" coveredstatements="64" conditionals="109" coveredconditionals="95" methods="3" coveredmethods="3"/>
        <line num="1" count="1" type="stmt"/>
        <line num="63" count="1" type="stmt"/>
        <line num="78" count="1" type="stmt"/>
        <line num="79" count="1" type="stmt"/>
        <line num="86" count="1" type="stmt"/>
        <line num="87" count="1" type="stmt"/>
        <line num="117" count="1" type="cond" truecount="2" falsecount="0"/>
        <line num="118" count="1" type="stmt"/>
        <line num="119" count="1" type="stmt"/>
        <line num="120" count="1" type="stmt"/>
        <line num="121" count="1" type="stmt"/>
        <line num="122" count="1" type="stmt"/>
        <line num="123" count="1" type="stmt"/>
        <line num="124" count="1" type="stmt"/>
        <line num="150" count="1" type="stmt"/>
        <line num="152" count="60" type="cond" truecount="2" falsecount="0"/>
        <line num="153" count="4" type="stmt"/>
        <line num="156" count="56" type="stmt"/>
        <line num="158" count="56" type="cond" truecount="2" falsecount="0"/>
        <line num="159" count="54" type="cond" truecount="2" falsecount="0"/>
        <line num="160" count="53" type="cond" truecount="2" falsecount="0"/>
        <line num="162" count="52" type="cond" truecount="4" falsecount="0"/>
        <line num="163" count="46" type="cond" truecount="2" falsecount="0"/>
        <line num="164" count="45" type="cond" truecount="4" falsecount="0"/>
        <line num="166" count="43" type="stmt"/>
        <line num="167" count="43" type="cond" truecount="2" falsecount="0"/>
        <line num="168" count="41" type="cond" truecount="2" falsecount="0"/>
        <line num="169" count="40" type="cond" truecount="4" falsecount="0"/>
        <line num="170" count="39" type="cond" truecount="3" falsecount="1"/>
        <line num="171" count="39" type="cond" truecount="3" falsecount="1"/>
        <line num="173" count="39" type="stmt"/>
        <line num="174" count="39" type="cond" truecount="2" falsecount="0"/>
        <line num="175" count="37" type="cond" truecount="2" falsecount="0"/>
        <line num="176" count="36" type="cond" truecount="1" falsecount="1"/>
        <line num="177" count="36" type="cond" truecount="1" falsecount="1"/>
        <line num="178" count="36" type="cond" truecount="3" falsecount="1"/>
        <line num="179" count="36" type="cond" truecount="2" falsecount="0"/>
        <line num="183" count="1" type="stmt"/>
        <line num="186" count="35" type="stmt"/>
        <line num="187" count="35" type="cond" truecount="2" falsecount="0"/>
        <line num="188" count="33" type="cond" truecount="2" falsecount="0"/>
        <line num="189" count="32" type="cond" truecount="4" falsecount="0"/>
        <line num="190" count="31" type="cond" truecount="3" falsecount="1"/>
        <line num="192" count="31" type="stmt"/>
        <line num="193" count="31" type="cond" truecount="2" falsecount="0"/>
        <line num="194" count="27" type="cond" truecount="5" falsecount="0"/>
        <line num="195" count="22" type="cond" truecount="4" falsecount="0"/>
        <line num="196" count="20" type="cond" truecount="3" falsecount="1"/>
        <line num="198" count="20" type="stmt"/>
        <line num="199" count="20" type="cond" truecount="1" falsecount="1"/>
        <line num="200" count="20" type="cond" truecount="1" falsecount="1"/>
        <line num="201" count="20" type="cond" truecount="3" falsecount="1"/>
        <line num="202" count="0" type="stmt"/>
        <line num="204" count="20" type="cond" truecount="3" falsecount="1"/>
        <line num="205" count="0" type="stmt"/>
        <line num="207" count="20" type="cond" truecount="2" falsecount="2"/>
        <line num="208" count="0" type="stmt"/>
        <line num="212" count="20" type="stmt"/>
        <line num="216" count="19" type="cond" truecount="2" falsecount="0"/>
        <line num="217" count="4" type="stmt"/>
        <line num="220" count="15" type="stmt"/>
        <line num="222" count="15" type="cond" truecount="2" falsecount="0"/>
        <line num="223" count="13" type="cond" truecount="2" falsecount="0"/>
        <line num="224" count="12" type="cond" truecount="2" falsecount="0"/>
        <line num="225" count="10" type="cond" truecount="2" falsecount="0"/>
        <line num="226" count="5" type="cond" truecount="3" falsecount="1"/>
        <line num="228" count="5" type="stmt"/>
      </file>
    </package>
    <package name="src.core">
      <metrics statements="731" coveredstatements="454" conditionals="531" coveredconditionals="260" methods="134" coveredmethods="91"/>
      <file name="error-handler.ts" path="/Volumes/Drive/Projects/fireblocks-custody-service/src/core/error-handler.ts">
        <metrics statements="82" coveredstatements="81" conditionals="50" coveredconditionals="43" methods="15" coveredmethods="15"/>
        <line num="1" count="6" type="stmt"/>
        <line num="4" count="6" type="stmt"/>
        <line num="21" count="6" type="stmt"/>
        <line num="24" count="41" type="stmt"/>
        <line num="25" count="41" type="stmt"/>
        <line num="26" count="41" type="stmt"/>
        <line num="27" count="41" type="stmt"/>
        <line num="29" count="41" type="stmt"/>
        <line num="30" count="41" type="stmt"/>
        <line num="34" count="6" type="stmt"/>
        <line num="37" count="3" type="stmt"/>
        <line num="38" count="3" type="stmt"/>
        <line num="39" count="3" type="stmt"/>
        <line num="40" count="3" type="stmt"/>
        <line num="41" count="3" type="stmt"/>
        <line num="44" count="3" type="stmt"/>
        <line num="48" count="6" type="stmt"/>
        <line num="51" count="8" type="stmt"/>
        <line num="56" count="8" type="stmt"/>
        <line num="60" count="6" type="stmt"/>
        <line num="61" count="4" type="stmt"/>
        <line num="62" count="4" type="stmt"/>
        <line num="66" count="6" type="stmt"/>
        <line num="70" count="19" type="cond" truecount="2" falsecount="0"/>
        <line num="71" count="3" type="stmt"/>
        <line num="74" count="16" type="cond" truecount="2" falsecount="0"/>
        <line num="75" count="4" type="stmt"/>
        <line num="78" count="12" type="cond" truecount="2" falsecount="0"/>
        <line num="79" count="11" type="stmt"/>
        <line num="82" count="1" type="stmt"/>
        <line num="85" count="6" type="stmt"/>
        <line num="92" count="6" type="stmt"/>
        <line num="93" count="12" type="stmt"/>
        <line num="94" count="12" type="stmt"/>
        <line num="96" count="9" type="stmt"/>
        <line num="98" count="9" type="stmt"/>
        <line num="99" count="9" type="cond" truecount="4" falsecount="0"/>
        <line num="100" count="2" type="stmt"/>
        <line num="103" count="7" type="cond" truecount="2" falsecount="0"/>
        <line num="104" count="6" type="stmt"/>
        <line num="105" count="6" type="stmt"/>
        <line num="110" count="1" type="stmt"/>
        <line num="113" count="6" type="stmt"/>
        <line num="117" count="3" type="cond" truecount="2" falsecount="0"/>
        <line num="118" count="1" type="stmt"/>
        <line num="120" count="2" type="stmt"/>
        <line num="123" count="6" type="stmt"/>
        <line num="127" count="11" type="cond" truecount="2" falsecount="0"/>
        <line num="128" count="2" type="stmt"/>
        <line num="131" count="9" type="cond" truecount="2" falsecount="0"/>
        <line num="132" count="2" type="stmt"/>
        <line num="135" count="7" type="cond" truecount="1" falsecount="1"/>
        <line num="136" count="7" type="stmt"/>
        <line num="137" count="7" type="stmt"/>
        <line num="140" count="6" type="stmt"/>
        <line num="145" count="3" type="stmt"/>
        <line num="152" count="5" type="cond" truecount="1" falsecount="1"/>
        <line num="154" count="5" type="cond" truecount="5" falsecount="0"/>
        <line num="156" count="1" type="stmt"/>
        <line num="158" count="1" type="stmt"/>
        <line num="159" count="1" type="cond" truecount="1" falsecount="1"/>
        <line num="162" count="1" type="stmt"/>
        <line num="164" count="1" type="stmt"/>
        <line num="166" count="1" type="stmt"/>
        <line num="171" count="30" type="cond" truecount="2" falsecount="0"/>
        <line num="193" count="7" type="cond" truecount="2" falsecount="0"/>
        <line num="194" count="1" type="stmt"/>
        <line num="197" count="6" type="stmt"/>
        <line num="198" count="6" type="stmt"/>
        <line num="199" count="12" type="cond" truecount="1" falsecount="1"/>
        <line num="200" count="0" type="stmt"/>
        <line num="203" count="12" type="cond" truecount="2" falsecount="0"/>
        <line num="205" count="12" type="cond" truecount="2" falsecount="0"/>
        <line num="206" count="3" type="stmt"/>
        <line num="207" count="5" type="cond" truecount="1" falsecount="1"/>
        <line num="208" count="5" type="cond" truecount="1" falsecount="1"/>
        <line num="209" count="5" type="stmt"/>
        <line num="212" count="3" type="stmt"/>
        <line num="215" count="9" type="cond" truecount="2" falsecount="0"/>
        <line num="216" count="9" type="cond" truecount="1" falsecount="1"/>
        <line num="217" count="9" type="stmt"/>
        <line num="221" count="6" type="stmt"/>
      </file>
      <file name="ip-validator.ts" path="/Volumes/Drive/Projects/fireblocks-custody-service/src/core/ip-validator.ts">
        <metrics statements="51" coveredstatements="51" conditionals="40" coveredconditionals="40" methods="12" coveredmethods="12"/>
        <line num="6" count="1" type="stmt"/>
        <line num="14" count="1" type="stmt"/>
        <line num="16" count="17" type="stmt"/>
        <line num="19" count="17" type="stmt"/>
        <line num="20" count="17" type="stmt"/>
        <line num="28" count="19" type="stmt"/>
        <line num="30" count="19" type="stmt"/>
        <line num="31" count="27" type="cond" truecount="2" falsecount="0"/>
        <line num="33" count="6" type="stmt"/>
        <line num="34" count="6" type="stmt"/>
        <line num="36" count="6" type="cond" truecount="5" falsecount="0"/>
        <line num="37" count="1" type="stmt"/>
        <line num="40" count="5" type="stmt"/>
        <line num="43" count="21" type="cond" truecount="2" falsecount="0"/>
        <line num="44" count="1" type="stmt"/>
        <line num="54" count="35" type="cond" truecount="2" falsecount="0"/>
        <line num="55" count="3" type="stmt"/>
        <line num="58" count="32" type="cond" truecount="2" falsecount="0"/>
        <line num="59" count="3" type="stmt"/>
        <line num="63" count="29" type="cond" truecount="4" falsecount="0"/>
        <line num="64" count="12" type="stmt"/>
        <line num="68" count="17" type="cond" truecount="2" falsecount="0"/>
        <line num="69" count="6" type="stmt"/>
        <line num="73" count="11" type="stmt"/>
        <line num="74" count="9" type="cond" truecount="2" falsecount="0"/>
        <line num="75" count="5" type="stmt"/>
        <line num="79" count="6" type="stmt"/>
        <line num="86" count="62" type="stmt"/>
        <line num="93" count="108" type="stmt"/>
        <line num="96" count="27" type="cond" truecount="2" falsecount="0"/>
        <line num="99" count="24" type="cond" truecount="5" falsecount="0"/>
        <line num="102" count="21" type="cond" truecount="4" falsecount="0"/>
        <line num="105" count="18" type="cond" truecount="2" falsecount="0"/>
        <line num="107" count="15" type="stmt"/>
        <line num="114" count="9" type="stmt"/>
        <line num="115" count="9" type="stmt"/>
        <line num="117" count="9" type="stmt"/>
        <line num="118" count="9" type="stmt"/>
        <line num="120" count="9" type="stmt"/>
        <line num="127" count="18" type="stmt"/>
        <line num="129" count="72" type="stmt"/>
        <line num="137" count="6" type="stmt"/>
        <line num="144" count="3" type="cond" truecount="2" falsecount="0"/>
        <line num="145" count="1" type="stmt"/>
        <line num="148" count="2" type="cond" truecount="2" falsecount="0"/>
        <line num="149" count="1" type="stmt"/>
        <line num="150" count="1" type="stmt"/>
        <line num="158" count="2" type="stmt"/>
        <line num="159" count="2" type="cond" truecount="2" falsecount="0"/>
        <line num="160" count="1" type="stmt"/>
        <line num="161" count="1" type="stmt"/>
      </file>
      <file name="secrets-manager.ts" path="/Volumes/Drive/Projects/fireblocks-custody-service/src/core/secrets-manager.ts">
        <metrics statements="179" coveredstatements="70" conditionals="134" coveredconditionals="40" methods="26" coveredmethods="13"/>
        <line num="6" count="6" type="cond" truecount="2" falsecount="0"/>
        <line num="7" count="6" type="stmt"/>
        <line num="8" count="6" type="stmt"/>
        <line num="9" count="6" type="stmt"/>
        <line num="10" count="6" type="stmt"/>
        <line num="46" count="6" type="stmt"/>
        <line num="48" count="6" type="stmt"/>
        <line num="49" count="6" type="stmt"/>
        <line num="50" count="10" type="stmt"/>
        <line num="51" count="10" type="stmt"/>
        <line num="52" count="10" type="stmt"/>
        <line num="56" count="10" type="stmt"/>
        <line num="57" count="10" type="stmt"/>
        <line num="61" count="12" type="cond" truecount="2" falsecount="0"/>
        <line num="62" count="11" type="cond" truecount="2" falsecount="0"/>
        <line num="63" count="1" type="stmt"/>
        <line num="65" count="10" type="stmt"/>
        <line num="67" count="11" type="stmt"/>
        <line num="71" count="10" type="cond" truecount="1" falsecount="1"/>
        <line num="72" count="0" type="stmt"/>
        <line num="75" count="10" type="cond" truecount="1" falsecount="2"/>
        <line num="77" count="0" type="cond" truecount="0" falsecount="2"/>
        <line num="78" count="0" type="stmt"/>
        <line num="80" count="0" type="stmt"/>
        <line num="82" count="0" type="cond" truecount="0" falsecount="2"/>
        <line num="83" count="0" type="stmt"/>
        <line num="85" count="0" type="stmt"/>
        <line num="87" count="10" type="stmt"/>
        <line num="92" count="9" type="cond" truecount="1" falsecount="1"/>
        <line num="93" count="0" type="stmt"/>
        <line num="98" count="9" type="cond" truecount="1" falsecount="4"/>
        <line num="100" count="9" type="stmt"/>
        <line num="101" count="5" type="stmt"/>
        <line num="103" count="0" type="stmt"/>
        <line num="104" count="0" type="stmt"/>
        <line num="106" count="0" type="stmt"/>
        <line num="107" count="0" type="stmt"/>
        <line num="109" count="0" type="stmt"/>
        <line num="110" count="0" type="stmt"/>
        <line num="112" count="0" type="stmt"/>
        <line num="115" count="5" type="stmt"/>
        <line num="116" count="5" type="stmt"/>
        <line num="117" count="5" type="cond" truecount="2" falsecount="0"/>
        <line num="118" count="5" type="stmt"/>
        <line num="119" count="5" type="stmt"/>
        <line num="123" count="9" type="stmt"/>
        <line num="124" count="9" type="stmt"/>
        <line num="125" count="9" type="stmt"/>
        <line num="126" count="9" type="stmt"/>
        <line num="128" count="9" type="cond" truecount="5" falsecount="0"/>
        <line num="129" count="1" type="stmt"/>
        <line num="134" count="8" type="stmt"/>
        <line num="135" count="6" type="stmt"/>
        <line num="137" count="5" type="stmt"/>
        <line num="138" count="5" type="stmt"/>
        <line num="139" count="5" type="stmt"/>
        <line num="142" count="5" type="cond" truecount="2" falsecount="0"/>
        <line num="144" count="5" type="cond" truecount="4" falsecount="0"/>
        <line num="145" count="1" type="stmt"/>
        <line num="148" count="5" type="stmt"/>
        <line num="160" count="0" type="stmt"/>
        <line num="164" count="0" type="stmt"/>
        <line num="168" count="0" type="stmt"/>
        <line num="174" count="5" type="cond" truecount="1" falsecount="1"/>
        <line num="175" count="5" type="stmt"/>
        <line num="178" count="0" type="stmt"/>
        <line num="179" count="0" type="stmt"/>
        <line num="180" count="0" type="cond" truecount="0" falsecount="2"/>
        <line num="181" count="0" type="stmt"/>
        <line num="184" count="0" type="stmt"/>
        <line num="185" count="0" type="stmt"/>
        <line num="186" count="0" type="cond" truecount="0" falsecount="2"/>
        <line num="187" count="0" type="stmt"/>
        <line num="190" count="0" type="stmt"/>
        <line num="191" count="0" type="stmt"/>
        <line num="192" count="0" type="cond" truecount="0" falsecount="4"/>
        <line num="193" count="0" type="stmt"/>
        <line num="197" count="0" type="cond" truecount="0" falsecount="4"/>
        <line num="201" count="0" type="stmt"/>
        <line num="206" count="0" type="stmt"/>
        <line num="214" count="0" type="stmt"/>
        <line num="216" count="0" type="stmt"/>
        <line num="223" count="10" type="cond" truecount="1" falsecount="1"/>
        <line num="224" count="10" type="stmt"/>
        <line num="227" count="0" type="stmt"/>
        <line num="228" count="0" type="stmt"/>
        <line num="229" count="0" type="cond" truecount="0" falsecount="2"/>
        <line num="230" count="0" type="stmt"/>
        <line num="233" count="0" type="stmt"/>
        <line num="234" count="0" type="stmt"/>
        <line num="235" count="0" type="cond" truecount="0" falsecount="2"/>
        <line num="236" count="0" type="stmt"/>
        <line num="238" count="0" type="stmt"/>
        <line num="246" count="0" type="stmt"/>
        <line num="248" count="0" type="stmt"/>
        <line num="253" count="14" type="stmt"/>
        <line num="255" count="14" type="cond" truecount="2" falsecount="0"/>
        <line num="256" count="2" type="stmt"/>
        <line num="259" count="12" type="stmt"/>
        <line num="260" count="12" type="stmt"/>
        <line num="261" count="12" type="cond" truecount="2" falsecount="0"/>
        <line num="262" count="9" type="stmt"/>
        <line num="264" count="3" type="stmt"/>
        <line num="266" count="3" type="stmt"/>
        <line num="273" count="5" type="cond" truecount="3" falsecount="1"/>
        <line num="274" count="0" type="stmt"/>
        <line num="277" count="5" type="cond" truecount="3" falsecount="1"/>
        <line num="278" count="0" type="stmt"/>
        <line num="281" count="5" type="cond" truecount="1" falsecount="1"/>
        <line num="282" count="0" type="stmt"/>
        <line num="287" count="4" type="cond" truecount="2" falsecount="0"/>
        <line num="288" count="3" type="stmt"/>
        <line num="290" count="1" type="stmt"/>
        <line num="294" count="0" type="stmt"/>
        <line num="296" count="0" type="cond" truecount="0" falsecount="4"/>
        <line num="297" count="0" type="stmt"/>
        <line num="300" count="0" type="stmt"/>
        <line num="306" count="0" type="stmt"/>
        <line num="313" count="0" type="cond" truecount="0" falsecount="2"/>
        <line num="314" count="0" type="stmt"/>
        <line num="322" count="0" type="cond" truecount="0" falsecount="2"/>
        <line num="323" count="0" type="stmt"/>
        <line num="325" count="0" type="cond" truecount="0" falsecount="4"/>
        <line num="326" count="0" type="cond" truecount="0" falsecount="2"/>
        <line num="327" count="0" type="stmt"/>
        <line num="333" count="0" type="stmt"/>
        <line num="337" count="0" type="cond" truecount="0" falsecount="2"/>
        <line num="343" count="0" type="stmt"/>
        <line num="344" count="0" type="cond" truecount="0" falsecount="2"/>
        <line num="345" count="0" type="stmt"/>
        <line num="348" count="0" type="stmt"/>
        <line num="349" count="0" type="cond" truecount="0" falsecount="4"/>
        <line num="352" count="0" type="cond" truecount="0" falsecount="2"/>
        <line num="353" count="0" type="stmt"/>
        <line num="354" count="0" type="cond" truecount="0" falsecount="2"/>
        <line num="355" count="0" type="stmt"/>
        <line num="359" count="0" type="cond" truecount="0" falsecount="2"/>
        <line num="362" count="0" type="cond" truecount="0" falsecount="2"/>
        <line num="363" count="0" type="stmt"/>
        <line num="364" count="0" type="cond" truecount="0" falsecount="2"/>
        <line num="365" count="0" type="stmt"/>
        <line num="369" count="0" type="stmt"/>
        <line num="373" count="0" type="stmt"/>
        <line num="374" count="0" type="cond" truecount="0" falsecount="2"/>
        <line num="375" count="0" type="stmt"/>
        <line num="378" count="0" type="cond" truecount="0" falsecount="2"/>
        <line num="381" count="0" type="cond" truecount="0" falsecount="2"/>
        <line num="382" count="0" type="stmt"/>
        <line num="385" count="0" type="stmt"/>
        <line num="386" count="0" type="cond" truecount="0" falsecount="4"/>
        <line num="389" count="0" type="cond" truecount="0" falsecount="2"/>
        <line num="390" count="0" type="stmt"/>
        <line num="393" count="0" type="stmt"/>
        <line num="394" count="0" type="stmt"/>
        <line num="395" count="0" type="cond" truecount="0" falsecount="2"/>
        <line num="396" count="0" type="stmt"/>
        <line num="399" count="0" type="stmt"/>
        <line num="400" count="0" type="stmt"/>
        <line num="401" count="0" type="cond" truecount="0" falsecount="4"/>
        <line num="402" count="0" type="stmt"/>
        <line num="405" count="0" type="stmt"/>
        <line num="406" count="0" type="stmt"/>
        <line num="407" count="0" type="stmt"/>
        <line num="408" count="0" type="cond" truecount="0" falsecount="2"/>
        <line num="413" count="0" type="stmt"/>
        <line num="416" count="0" type="stmt"/>
        <line num="418" count="0" type="cond" truecount="0" falsecount="2"/>
        <line num="419" count="0" type="cond" truecount="0" falsecount="2"/>
        <line num="421" count="0" type="stmt"/>
        <line num="431" count="0" type="stmt"/>
        <line num="437" count="0" type="stmt"/>
        <line num="439" count="0" type="stmt"/>
        <line num="444" count="10" type="stmt"/>
        <line num="445" count="10" type="stmt"/>
        <line num="446" count="10" type="stmt"/>
        <line num="450" count="11" type="cond" truecount="2" falsecount="0"/>
        <line num="451" count="9" type="stmt"/>
        <line num="453" count="11" type="stmt"/>
        <line num="457" count="0" type="stmt"/>
      </file>
      <file name="turnkey-client.ts" path="/Volumes/Drive/Projects/fireblocks-custody-service/src/core/turnkey-client.ts">
        <metrics statements="419" coveredstatements="252" conditionals="307" coveredconditionals="137" methods="81" coveredmethods="51"/>
        <line num="1" count="5" type="stmt"/>
        <line num="28" count="5" type="stmt"/>
        <line num="29" count="5" type="stmt"/>
        <line num="62" count="5" type="stmt"/>
        <line num="63" count="24" type="cond" truecount="2" falsecount="0"/>
        <line num="65" count="5" type="stmt"/>
        <line num="66" count="13" type="cond" truecount="2" falsecount="0"/>
        <line num="76" count="5" type="stmt"/>
        <line num="77" count="0" type="stmt"/>
        <line num="84" count="5" type="stmt"/>
        <line num="85" count="0" type="stmt"/>
        <line num="86" count="0" type="stmt"/>
        <line num="87" count="0" type="stmt"/>
        <line num="88" count="0" type="stmt"/>
        <line num="182" count="21" type="cond" truecount="2" falsecount="0"/>
        <line num="185" count="5" type="stmt"/>
        <line num="186" count="5" type="stmt"/>
        <line num="189" count="19" type="cond" truecount="2" falsecount="0"/>
        <line num="190" count="1" type="stmt"/>
        <line num="193" count="18" type="stmt"/>
        <line num="194" count="18" type="stmt"/>
        <line num="195" count="17" type="stmt"/>
        <line num="196" count="17" type="stmt"/>
        <line num="200" count="1" type="cond" truecount="1" falsecount="1"/>
        <line num="201" count="1" type="stmt"/>
        <line num="203" count="0" type="stmt"/>
        <line num="207" count="19" type="stmt"/>
        <line num="214" count="18" type="stmt"/>
        <line num="217" count="18" type="stmt"/>
        <line num="218" count="18" type="stmt"/>
        <line num="219" count="18" type="stmt"/>
        <line num="225" count="18" type="stmt"/>
        <line num="227" count="17" type="stmt"/>
        <line num="235" count="17" type="stmt"/>
        <line num="239" count="18" type="cond" truecount="1" falsecount="1"/>
        <line num="240" count="0" type="stmt"/>
        <line num="243" count="18" type="stmt"/>
        <line num="244" count="18" type="cond" truecount="2" falsecount="0"/>
        <line num="245" count="15" type="stmt"/>
        <line num="246" count="15" type="stmt"/>
        <line num="249" count="18" type="cond" truecount="4" falsecount="0"/>
        <line num="250" count="14" type="stmt"/>
        <line num="253" count="4" type="stmt"/>
        <line num="254" count="4" type="cond" truecount="2" falsecount="0"/>
        <line num="255" count="1" type="stmt"/>
        <line num="261" count="3" type="stmt"/>
        <line num="266" count="3" type="cond" truecount="2" falsecount="0"/>
        <line num="267" count="1" type="stmt"/>
        <line num="270" count="2" type="stmt"/>
        <line num="275" count="2" type="cond" truecount="3" falsecount="1"/>
        <line num="276" count="2" type="stmt"/>
        <line num="279" count="2" type="stmt"/>
        <line num="280" count="2" type="cond" truecount="1" falsecount="1"/>
        <line num="281" count="0" type="stmt"/>
        <line num="282" count="0" type="stmt"/>
        <line num="283" count="0" type="stmt"/>
        <line num="284" count="0" type="stmt"/>
        <line num="285" count="0" type="stmt"/>
        <line num="286" count="0" type="cond" truecount="0" falsecount="4"/>
        <line num="287" count="0" type="stmt"/>
        <line num="288" count="0" type="stmt"/>
        <line num="296" count="0" type="stmt"/>
        <line num="301" count="2" type="stmt"/>
        <line num="302" count="2" type="stmt"/>
        <line num="306" count="1" type="stmt"/>
        <line num="314" count="5" type="cond" truecount="1" falsecount="1"/>
        <line num="315" count="5" type="cond" truecount="1" falsecount="1"/>
        <line num="316" count="5" type="stmt"/>
        <line num="317" count="5" type="stmt"/>
        <line num="322" count="5" type="stmt"/>
        <line num="323" count="12" type="stmt"/>
        <line num="324" count="12" type="cond" truecount="1" falsecount="1"/>
        <line num="325" count="0" type="stmt"/>
        <line num="333" count="12" type="cond" truecount="4" falsecount="0"/>
        <line num="334" count="4" type="stmt"/>
        <line num="337" count="8" type="cond" truecount="2" falsecount="0"/>
        <line num="338" count="1" type="stmt"/>
        <line num="346" count="7" type="stmt"/>
        <line num="347" count="7" type="stmt"/>
        <line num="348" count="7" type="stmt"/>
        <line num="356" count="24" type="cond" truecount="2" falsecount="0"/>
        <line num="364" count="17" type="cond" truecount="3" falsecount="0"/>
        <line num="365" count="17" type="stmt"/>
        <line num="370" count="17" type="stmt"/>
        <line num="372" count="17" type="stmt"/>
        <line num="380" count="17" type="stmt"/>
        <line num="381" count="17" type="stmt"/>
        <line num="383" count="16" type="stmt"/>
        <line num="384" count="16" type="stmt"/>
        <line num="386" count="1" type="stmt"/>
        <line num="387" count="1" type="stmt"/>
        <line num="389" count="15" type="stmt"/>
        <line num="390" count="15" type="stmt"/>
        <line num="392" count="15" type="stmt"/>
        <line num="393" count="15" type="cond" truecount="2" falsecount="0"/>
        <line num="394" count="1" type="stmt"/>
        <line num="397" count="15" type="stmt"/>
        <line num="399" count="15" type="stmt"/>
        <line num="404" count="12" type="stmt"/>
        <line num="405" count="12" type="cond" truecount="2" falsecount="0"/>
        <line num="408" count="11" type="stmt"/>
        <line num="410" count="11" type="cond" truecount="2" falsecount="0"/>
        <line num="411" count="8" type="cond" truecount="1" falsecount="1"/>
        <line num="412" count="8" type="stmt"/>
        <line num="419" count="8" type="stmt"/>
        <line num="428" count="3" type="cond" truecount="2" falsecount="0"/>
        <line num="429" count="2" type="cond" truecount="1" falsecount="1"/>
        <line num="430" count="2" type="stmt"/>
        <line num="432" count="2" type="stmt"/>
        <line num="444" count="1" type="cond" truecount="1" falsecount="1"/>
        <line num="445" count="1" type="stmt"/>
        <line num="449" count="1" type="stmt"/>
        <line num="456" count="1" type="stmt"/>
        <line num="460" count="15" type="stmt"/>
        <line num="463" count="17" type="stmt"/>
        <line num="465" count="2" type="cond" truecount="4" falsecount="0"/>
        <line num="468" count="2" type="stmt"/>
        <line num="475" count="2" type="stmt"/>
        <line num="480" count="26" type="cond" truecount="2" falsecount="0"/>
        <line num="481" count="23" type="stmt"/>
        <line num="484" count="3" type="stmt"/>
        <line num="485" count="3" type="cond" truecount="1" falsecount="1"/>
        <line num="486" count="0" type="stmt"/>
        <line num="488" count="3" type="stmt"/>
        <line num="499" count="3" type="cond" truecount="1" falsecount="1"/>
        <line num="500" count="0" type="stmt"/>
        <line num="502" count="3" type="stmt"/>
        <line num="503" count="3" type="cond" truecount="1" falsecount="1"/>
        <line num="504" count="0" type="stmt"/>
        <line num="507" count="3" type="cond" truecount="1" falsecount="1"/>
        <line num="509" count="3" type="cond" truecount="1" falsecount="1"/>
        <line num="510" count="3" type="cond" truecount="2" falsecount="2"/>
        <line num="511" count="0" type="stmt"/>
        <line num="513" count="3" type="stmt"/>
        <line num="517" count="1" type="cond" truecount="1" falsecount="1"/>
        <line num="518" count="0" type="stmt"/>
        <line num="520" count="1" type="stmt"/>
        <line num="521" count="1" type="cond" truecount="1" falsecount="1"/>
        <line num="522" count="0" type="stmt"/>
        <line num="524" count="1" type="stmt"/>
        <line num="525" count="1" type="cond" truecount="3" falsecount="1"/>
        <line num="529" count="2" type="stmt"/>
        <line num="530" count="2" type="cond" truecount="1" falsecount="1"/>
        <line num="531" count="0" type="stmt"/>
        <line num="532" count="0" type="stmt"/>
        <line num="538" count="0" type="stmt"/>
        <line num="539" count="0" type="stmt"/>
        <line num="550" count="2" type="cond" truecount="2" falsecount="0"/>
        <line num="551" count="1" type="stmt"/>
        <line num="554" count="1" type="stmt"/>
        <line num="569" count="3" type="stmt"/>
        <line num="570" count="3" type="stmt"/>
        <line num="571" count="3" type="stmt"/>
        <line num="576" count="3" type="stmt"/>
        <line num="578" count="3" type="stmt"/>
        <line num="588" count="3" type="stmt"/>
        <line num="592" count="3" type="stmt"/>
        <line num="593" count="3" type="stmt"/>
        <line num="594" count="3" type="stmt"/>
        <line num="595" count="3" type="cond" truecount="1" falsecount="1"/>
        <line num="596" count="0" type="stmt"/>
        <line num="598" count="3" type="cond" truecount="2" falsecount="0"/>
        <line num="600" count="3" type="cond" truecount="2" falsecount="2"/>
        <line num="601" count="0" type="stmt"/>
        <line num="604" count="3" type="stmt"/>
        <line num="605" count="3" type="stmt"/>
        <line num="606" count="1" type="stmt"/>
        <line num="607" count="1" type="stmt"/>
        <line num="613" count="1" type="stmt"/>
        <line num="614" count="1" type="stmt"/>
        <line num="616" count="3" type="stmt"/>
        <line num="618" count="3" type="stmt"/>
        <line num="636" count="1" type="stmt"/>
        <line num="637" count="1" type="stmt"/>
        <line num="638" count="1" type="stmt"/>
        <line num="639" count="1" type="stmt"/>
        <line num="645" count="1" type="stmt"/>
        <line num="650" count="1" type="stmt"/>
        <line num="651" count="1" type="stmt"/>
        <line num="658" count="1" type="cond" truecount="1" falsecount="1"/>
        <line num="659" count="0" type="stmt"/>
        <line num="663" count="1" type="stmt"/>
        <line num="664" count="1" type="cond" truecount="2" falsecount="2"/>
        <line num="665" count="0" type="stmt"/>
        <line num="668" count="1" type="stmt"/>
        <line num="673" count="1" type="stmt"/>
        <line num="678" count="1" type="stmt"/>
        <line num="679" count="1" type="stmt"/>
        <line num="681" count="1" type="stmt"/>
        <line num="682" count="1" type="stmt"/>
        <line num="684" count="1" type="stmt"/>
        <line num="685" count="1" type="cond" truecount="3" falsecount="1"/>
        <line num="686" count="1" type="stmt"/>
        <line num="688" count="1" type="stmt"/>
        <line num="690" count="1" type="stmt"/>
        <line num="692" count="1" type="stmt"/>
        <line num="696" count="1" type="stmt"/>
        <line num="697" count="0" type="stmt"/>
        <line num="698" count="0" type="cond" truecount="0" falsecount="2"/>
        <line num="700" count="0" type="stmt"/>
        <line num="701" count="0" type="stmt"/>
        <line num="704" count="0" type="stmt"/>
        <line num="706" count="1" type="stmt"/>
        <line num="708" count="1" type="stmt"/>
        <line num="716" count="0" type="stmt"/>
        <line num="718" count="0" type="cond" truecount="0" falsecount="2"/>
        <line num="719" count="0" type="stmt"/>
        <line num="720" count="0" type="stmt"/>
        <line num="725" count="0" type="stmt"/>
        <line num="726" count="0" type="stmt"/>
        <line num="727" count="0" type="cond" truecount="0" falsecount="2"/>
        <line num="728" count="0" type="stmt"/>
        <line num="733" count="0" type="stmt"/>
        <line num="734" count="0" type="stmt"/>
        <line num="735" count="0" type="stmt"/>
        <line num="736" count="0" type="stmt"/>
        <line num="738" count="0" type="stmt"/>
        <line num="739" count="0" type="stmt"/>
        <line num="757" count="0" type="stmt"/>
        <line num="761" count="0" type="stmt"/>
        <line num="762" count="0" type="stmt"/>
        <line num="763" count="0" type="stmt"/>
        <line num="765" count="0" type="cond" truecount="0" falsecount="2"/>
        <line num="772" count="0" type="cond" truecount="0" falsecount="2"/>
        <line num="773" count="0" type="stmt"/>
        <line num="776" count="0" type="cond" truecount="0" falsecount="2"/>
        <line num="777" count="0" type="stmt"/>
        <line num="788" count="0" type="stmt"/>
        <line num="796" count="0" type="stmt"/>
        <line num="800" count="0" type="stmt"/>
        <line num="801" count="0" type="cond" truecount="0" falsecount="2"/>
        <line num="802" count="0" type="stmt"/>
        <line num="810" count="0" type="stmt"/>
        <line num="819" count="3" type="stmt"/>
        <line num="820" count="1" type="stmt"/>
        <line num="826" count="1" type="stmt"/>
        <line num="827" count="1" type="cond" truecount="3" falsecount="1"/>
        <line num="828" count="0" type="stmt"/>
        <line num="834" count="1" type="stmt"/>
        <line num="851" count="1" type="stmt"/>
        <line num="852" count="1" type="stmt"/>
        <line num="853" count="1" type="stmt"/>
        <line num="858" count="1" type="stmt"/>
        <line num="859" count="1" type="cond" truecount="1" falsecount="1"/>
        <line num="860" count="0" type="stmt"/>
        <line num="864" count="1" type="cond" truecount="1" falsecount="1"/>
        <line num="865" count="1" type="stmt"/>
        <line num="866" count="1" type="cond" truecount="1" falsecount="1"/>
        <line num="867" count="0" type="stmt"/>
        <line num="871" count="1" type="cond" truecount="3" falsecount="1"/>
        <line num="872" count="0" type="stmt"/>
        <line num="875" count="1" type="cond" truecount="1" falsecount="1"/>
        <line num="876" count="1" type="stmt"/>
        <line num="879" count="0" type="stmt"/>
        <line num="887" count="1" type="stmt"/>
        <line num="895" count="0" type="stmt"/>
        <line num="896" count="0" type="cond" truecount="0" falsecount="2"/>
        <line num="897" count="0" type="stmt"/>
        <line num="900" count="0" type="cond" truecount="0" falsecount="2"/>
        <line num="901" count="0" type="cond" truecount="0" falsecount="2"/>
        <line num="902" count="0" type="stmt"/>
        <line num="905" count="0" type="cond" truecount="0" falsecount="2"/>
        <line num="906" count="0" type="stmt"/>
        <line num="907" count="0" type="cond" truecount="0" falsecount="2"/>
        <line num="908" count="0" type="stmt"/>
        <line num="911" count="0" type="stmt"/>
        <line num="928" count="1" type="cond" truecount="2" falsecount="2"/>
        <line num="929" count="1" type="stmt"/>
        <line num="932" count="0" type="stmt"/>
        <line num="933" count="0" type="stmt"/>
        <line num="934" count="0" type="stmt"/>
        <line num="939" count="0" type="stmt"/>
        <line num="940" count="0" type="cond" truecount="0" falsecount="2"/>
        <line num="941" count="0" type="stmt"/>
        <line num="945" count="0" type="cond" truecount="0" falsecount="4"/>
        <line num="946" count="0" type="cond" truecount="0" falsecount="4"/>
        <line num="947" count="0" type="stmt"/>
        <line num="950" count="0" type="stmt"/>
        <line num="953" count="0" type="cond" truecount="0" falsecount="2"/>
        <line num="954" count="0" type="stmt"/>
        <line num="957" count="0" type="stmt"/>
        <line num="959" count="0" type="cond" truecount="0" falsecount="2"/>
        <line num="961" count="0" type="stmt"/>
        <line num="964" count="0" type="stmt"/>
        <line num="968" count="0" type="stmt"/>
        <line num="978" count="0" type="cond" truecount="0" falsecount="4"/>
        <line num="981" count="0" type="stmt"/>
        <line num="994" count="0" type="stmt"/>
        <line num="1000" count="1" type="cond" truecount="2" falsecount="2"/>
        <line num="1001" count="1" type="stmt"/>
        <line num="1004" count="0" type="stmt"/>
        <line num="1005" count="0" type="stmt"/>
        <line num="1006" count="0" type="stmt"/>
        <line num="1007" count="0" type="cond" truecount="0" falsecount="2"/>
        <line num="1008" count="0" type="stmt"/>
        <line num="1010" count="0" type="stmt"/>
        <line num="1016" count="0" type="stmt"/>
        <line num="1022" count="0" type="cond" truecount="0" falsecount="4"/>
        <line num="1023" count="0" type="stmt"/>
        <line num="1026" count="0" type="stmt"/>
        <line num="1027" count="0" type="cond" truecount="0" falsecount="2"/>
        <line num="1034" count="0" type="cond" truecount="0" falsecount="4"/>
        <line num="1035" count="0" type="stmt"/>
        <line num="1038" count="0" type="stmt"/>
        <line num="1040" count="0" type="stmt"/>
        <line num="1045" count="0" type="stmt"/>
        <line num="1047" count="0" type="stmt"/>
        <line num="1051" count="2" type="cond" truecount="1" falsecount="1"/>
        <line num="1052" count="2" type="stmt"/>
        <line num="1054" count="0" type="stmt"/>
        <line num="1055" count="0" type="cond" truecount="0" falsecount="2"/>
        <line num="1061" count="3" type="cond" truecount="1" falsecount="1"/>
        <line num="1062" count="0" type="stmt"/>
        <line num="1065" count="3" type="stmt"/>
        <line num="1075" count="3" type="cond" truecount="1" falsecount="6"/>
        <line num="1083" count="3" type="cond" truecount="1" falsecount="1"/>
        <line num="1084" count="0" type="stmt"/>
        <line num="1087" count="3" type="stmt"/>
        <line num="1088" count="3" type="stmt"/>
        <line num="1090" count="3" type="cond" truecount="1" falsecount="1"/>
        <line num="1091" count="3" type="cond" truecount="2" falsecount="0"/>
        <line num="1092" count="1" type="stmt"/>
        <line num="1095" count="3" type="stmt"/>
        <line num="1101" count="1" type="cond" truecount="1" falsecount="1"/>
        <line num="1102" count="0" type="stmt"/>
        <line num="1105" count="1" type="stmt"/>
        <line num="1110" count="1" type="cond" truecount="1" falsecount="2"/>
        <line num="1111" count="1" type="cond" truecount="1" falsecount="1"/>
        <line num="1112" count="0" type="stmt"/>
        <line num="1115" count="1" type="stmt"/>
        <line num="1116" count="1" type="cond" truecount="1" falsecount="1"/>
        <line num="1117" count="1" type="stmt"/>
        <line num="1121" count="1" type="stmt"/>
        <line num="1122" count="1" type="stmt"/>
        <line num="1123" count="1" type="cond" truecount="1" falsecount="1"/>
        <line num="1124" count="0" type="stmt"/>
        <line num="1126" count="1" type="stmt"/>
        <line num="1128" count="1" type="stmt"/>
[...]
        <line num="1297" count="1" type="stmt"/>
        <line num="1309" count="0" type="stmt"/>
        <line num="1310" count="0" type="stmt"/>
        <line num="1314" count="8" type="stmt"/>
        <line num="1315" count="11" type="stmt"/>
        <line num="1316" count="11" type="cond" truecount="2" falsecount="0"/>
        <line num="1317" count="1" type="stmt"/>
        <line num="1319" count="10" type="stmt"/>
        <line num="1320" count="10" type="stmt"/>
        <line num="1321" count="10" type="cond" truecount="1" falsecount="1"/>
        <line num="1322" count="0" type="stmt"/>
        <line num="1324" count="10" type="cond" truecount="3" falsecount="2"/>
        <line num="1325" count="10" type="stmt"/>
        <line num="1327" count="0" type="stmt"/>
        <line num="1332" count="22" type="stmt"/>
        <line num="1333" count="22" type="cond" truecount="1" falsecount="1"/>
        <line num="1337" count="0" type="stmt"/>
        <line num="1338" count="0" type="stmt"/>
        <line num="1342" count="0" type="stmt"/>
        <line num="1343" count="0" type="stmt"/>
        <line num="1347" count="0" type="stmt"/>
        <line num="1351" count="0" type="stmt"/>
        <line num="1352" count="0" type="stmt"/>
        <line num="1353" count="0" type="cond" truecount="0" falsecount="4"/>
        <line num="1354" count="0" type="stmt"/>
      </file>
    </package>
    <package name="src.provisioner">
      <metrics statements="273" coveredstatements="214" conditionals="168" coveredconditionals="115" methods="76" coveredmethods="59"/>
      <file name="policy-binding-resolver.ts" path="/Volumes/Drive/Projects/fireblocks-custody-service/src/provisioner/policy-binding-resolver.ts">
        <metrics statements="43" coveredstatements="33" conditionals="39" coveredconditionals="29" methods="5" coveredmethods="5"/>
        <line num="54" count="4" type="stmt"/>
        <line num="55" count="9" type="cond" truecount="2" falsecount="0"/>
        <line num="57" count="4" type="stmt"/>
        <line num="58" count="3" type="stmt"/>
        <line num="59" count="3" type="cond" truecount="2" falsecount="0"/>
        <line num="60" count="3" type="stmt"/>
        <line num="61" count="3" type="stmt"/>
        <line num="64" count="3" type="cond" truecount="2" falsecount="0"/>
        <line num="65" count="3" type="cond" truecount="2" falsecount="0"/>
        <line num="67" count="3" type="stmt"/>
        <line num="68" count="9" type="cond" truecount="3" falsecount="1"/>
        <line num="69" count="0" type="stmt"/>
        <line num="72" count="9" type="stmt"/>
        <line num="73" count="9" type="cond" truecount="1" falsecount="1"/>
        <line num="74" count="0" type="stmt"/>
        <line num="77" count="9" type="stmt"/>
        <line num="79" count="9" type="cond" truecount="5" falsecount="2"/>
        <line num="81" count="2" type="stmt"/>
        <line num="82" count="2" type="cond" truecount="3" falsecount="1"/>
        <line num="83" count="0" type="stmt"/>
        <line num="85" count="2" type="stmt"/>
        <line num="88" count="2" type="stmt"/>
        <line num="89" count="2" type="cond" truecount="3" falsecount="1"/>
        <line num="90" count="0" type="stmt"/>
        <line num="92" count="2" type="stmt"/>
        <line num="95" count="2" type="cond" truecount="2" falsecount="0"/>
        <line num="96" count="1" type="stmt"/>
        <line num="98" count="1" type="stmt"/>
        <line num="101" count="1" type="cond" truecount="1" falsecount="1"/>
        <line num="102" count="0" type="stmt"/>
        <line num="104" count="1" type="stmt"/>
        <line num="107" count="2" type="stmt"/>
        <line num="108" count="2" type="cond" truecount="3" falsecount="1"/>
        <line num="109" count="2" type="stmt"/>
        <line num="111" count="0" type="cond" truecount="0" falsecount="2"/>
        <line num="112" count="0" type="stmt"/>
        <line num="114" count="0" type="stmt"/>
        <line num="117" count="0" type="stmt"/>
        <line num="119" count="0" type="stmt"/>
        <line num="123" count="3" type="stmt"/>
        <line num="126" count="5" type="stmt"/>
        <line num="127" count="2" type="stmt"/>
        <line num="130" count="3" type="stmt"/>
      </file>
      <file name="policy-provisioner.ts" path="/Volumes/Drive/Projects/fireblocks-custody-service/src/provisioner/policy-provisioner.ts">
        <metrics statements="27" coveredstatements="27" conditionals="7" coveredconditionals="6" methods="7" coveredmethods="7"/>
        <line num="4" count="3" type="stmt"/>
        <line num="5" count="3" type="stmt"/>
        <line num="21" count="3" type="stmt"/>
        <line num="22" count="2" type="cond" truecount="1" falsecount="0"/>
        <line num="25" count="2" type="stmt"/>
        <line num="26" count="2" type="stmt"/>
        <line num="28" count="2" type="stmt"/>
        <line num="29" count="2" type="stmt"/>
        <line num="30" count="2" type="stmt"/>
        <line num="32" count="2" type="stmt"/>
        <line num="33" count="3" type="cond" truecount="4" falsecount="0"/>
        <line num="34" count="2" type="stmt"/>
        <line num="35" count="5" type="stmt"/>
        <line num="39" count="2" type="stmt"/>
        <line num="40" count="2" type="stmt"/>
        <line num="41" count="5" type="stmt"/>
        <line num="42" count="5" type="stmt"/>
        <line num="44" count="2" type="stmt"/>
        <line num="46" count="1" type="stmt"/>
        <line num="47" count="1" type="stmt"/>
        <line num="51" count="2" type="stmt"/>
        <line num="58" count="2" type="stmt"/>
        <line num="59" count="3" type="stmt"/>
        <line num="60" count="3" type="cond" truecount="1" falsecount="1"/>
        <line num="62" count="3" type="stmt"/>
        <line num="65" count="5" type="stmt"/>
        <line num="73" count="2" type="stmt"/>
      </file>
      <file name="turnkey-client-cache.ts" path="/Volumes/Drive/Projects/fireblocks-custody-service/src/provisioner/turnkey-client-cache.ts">
        <metrics statements="19" coveredstatements="0" conditionals="13" coveredconditionals="0" methods="6" coveredmethods="0"/>
        <line num="25" count="0" type="stmt"/>
        <line num="26" count="0" type="stmt"/>
        <line num="28" count="0" type="stmt"/>
        <line num="35" count="0" type="stmt"/>
        <line num="36" count="0" type="stmt"/>
        <line num="38" count="0" type="cond" truecount="0" falsecount="4"/>
        <line num="39" count="0" type="stmt"/>
        <line num="42" count="0" type="stmt"/>
        <line num="43" count="0" type="stmt"/>
        <line num="44" count="0" type="stmt"/>
        <line num="52" count="0" type="stmt"/>
        <line num="53" count="0" type="stmt"/>
        <line num="60" count="0" type="stmt"/>
        <line num="64" count="0" type="stmt"/>
        <line num="68" count="0" type="cond" truecount="0" falsecount="5"/>
        <line num="69" count="0" type="stmt"/>
        <line num="72" count="0" type="cond" truecount="0" falsecount="4"/>
        <line num="73" count="0" type="stmt"/>
        <line num="76" count="0" type="stmt"/>
      </file>
      <file name="turnkey-suborg-provisioner.ts" path="/Volumes/Drive/Projects/fireblocks-custody-service/src/provisioner/turnkey-suborg-provisioner.ts">
        <metrics statements="153" coveredstatements="145" conditionals="96" coveredconditionals="77" methods="45" coveredmethods="44"/>
        <line num="1" count="2" type="stmt"/>
        <line num="26" count="2" type="stmt"/>
        <line num="36" count="2" type="stmt"/>
        <line num="49" count="2" type="stmt"/>
        <line num="51" count="3" type="stmt"/>
        <line num="52" count="3" type="stmt"/>
        <line num="56" count="2" type="stmt"/>
        <line num="58" count="11" type="cond" truecount="1" falsecount="0"/>
        <line num="59" count="11" type="cond" truecount="1" falsecount="0"/>
        <line num="63" count="11" type="stmt"/>
        <line num="65" count="10" type="stmt"/>
        <line num="66" count="10" type="stmt"/>
        <line num="68" count="8" type="stmt"/>
        <line num="74" count="7" type="stmt"/>
        <line num="80" count="7" type="stmt"/>
        <line num="85" count="6" type="stmt"/>
        <line num="86" count="6" type="stmt"/>
        <line num="87" count="3" type="cond" truecount="3" falsecount="1"/>
        <line num="88" count="3" type="stmt"/>
        <line num="90" count="3" type="stmt"/>
        <line num="92" count="6" type="stmt"/>
        <line num="94" count="3" type="cond" truecount="2" falsecount="0"/>
        <line num="95" count="1" type="stmt"/>
        <line num="97" count="3" type="stmt"/>
        <line num="102" count="6" type="stmt"/>
        <line num="107" count="6" type="stmt"/>
        <line num="108" count="12" type="stmt"/>
        <line num="110" count="6" type="stmt"/>
        <line num="111" count="6" type="stmt"/>
        <line num="113" count="6" type="stmt"/>
        <line num="114" count="12" type="stmt"/>
        <line num="115" count="24" type="cond" truecount="2" falsecount="0"/>
        <line num="116" count="19" type="stmt"/>
        <line num="119" count="5" type="stmt"/>
        <line num="120" count="5" type="cond" truecount="1" falsecount="1"/>
        <line num="121" count="0" type="stmt"/>
        <line num="124" count="5" type="stmt"/>
        <line num="132" count="5" type="stmt"/>
        <line num="138" count="5" type="stmt"/>
        <line num="148" count="5" type="stmt"/>
        <line num="149" count="5" type="stmt"/>
        <line num="153" count="6" type="stmt"/>
        <line num="155" count="6" type="stmt"/>
        <line num="156" count="12" type="stmt"/>
        <line num="157" count="12" type="stmt"/>
        <line num="160" count="6" type="stmt"/>
        <line num="161" count="12" type="cond" truecount="1" falsecount="1"/>
        <line num="162" count="12" type="stmt"/>
        <line num="164" count="12" type="stmt"/>
        <line num="167" count="6" type="stmt"/>
        <line num="168" count="5" type="cond" truecount="2" falsecount="0"/>
        <line num="169" count="4" type="stmt"/>
        <line num="173" count="6" type="stmt"/>
        <line num="175" count="6" type="stmt"/>
        <line num="183" count="12" type="stmt"/>
        <line num="184" count="12" type="stmt"/>
        <line num="187" count="7" type="stmt"/>
        <line num="195" count="6" type="stmt"/>
        <line num="202" count="6" type="stmt"/>
        <line num="221" count="6" type="stmt"/>
        <line num="236" count="10" type="stmt"/>
        <line num="237" count="10" type="stmt"/>
        <line num="239" count="10" type="stmt"/>
        <line num="250" count="10" type="stmt"/>
        <line num="251" count="19" type="stmt"/>
        <line num="252" count="18" type="stmt"/>
        <line num="263" count="18" type="stmt"/>
        <line num="264" count="18" type="stmt"/>
        <line num="265" count="35" type="stmt"/>
        <line num="266" count="35" type="cond" truecount="2" falsecount="0"/>
        <line num="267" count="35" type="stmt"/>
        <line num="268" count="34" type="stmt"/>
        <line num="273" count="17" type="stmt"/>
        <line num="277" count="83" type="stmt"/>
        <line num="278" count="47" type="cond" truecount="2" falsecount="0"/>
        <line num="279" count="1" type="stmt"/>
        <line num="283" count="46" type="stmt"/>
        <line num="290" count="17" type="cond" truecount="1" falsecount="1"/>
        <line num="291" count="17" type="cond" truecount="1" falsecount="1"/>
        <line num="292" count="0" type="stmt"/>
        <line num="296" count="17" type="cond" truecount="3" falsecount="0"/>
        <line num="300" count="17" type="cond" truecount="1" falsecount="1"/>
        <line num="301" count="0" type="stmt"/>
        <line num="304" count="18" type="stmt"/>
        <line num="305" count="17" type="cond" truecount="2" falsecount="0"/>
        <line num="306" count="1" type="stmt"/>
        <line num="311" count="16" type="stmt"/>
        <line num="315" count="11" type="stmt"/>
        <line num="324" count="6" type="stmt"/>
        <line num="325" count="3" type="cond" truecount="1" falsecount="3"/>
        <line num="326" count="3" type="stmt"/>
        <line num="327" count="3" type="stmt"/>
        <line num="342" count="6" type="stmt"/>
        <line num="343" count="12" type="stmt"/>
        <line num="344" count="12" type="stmt"/>
        <line num="345" count="12" type="stmt"/>
        <line num="355" count="17" type="stmt"/>
        <line num="356" count="17" type="stmt"/>
        <line num="358" count="17" type="stmt"/>
        <line num="359" count="17" type="stmt"/>
        <line num="360" count="17" type="stmt"/>
        <line num="361" count="17" type="cond" truecount="2" falsecount="0"/>
        <line num="362" count="17" type="cond" truecount="2" falsecount="0"/>
        <line num="363" count="8" type="stmt"/>
        <line num="367" count="17" type="stmt"/>
        <line num="383" count="6" type="stmt"/>
        <line num="384" count="12" type="stmt"/>
        <line num="385" count="12" type="stmt"/>
        <line num="386" count="24" type="stmt"/>
        <line num="387" count="24" type="cond" truecount="2" falsecount="0"/>
        <line num="388" count="5" type="stmt"/>
        <line num="389" count="5" type="cond" truecount="1" falsecount="1"/>
        <line num="391" count="19" type="cond" truecount="1" falsecount="1"/>
        <line num="393" count="24" type="stmt"/>
        <line num="396" count="12" type="stmt"/>
        <line num="410" count="6" type="stmt"/>
        <line num="412" count="6" type="stmt"/>
        <line num="413" count="66" type="cond" truecount="3" falsecount="1"/>
        <line num="414" count="0" type="stmt"/>
        <line num="416" count="66" type="cond" truecount="2" falsecount="0"/>
        <line num="417" count="3" type="stmt"/>
        <line num="419" count="63" type="stmt"/>
        <line num="427" count="6" type="stmt"/>
        <line num="428" count="17" type="stmt"/>
        <line num="429" count="17" type="cond" truecount="3" falsecount="1"/>
        <line num="430" count="0" type="stmt"/>
        <line num="433" count="17" type="stmt"/>
        <line num="434" count="17" type="stmt"/>
        <line num="441" count="17" type="stmt"/>
        <line num="444" count="17" type="stmt"/>
        <line num="447" count="17" type="stmt"/>
        <line num="449" count="17" type="stmt"/>
        <line num="450" count="17" type="cond" truecount="4" falsecount="0"/>
        <line num="452" count="5" type="stmt"/>
        <line num="453" count="5" type="stmt"/>
        <line num="454" count="5" type="stmt"/>
        <line num="459" count="6" type="stmt"/>
        <line num="463" count="6" type="stmt"/>
        <line num="465" count="6" type="stmt"/>
        <line num="466" count="20" type="stmt"/>
        <line num="469" count="6" type="cond" truecount="1" falsecount="1"/>
        <line num="470" count="10" type="stmt"/>
        <line num="473" count="6" type="cond" truecount="1" falsecount="1"/>
        <line num="474" count="0" type="cond" truecount="0" falsecount="2"/>
        <line num="475" count="0" type="stmt"/>
        <line num="479" count="6" type="cond" truecount="2" falsecount="0"/>
        <line num="483" count="6" type="stmt"/>
        <line num="484" count="6" type="stmt"/>
        <line num="485" count="6" type="stmt"/>
        <line num="489" count="11" type="cond" truecount="5" falsecount="0"/>
        <line num="490" count="1" type="stmt"/>
        <line num="492" count="10" type="cond" truecount="3" falsecount="1"/>
        <line num="493" count="0" type="stmt"/>
      </file>
      <file name="wallet-manager.ts" path="/Volumes/Drive/Projects/fireblocks-custody-service/src/provisioner/wallet-manager.ts">
        <metrics statements="20" coveredstatements="9" conditionals="5" coveredconditionals="3" methods="7" coveredmethods="3"/>
        <line num="5" count="1" type="stmt"/>
        <line num="24" count="1" type="stmt"/>
        <line num="26" count="2" type="cond" truecount="1" falsecount="0"/>
        <line num="27" count="2" type="stmt"/>
        <line num="31" count="0" type="stmt"/>
        <line num="36" count="0" type="stmt"/>
        <line num="37" count="0" type="stmt"/>
        <line num="38" count="0" type="stmt"/>
        <line num="46" count="1" type="stmt"/>
        <line num="51" count="1" type="stmt"/>
        <line num="52" count="1" type="stmt"/>
        <line num="56" count="1" type="stmt"/>
        <line num="65" count="1" type="stmt"/>
        <line num="78" count="0" type="cond" truecount="0" falsecount="2"/>
        <line num="79" count="0" type="stmt"/>
        <line num="82" count="0" type="stmt"/>
        <line num="87" count="0" type="stmt"/>
        <line num="88" count="0" type="stmt"/>
        <line num="89" count="0" type="stmt"/>
        <line num="93" count="0" type="stmt"/>
      </file>
      <file name="wallet-template-registry.ts" path="/Volumes/Drive/Projects/fireblocks-custody-service/src/provisioner/wallet-template-registry.ts">
        <metrics statements="11" coveredstatements="0" conditionals="8" coveredconditionals="0" methods="6" coveredmethods="0"/>
        <line num="3" count="0" type="stmt"/>
        <line num="4" count="0" type="stmt"/>
        <line num="5" count="0" type="cond" truecount="0" falsecount="6"/>
        <line num="6" count="0" type="stmt"/>
        <line num="11" count="0" type="stmt"/>
        <line num="15" count="0" type="stmt"/>
        <line num="16" count="0" type="cond" truecount="0" falsecount="2"/>
        <line num="17" count="0" type="stmt"/>
        <line num="19" count="0" type="stmt"/>
        <line num="23" count="0" type="stmt"/>
        <line num="24" count="0" type="stmt"/>
      </file>
    </package>
    <package name="src.utils">
      <metrics statements="26" coveredstatements="21" conditionals="24" coveredconditionals="19" methods="10" coveredmethods="8"/>
      <file name="type-guards.ts" path="/Volumes/Drive/Projects/fireblocks-custody-service/src/utils/type-guards.ts">
        <metrics statements="26" coveredstatements="21" conditionals="24" coveredconditionals="19" methods="10" coveredmethods="8"/>
        <line num="1" count="9" type="stmt"/>
        <line num="3" count="9" type="stmt"/>
        <line num="4" count="1091" type="cond" truecount="2" falsecount="0"/>
        <line num="6" count="9" type="stmt"/>
        <line num="7" count="35" type="cond" truecount="3" falsecount="0"/>
        <line num="9" count="9" type="stmt"/>
        <line num="10" count="0" type="cond" truecount="0" falsecount="3"/>
        <line num="12" count="9" type="stmt"/>
        <line num="13" count="52" type="cond" truecount="2" falsecount="0"/>
        <line num="14" count="1" type="stmt"/>
        <line num="17" count="51" type="cond" truecount="2" falsecount="0"/>
        <line num="18" count="1" type="stmt"/>
        <line num="21" count="50" type="stmt"/>
        <line num="24" count="9" type="stmt"/>
        <line num="25" count="0" type="cond" truecount="0" falsecount="2"/>
        <line num="26" count="0" type="stmt"/>
        <line num="29" count="0" type="stmt"/>
        <line num="30" count="0" type="stmt"/>
        <line num="33" count="9" type="stmt"/>
        <line num="34" count="118" type="cond" truecount="2" falsecount="0"/>
        <line num="36" count="9" type="stmt"/>
        <line num="37" count="307" type="cond" truecount="2" falsecount="0"/>
        <line num="39" count="9" type="stmt"/>
        <line num="40" count="102" type="cond" truecount="4" falsecount="0"/>
        <line num="42" count="9" type="stmt"/>
        <line num="43" count="16" type="cond" truecount="2" falsecount="0"/>
      </file>
    </package>
  </project>
</coverage>
