{"/Volumes/Drive/Projects/fireblocks-custody-service/src/index.ts": {"path":"/Volumes/Drive/Projects/fireblocks-custody-service/src/index.ts","statementMap":{"0":{"start":{"line":1,"column":0},"end":{"line":1,"column":31}},"1":{"start":{"line":2,"column":0},"end":{"line":2,"column":39}},"2":{"start":{"line":3,"column":0},"end":{"line":3,"column":42}},"3":{"start":{"line":4,"column":0},"end":{"line":4,"column":34}},"4":{"start":{"line":5,"column":0},"end":{"line":5,"column":38}},"5":{"start":{"line":6,"column":0},"end":{"line":6,"column":37}},"6":{"start":{"line":7,"column":0},"end":{"line":7,"column":39}},"7":{"start":{"line":8,"column":0},"end":{"line":8,"column":38}},"8":{"start":{"line":9,"column":0},"end":{"line":9,"column":57}},"9":{"start":{"line":10,"column":0},"end":{"line":10,"column":55}},"10":{"start":{"line":11,"column":0},"end":{"line":11,"column":49}},"11":{"start":{"line":21,"column":0},"end":{"line":21,"column":54}},"12":{"start":{"line":26,"column":4},"end":{"line":26,"column":16}},"13":{"start":{"line":23,"column":0},"end":{"line":23,"column":13}}},"fnMap":{"0":{"name":"(anonymous_4)","decl":{"start":{"line":25,"column":2},"end":{"line":25,"column":14}},"loc":{"start":{"line":25,"column":29},"end":{"line":27,"column":3}}}},"branchMap":{},"s":{"0":0,"1":0,"2":0,"3":0,"4":0,"5":0,"6":0,"7":0,"8":0,"9":0,"10":0,"11":0,"12":0,"13":0},"f":{"0":0},"b":{}}
,"/Volumes/Drive/Projects/fireblocks-custody-service/src/main.ts": {"path":"/Volumes/Drive/Projects/fireblocks-custody-service/src/main.ts","statementMap":{"0":{"start":{"line":3,"column":0},"end":{"line":3,"column":23}},"1":{"start":{"line":5,"column":0},"end":{"line":5,"column":61}},"2":{"start":{"line":6,"column":0},"end":{"line":6,"column":61}},"3":{"start":{"line":8,"column":0},"end":{"line":8,"column":55}},"4":{"start":{"line":11,"column":24},"end":{"line":11,"column":59}},"5":{"start":{"line":12,"column":23},"end":{"line":12,"column":57}},"6":{"start":{"line":13,"column":19},"end":{"line":13,"column":49}},"7":{"start":{"line":16,"column":4},"end":{"line":16,"column":99}},"8":{"start":{"line":18,"column":2},"end":{"line":21,"column":3}},"9":{"start":{"line":19,"column":4},"end":{"line":19,"column":87}},"10":{"start":{"line":20,"column":4},"end":{"line":20,"column":11}},"11":{"start":{"line":23,"column":30},"end":{"line":23,"column":65}},"12":{"start":{"line":24,"column":2},"end":{"line":27,"column":3}},"13":{"start":{"line":25,"column":4},"end":{"line":25,"column":81}},"14":{"start":{"line":26,"column":4},"end":{"line":26,"column":11}},"15":{"start":{"line":28,"column":25},"end":{"line":28,"column":51}},"16":{"start":{"line":30,"column":23},"end":{"line":30,"column":90}},"17":{"start":{"line":32,"column":2},"end":{"line":48,"column":3}},"18":{"start":{"line":33,"column":4},"end":{"line":43,"column":7}},"19":{"start":{"line":44,"column":4},"end":{"line":44,"column":41}},"20":{"start":{"line":46,"column":25},"end":{"line":46,"column":53}},"21":{"start":{"line":47,"column":4},"end":{"line":47,"column":80}},"22":{"start":{"line":51,"column":0},"end":{"line":54,"column":3}},"23":{"start":{"line":52,"column":23},"end":{"line":52,"column":51}},"24":{"start":{"line":53,"column":2},"end":{"line":53,"column":71}}},"fnMap":{"0":{"name":"bootstrap","decl":{"start":{"line":10,"column":15},"end":{"line":10,"column":24}},"loc":{"start":{"line":10,"column":24},"end":{"line":49,"column":1}}},"1":{"name":"(anonymous_1)","decl":{"start":{"line":51,"column":18},"end":{"line":51,"column":19}},"loc":{"start":{"line":51,"column":28},"end":{"line":54,"column":1}}}},"branchMap":{"0":{"loc":{"start":{"line":16,"column":4},"end":{"line":16,"column":99}},"type":"binary-expr","locations":[{"start":{"line":16,"column":4},"end":{"line":16,"column":35}},{"start":{"line":16,"column":39},"end":{"line":16,"column":69}},{"start":{"line":16,"column":73},"end":{"line":16,"column":99}}]},"1":{"loc":{"start":{"line":18,"column":2},"end":{"line":21,"column":3}},"type":"if","locations":[{"start":{"line":18,"column":2},"end":{"line":21,"column":3}},{"start":{},"end":{}}]},"2":{"loc":{"start":{"line":24,"column":2},"end":{"line":27,"column":3}},"type":"if","locations":[{"start":{"line":24,"column":2},"end":{"line":27,"column":3}},{"start":{},"end":{}}]},"3":{"loc":{"start":{"line":30,"column":23},"end":{"line":30,"column":90}},"type":"binary-expr","locations":[{"start":{"line":30,"column":23},"end":{"line":30,"column":77}},{"start":{"line":30,"column":81},"end":{"line":30,"column":90}}]}},"s":{"0":0,"1":0,"2":0,"3":0,"4":0,"5":0,"6":0,"7":0,"8":0,"9":0,"10":0,"11":0,"12":0,"13":0,"14":0,"15":0,"16":0,"17":0,"18":0,"19":0,"20":0,"21":0,"22":0,"23":0,"24":0},"f":{"0":0,"1":0},"b":{"0":[0,0,0],"1":[0,0],"2":[0,0],"3":[0,0]}}
,"/Volumes/Drive/Projects/fireblocks-custody-service/src/approvals/validator.ts": {"path":"/Volumes/Drive/Projects/fireblocks-custody-service/src/approvals/validator.ts","statementMap":{"0":{"start":{"line":175,"column":0},"end":{"line":175,"column":16}},"1":{"start":{"line":2,"column":0},"end":{"line":2,"column":66}},"2":{"start":{"line":28,"column":2},"end":{"line":30,"column":3}},"3":{"start":{"line":29,"column":4},"end":{"line":29,"column":11}},"4":{"start":{"line":32,"column":19},"end":{"line":32,"column":36}},"5":{"start":{"line":34,"column":2},"end":{"line":63,"column":5}},"6":{"start":{"line":35,"column":25},"end":{"line":35,"column":54}},"7":{"start":{"line":36,"column":4},"end":{"line":39,"column":5}},"8":{"start":{"line":37,"column":6},"end":{"line":37,"column":65}},"9":{"start":{"line":38,"column":6},"end":{"line":38,"column":13}},"10":{"start":{"line":41,"column":4},"end":{"line":47,"column":5}},"11":{"start":{"line":42,"column":6},"end":{"line":42,"column":54}},"12":{"start":{"line":43,"column":11},"end":{"line":47,"column":5}},"13":{"start":{"line":44,"column":6},"end":{"line":44,"column":79}},"14":{"start":{"line":46,"column":6},"end":{"line":46,"column":33}},"15":{"start":{"line":49,"column":4},"end":{"line":51,"column":5}},"16":{"start":{"line":50,"column":6},"end":{"line":50,"column":91}},"17":{"start":{"line":53,"column":4},"end":{"line":55,"column":5}},"18":{"start":{"line":54,"column":6},"end":{"line":54,"column":92}},"19":{"start":{"line":57,"column":4},"end":{"line":62,"column":5}},"20":{"start":{"line":61,"column":6},"end":{"line":61,"column":78}},"21":{"start":{"line":71,"column":2},"end":{"line":74,"column":3}},"22":{"start":{"line":72,"column":4},"end":{"line":72,"column":55}},"23":{"start":{"line":73,"column":4},"end":{"line":73,"column":11}},"24":{"start":{"line":76,"column":2},"end":{"line":78,"column":3}},"25":{"start":{"line":77,"column":4},"end":{"line":77,"column":51}},"26":{"start":{"line":80,"column":2},"end":{"line":82,"column":3}},"27":{"start":{"line":81,"column":4},"end":{"line":81,"column":81}},"28":{"start":{"line":84,"column":2},"end":{"line":84,"column":54}},"29":{"start":{"line":94,"column":22},"end":{"line":94,"column":41}},"30":{"start":{"line":96,"column":2},"end":{"line":99,"column":3}},"31":{"start":{"line":97,"column":4},"end":{"line":97,"column":61}},"32":{"start":{"line":98,"column":4},"end":{"line":98,"column":11}},"33":{"start":{"line":101,"column":2},"end":{"line":104,"column":3}},"34":{"start":{"line":102,"column":4},"end":{"line":102,"column":52}},"35":{"start":{"line":103,"column":4},"end":{"line":103,"column":11}},"36":{"start":{"line":106,"column":21},"end":{"line":106,"column":28}},"37":{"start":{"line":107,"column":2},"end":{"line":110,"column":3}},"38":{"start":{"line":108,"column":4},"end":{"line":108,"column":54}},"39":{"start":{"line":109,"column":4},"end":{"line":109,"column":11}},"40":{"start":{"line":112,"column":2},"end":{"line":114,"column":3}},"41":{"start":{"line":113,"column":4},"end":{"line":113,"column":88}},"42":{"start":{"line":116,"column":2},"end":{"line":146,"column":3}},"43":{"start":{"line":118,"column":6},"end":{"line":120,"column":7}},"44":{"start":{"line":119,"column":8},"end":{"line":119,"column":82}},"45":{"start":{"line":121,"column":6},"end":{"line":121,"column":12}},"46":{"start":{"line":123,"column":6},"end":{"line":125,"column":7}},"47":{"start":{"line":124,"column":8},"end":{"line":124,"column":79}},"48":{"start":{"line":126,"column":6},"end":{"line":126,"column":12}},"49":{"start":{"line":128,"column":6},"end":{"line":130,"column":7}},"50":{"start":{"line":129,"column":8},"end":{"line":129,"column":74}},"51":{"start":{"line":131,"column":6},"end":{"line":131,"column":12}},"52":{"start":{"line":133,"column":6},"end":{"line":135,"column":7}},"53":{"start":{"line":134,"column":8},"end":{"line":134,"column":84}},"54":{"start":{"line":136,"column":6},"end":{"line":136,"column":12}},"55":{"start":{"line":138,"column":6},"end":{"line":140,"column":7}},"56":{"start":{"line":139,"column":8},"end":{"line":139,"column":82}},"57":{"start":{"line":141,"column":6},"end":{"line":141,"column":12}},"58":{"start":{"line":143,"column":6},"end":{"line":143,"column":12}},"59":{"start":{"line":145,"column":6},"end":{"line":145,"column":88}},"60":{"start":{"line":153,"column":2},"end":{"line":155,"column":3}},"61":{"start":{"line":154,"column":4},"end":{"line":154,"column":21}},"62":{"start":{"line":156,"column":2},"end":{"line":157,"column":65}},"63":{"start":{"line":179,"column":27},"end":{"line":179,"column":29}},"64":{"start":{"line":180,"column":29},"end":{"line":180,"column":31}},"65":{"start":{"line":182,"column":2},"end":{"line":187,"column":3}},"66":{"start":{"line":183,"column":4},"end":{"line":186,"column":6}},"67":{"start":{"line":189,"column":22},"end":{"line":189,"column":39}},"68":{"start":{"line":190,"column":22},"end":{"line":190,"column":39}},"69":{"start":{"line":192,"column":2},"end":{"line":276,"column":5}},"70":{"start":{"line":193,"column":17},"end":{"line":193,"column":47}},"71":{"start":{"line":195,"column":4},"end":{"line":198,"column":5}},"72":{"start":{"line":196,"column":6},"end":{"line":196,"column":57}},"73":{"start":{"line":197,"column":6},"end":{"line":197,"column":13}},"74":{"start":{"line":201,"column":23},"end":{"line":201,"column":62}},"75":{"start":{"line":202,"column":4},"end":{"line":211,"column":5}},"76":{"start":{"line":203,"column":6},"end":{"line":203,"column":53}},"77":{"start":{"line":205,"column":28},"end":{"line":205,"column":46}},"78":{"start":{"line":206,"column":6},"end":{"line":210,"column":7}},"79":{"start":{"line":207,"column":8},"end":{"line":207,"column":77}},"80":{"start":{"line":209,"column":8},"end":{"line":209,"column":39}},"81":{"start":{"line":214,"column":23},"end":{"line":214,"column":62}},"82":{"start":{"line":215,"column":4},"end":{"line":224,"column":5}},"83":{"start":{"line":216,"column":6},"end":{"line":216,"column":53}},"84":{"start":{"line":218,"column":28},"end":{"line":218,"column":46}},"85":{"start":{"line":219,"column":6},"end":{"line":223,"column":7}},"86":{"start":{"line":220,"column":8},"end":{"line":220,"column":84}},"87":{"start":{"line":222,"column":8},"end":{"line":222,"column":39}},"88":{"start":{"line":227,"column":19},"end":{"line":227,"column":54}},"89":{"start":{"line":228,"column":4},"end":{"line":235,"column":5}},"90":{"start":{"line":229,"column":6},"end":{"line":229,"column":49}},"91":{"start":{"line":231,"column":24},"end":{"line":231,"column":38}},"92":{"start":{"line":232,"column":6},"end":{"line":234,"column":7}},"93":{"start":{"line":233,"column":8},"end":{"line":233,"column":86}},"94":{"start":{"line":238,"column":22},"end":{"line":238,"column":60}},"95":{"start":{"line":239,"column":22},"end":{"line":239,"column":60}},"96":{"start":{"line":240,"column":4},"end":{"line":240,"column":110}},"97":{"start":{"line":241,"column":4},"end":{"line":241,"column":110}},"98":{"start":{"line":244,"column":18},"end":{"line":244,"column":52}},"99":{"start":{"line":245,"column":4},"end":{"line":247,"column":5}},"100":{"start":{"line":246,"column":6},"end":{"line":246,"column":77}},"101":{"start":{"line":250,"column":17},"end":{"line":250,"column":50}},"102":{"start":{"line":251,"column":4},"end":{"line":262,"column":5}},"103":{"start":{"line":252,"column":6},"end":{"line":261,"column":7}},"104":{"start":{"line":253,"column":8},"end":{"line":253,"column":68}},"105":{"start":{"line":255,"column":26},"end":{"line":255,"column":43}},"106":{"start":{"line":256,"column":8},"end":{"line":260,"column":11}},"107":{"start":{"line":257,"column":10},"end":{"line":259,"column":11}},"108":{"start":{"line":258,"column":12},"end":{"line":258,"column":85}},"109":{"start":{"line":265,"column":22},"end":{"line":265,"column":60}},"110":{"start":{"line":266,"column":4},"end":{"line":275,"column":5}},"111":{"start":{"line":267,"column":6},"end":{"line":274,"column":7}},"112":{"start":{"line":268,"column":8},"end":{"line":268,"column":73}},"113":{"start":{"line":270,"column":31},"end":{"line":270,"column":53}},"114":{"start":{"line":271,"column":8},"end":{"line":273,"column":10}},"115":{"start":{"line":272,"column":10},"end":{"line":272,"column":113}},"116":{"start":{"line":278,"column":2},"end":{"line":278,"column":30}}},"fnMap":{"0":{"name":"validateVariables","decl":{"start":{"line":23,"column":9},"end":{"line":23,"column":26}},"loc":{"start":{"line":26,"column":18},"end":{"line":64,"column":1}}},"1":{"name":"(anonymous_1)","decl":{"start":{"line":34,"column":20},"end":{"line":34,"column":21}},"loc":{"start":{"line":34,"column":40},"end":{"line":63,"column":3}}},"2":{"name":"validateExpressionTemplate","decl":{"start":{"line":66,"column":9},"end":{"line":66,"column":35}},"loc":{"start":{"line":69,"column":18},"end":{"line":85,"column":1}}},"3":{"name":"validateBinding","decl":{"start":{"line":87,"column":9},"end":{"line":87,"column":24}},"loc":{"start":{"line":92,"column":18},"end":{"line":147,"column":1}}},"4":{"name":"safeGetProperty","decl":{"start":{"line":152,"column":9},"end":{"line":152,"column":24}},"loc":{"start":{"line":152,"column":50},"end":{"line":158,"column":1}}},"5":{"name":"validatePolicyTemplates","decl":{"start":{"line":175,"column":16},"end":{"line":175,"column":39}},"loc":{"start":{"line":177,"column":34},"end":{"line":279,"column":1}}},"6":{"name":"(anonymous_6)","decl":{"start":{"line":192,"column":20},"end":{"line":192,"column":21}},"loc":{"start":{"line":192,"column":40},"end":{"line":276,"column":3}}},"7":{"name":"(anonymous_7)","decl":{"start":{"line":256,"column":26},"end":{"line":256,"column":27}},"loc":{"start":{"line":256,"column":61},"end":{"line":260,"column":9}}},"8":{"name":"(anonymous_8)","decl":{"start":{"line":271,"column":31},"end":{"line":271,"column":32}},"loc":{"start":{"line":272,"column":10},"end":{"line":272,"column":113}}}},"branchMap":{"0":{"loc":{"start":{"line":28,"column":2},"end":{"line":30,"column":3}},"type":"if","locations":[{"start":{"line":28,"column":2},"end":{"line":30,"column":3}},{"start":{},"end":{}}]},"1":{"loc":{"start":{"line":36,"column":4},"end":{"line":39,"column":5}},"type":"if","locations":[{"start":{"line":36,"column":4},"end":{"line":39,"column":5}},{"start":{},"end":{}}]},"2":{"loc":{"start":{"line":36,"column":8},"end":{"line":36,"column":57}},"type":"binary-expr","locations":[{"start":{"line":36,"column":8},"end":{"line":36,"column":25}},{"start":{"line":36,"column":29},"end":{"line":36,"column":57}}]},"3":{"loc":{"start":{"line":41,"column":4},"end":{"line":47,"column":5}},"type":"if","locations":[{"start":{"line":41,"column":4},"end":{"line":47,"column":5}},{"start":{"line":43,"column":11},"end":{"line":47,"column":5}}]},"4":{"loc":{"start":{"line":43,"column":11},"end":{"line":47,"column":5}},"type":"if","locations":[{"start":{"line":43,"column":11},"end":{"line":47,"column":5}},{"start":{"line":45,"column":11},"end":{"line":47,"column":5}}]},"5":{"loc":{"start":{"line":49,"column":4},"end":{"line":51,"column":5}},"type":"if","locations":[{"start":{"line":49,"column":4},"end":{"line":51,"column":5}},{"start":{},"end":{}}]},"6":{"loc":{"start":{"line":49,"column":8},"end":{"line":49,"column":85}},"type":"binary-expr","locations":[{"start":{"line":49,"column":8},"end":{"line":49,"column":42}},{"start":{"line":49,"column":46},"end":{"line":49,"column":85}}]},"7":{"loc":{"start":{"line":53,"column":4},"end":{"line":55,"column":5}},"type":"if","locations":[{"start":{"line":53,"column":4},"end":{"line":55,"column":5}},{"start":{},"end":{}}]},"8":{"loc":{"start":{"line":53,"column":8},"end":{"line":53,"column":87}},"type":"binary-expr","locations":[{"start":{"line":53,"column":8},"end":{"line":53,"column":43}},{"start":{"line":53,"column":47},"end":{"line":53,"column":87}}]},"9":{"loc":{"start":{"line":57,"column":4},"end":{"line":62,"column":5}},"type":"if","locations":[{"start":{"line":57,"column":4},"end":{"line":62,"column":5}},{"start":{},"end":{}}]},"10":{"loc":{"start":{"line":58,"column":6},"end":{"line":59,"column":90}},"type":"binary-expr","locations":[{"start":{"line":58,"column":6},"end":{"line":58,"column":35}},{"start":{"line":59,"column":6},"end":{"line":59,"column":90}}]},"11":{"loc":{"start":{"line":71,"column":2},"end":{"line":74,"column":3}},"type":"if","locations":[{"start":{"line":71,"column":2},"end":{"line":74,"column":3}},{"start":{},"end":{}}]},"12":{"loc":{"start":{"line":71,"column":6},"end":{"line":71,"column":55}},"type":"binary-expr","locations":[{"start":{"line":71,"column":6},"end":{"line":71,"column":23}},{"start":{"line":71,"column":27},"end":{"line":71,"column":55}}]},"13":{"loc":{"start":{"line":76,"column":2},"end":{"line":78,"column":3}},"type":"if","locations":[{"start":{"line":76,"column":2},"end":{"line":78,"column":3}},{"start":{},"end":{}}]},"14":{"loc":{"start":{"line":80,"column":2},"end":{"line":82,"column":3}},"type":"if","locations":[{"start":{"line":80,"column":2},"end":{"line":82,"column":3}},{"start":{},"end":{}}]},"15":{"loc":{"start":{"line":80,"column":6},"end":{"line":80,"column":83}},"type":"binary-expr","locations":[{"start":{"line":80,"column":6},"end":{"line":80,"column":40}},{"start":{"line":80,"column":44},"end":{"line":80,"column":83}}]},"16":{"loc":{"start":{"line":96,"column":2},"end":{"line":99,"column":3}},"type":"if","locations":[{"start":{"line":96,"column":2},"end":{"line":99,"column":3}},{"start":{},"end":{}}]},"17":{"loc":{"start":{"line":96,"column":6},"end":{"line":96,"column":53}},"type":"binary-expr","locations":[{"start":{"line":96,"column":6},"end":{"line":96,"column":22}},{"start":{"line":96,"column":26},"end":{"line":96,"column":53}}]},"18":{"loc":{"start":{"line":101,"column":2},"end":{"line":104,"column":3}},"type":"if","locations":[{"start":{"line":101,"column":2},"end":{"line":104,"column":3}},{"start":{},"end":{}}]},"19":{"loc":{"start":{"line":107,"column":2},"end":{"line":110,"column":3}},"type":"if","locations":[{"start":{"line":107,"column":2},"end":{"line":110,"column":3}},{"start":{},"end":{}}]},"20":{"loc":{"start":{"line":112,"column":2},"end":{"line":114,"column":3}},"type":"if","locations":[{"start":{"line":112,"column":2},"end":{"line":114,"column":3}},{"start":{},"end":{}}]},"21":{"loc":{"start":{"line":112,"column":6},"end":{"line":112,"column":81}},"type":"binary-expr","locations":[{"start":{"line":112,"column":6},"end":{"line":112,"column":39}},{"start":{"line":112,"column":43},"end":{"line":112,"column":81}}]},"22":{"loc":{"start":{"line":116,"column":2},"end":{"line":146,"column":3}},"type":"switch","locations":[{"start":{"line":117,"column":4},"end":{"line":121,"column":12}},{"start":{"line":122,"column":4},"end":{"line":126,"column":12}},{"start":{"line":127,"column":4},"end":{"line":131,"column":12}},{"start":{"line":132,"column":4},"end":{"line":136,"column":12}},{"start":{"line":137,"column":4},"end":{"line":141,"column":12}},{"start":{"line":142,"column":4},"end":{"line":143,"column":12}},{"start":{"line":144,"column":4},"end":{"line":145,"column":88}}]},"23":{"loc":{"start":{"line":118,"column":6},"end":{"line":120,"column":7}},"type":"if","locations":[{"start":{"line":118,"column":6},"end":{"line":120,"column":7}},{"start":{},"end":{}}]},"24":{"loc":{"start":{"line":123,"column":6},"end":{"line":125,"column":7}},"type":"if","locations":[{"start":{"line":123,"column":6},"end":{"line":125,"column":7}},{"start":{},"end":{}}]},"25":{"loc":{"start":{"line":128,"column":6},"end":{"line":130,"column":7}},"type":"if","locations":[{"start":{"line":128,"column":6},"end":{"line":130,"column":7}},{"start":{},"end":{}}]},"26":{"loc":{"start":{"line":133,"column":6},"end":{"line":135,"column":7}},"type":"if","locations":[{"start":{"line":133,"column":6},"end":{"line":135,"column":7}},{"start":{},"end":{}}]},"27":{"loc":{"start":{"line":133,"column":10},"end":{"line":133,"column":94}},"type":"binary-expr","locations":[{"start":{"line":133,"column":10},"end":{"line":133,"column":48}},{"start":{"line":133,"column":52},"end":{"line":133,"column":94}}]},"28":{"loc":{"start":{"line":138,"column":6},"end":{"line":140,"column":7}},"type":"if","locations":[{"start":{"line":138,"column":6},"end":{"line":140,"column":7}},{"start":{},"end":{}}]},"29":{"loc":{"start":{"line":138,"column":10},"end":{"line":138,"column":112}},"type":"binary-expr","locations":[{"start":{"line":138,"column":10},"end":{"line":138,"column":57}},{"start":{"line":138,"column":61},"end":{"line":138,"column":112}}]},"30":{"loc":{"start":{"line":153,"column":2},"end":{"line":155,"column":3}},"type":"if","locations":[{"start":{"line":153,"column":2},"end":{"line":155,"column":3}},{"start":{},"end":{}}]},"31":{"loc":{"start":{"line":156,"column":9},"end":{"line":157,"column":64}},"type":"cond-expr","locations":[{"start":{"line":157,"column":4},"end":{"line":157,"column":52}},{"start":{"line":157,"column":55},"end":{"line":157,"column":64}}]},"32":{"loc":{"start":{"line":182,"column":2},"end":{"line":187,"column":3}},"type":"if","locations":[{"start":{"line":182,"column":2},"end":{"line":187,"column":3}},{"start":{},"end":{}}]},"33":{"loc":{"start":{"line":195,"column":4},"end":{"line":198,"column":5}},"type":"if","locations":[{"start":{"line":195,"column":4},"end":{"line":198,"column":5}},{"start":{},"end":{}}]},"34":{"loc":{"start":{"line":195,"column":8},"end":{"line":195,"column":57}},"type":"binary-expr","locations":[{"start":{"line":195,"column":8},"end":{"line":195,"column":25}},{"start":{"line":195,"column":29},"end":{"line":195,"column":57}}]},"35":{"loc":{"start":{"line":202,"column":4},"end":{"line":211,"column":5}},"type":"if","locations":[{"start":{"line":202,"column":4},"end":{"line":211,"column":5}},{"start":{"line":204,"column":11},"end":{"line":211,"column":5}}]},"36":{"loc":{"start":{"line":206,"column":6},"end":{"line":210,"column":7}},"type":"if","locations":[{"start":{"line":206,"column":6},"end":{"line":210,"column":7}},{"start":{"line":208,"column":13},"end":{"line":210,"column":7}}]},"37":{"loc":{"start":{"line":215,"column":4},"end":{"line":224,"column":5}},"type":"if","locations":[{"start":{"line":215,"column":4},"end":{"line":224,"column":5}},{"start":{"line":217,"column":11},"end":{"line":224,"column":5}}]},"38":{"loc":{"start":{"line":219,"column":6},"end":{"line":223,"column":7}},"type":"if","locations":[{"start":{"line":219,"column":6},"end":{"line":223,"column":7}},{"start":{"line":221,"column":13},"end":{"line":223,"column":7}}]},"39":{"loc":{"start":{"line":228,"column":4},"end":{"line":235,"column":5}},"type":"if","locations":[{"start":{"line":228,"column":4},"end":{"line":235,"column":5}},{"start":{"line":230,"column":11},"end":{"line":235,"column":5}}]},"40":{"loc":{"start":{"line":232,"column":6},"end":{"line":234,"column":7}},"type":"if","locations":[{"start":{"line":232,"column":6},"end":{"line":234,"column":7}},{"start":{},"end":{}}]},"41":{"loc":{"start":{"line":232,"column":10},"end":{"line":232,"column":69}},"type":"binary-expr","locations":[{"start":{"line":232,"column":10},"end":{"line":232,"column":38}},{"start":{"line":232,"column":42},"end":{"line":232,"column":69}}]},"42":{"loc":{"start":{"line":245,"column":4},"end":{"line":247,"column":5}},"type":"if","locations":[{"start":{"line":245,"column":4},"end":{"line":247,"column":5}},{"start":{},"end":{}}]},"43":{"loc":{"start":{"line":245,"column":8},"end":{"line":245,"column":55}},"type":"binary-expr","locations":[{"start":{"line":245,"column":8},"end":{"line":245,"column":27}},{"start":{"line":245,"column":31},"end":{"line":245,"column":55}}]},"44":{"loc":{"start":{"line":251,"column":4},"end":{"line":262,"column":5}},"type":"if","locations":[{"start":{"line":251,"column":4},"end":{"line":262,"column":5}},{"start":{},"end":{}}]},"45":{"loc":{"start":{"line":252,"column":6},"end":{"line":261,"column":7}},"type":"if","locations":[{"start":{"line":252,"column":6},"end":{"line":261,"column":7}},{"start":{"line":254,"column":13},"end":{"line":261,"column":7}}]},"46":{"loc":{"start":{"line":257,"column":10},"end":{"line":259,"column":11}},"type":"if","locations":[{"start":{"line":257,"column":10},"end":{"line":259,"column":11}},{"start":{},"end":{}}]},"47":{"loc":{"start":{"line":266,"column":4},"end":{"line":275,"column":5}},"type":"if","locations":[{"start":{"line":266,"column":4},"end":{"line":275,"column":5}},{"start":{},"end":{}}]},"48":{"loc":{"start":{"line":267,"column":6},"end":{"line":274,"column":7}},"type":"if","locations":[{"start":{"line":267,"column":6},"end":{"line":274,"column":7}},{"start":{"line":269,"column":13},"end":{"line":274,"column":7}}]}},"s":{"0":2,"1":2,"2":14,"3":14,"4":0,"5":0,"6":0,"7":0,"8":0,"9":0,"10":0,"11":0,"12":0,"13":0,"14":0,"15":0,"16":0,"17":0,"18":0,"19":0,"20":0,"21":14,"22":0,"23":0,"24":14,"25":0,"26":14,"27":0,"28":14,"29":6,"30":6,"31":0,"32":0,"33":6,"34":0,"35":0,"36":6,"37":6,"38":0,"39":0,"40":6,"41":0,"42":6,"43":6,"44":1,"45":6,"46":0,"47":0,"48":0,"49":0,"50":0,"51":0,"52":0,"53":0,"54":0,"55":0,"56":0,"57":0,"58":0,"59":0,"60":56,"61":0,"62":56,"63":16,"64":16,"65":16,"66":0,"67":16,"68":16,"69":16,"70":7,"71":7,"72":0,"73":0,"74":7,"75":7,"76":0,"77":7,"78":7,"79":0,"80":7,"81":7,"82":7,"83":0,"84":7,"85":7,"86":0,"87":7,"88":7,"89":7,"90":1,"91":6,"92":6,"93":0,"94":7,"95":7,"96":7,"97":7,"98":7,"99":7,"100":0,"101":7,"102":7,"103":0,"104":0,"105":0,"106":0,"107":0,"108":0,"109":7,"110":7,"111":6,"112":0,"113":6,"114":6,"115":6,"116":16},"f":{"0":14,"1":0,"2":14,"3":6,"4":56,"5":16,"6":7,"7":0,"8":6},"b":{"0":[14,0],"1":[0,0],"2":[0,0],"3":[0,0],"4":[0,0],"5":[0,0],"6":[0,0],"7":[0,0],"8":[0,0],"9":[0,0],"10":[0,0],"11":[0,14],"12":[14,14],"13":[0,14],"14":[0,14],"15":[14,0],"16":[0,6],"17":[6,6],"18":[0,6],"19":[0,6],"20":[0,6],"21":[6,0],"22":[6,0,0,0,0,0,0],"23":[1,5],"24":[0,0],"25":[0,0],"26":[0,0],"27":[0,0],"28":[0,0],"29":[0,0],"30":[0,56],"31":[41,15],"32":[0,16],"33":[0,7],"34":[7,7],"35":[0,7],"36":[0,7],"37":[0,7],"38":[0,7],"39":[1,6],"40":[0,6],"41":[6,0],"42":[0,7],"43":[7,0],"44":[0,7],"45":[0,0],"46":[0,0],"47":[6,1],"48":[0,6]}}
,"/Volumes/Drive/Projects/fireblocks-custody-service/src/config/types.ts": {"path":"/Volumes/Drive/Projects/fireblocks-custody-service/src/config/types.ts","statementMap":{"0":{"start":{"line":8,"column":13},"end":{"line":8,"column":82}},"1":{"start":{"line":121,"column":13},"end":{"line":121,"column":116}},"2":{"start":{"line":142,"column":13},"end":{"line":142,"column":108}}},"fnMap":{},"branchMap":{},"s":{"0":9,"1":9,"2":9},"f":{},"b":{}}
,"/Volumes/Drive/Projects/fireblocks-custody-service/src/config/validator-strict.ts": {"path":"/Volumes/Drive/Projects/fireblocks-custody-service/src/config/validator-strict.ts","statementMap":{"0":{"start":{"line":1,"column":0},"end":{"line":1,"column":28}}},"fnMap":{},"branchMap":{},"s":{"0":1},"f":{},"b":{}}
,"/Volumes/Drive/Projects/fireblocks-custody-service/src/config/validator.ts": {"path":"/Volumes/Drive/Projects/fireblocks-custody-service/src/config/validator.ts","statementMap":{"0":{"start":{"line":27,"column":0},"end":{"line":27,"column":49}},"1":{"start":{"line":28,"column":0},"end":{"line":28,"column":65}},"2":{"start":{"line":29,"column":0},"end":{"line":29,"column":100}},"3":{"start":{"line":31,"column":33},"end":{"line":31,"column":62}},"4":{"start":{"line":33,"column":21},"end":{"line":33,"column":81}},"5":{"start":{"line":63,"column":2},"end":{"line":65,"column":3}},"6":{"start":{"line":64,"column":4},"end":{"line":64,"column":17}},"7":{"start":{"line":67,"column":2},"end":{"line":69,"column":3}},"8":{"start":{"line":68,"column":4},"end":{"line":68,"column":17}},"9":{"start":{"line":70,"column":2},"end":{"line":75,"column":3}},"10":{"start":{"line":71,"column":4},"end":{"line":71,"column":17}},"11":{"start":{"line":72,"column":4},"end":{"line":72,"column":16}},"12":{"start":{"line":74,"column":4},"end":{"line":74,"column":17}},"13":{"start":{"line":79,"column":15},"end":{"line":79,"column":32}},"14":{"start":{"line":80,"column":2},"end":{"line":86,"column":3}},"15":{"start":{"line":81,"column":4},"end":{"line":85,"column":5}},"16":{"start":{"line":82,"column":6},"end":{"line":82,"column":62}},"17":{"start":{"line":84,"column":6},"end":{"line":84,"column":22}},"18":{"start":{"line":94,"column":2},"end":{"line":96,"column":3}},"19":{"start":{"line":95,"column":4},"end":{"line":95,"column":11}},"20":{"start":{"line":98,"column":2},"end":{"line":100,"column":3}},"21":{"start":{"line":99,"column":4},"end":{"line":99,"column":66}},"22":{"start":{"line":102,"column":2},"end":{"line":104,"column":3}},"23":{"start":{"line":103,"column":4},"end":{"line":103,"column":74}},"24":{"start":{"line":112,"column":2},"end":{"line":114,"column":3}},"25":{"start":{"line":113,"column":4},"end":{"line":113,"column":11}},"26":{"start":{"line":116,"column":2},"end":{"line":119,"column":3}},"27":{"start":{"line":117,"column":4},"end":{"line":117,"column":61}},"28":{"start":{"line":118,"column":4},"end":{"line":118,"column":11}},"29":{"start":{"line":121,"column":15},"end":{"line":121,"column":32}},"30":{"start":{"line":123,"column":2},"end":{"line":146,"column":5}},"31":{"start":{"line":124,"column":24},"end":{"line":124,"column":43}},"32":{"start":{"line":126,"column":4},"end":{"line":129,"column":5}},"33":{"start":{"line":127,"column":6},"end":{"line":127,"column":70}},"34":{"start":{"line":128,"column":6},"end":{"line":128,"column":13}},"35":{"start":{"line":131,"column":4},"end":{"line":137,"column":5}},"36":{"start":{"line":132,"column":6},"end":{"line":132,"column":54}},"37":{"start":{"line":133,"column":11},"end":{"line":137,"column":5}},"38":{"start":{"line":134,"column":6},"end":{"line":134,"column":73}},"39":{"start":{"line":136,"column":6},"end":{"line":136,"column":29}},"40":{"start":{"line":139,"column":4},"end":{"line":141,"column":5}},"41":{"start":{"line":140,"column":6},"end":{"line":140,"column":84}},"42":{"start":{"line":143,"column":4},"end":{"line":145,"column":5}},"43":{"start":{"line":144,"column":6},"end":{"line":144,"column":103}},"44":{"start":{"line":150,"column":2},"end":{"line":152,"column":3}},"45":{"start":{"line":151,"column":4},"end":{"line":151,"column":59}},"46":{"start":{"line":154,"column":2},"end":{"line":156,"column":3}},"47":{"start":{"line":155,"column":4},"end":{"line":155,"column":50}},"48":{"start":{"line":158,"column":2},"end":{"line":160,"column":3}},"49":{"start":{"line":159,"column":4},"end":{"line":159,"column":82}},"50":{"start":{"line":162,"column":2},"end":{"line":166,"column":3}},"51":{"start":{"line":163,"column":4},"end":{"line":165,"column":5}},"52":{"start":{"line":164,"column":6},"end":{"line":164,"column":89}},"53":{"start":{"line":174,"column":2},"end":{"line":176,"column":3}},"54":{"start":{"line":175,"column":4},"end":{"line":175,"column":66}},"55":{"start":{"line":178,"column":2},"end":{"line":180,"column":3}},"56":{"start":{"line":179,"column":4},"end":{"line":179,"column":84}},"57":{"start":{"line":182,"column":2},"end":{"line":187,"column":3}},"58":{"start":{"line":186,"column":4},"end":{"line":186,"column":93}},"59":{"start":{"line":197,"column":2},"end":{"line":200,"column":3}},"60":{"start":{"line":198,"column":4},"end":{"line":198,"column":72}},"61":{"start":{"line":199,"column":4},"end":{"line":199,"column":36}},"62":{"start":{"line":202,"column":22},"end":{"line":202,"column":39}},"63":{"start":{"line":203,"column":27},"end":{"line":203,"column":44}},"64":{"start":{"line":205,"column":2},"end":{"line":269,"column":5}},"65":{"start":{"line":206,"column":21},"end":{"line":206,"column":40}},"66":{"start":{"line":208,"column":4},"end":{"line":211,"column":5}},"67":{"start":{"line":209,"column":6},"end":{"line":209,"column":71}},"68":{"start":{"line":210,"column":6},"end":{"line":210,"column":13}},"69":{"start":{"line":213,"column":4},"end":{"line":219,"column":5}},"70":{"start":{"line":214,"column":6},"end":{"line":214,"column":57}},"71":{"start":{"line":215,"column":11},"end":{"line":219,"column":5}},"72":{"start":{"line":216,"column":6},"end":{"line":216,"column":85}},"73":{"start":{"line":218,"column":6},"end":{"line":218,"column":43}},"74":{"start":{"line":221,"column":4},"end":{"line":223,"column":5}},"75":{"start":{"line":222,"column":6},"end":{"line":222,"column":63}},"76":{"start":{"line":225,"column":4},"end":{"line":227,"column":5}},"77":{"start":{"line":226,"column":6},"end":{"line":226,"column":93}},"78":{"start":{"line":229,"column":4},"end":{"line":234,"column":5}},"79":{"start":{"line":233,"column":6},"end":{"line":233,"column":99}},"80":{"start":{"line":236,"column":4},"end":{"line":240,"column":5}},"81":{"start":{"line":237,"column":6},"end":{"line":239,"column":8}},"82":{"start":{"line":238,"column":8},"end":{"line":238,"column":77}},"83":{"start":{"line":242,"column":4},"end":{"line":246,"column":5}},"84":{"start":{"line":243,"column":6},"end":{"line":245,"column":8}},"85":{"start":{"line":244,"column":8},"end":{"line":244,"column":91}},"86":{"start":{"line":248,"column":4},"end":{"line":258,"column":5}},"87":{"start":{"line":249,"column":6},"end":{"line":257,"column":9}},"88":{"start":{"line":250,"column":29},"end":{"line":250,"column":75}},"89":{"start":{"line":251,"column":8},"end":{"line":253,"column":9}},"90":{"start":{"line":252,"column":10},"end":{"line":252,"column":67}},"91":{"start":{"line":254,"column":8},"end":{"line":256,"column":9}},"92":{"start":{"line":255,"column":10},"end":{"line":255,"column":67}},"93":{"start":{"line":260,"column":4},"end":{"line":268,"column":5}},"94":{"start":{"line":261,"column":6},"end":{"line":267,"column":9}},"95":{"start":{"line":262,"column":8},"end":{"line":266,"column":9}},"96":{"start":{"line":263,"column":10},"end":{"line":263,"column":91}},"97":{"start":{"line":265,"column":10},"end":{"line":265,"column":36}},"98":{"start":{"line":271,"column":2},"end":{"line":279,"column":3}},"99":{"start":{"line":272,"column":4},"end":{"line":272,"column":80}},"100":{"start":{"line":273,"column":9},"end":{"line":279,"column":3}},"101":{"start":{"line":274,"column":4},"end":{"line":274,"column":92}},"102":{"start":{"line":275,"column":9},"end":{"line":279,"column":3}},"103":{"start":{"line":276,"column":4},"end":{"line":278,"column":6}},"104":{"start":{"line":281,"column":2},"end":{"line":281,"column":60}},"105":{"start":{"line":289,"column":2},"end":{"line":292,"column":3}},"106":{"start":{"line":290,"column":4},"end":{"line":290,"column":73}},"107":{"start":{"line":291,"column":4},"end":{"line":291,"column":56}},"108":{"start":{"line":294,"column":32},"end":{"line":294,"column":34}},"109":{"start":{"line":295,"column":28},"end":{"line":295,"column":30}},"110":{"start":{"line":296,"column":25},"end":{"line":296,"column":42}},"111":{"start":{"line":298,"column":2},"end":{"line":379,"column":5}},"112":{"start":{"line":299,"column":25},"end":{"line":299,"column":44}},"113":{"start":{"line":301,"column":4},"end":{"line":304,"column":5}},"114":{"start":{"line":302,"column":6},"end":{"line":302,"column":72}},"115":{"start":{"line":303,"column":6},"end":{"line":303,"column":13}},"116":{"start":{"line":306,"column":4},"end":{"line":310,"column":5}},"117":{"start":{"line":307,"column":6},"end":{"line":307,"column":61}},"118":{"start":{"line":309,"column":6},"end":{"line":309,"column":44}},"119":{"start":{"line":312,"column":4},"end":{"line":314,"column":5}},"120":{"start":{"line":313,"column":6},"end":{"line":313,"column":69}},"121":{"start":{"line":316,"column":4},"end":{"line":318,"column":5}},"122":{"start":{"line":317,"column":6},"end":{"line":317,"column":56}},"123":{"start":{"line":320,"column":4},"end":{"line":327,"column":5}},"124":{"start":{"line":324,"column":6},"end":{"line":326,"column":8}},"125":{"start":{"line":329,"column":4},"end":{"line":378,"column":5}},"126":{"start":{"line":330,"column":6},"end":{"line":330,"column":87}},"127":{"start":{"line":332,"column":27},"end":{"line":332,"column":44}},"128":{"start":{"line":334,"column":6},"end":{"line":377,"column":9}},"129":{"start":{"line":335,"column":28},"end":{"line":335,"column":71}},"130":{"start":{"line":337,"column":8},"end":{"line":352,"column":9}},"131":{"start":{"line":338,"column":10},"end":{"line":338,"column":59}},"132":{"start":{"line":340,"column":10},"end":{"line":344,"column":11}},"133":{"start":{"line":341,"column":12},"end":{"line":341,"column":101}},"134":{"start":{"line":343,"column":12},"end":{"line":343,"column":44}},"135":{"start":{"line":346,"column":10},"end":{"line":351,"column":11}},"136":{"start":{"line":347,"column":12},"end":{"line":347,"column":112}},"137":{"start":{"line":349,"column":12},"end":{"line":349,"column":46}},"138":{"start":{"line":350,"column":12},"end":{"line":350,"column":40}},"139":{"start":{"line":354,"column":8},"end":{"line":356,"column":9}},"140":{"start":{"line":355,"column":10},"end":{"line":355,"column":58}},"141":{"start":{"line":358,"column":8},"end":{"line":360,"column":9}},"142":{"start":{"line":359,"column":10},"end":{"line":359,"column":59}},"143":{"start":{"line":362,"column":8},"end":{"line":364,"column":9}},"144":{"start":{"line":363,"column":10},"end":{"line":363,"column":64}},"145":{"start":{"line":366,"column":8},"end":{"line":368,"column":9}},"146":{"start":{"line":367,"column":10},"end":{"line":367,"column":67}},"147":{"start":{"line":370,"column":8},"end":{"line":372,"column":9}},"148":{"start":{"line":371,"column":10},"end":{"line":371,"column":90}},"149":{"start":{"line":374,"column":8},"end":{"line":376,"column":9}},"150":{"start":{"line":375,"column":10},"end":{"line":375,"column":94}},"151":{"start":{"line":381,"column":2},"end":{"line":381,"column":47}},"152":{"start":{"line":383,"column":2},"end":{"line":383,"column":68}},"153":{"start":{"line":391,"column":2},"end":{"line":394,"column":3}},"154":{"start":{"line":392,"column":4},"end":{"line":392,"column":60}},"155":{"start":{"line":393,"column":4},"end":{"line":393,"column":112}},"156":{"start":{"line":396,"column":47},"end":{"line":396,"column":123}},"157":{"start":{"line":398,"column":46},"end":{"line":398,"column":48}},"158":{"start":{"line":400,"column":2},"end":{"line":431,"column":3}},"159":{"start":{"line":401,"column":4},"end":{"line":401,"column":50}},"160":{"start":{"line":403,"column":4},"end":{"line":422,"column":7}},"161":{"start":{"line":404,"column":23},"end":{"line":404,"column":51}},"162":{"start":{"line":405,"column":6},"end":{"line":408,"column":7}},"163":{"start":{"line":406,"column":8},"end":{"line":406,"column":73}},"164":{"start":{"line":407,"column":8},"end":{"line":407,"column":15}},"165":{"start":{"line":410,"column":6},"end":{"line":421,"column":7}},"166":{"start":{"line":411,"column":8},"end":{"line":411,"column":59}},"167":{"start":{"line":412,"column":13},"end":{"line":421,"column":7}},"168":{"start":{"line":413,"column":8},"end":{"line":413,"column":98}},"169":{"start":{"line":415,"column":8},"end":{"line":420,"column":11}},"170":{"start":{"line":424,"column":4},"end":{"line":426,"column":5}},"171":{"start":{"line":425,"column":6},"end":{"line":425,"column":70}},"172":{"start":{"line":428,"column":4},"end":{"line":430,"column":5}},"173":{"start":{"line":429,"column":6},"end":{"line":429,"column":68}},"174":{"start":{"line":433,"column":2},"end":{"line":439,"column":4}},"175":{"start":{"line":449,"column":2},"end":{"line":452,"column":3}},"176":{"start":{"line":450,"column":4},"end":{"line":450,"column":75}},"177":{"start":{"line":451,"column":4},"end":{"line":451,"column":14}},"178":{"start":{"line":454,"column":31},"end":{"line":454,"column":33}},"179":{"start":{"line":456,"column":2},"end":{"line":501,"column":5}},"180":{"start":{"line":457,"column":24},"end":{"line":457,"column":43}},"181":{"start":{"line":459,"column":4},"end":{"line":462,"column":5}},"182":{"start":{"line":460,"column":6},"end":{"line":460,"column":77}},"183":{"start":{"line":461,"column":6},"end":{"line":461,"column":13}},"184":{"start":{"line":464,"column":4},"end":{"line":470,"column":5}},"185":{"start":{"line":465,"column":6},"end":{"line":465,"column":59}},"186":{"start":{"line":466,"column":11},"end":{"line":470,"column":5}},"187":{"start":{"line":467,"column":6},"end":{"line":467,"column":85}},"188":{"start":{"line":469,"column":6},"end":{"line":469,"column":41}},"189":{"start":{"line":472,"column":4},"end":{"line":474,"column":5}},"190":{"start":{"line":473,"column":6},"end":{"line":473,"column":61}},"191":{"start":{"line":476,"column":4},"end":{"line":478,"column":5}},"192":{"start":{"line":477,"column":6},"end":{"line":477,"column":63}},"193":{"start":{"line":480,"column":4},"end":{"line":489,"column":5}},"194":{"start":{"line":481,"column":6},"end":{"line":488,"column":9}},"195":{"start":{"line":482,"column":29},"end":{"line":482,"column":72}},"196":{"start":{"line":483,"column":8},"end":{"line":487,"column":9}},"197":{"start":{"line":484,"column":10},"end":{"line":484,"column":97}},"198":{"start":{"line":485,"column":15},"end":{"line":487,"column":9}},"199":{"start":{"line":486,"column":10},"end":{"line":486,"column":104}},"200":{"start":{"line":491,"column":4},"end":{"line":496,"column":5}},"201":{"start":{"line":493,"column":75},"end":{"line":493,"column":96}},"202":{"start":{"line":495,"column":6},"end":{"line":495,"column":99}},"203":{"start":{"line":498,"column":4},"end":{"line":500,"column":5}},"204":{"start":{"line":499,"column":6},"end":{"line":499,"column":85}},"205":{"start":{"line":503,"column":2},"end":{"line":503,"column":20}},"206":{"start":{"line":512,"column":2},"end":{"line":514,"column":3}},"207":{"start":{"line":513,"column":4},"end":{"line":513,"column":14}},"208":{"start":{"line":516,"column":18},"end":{"line":516,"column":35}},"209":{"start":{"line":517,"column":37},"end":{"line":517,"column":39}},"210":{"start":{"line":519,"column":2},"end":{"line":592,"column":5}},"211":{"start":{"line":520,"column":21},"end":{"line":520,"column":40}},"212":{"start":{"line":522,"column":4},"end":{"line":525,"column":5}},"213":{"start":{"line":523,"column":6},"end":{"line":523,"column":68}},"214":{"start":{"line":524,"column":6},"end":{"line":524,"column":13}},"215":{"start":{"line":527,"column":4},"end":{"line":533,"column":5}},"216":{"start":{"line":528,"column":6},"end":{"line":528,"column":53}},"217":{"start":{"line":529,"column":11},"end":{"line":533,"column":5}},"218":{"start":{"line":530,"column":6},"end":{"line":530,"column":73}},"219":{"start":{"line":532,"column":6},"end":{"line":532,"column":31}},"220":{"start":{"line":535,"column":4},"end":{"line":537,"column":5}},"221":{"start":{"line":536,"column":6},"end":{"line":536,"column":55}},"222":{"start":{"line":539,"column":4},"end":{"line":541,"column":5}},"223":{"start":{"line":540,"column":6},"end":{"line":540,"column":88}},"224":{"start":{"line":543,"column":4},"end":{"line":571,"column":5}},"225":{"start":{"line":544,"column":6},"end":{"line":544,"column":59}},"226":{"start":{"line":546,"column":26},"end":{"line":546,"column":42}},"227":{"start":{"line":547,"column":83},"end":{"line":552,"column":8}},"228":{"start":{"line":553,"column":82},"end":{"line":557,"column":8}},"229":{"start":{"line":559,"column":6},"end":{"line":563,"column":9}},"230":{"start":{"line":560,"column":8},"end":{"line":562,"column":9}},"231":{"start":{"line":561,"column":10},"end":{"line":561,"column":76}},"232":{"start":{"line":565,"column":6},"end":{"line":570,"column":9}},"233":{"start":{"line":566,"column":22},"end":{"line":566,"column":39}},"234":{"start":{"line":567,"column":8},"end":{"line":569,"column":9}},"235":{"start":{"line":568,"column":10},"end":{"line":568,"column":90}},"236":{"start":{"line":573,"column":4},"end":{"line":577,"column":5}},"237":{"start":{"line":574,"column":6},"end":{"line":574,"column":69}},"238":{"start":{"line":576,"column":6},"end":{"line":576,"column":57}},"239":{"start":{"line":579,"column":35},"end":{"line":579,"column":71}},"240":{"start":{"line":580,"column":34},"end":{"line":580,"column":81}},"241":{"start":{"line":581,"column":4},"end":{"line":585,"column":5}},"242":{"start":{"line":582,"column":6},"end":{"line":584,"column":8}},"243":{"start":{"line":587,"column":4},"end":{"line":591,"column":5}},"244":{"start":{"line":588,"column":6},"end":{"line":590,"column":7}},"245":{"start":{"line":589,"column":8},"end":{"line":589,"column":86}},"246":{"start":{"line":594,"column":2},"end":{"line":594,"column":26}},"247":{"start":{"line":603,"column":2},"end":{"line":606,"column":3}},"248":{"start":{"line":604,"column":4},"end":{"line":604,"column":78}},"249":{"start":{"line":605,"column":4},"end":{"line":605,"column":53}},"250":{"start":{"line":608,"column":32},"end":{"line":608,"column":34}},"251":{"start":{"line":609,"column":37},"end":{"line":609,"column":39}},"252":{"start":{"line":611,"column":2},"end":{"line":679,"column":5}},"253":{"start":{"line":612,"column":21},"end":{"line":612,"column":40}},"254":{"start":{"line":614,"column":4},"end":{"line":617,"column":5}},"255":{"start":{"line":615,"column":6},"end":{"line":615,"column":77}},"256":{"start":{"line":616,"column":6},"end":{"line":616,"column":13}},"257":{"start":{"line":619,"column":4},"end":{"line":625,"column":5}},"258":{"start":{"line":620,"column":6},"end":{"line":620,"column":57}},"259":{"start":{"line":621,"column":11},"end":{"line":625,"column":5}},"260":{"start":{"line":622,"column":6},"end":{"line":622,"column":81}},"261":{"start":{"line":624,"column":6},"end":{"line":624,"column":40}},"262":{"start":{"line":627,"column":4},"end":{"line":629,"column":5}},"263":{"start":{"line":628,"column":6},"end":{"line":628,"column":63}},"264":{"start":{"line":631,"column":4},"end":{"line":633,"column":5}},"265":{"start":{"line":632,"column":6},"end":{"line":632,"column":93}},"266":{"start":{"line":635,"column":4},"end":{"line":640,"column":5}},"267":{"start":{"line":639,"column":6},"end":{"line":639,"column":99}},"268":{"start":{"line":642,"column":4},"end":{"line":646,"column":5}},"269":{"start":{"line":643,"column":6},"end":{"line":645,"column":8}},"270":{"start":{"line":644,"column":8},"end":{"line":644,"column":77}},"271":{"start":{"line":648,"column":4},"end":{"line":652,"column":5}},"272":{"start":{"line":649,"column":6},"end":{"line":651,"column":8}},"273":{"start":{"line":650,"column":8},"end":{"line":650,"column":91}},"274":{"start":{"line":654,"column":4},"end":{"line":664,"column":5}},"275":{"start":{"line":655,"column":6},"end":{"line":663,"column":9}},"276":{"start":{"line":656,"column":29},"end":{"line":656,"column":75}},"277":{"start":{"line":657,"column":8},"end":{"line":659,"column":9}},"278":{"start":{"line":658,"column":10},"end":{"line":658,"column":67}},"279":{"start":{"line":660,"column":8},"end":{"line":662,"column":9}},"280":{"start":{"line":661,"column":10},"end":{"line":661,"column":67}},"281":{"start":{"line":666,"column":4},"end":{"line":674,"column":5}},"282":{"start":{"line":667,"column":6},"end":{"line":673,"column":9}},"283":{"start":{"line":668,"column":8},"end":{"line":672,"column":9}},"284":{"start":{"line":669,"column":10},"end":{"line":669,"column":91}},"285":{"start":{"line":671,"column":10},"end":{"line":671,"column":37}},"286":{"start":{"line":676,"column":4},"end":{"line":678,"column":5}},"287":{"start":{"line":677,"column":6},"end":{"line":677,"column":90}},"288":{"start":{"line":681,"column":2},"end":{"line":681,"column":42}},"289":{"start":{"line":683,"column":2},"end":{"line":683,"column":43}},"290":{"start":{"line":692,"column":2},"end":{"line":694,"column":3}},"291":{"start":{"line":693,"column":4},"end":{"line":693,"column":11}},"292":{"start":{"line":696,"column":27},"end":{"line":719,"column":3}},"293":{"start":{"line":697,"column":4},"end":{"line":700,"column":5}},"294":{"start":{"line":698,"column":6},"end":{"line":698,"column":73}},"295":{"start":{"line":699,"column":6},"end":{"line":699,"column":13}},"296":{"start":{"line":702,"column":4},"end":{"line":710,"column":5}},"297":{"start":{"line":703,"column":6},"end":{"line":703,"column":55}},"298":{"start":{"line":704,"column":11},"end":{"line":710,"column":5}},"299":{"start":{"line":705,"column":6},"end":{"line":709,"column":8}},"300":{"start":{"line":707,"column":26},"end":{"line":707,"column":42}},"301":{"start":{"line":712,"column":4},"end":{"line":714,"column":5}},"302":{"start":{"line":713,"column":6},"end":{"line":713,"column":90}},"303":{"start":{"line":716,"column":4},"end":{"line":718,"column":5}},"304":{"start":{"line":717,"column":6},"end":{"line":717,"column":85}},"305":{"start":{"line":721,"column":2},"end":{"line":723,"column":3}},"306":{"start":{"line":722,"column":4},"end":{"line":722,"column":60}},"307":{"start":{"line":725,"column":2},"end":{"line":727,"column":3}},"308":{"start":{"line":726,"column":4},"end":{"line":726,"column":62}},"309":{"start":{"line":729,"column":2},"end":{"line":737,"column":3}},"310":{"start":{"line":730,"column":4},"end":{"line":736,"column":7}},"311":{"start":{"line":731,"column":27},"end":{"line":731,"column":73}},"312":{"start":{"line":732,"column":6},"end":{"line":734,"column":7}},"313":{"start":{"line":733,"column":8},"end":{"line":733,"column":89}},"314":{"start":{"line":735,"column":6},"end":{"line":735,"column":47}},"315":{"start":{"line":745,"column":2},"end":{"line":748,"column":3}},"316":{"start":{"line":746,"column":4},"end":{"line":746,"column":54}},"317":{"start":{"line":747,"column":4},"end":{"line":747,"column":11}},"318":{"start":{"line":750,"column":2},"end":{"line":752,"column":3}},"319":{"start":{"line":751,"column":4},"end":{"line":751,"column":80}},"320":{"start":{"line":754,"column":2},"end":{"line":756,"column":3}},"321":{"start":{"line":755,"column":4},"end":{"line":755,"column":55}},"322":{"start":{"line":758,"column":2},"end":{"line":760,"column":3}},"323":{"start":{"line":759,"column":4},"end":{"line":759,"column":73}},"324":{"start":{"line":762,"column":2},"end":{"line":762,"column":85}},"325":{"start":{"line":764,"column":2},"end":{"line":781,"column":3}},"326":{"start":{"line":765,"column":4},"end":{"line":765,"column":51}},"327":{"start":{"line":767,"column":4},"end":{"line":769,"column":5}},"328":{"start":{"line":768,"column":6},"end":{"line":768,"column":66}},"329":{"start":{"line":771,"column":4},"end":{"line":773,"column":5}},"330":{"start":{"line":772,"column":6},"end":{"line":772,"column":65}},"331":{"start":{"line":775,"column":4},"end":{"line":780,"column":5}},"332":{"start":{"line":779,"column":6},"end":{"line":779,"column":107}},"333":{"start":{"line":789,"column":2},"end":{"line":792,"column":3}},"334":{"start":{"line":790,"column":4},"end":{"line":790,"column":58}},"335":{"start":{"line":791,"column":4},"end":{"line":791,"column":32}},"336":{"start":{"line":794,"column":2},"end":{"line":796,"column":3}},"337":{"start":{"line":795,"column":4},"end":{"line":795,"column":57}},"338":{"start":{"line":798,"column":31},"end":{"line":803,"column":null}},"339":{"start":{"line":806,"column":2},"end":{"line":806,"column":93}},"340":{"start":{"line":808,"column":2},"end":{"line":810,"column":3}},"341":{"start":{"line":809,"column":4},"end":{"line":809,"column":84}},"342":{"start":{"line":812,"column":2},"end":{"line":812,"column":115}},"343":{"start":{"line":819,"column":2},"end":{"line":828,"column":3}},"344":{"start":{"line":820,"column":4},"end":{"line":820,"column":59}},"345":{"start":{"line":821,"column":4},"end":{"line":827,"column":6}},"346":{"start":{"line":830,"column":23},"end":{"line":833,"column":null}},"347":{"start":{"line":836,"column":24},"end":{"line":836,"column":46}},"348":{"start":{"line":837,"column":2},"end":{"line":839,"column":3}},"349":{"start":{"line":838,"column":4},"end":{"line":838,"column":68}},"350":{"start":{"line":841,"column":21},"end":{"line":846,"column":null}},"351":{"start":{"line":849,"column":2},"end":{"line":855,"column":4}},"352":{"start":{"line":859,"column":2},"end":{"line":861,"column":3}},"353":{"start":{"line":860,"column":4},"end":{"line":860,"column":11}},"354":{"start":{"line":863,"column":21},"end":{"line":863,"column":42}},"355":{"start":{"line":864,"column":2},"end":{"line":885,"column":3}},"356":{"start":{"line":865,"column":4},"end":{"line":875,"column":5}},"357":{"start":{"line":866,"column":6},"end":{"line":868,"column":7}},"358":{"start":{"line":867,"column":8},"end":{"line":867,"column":95}},"359":{"start":{"line":869,"column":6},"end":{"line":871,"column":7}},"360":{"start":{"line":870,"column":8},"end":{"line":870,"column":93}},"361":{"start":{"line":872,"column":6},"end":{"line":874,"column":7}},"362":{"start":{"line":873,"column":8},"end":{"line":873,"column":93}},"363":{"start":{"line":877,"column":4},"end":{"line":877,"column":104}},"364":{"start":{"line":879,"column":4},"end":{"line":884,"column":5}},"365":{"start":{"line":883,"column":6},"end":{"line":883,"column":101}},"366":{"start":{"line":887,"column":20},"end":{"line":887,"column":40}},"367":{"start":{"line":888,"column":2},"end":{"line":911,"column":3}},"368":{"start":{"line":889,"column":4},"end":{"line":891,"column":5}},"369":{"start":{"line":890,"column":6},"end":{"line":890,"column":79}},"370":{"start":{"line":893,"column":4},"end":{"line":898,"column":5}},"371":{"start":{"line":897,"column":6},"end":{"line":897,"column":111}},"372":{"start":{"line":900,"column":4},"end":{"line":902,"column":5}},"373":{"start":{"line":901,"column":6},"end":{"line":901,"column":100}},"374":{"start":{"line":904,"column":4},"end":{"line":910,"column":5}},"375":{"start":{"line":905,"column":6},"end":{"line":909,"column":9}},"376":{"start":{"line":906,"column":8},"end":{"line":908,"column":9}},"377":{"start":{"line":907,"column":10},"end":{"line":907,"column":109}},"378":{"start":{"line":919,"column":2},"end":{"line":921,"column":3}},"379":{"start":{"line":920,"column":4},"end":{"line":920,"column":11}},"380":{"start":{"line":923,"column":2},"end":{"line":925,"column":3}},"381":{"start":{"line":924,"column":4},"end":{"line":924,"column":88}},"382":{"start":{"line":927,"column":2},"end":{"line":933,"column":3}},"383":{"start":{"line":928,"column":4},"end":{"line":932,"column":7}},"384":{"start":{"line":929,"column":6},"end":{"line":931,"column":7}},"385":{"start":{"line":930,"column":8},"end":{"line":930,"column":99}},"386":{"start":{"line":935,"column":2},"end":{"line":942,"column":3}},"387":{"start":{"line":936,"column":4},"end":{"line":938,"column":5}},"388":{"start":{"line":937,"column":6},"end":{"line":937,"column":92}},"389":{"start":{"line":939,"column":4},"end":{"line":941,"column":5}},"390":{"start":{"line":940,"column":6},"end":{"line":940,"column":87}},"391":{"start":{"line":947,"column":4},"end":{"line":947,"column":59}},"392":{"start":{"line":951,"column":4},"end":{"line":951,"column":42}},"393":{"start":{"line":955,"column":29},"end":{"line":955,"column":31}},"394":{"start":{"line":956,"column":31},"end":{"line":956,"column":33}},"395":{"start":{"line":958,"column":4},"end":{"line":961,"column":5}},"396":{"start":{"line":959,"column":6},"end":{"line":959,"column":53}},"397":{"start":{"line":960,"column":6},"end":{"line":960,"column":48}},"398":{"start":{"line":963,"column":4},"end":{"line":963,"column":56}},"399":{"start":{"line":965,"column":31},"end":{"line":965,"column":90}},"400":{"start":{"line":967,"column":32},"end":{"line":967,"column":83}},"401":{"start":{"line":969,"column":4},"end":{"line":1075,"column":5}},"402":{"start":{"line":970,"column":6},"end":{"line":970,"column":61}},"403":{"start":{"line":972,"column":31},"end":{"line":976,"column":null}},"404":{"start":{"line":979,"column":6},"end":{"line":981,"column":7}},"405":{"start":{"line":980,"column":8},"end":{"line":980,"column":74}},"406":{"start":{"line":983,"column":31},"end":{"line":987,"column":null}},"407":{"start":{"line":990,"column":29},"end":{"line":990,"column":74}},"408":{"start":{"line":991,"column":6},"end":{"line":1000,"column":9}},"409":{"start":{"line":992,"column":8},"end":{"line":999,"column":9}},"410":{"start":{"line":996,"column":10},"end":{"line":998,"column":12}},"411":{"start":{"line":1002,"column":6},"end":{"line":1007,"column":8}},"412":{"start":{"line":1009,"column":6},"end":{"line":1016,"column":7}},"413":{"start":{"line":1013,"column":8},"end":{"line":1015,"column":10}},"414":{"start":{"line":1018,"column":6},"end":{"line":1074,"column":7}},"415":{"start":{"line":1019,"column":8},"end":{"line":1019,"column":72}},"416":{"start":{"line":1021,"column":67},"end":{"line":1021,"column":96}},"417":{"start":{"line":1022,"column":30},"end":{"line":1032,"column":10}},"418":{"start":{"line":1034,"column":67},"end":{"line":1036,"column":null}},"419":{"start":{"line":1039,"column":8},"end":{"line":1039,"column":37}},"420":{"start":{"line":1040,"column":8},"end":{"line":1040,"column":41}},"421":{"start":{"line":1042,"column":34},"end":{"line":1042,"column":89}},"422":{"start":{"line":1042,"column":63},"end":{"line":1042,"column":82}},"423":{"start":{"line":1043,"column":8},"end":{"line":1053,"column":9}},"424":{"start":{"line":1044,"column":10},"end":{"line":1044,"column":101}},"425":{"start":{"line":1046,"column":10},"end":{"line":1052,"column":13}},"426":{"start":{"line":1047,"column":12},"end":{"line":1051,"column":13}},"427":{"start":{"line":1048,"column":14},"end":{"line":1050,"column":16}},"428":{"start":{"line":1055,"column":8},"end":{"line":1063,"column":9}},"429":{"start":{"line":1056,"column":10},"end":{"line":1062,"column":13}},"430":{"start":{"line":1057,"column":12},"end":{"line":1061,"column":13}},"431":{"start":{"line":1058,"column":14},"end":{"line":1060,"column":16}},"432":{"start":{"line":1065,"column":8},"end":{"line":1073,"column":9}},"433":{"start":{"line":1066,"column":10},"end":{"line":1072,"column":13}},"434":{"start":{"line":1067,"column":12},"end":{"line":1071,"column":13}},"435":{"start":{"line":1068,"column":14},"end":{"line":1070,"column":16}},"436":{"start":{"line":1077,"column":4},"end":{"line":1077,"column":50}},"437":{"start":{"line":1078,"column":4},"end":{"line":1078,"column":60}},"438":{"start":{"line":1080,"column":4},"end":{"line":1080,"column":46}},"439":{"start":{"line":1084,"column":20},"end":{"line":1084,"column":39}},"440":{"start":{"line":1085,"column":4},"end":{"line":1090,"column":6}},"441":{"start":{"line":945,"column":0},"end":{"line":945,"column":13}}},"fnMap":{"0":{"name":"isValidUrl","decl":{"start":{"line":62,"column":9},"end":{"line":62,"column":19}},"loc":{"start":{"line":62,"column":50},"end":{"line":76,"column":1}}},"1":{"name":"ensureUnique","decl":{"start":{"line":78,"column":9},"end":{"line":78,"column":21}},"loc":{"start":{"line":78,"column":78},"end":{"line":87,"column":1}}},"2":{"name":"validateActivityPoller","decl":{"start":{"line":89,"column":9},"end":{"line":89,"column":31}},"loc":{"start":{"line":92,"column":18},"end":{"line":105,"column":1}}},"3":{"name":"validateFeatureToggles","decl":{"start":{"line":107,"column":9},"end":{"line":107,"column":31}},"loc":{"start":{"line":110,"column":18},"end":{"line":147,"column":1}}},"4":{"name":"(anonymous_4)","decl":{"start":{"line":123,"column":19},"end":{"line":123,"column":20}},"loc":{"start":{"line":123,"column":73},"end":{"line":146,"column":3}}},"5":{"name":"validateApiKeySeed","decl":{"start":{"line":149,"column":9},"end":{"line":149,"column":27}},"loc":{"start":{"line":149,"column":84},"end":{"line":167,"column":1}}},"6":{"name":"validateAuthenticatorSeed","decl":{"start":{"line":169,"column":9},"end":{"line":169,"column":34}},"loc":{"start":{"line":172,"column":18},"end":{"line":188,"column":1}}},"7":{"name":"validateRootUsers","decl":{"start":{"line":190,"column":9},"end":{"line":190,"column":26}},"loc":{"start":{"line":195,"column":20},"end":{"line":282,"column":1}}},"8":{"name":"(anonymous_8)","decl":{"start":{"line":205,"column":20},"end":{"line":205,"column":21}},"loc":{"start":{"line":205,"column":66},"end":{"line":269,"column":3}}},"9":{"name":"(anonymous_9)","decl":{"start":{"line":237,"column":31},"end":{"line":237,"column":32}},"loc":{"start":{"line":238,"column":8},"end":{"line":238,"column":77}}},"10":{"name":"(anonymous_10)","decl":{"start":{"line":243,"column":38},"end":{"line":243,"column":39}},"loc":{"start":{"line":244,"column":8},"end":{"line":244,"column":91}}},"11":{"name":"(anonymous_11)","decl":{"start":{"line":249,"column":38},"end":{"line":249,"column":39}},"loc":{"start":{"line":249,"column":101},"end":{"line":257,"column":7}}},"12":{"name":"(anonymous_12)","decl":{"start":{"line":261,"column":32},"end":{"line":261,"column":33}},"loc":{"start":{"line":261,"column":74},"end":{"line":267,"column":7}}},"13":{"name":"validateWalletTemplates","decl":{"start":{"line":284,"column":9},"end":{"line":284,"column":32}},"loc":{"start":{"line":287,"column":18},"end":{"line":384,"column":1}}},"14":{"name":"(anonymous_14)","decl":{"start":{"line":298,"column":20},"end":{"line":298,"column":21}},"loc":{"start":{"line":298,"column":64},"end":{"line":379,"column":3}}},"15":{"name":"(anonymous_15)","decl":{"start":{"line":334,"column":32},"end":{"line":334,"column":33}},"loc":{"start":{"line":334,"column":89},"end":{"line":377,"column":7}}},"16":{"name":"validateWalletArchitecture","decl":{"start":{"line":386,"column":9},"end":{"line":386,"column":35}},"loc":{"start":{"line":389,"column":18},"end":{"line":440,"column":1}}},"17":{"name":"(anonymous_17)","decl":{"start":{"line":403,"column":47},"end":{"line":403,"column":48}},"loc":{"start":{"line":403,"column":68},"end":{"line":422,"column":5}}},"18":{"name":"validatePartners","decl":{"start":{"line":442,"column":9},"end":{"line":442,"column":25}},"loc":{"start":{"line":447,"column":18},"end":{"line":504,"column":1}}},"19":{"name":"(anonymous_19)","decl":{"start":{"line":456,"column":19},"end":{"line":456,"column":20}},"loc":{"start":{"line":456,"column":68},"end":{"line":501,"column":3}}},"20":{"name":"(anonymous_20)","decl":{"start":{"line":481,"column":52},"end":{"line":481,"column":53}},"loc":{"start":{"line":481,"column":77},"end":{"line":488,"column":7}}},"21":{"name":"(anonymous_21)","decl":{"start":{"line":493,"column":67},"end":{"line":493,"column":68}},"loc":{"start":{"line":493,"column":75},"end":{"line":493,"column":96}}},"22":{"name":"validateRoles","decl":{"start":{"line":506,"column":9},"end":{"line":506,"column":22}},"loc":{"start":{"line":510,"column":20},"end":{"line":595,"column":1}}},"23":{"name":"(anonymous_23)","decl":{"start":{"line":519,"column":16},"end":{"line":519,"column":17}},"loc":{"start":{"line":519,"column":60},"end":{"line":592,"column":3}}},"24":{"name":"(anonymous_24)","decl":{"start":{"line":559,"column":35},"end":{"line":559,"column":36}},"loc":{"start":{"line":559,"column":44},"end":{"line":563,"column":7}}},"25":{"name":"(anonymous_25)","decl":{"start":{"line":565,"column":34},"end":{"line":565,"column":35}},"loc":{"start":{"line":565,"column":43},"end":{"line":570,"column":7}}},"26":{"name":"validateAutomationUsers","decl":{"start":{"line":597,"column":9},"end":{"line":597,"column":32}},"loc":{"start":{"line":601,"column":20},"end":{"line":684,"column":1}}},"27":{"name":"(anonymous_27)","decl":{"start":{"line":611,"column":26},"end":{"line":611,"column":27}},"loc":{"start":{"line":611,"column":74},"end":{"line":679,"column":3}}},"28":{"name":"(anonymous_28)","decl":{"start":{"line":643,"column":27},"end":{"line":643,"column":28}},"loc":{"start":{"line":644,"column":8},"end":{"line":644,"column":77}}},"29":{"name":"(anonymous_29)","decl":{"start":{"line":649,"column":34},"end":{"line":649,"column":35}},"loc":{"start":{"line":650,"column":8},"end":{"line":650,"column":91}}},"30":{"name":"(anonymous_30)","decl":{"start":{"line":655,"column":34},"end":{"line":655,"column":35}},"loc":{"start":{"line":655,"column":97},"end":{"line":663,"column":7}}},"31":{"name":"(anonymous_31)","decl":{"start":{"line":667,"column":28},"end":{"line":667,"column":29}},"loc":{"start":{"line":667,"column":70},"end":{"line":673,"column":7}}},"32":{"name":"validateSessionConfiguration","decl":{"start":{"line":686,"column":9},"end":{"line":686,"column":37}},"loc":{"start":{"line":690,"column":46},"end":{"line":738,"column":1}}},"33":{"name":"(anonymous_33)","decl":{"start":{"line":696,"column":27},"end":{"line":696,"column":28}},"loc":{"start":{"line":696,"column":85},"end":{"line":719,"column":3}}},"34":{"name":"(anonymous_34)","decl":{"start":{"line":707,"column":15},"end":{"line":707,"column":16}},"loc":{"start":{"line":707,"column":26},"end":{"line":707,"column":42}}},"35":{"name":"(anonymous_35)","decl":{"start":{"line":730,"column":57},"end":{"line":730,"column":58}},"loc":{"start":{"line":730,"column":84},"end":{"line":736,"column":5}}},"36":{"name":"validatePlatform","decl":{"start":{"line":740,"column":9},"end":{"line":740,"column":25}},"loc":{"start":{"line":743,"column":20},"end":{"line":782,"column":1}}},"37":{"name":"validateProvisioning","decl":{"start":{"line":784,"column":9},"end":{"line":784,"column":29}},"loc":{"start":{"line":787,"column":20},"end":{"line":813,"column":1}}},"38":{"name":"validateBusinessModel","decl":{"start":{"line":815,"column":9},"end":{"line":815,"column":30}},"loc":{"start":{"line":817,"column":18},"end":{"line":856,"column":1}}},"39":{"name":"validateOperations","decl":{"start":{"line":858,"column":9},"end":{"line":858,"column":27}},"loc":{"start":{"line":858,"column":86},"end":{"line":912,"column":1}}},"40":{"name":"(anonymous_40)","decl":{"start":{"line":905,"column":42},"end":{"line":905,"column":43}},"loc":{"start":{"line":905,"column":76},"end":{"line":909,"column":7}}},"41":{"name":"validateCompliance","decl":{"start":{"line":914,"column":9},"end":{"line":914,"column":27}},"loc":{"start":{"line":917,"column":20},"end":{"line":943,"column":1}}},"42":{"name":"(anonymous_42)","decl":{"start":{"line":928,"column":40},"end":{"line":928,"column":41}},"loc":{"start":{"line":928,"column":71},"end":{"line":932,"column":5}}},"43":{"name":"(anonymous_43)","decl":{"start":{"line":946,"column":2},"end":{"line":946,"column":10}},"loc":{"start":{"line":946,"column":42},"end":{"line":948,"column":3}}},"44":{"name":"(anonymous_44)","decl":{"start":{"line":950,"column":2},"end":{"line":950,"column":23}},"loc":{"start":{"line":950,"column":55},"end":{"line":952,"column":3}}},"45":{"name":"(anonymous_45)","decl":{"start":{"line":954,"column":10},"end":{"line":954,"column":27}},"loc":{"start":{"line":954,"column":59},"end":{"line":1081,"column":3}}},"46":{"name":"(anonymous_46)","decl":{"start":{"line":991,"column":29},"end":{"line":991,"column":30}},"loc":{"start":{"line":991,"column":78},"end":{"line":1000,"column":7}}},"47":{"name":"(anonymous_47)","decl":{"start":{"line":1042,"column":49},"end":{"line":1042,"column":50}},"loc":{"start":{"line":1042,"column":63},"end":{"line":1042,"column":82}}},"48":{"name":"(anonymous_48)","decl":{"start":{"line":1046,"column":35},"end":{"line":1046,"column":36}},"loc":{"start":{"line":1046,"column":55},"end":{"line":1052,"column":11}}},"49":{"name":"(anonymous_49)","decl":{"start":{"line":1056,"column":36},"end":{"line":1056,"column":37}},"loc":{"start":{"line":1056,"column":56},"end":{"line":1062,"column":11}}},"50":{"name":"(anonymous_50)","decl":{"start":{"line":1066,"column":62},"end":{"line":1066,"column":63}},"loc":{"start":{"line":1066,"column":82},"end":{"line":1072,"column":11}}},"51":{"name":"(anonymous_51)","decl":{"start":{"line":1083,"column":10},"end":{"line":1083,"column":21}},"loc":{"start":{"line":1083,"column":58},"end":{"line":1091,"column":3}}}},"branchMap":{"0":{"loc":{"start":{"line":63,"column":2},"end":{"line":65,"column":3}},"type":"if","locations":[{"start":{"line":63,"column":2},"end":{"line":65,"column":3}},{"start":{},"end":{}}]},"1":{"loc":{"start":{"line":63,"column":6},"end":{"line":63,"column":31}},"type":"binary-expr","locations":[{"start":{"line":63,"column":6},"end":{"line":63,"column":17}},{"start":{"line":63,"column":21},"end":{"line":63,"column":31}}]},"2":{"loc":{"start":{"line":67,"column":2},"end":{"line":69,"column":3}},"type":"if","locations":[{"start":{"line":67,"column":2},"end":{"line":69,"column":3}},{"start":{},"end":{}}]},"3":{"loc":{"start":{"line":81,"column":4},"end":{"line":85,"column":5}},"type":"if","locations":[{"start":{"line":81,"column":4},"end":{"line":85,"column":5}},{"start":{"line":83,"column":11},"end":{"line":85,"column":5}}]},"4":{"loc":{"start":{"line":94,"column":2},"end":{"line":96,"column":3}},"type":"if","locations":[{"start":{"line":94,"column":2},"end":{"line":96,"column":3}},{"start":{},"end":{}}]},"5":{"loc":{"start":{"line":98,"column":2},"end":{"line":100,"column":3}},"type":"if","locations":[{"start":{"line":98,"column":2},"end":{"line":100,"column":3}},{"start":{},"end":{}}]},"6":{"loc":{"start":{"line":98,"column":6},"end":{"line":98,"column":72}},"type":"binary-expr","locations":[{"start":{"line":98,"column":6},"end":{"line":98,"column":46}},{"start":{"line":98,"column":50},"end":{"line":98,"column":72}}]},"7":{"loc":{"start":{"line":102,"column":2},"end":{"line":104,"column":3}},"type":"if","locations":[{"start":{"line":102,"column":2},"end":{"line":104,"column":3}},{"start":{},"end":{}}]},"8":{"loc":{"start":{"line":102,"column":6},"end":{"line":102,"column":71}},"type":"binary-expr","locations":[{"start":{"line":102,"column":6},"end":{"line":102,"column":46}},{"start":{"line":102,"column":50},"end":{"line":102,"column":71}}]},"9":{"loc":{"start":{"line":112,"column":2},"end":{"line":114,"column":3}},"type":"if","locations":[{"start":{"line":112,"column":2},"end":{"line":114,"column":3}},{"start":{},"end":{}}]},"10":{"loc":{"start":{"line":116,"column":2},"end":{"line":119,"column":3}},"type":"if","locations":[{"start":{"line":116,"column":2},"end":{"line":119,"column":3}},{"start":{},"end":{}}]},"11":{"loc":{"start":{"line":126,"column":4},"end":{"line":129,"column":5}},"type":"if","locations":[{"start":{"line":126,"column":4},"end":{"line":129,"column":5}},{"start":{},"end":{}}]},"12":{"loc":{"start":{"line":126,"column":8},"end":{"line":126,"column":55}},"type":"binary-expr","locations":[{"start":{"line":126,"column":8},"end":{"line":126,"column":24}},{"start":{"line":126,"column":28},"end":{"line":126,"column":55}}]},"13":{"loc":{"start":{"line":131,"column":4},"end":{"line":137,"column":5}},"type":"if","locations":[{"start":{"line":131,"column":4},"end":{"line":137,"column":5}},{"start":{"line":133,"column":11},"end":{"line":137,"column":5}}]},"14":{"loc":{"start":{"line":133,"column":11},"end":{"line":137,"column":5}},"type":"if","locations":[{"start":{"line":133,"column":11},"end":{"line":137,"column":5}},{"start":{"line":135,"column":11},"end":{"line":137,"column":5}}]},"15":{"loc":{"start":{"line":139,"column":4},"end":{"line":141,"column":5}},"type":"if","locations":[{"start":{"line":139,"column":4},"end":{"line":141,"column":5}},{"start":{},"end":{}}]},"16":{"loc":{"start":{"line":139,"column":8},"end":{"line":139,"column":71}},"type":"binary-expr","locations":[{"start":{"line":139,"column":8},"end":{"line":139,"column":35}},{"start":{"line":139,"column":39},"end":{"line":139,"column":71}}]},"17":{"loc":{"start":{"line":143,"column":4},"end":{"line":145,"column":5}},"type":"if","locations":[{"start":{"line":143,"column":4},"end":{"line":145,"column":5}},{"start":{},"end":{}}]},"18":{"loc":{"start":{"line":143,"column":8},"end":{"line":143,"column":87}},"type":"binary-expr","locations":[{"start":{"line":143,"column":8},"end":{"line":143,"column":23}},{"start":{"line":143,"column":27},"end":{"line":143,"column":57}},{"start":{"line":143,"column":61},"end":{"line":143,"column":87}}]},"19":{"loc":{"start":{"line":150,"column":2},"end":{"line":152,"column":3}},"type":"if","locations":[{"start":{"line":150,"column":2},"end":{"line":152,"column":3}},{"start":{},"end":{}}]},"20":{"loc":{"start":{"line":154,"column":2},"end":{"line":156,"column":3}},"type":"if","locations":[{"start":{"line":154,"column":2},"end":{"line":156,"column":3}},{"start":{},"end":{}}]},"21":{"loc":{"start":{"line":158,"column":2},"end":{"line":160,"column":3}},"type":"if","locations":[{"start":{"line":158,"column":2},"end":{"line":160,"column":3}},{"start":{},"end":{}}]},"22":{"loc":{"start":{"line":158,"column":6},"end":{"line":158,"column":77}},"type":"binary-expr","locations":[{"start":{"line":158,"column":6},"end":{"line":158,"column":37}},{"start":{"line":158,"column":41},"end":{"line":158,"column":77}}]},"23":{"loc":{"start":{"line":162,"column":2},"end":{"line":166,"column":3}},"type":"if","locations":[{"start":{"line":162,"column":2},"end":{"line":166,"column":3}},{"start":{},"end":{}}]},"24":{"loc":{"start":{"line":163,"column":4},"end":{"line":165,"column":5}},"type":"if","locations":[{"start":{"line":163,"column":4},"end":{"line":165,"column":5}},{"start":{},"end":{}}]},"25":{"loc":{"start":{"line":163,"column":8},"end":{"line":163,"column":84}},"type":"binary-expr","locations":[{"start":{"line":163,"column":8},"end":{"line":163,"column":53}},{"start":{"line":163,"column":57},"end":{"line":163,"column":84}}]},"26":{"loc":{"start":{"line":174,"column":2},"end":{"line":176,"column":3}},"type":"if","locations":[{"start":{"line":174,"column":2},"end":{"line":176,"column":3}},{"start":{},"end":{}}]},"27":{"loc":{"start":{"line":178,"column":2},"end":{"line":180,"column":3}},"type":"if","locations":[{"start":{"line":178,"column":2},"end":{"line":180,"column":3}},{"start":{},"end":{}}]},"28":{"loc":{"start":{"line":178,"column":6},"end":{"line":178,"column":81}},"type":"binary-expr","locations":[{"start":{"line":178,"column":6},"end":{"line":178,"column":39}},{"start":{"line":178,"column":43},"end":{"line":178,"column":81}}]},"29":{"loc":{"start":{"line":182,"column":2},"end":{"line":187,"column":3}},"type":"if","locations":[{"start":{"line":182,"column":2},"end":{"line":187,"column":3}},{"start":{},"end":{}}]},"30":{"loc":{"start":{"line":183,"column":4},"end":{"line":184,"column":93}},"type":"binary-expr","locations":[{"start":{"line":183,"column":4},"end":{"line":183,"column":27}},{"start":{"line":184,"column":4},"end":{"line":184,"column":93}}]},"31":{"loc":{"start":{"line":197,"column":2},"end":{"line":200,"column":3}},"type":"if","locations":[{"start":{"line":197,"column":2},"end":{"line":200,"column":3}},{"start":{},"end":{}}]},"32":{"loc":{"start":{"line":197,"column":6},"end":{"line":197,"column":57}},"type":"binary-expr","locations":[{"start":{"line":197,"column":6},"end":{"line":197,"column":31}},{"start":{"line":197,"column":35},"end":{"line":197,"column":57}}]},"33":{"loc":{"start":{"line":208,"column":4},"end":{"line":211,"column":5}},"type":"if","locations":[{"start":{"line":208,"column":4},"end":{"line":211,"column":5}},{"start":{},"end":{}}]},"34":{"loc":{"start":{"line":208,"column":8},"end":{"line":208,"column":57}},"type":"binary-expr","locations":[{"start":{"line":208,"column":8},"end":{"line":208,"column":25}},{"start":{"line":208,"column":29},"end":{"line":208,"column":57}}]},"35":{"loc":{"start":{"line":213,"column":4},"end":{"line":219,"column":5}},"type":"if","locations":[{"start":{"line":213,"column":4},"end":{"line":219,"column":5}},{"start":{"line":215,"column":11},"end":{"line":219,"column":5}}]},"36":{"loc":{"start":{"line":215,"column":11},"end":{"line":219,"column":5}},"type":"if","locations":[{"start":{"line":215,"column":11},"end":{"line":219,"column":5}},{"start":{"line":217,"column":11},"end":{"line":219,"column":5}}]},"37":{"loc":{"start":{"line":221,"column":4},"end":{"line":223,"column":5}},"type":"if","locations":[{"start":{"line":221,"column":4},"end":{"line":223,"column":5}},{"start":{},"end":{}}]},"38":{"loc":{"start":{"line":225,"column":4},"end":{"line":227,"column":5}},"type":"if","locations":[{"start":{"line":225,"column":4},"end":{"line":227,"column":5}},{"start":{},"end":{}}]},"39":{"loc":{"start":{"line":225,"column":8},"end":{"line":225,"column":97}},"type":"binary-expr","locations":[{"start":{"line":225,"column":8},"end":{"line":225,"column":48}},{"start":{"line":225,"column":52},"end":{"line":225,"column":97}}]},"40":{"loc":{"start":{"line":229,"column":4},"end":{"line":234,"column":5}},"type":"if","locations":[{"start":{"line":229,"column":4},"end":{"line":234,"column":5}},{"start":{},"end":{}}]},"41":{"loc":{"start":{"line":230,"column":6},"end":{"line":231,"column":57}},"type":"binary-expr","locations":[{"start":{"line":230,"column":6},"end":{"line":230,"column":52}},{"start":{"line":231,"column":6},"end":{"line":231,"column":57}}]},"42":{"loc":{"start":{"line":236,"column":4},"end":{"line":240,"column":5}},"type":"if","locations":[{"start":{"line":236,"column":4},"end":{"line":240,"column":5}},{"start":{},"end":{}}]},"43":{"loc":{"start":{"line":242,"column":4},"end":{"line":246,"column":5}},"type":"if","locations":[{"start":{"line":242,"column":4},"end":{"line":246,"column":5}},{"start":{},"end":{}}]},"44":{"loc":{"start":{"line":248,"column":4},"end":{"line":258,"column":5}},"type":"if","locations":[{"start":{"line":248,"column":4},"end":{"line":258,"column":5}},{"start":{},"end":{}}]},"45":{"loc":{"start":{"line":251,"column":8},"end":{"line":253,"column":9}},"type":"if","locations":[{"start":{"line":251,"column":8},"end":{"line":253,"column":9}},{"start":{},"end":{}}]},"46":{"loc":{"start":{"line":254,"column":8},"end":{"line":256,"column":9}},"type":"if","locations":[{"start":{"line":254,"column":8},"end":{"line":256,"column":9}},{"start":{},"end":{}}]},"47":{"loc":{"start":{"line":260,"column":4},"end":{"line":268,"column":5}},"type":"if","locations":[{"start":{"line":260,"column":4},"end":{"line":268,"column":5}},{"start":{},"end":{}}]},"48":{"loc":{"start":{"line":262,"column":8},"end":{"line":266,"column":9}},"type":"if","locations":[{"start":{"line":262,"column":8},"end":{"line":266,"column":9}},{"start":{"line":264,"column":15},"end":{"line":266,"column":9}}]},"49":{"loc":{"start":{"line":271,"column":2},"end":{"line":279,"column":3}},"type":"if","locations":[{"start":{"line":271,"column":2},"end":{"line":279,"column":3}},{"start":{"line":273,"column":9},"end":{"line":279,"column":3}}]},"50":{"loc":{"start":{"line":271,"column":6},"end":{"line":271,"column":68}},"type":"binary-expr","locations":[{"start":{"line":271,"column":6},"end":{"line":271,"column":44}},{"start":{"line":271,"column":48},"end":{"line":271,"column":68}}]},"51":{"loc":{"start":{"line":273,"column":9},"end":{"line":279,"column":3}},"type":"if","locations":[{"start":{"line":273,"column":9},"end":{"line":279,"column":3}},{"start":{"line":275,"column":9},"end":{"line":279,"column":3}}]},"52":{"loc":{"start":{"line":275,"column":9},"end":{"line":279,"column":3}},"type":"if","locations":[{"start":{"line":275,"column":9},"end":{"line":279,"column":3}},{"start":{},"end":{}}]},"53":{"loc":{"start":{"line":289,"column":2},"end":{"line":292,"column":3}},"type":"if","locations":[{"start":{"line":289,"column":2},"end":{"line":292,"column":3}},{"start":{},"end":{}}]},"54":{"loc":{"start":{"line":289,"column":6},"end":{"line":289,"column":57}},"type":"binary-expr","locations":[{"start":{"line":289,"column":6},"end":{"line":289,"column":31}},{"start":{"line":289,"column":35},"end":{"line":289,"column":57}}]},"55":{"loc":{"start":{"line":301,"column":4},"end":{"line":304,"column":5}},"type":"if","locations":[{"start":{"line":301,"column":4},"end":{"line":304,"column":5}},{"s
[...]
1,"column":21},"end":{"line":391,"column":71}},"type":"binary-expr","locations":[{"start":{"line":391,"column":21},"end":{"line":391,"column":59}},{"start":{"line":391,"column":63},"end":{"line":391,"column":71}}]},"32":{"loc":{"start":{"line":399,"column":19},"end":{"line":399,"column":65}},"type":"binary-expr","locations":[{"start":{"line":399,"column":19},"end":{"line":399,"column":59}},{"start":{"line":399,"column":63},"end":{"line":399,"column":65}}]},"33":{"loc":{"start":{"line":413,"column":6},"end":{"line":415,"column":7}},"type":"if","locations":[{"start":{"line":413,"column":6},"end":{"line":415,"column":7}},{"start":{},"end":{}}]},"34":{"loc":{"start":{"line":413,"column":10},"end":{"line":413,"column":41}},"type":"binary-expr","locations":[{"start":{"line":413,"column":10},"end":{"line":413,"column":14}},{"start":{"line":413,"column":18},"end":{"line":413,"column":41}}]},"35":{"loc":{"start":{"line":416,"column":6},"end":{"line":418,"column":7}},"type":"if","locations":[{"start":{"line":416,"column":6},"end":{"line":418,"column":7}},{"start":{},"end":{}}]},"36":{"loc":{"start":{"line":429,"column":8},"end":{"line":431,"column":9}},"type":"if","locations":[{"start":{"line":429,"column":8},"end":{"line":431,"column":9}},{"start":{},"end":{}}]},"37":{"loc":{"start":{"line":429,"column":12},"end":{"line":429,"column":39}},"type":"binary-expr","locations":[{"start":{"line":429,"column":12},"end":{"line":429,"column":18}},{"start":{"line":429,"column":22},"end":{"line":429,"column":39}}]},"38":{"loc":{"start":{"line":450,"column":8},"end":{"line":455,"column":9}},"type":"if","locations":[{"start":{"line":450,"column":8},"end":{"line":455,"column":9}},{"start":{},"end":{}}]},"39":{"loc":{"start":{"line":450,"column":12},"end":{"line":450,"column":49}},"type":"binary-expr","locations":[{"start":{"line":450,"column":12},"end":{"line":450,"column":29}},{"start":{"line":450,"column":33},"end":{"line":450,"column":49}}]},"40":{"loc":{"start":{"line":469,"column":5},"end":{"line":469,"column":53}},"type":"binary-expr","locations":[{"start":{"line":469,"column":5},"end":{"line":469,"column":47}},{"start":{"line":469,"column":51},"end":{"line":469,"column":53}}]},"41":{"loc":{"start":{"line":473,"column":5},"end":{"line":473,"column":37}},"type":"binary-expr","locations":[{"start":{"line":473,"column":5},"end":{"line":473,"column":31}},{"start":{"line":473,"column":35},"end":{"line":473,"column":37}}]},"42":{"loc":{"start":{"line":474,"column":6},"end":{"line":476,"column":7}},"type":"if","locations":[{"start":{"line":474,"column":6},"end":{"line":476,"column":7}},{"start":{},"end":{}}]},"43":{"loc":{"start":{"line":479,"column":11},"end":{"line":479,"column":51}},"type":"cond-expr","locations":[{"start":{"line":479,"column":23},"end":{"line":479,"column":39}},{"start":{"line":479,"column":42},"end":{"line":479,"column":51}}]},"44":{"loc":{"start":{"line":489,"column":4},"end":{"line":491,"column":5}},"type":"if","locations":[{"start":{"line":489,"column":4},"end":{"line":491,"column":5}},{"start":{},"end":{}}]},"45":{"loc":{"start":{"line":489,"column":8},"end":{"line":489,"column":94}},"type":"binary-expr","locations":[{"start":{"line":489,"column":8},"end":{"line":489,"column":23}},{"start":{"line":489,"column":27},"end":{"line":489,"column":60}},{"start":{"line":489,"column":64},"end":{"line":489,"column":94}}]},"46":{"loc":{"start":{"line":492,"column":4},"end":{"line":494,"column":5}},"type":"if","locations":[{"start":{"line":492,"column":4},"end":{"line":494,"column":5}},{"start":{},"end":{}}]},"47":{"loc":{"start":{"line":492,"column":8},"end":{"line":492,"column":66}},"type":"binary-expr","locations":[{"start":{"line":492,"column":8},"end":{"line":492,"column":29}},{"start":{"line":492,"column":33},"end":{"line":492,"column":66}}]}},"s":{"0":2,"1":2,"2":2,"3":3,"4":3,"5":2,"6":11,"7":11,"8":11,"9":10,"10":10,"11":8,"12":7,"13":7,"14":6,"15":6,"16":3,"17":3,"18":3,"19":6,"20":3,"21":1,"22":3,"23":6,"24":6,"25":6,"26":12,"27":6,"28":6,"29":6,"30":12,"31":24,"32":19,"33":5,"34":5,"35":0,"36":5,"37":5,"38":5,"39":5,"40":5,"41":6,"42":6,"43":12,"44":12,"45":6,"46":12,"47":12,"48":12,"49":6,"50":5,"51":4,"52":6,"53":6,"54":12,"55":12,"56":7,"57":6,"58":6,"59":6,"60":10,"61":10,"62":10,"63":10,"64":19,"65":18,"66":18,"67":18,"68":35,"69":35,"70":35,"71":34,"72":17,"73":47,"74":83,"75":47,"76":1,"77":46,"78":17,"79":17,"80":0,"81":17,"82":17,"83":0,"84":17,"85":18,"86":17,"87":1,"88":16,"89":6,"90":11,"91":6,"92":3,"93":3,"94":3,"95":6,"96":12,"97":12,"98":12,"99":17,"100":17,"101":17,"102":17,"103":17,"104":17,"105":17,"106":8,"107":17,"108":6,"109":12,"110":12,"111":24,"112":24,"113":5,"114":5,"115":19,"116":24,"117":12,"118":6,"119":6,"120":66,"121":0,"122":66,"123":3,"124":63,"125":6,"126":17,"127":17,"128":0,"129":17,"130":17,"131":17,"132":17,"133":17,"134":17,"135":17,"136":5,"137":5,"138":5,"139":6,"140":6,"141":6,"142":11,"143":20,"144":6,"145":7,"146":10,"147":6,"148":0,"149":0,"150":6,"151":6,"152":6,"153":6,"154":11,"155":1,"156":10,"157":0,"158":2},"f":{"0":3,"1":11,"2":11,"3":3,"4":3,"5":12,"6":12,"7":12,"8":5,"9":12,"10":12,"11":7,"12":10,"13":10,"14":19,"15":18,"16":18,"17":35,"18":47,"19":83,"20":17,"21":18,"22":6,"23":11,"24":6,"25":3,"26":6,"27":12,"28":17,"29":17,"30":6,"31":12,"32":24,"33":6,"34":66,"35":17,"36":17,"37":6,"38":11,"39":20,"40":7,"41":10,"42":0,"43":6,"44":11},"b":{"0":[1],"1":[1],"2":[3,0],"3":[3,3],"4":[1,2],"5":[19,5],"6":[0,5],"7":[12,0],"8":[4,1],"9":[6,0],"10":[1,5],"11":[1,5],"12":[35,29],"13":[5,29],"14":[1,46],"15":[17,0],"16":[0,17],"17":[17,17,15],"18":[0,17],"19":[1,16],"20":[4,7],"21":[11,11],"22":[3,0],"23":[0,0],"24":[3,2],"25":[17,9],"26":[8,9],"27":[17,4],"28":[8,9],"29":[5,19],"30":[5,0],"31":[19,0],"32":[12,8],"33":[0,66],"34":[66,66],"35":[3,63],"36":[0,17],"37":[17,17],"38":[5,12],"39":[17,5],"40":[6,0],"41":[6,0],"42":[0,0],"43":[5,1],"44":[1,10],"45":[11,10,10],"46":[0,10],"47":[10,10]}}
,"/Volumes/Drive/Projects/fireblocks-custody-service/src/provisioner/wallet-manager.ts": {"path":"/Volumes/Drive/Projects/fireblocks-custody-service/src/provisioner/wallet-manager.ts","statementMap":{"0":{"start":{"line":5,"column":0},"end":{"line":5,"column":90}},"1":{"start":{"line":26,"column":21},"end":{"line":26,"column":52}},"2":{"start":{"line":27,"column":21},"end":{"line":27,"column":54}},"3":{"start":{"line":31,"column":43},"end":{"line":34,"column":6}},"4":{"start":{"line":36,"column":22},"end":{"line":36,"column":55}},"5":{"start":{"line":37,"column":21},"end":{"line":37,"column":86}},"6":{"start":{"line":38,"column":4},"end":{"line":38,"column":28}},"7":{"start":{"line":46,"column":43},"end":{"line":49,"column":6}},"8":{"start":{"line":51,"column":22},"end":{"line":51,"column":55}},"9":{"start":{"line":52,"column":21},"end":{"line":55,"column":6}},"10":{"start":{"line":56,"column":4},"end":{"line":56,"column":29}},"11":{"start":{"line":65,"column":4},"end":{"line":74,"column":6}},"12":{"start":{"line":78,"column":4},"end":{"line":80,"column":5}},"13":{"start":{"line":79,"column":6},"end":{"line":79,"column":82}},"14":{"start":{"line":82,"column":20},"end":{"line":85,"column":6}},"15":{"start":{"line":87,"column":20},"end":{"line":87,"column":35}},"16":{"start":{"line":88,"column":21},"end":{"line":88,"column":51}},"17":{"start":{"line":89,"column":4},"end":{"line":89,"column":31}},"18":{"start":{"line":93,"column":4},"end":{"line":93,"column":71}},"19":{"start":{"line":93,"column":47},"end":{"line":93,"column":69}},"20":{"start":{"line":24,"column":0},"end":{"line":24,"column":13}}},"fnMap":{"0":{"name":"(anonymous_0)","decl":{"start":{"line":25,"column":2},"end":{"line":25,"column":null}},"loc":{"start":{"line":27,"column":54},"end":{"line":28,"column":6}}},"1":{"name":"(anonymous_1)","decl":{"start":{"line":30,"column":2},"end":{"line":30,"column":7}},"loc":{"start":{"line":30,"column":76},"end":{"line":39,"column":3}}},"2":{"name":"(anonymous_2)","decl":{"start":{"line":41,"column":2},"end":{"line":41,"column":7}},"loc":{"start":{"line":44,"column":33},"end":{"line":57,"column":3}}},"3":{"name":"(anonymous_3)","decl":{"start":{"line":59,"column":2},"end":{"line":59,"column":11}},"loc":{"start":{"line":63,"column":33},"end":{"line":75,"column":3}}},"4":{"name":"(anonymous_4)","decl":{"start":{"line":77,"column":2},"end":{"line":77,"column":7}},"loc":{"start":{"line":77,"column":58},"end":{"line":90,"column":3}}},"5":{"name":"(anonymous_5)","decl":{"start":{"line":92,"column":2},"end":{"line":92,"column":17}},"loc":{"start":{"line":92,"column":77},"end":{"line":94,"column":3}}},"6":{"name":"(anonymous_6)","decl":{"start":{"line":93,"column":37},"end":{"line":93,"column":38}},"loc":{"start":{"line":93,"column":47},"end":{"line":93,"column":69}}}},"branchMap":{"0":{"loc":{"start":{"line":26,"column":21},"end":{"line":26,"column":86}},"type":"default-arg","locations":[{"start":{"line":26,"column":52},"end":{"line":26,"column":86}}]},"1":{"loc":{"start":{"line":70,"column":33},"end":{"line":70,"column":62}},"type":"binary-expr","locations":[{"start":{"line":70,"column":33},"end":{"line":70,"column":53}},{"start":{"line":70,"column":57},"end":{"line":70,"column":62}}]},"2":{"loc":{"start":{"line":78,"column":4},"end":{"line":80,"column":5}},"type":"if","locations":[{"start":{"line":78,"column":4},"end":{"line":80,"column":5}},{"start":{},"end":{}}]}},"s":{"0":1,"1":2,"2":2,"3":0,"4":0,"5":0,"6":0,"7":1,"8":1,"9":1,"10":1,"11":1,"12":0,"13":0,"14":0,"15":0,"16":0,"17":0,"18":0,"19":0,"20":1},"f":{"0":2,"1":0,"2":1,"3":1,"4":0,"5":0,"6":0},"b":{"0":[2],"1":[1,1],"2":[0,0]}}
,"/Volumes/Drive/Projects/fireblocks-custody-service/src/provisioner/wallet-template-registry.ts": {"path":"/Volumes/Drive/Projects/fireblocks-custody-service/src/provisioner/wallet-template-registry.ts","statementMap":{"0":{"start":{"line":4,"column":31},"end":{"line":4,"column":58}},"1":{"start":{"line":5,"column":4},"end":{"line":7,"column":5}},"2":{"start":{"line":6,"column":6},"end":{"line":6,"column":85}},"3":{"start":{"line":11,"column":4},"end":{"line":11,"column":34}},"4":{"start":{"line":15,"column":21},"end":{"line":15,"column":100}},"5":{"start":{"line":15,"column":64},"end":{"line":15,"column":99}},"6":{"start":{"line":16,"column":4},"end":{"line":18,"column":5}},"7":{"start":{"line":17,"column":6},"end":{"line":17,"column":67}},"8":{"start":{"line":19,"column":4},"end":{"line":19,"column":20}},"9":{"start":{"line":23,"column":21},"end":{"line":23,"column":53}},"10":{"start":{"line":24,"column":4},"end":{"line":24,"column":61}},"11":{"start":{"line":24,"column":46},"end":{"line":24,"column":59}},"12":{"start":{"line":3,"column":0},"end":{"line":3,"column":13}}},"fnMap":{"0":{"name":"(anonymous_0)","decl":{"start":{"line":4,"column":2},"end":{"line":4,"column":31}},"loc":{"start":{"line":4,"column":58},"end":{"line":8,"column":3}}},"1":{"name":"(anonymous_1)","decl":{"start":{"line":10,"column":2},"end":{"line":10,"column":15}},"loc":{"start":{"line":10,"column":15},"end":{"line":12,"column":3}}},"2":{"name":"(anonymous_2)","decl":{"start":{"line":14,"column":2},"end":{"line":14,"column":17}},"loc":{"start":{"line":14,"column":36},"end":{"line":20,"column":3}}},"3":{"name":"(anonymous_3)","decl":{"start":{"line":15,"column":49},"end":{"line":15,"column":50}},"loc":{"start":{"line":15,"column":64},"end":{"line":15,"column":99}}},"4":{"name":"(anonymous_4)","decl":{"start":{"line":22,"column":2},"end":{"line":22,"column":19}},"loc":{"start":{"line":22,"column":38},"end":{"line":25,"column":3}}},"5":{"name":"(anonymous_5)","decl":{"start":{"line":24,"column":33},"end":{"line":24,"column":34}},"loc":{"start":{"line":24,"column":46},"end":{"line":24,"column":59}}}},"branchMap":{"0":{"loc":{"start":{"line":5,"column":4},"end":{"line":7,"column":5}},"type":"if","locations":[{"start":{"line":5,"column":4},"end":{"line":7,"column":5}},{"start":{},"end":{}}]},"1":{"loc":{"start":{"line":5,"column":8},"end":{"line":5,"column":120}},"type":"binary-expr","locations":[{"start":{"line":5,"column":8},"end":{"line":5,"column":29}},{"start":{"line":5,"column":33},"end":{"line":5,"column":49}},{"start":{"line":5,"column":53},"end":{"line":5,"column":86}},{"start":{"line":5,"column":90},"end":{"line":5,"column":120}}]},"2":{"loc":{"start":{"line":16,"column":4},"end":{"line":18,"column":5}},"type":"if","locations":[{"start":{"line":16,"column":4},"end":{"line":18,"column":5}},{"start":{},"end":{}}]}},"s":{"0":0,"1":0,"2":0,"3":0,"4":0,"5":0,"6":0,"7":0,"8":0,"9":0,"10":0,"11":0,"12":0},"f":{"0":0,"1":0,"2":0,"3":0,"4":0,"5":0},"b":{"0":[0,0],"1":[0,0,0,0],"2":[0,0]}}
,"/Volumes/Drive/Projects/fireblocks-custody-service/src/utils/type-guards.ts": {"path":"/Volumes/Drive/Projects/fireblocks-custody-service/src/utils/type-guards.ts","statementMap":{"0":{"start":{"line":1,"column":0},"end":{"line":1,"column":75}},"1":{"start":{"line":3,"column":32},"end":{"line":4,"column":54}},"2":{"start":{"line":4,"column":2},"end":{"line":4,"column":54}},"3":{"start":{"line":3,"column":13},"end":{"line":3,"column":32}},"4":{"start":{"line":6,"column":36},"end":{"line":7,"column":68}},"5":{"start":{"line":7,"column":2},"end":{"line":7,"column":68}},"6":{"start":{"line":6,"column":13},"end":{"line":6,"column":36}},"7":{"start":{"line":9,"column":32},"end":{"line":10,"column":66}},"8":{"start":{"line":10,"column":2},"end":{"line":10,"column":66}},"9":{"start":{"line":9,"column":13},"end":{"line":9,"column":32}},"10":{"start":{"line":12,"column":31},"end":{"line":22,"column":1}},"11":{"start":{"line":13,"column":2},"end":{"line":15,"column":3}},"12":{"start":{"line":14,"column":4},"end":{"line":14,"column":17}},"13":{"start":{"line":17,"column":2},"end":{"line":19,"column":3}},"14":{"start":{"line":18,"column":4},"end":{"line":18,"column":17}},"15":{"start":{"line":21,"column":2},"end":{"line":21,"column":38}},"16":{"start":{"line":12,"column":13},"end":{"line":12,"column":31}},"17":{"start":{"line":24,"column":31},"end":{"line":31,"column":1}},"18":{"start":{"line":25,"column":2},"end":{"line":27,"column":3}},"19":{"start":{"line":26,"column":4},"end":{"line":26,"column":17}},"20":{"start":{"line":29,"column":20},"end":{"line":29,"column":37}},"21":{"start":{"line":30,"column":2},"end":{"line":30,"column":36}},"22":{"start":{"line":24,"column":13},"end":{"line":24,"column":31}},"23":{"start":{"line":33,"column":30},"end":{"line":34,"column":57}},"24":{"start":{"line":34,"column":2},"end":{"line":34,"column":57}},"25":{"start":{"line":33,"column":13},"end":{"line":33,"column":30}},"26":{"start":{"line":36,"column":24},"end":{"line":37,"column":45}},"27":{"start":{"line":37,"column":2},"end":{"line":37,"column":45}},"28":{"start":{"line":36,"column":13},"end":{"line":36,"column":24}},"29":{"start":{"line":39,"column":29},"end":{"line":40,"column":99}},"30":{"start":{"line":40,"column":2},"end":{"line":40,"column":99}},"31":{"start":{"line":40,"column":48},"end":{"line":40,"column":98}},"32":{"start":{"line":39,"column":13},"end":{"line":39,"column":29}},"33":{"start":{"line":42,"column":36},"end":{"line":43,"column":94}},"34":{"start":{"line":43,"column":2},"end":{"line":43,"column":94}},"35":{"start":{"line":42,"column":13},"end":{"line":42,"column":36}}},"fnMap":{"0":{"name":"(anonymous_0)","decl":{"start":{"line":3,"column":32},"end":{"line":3,"column":33}},"loc":{"start":{"line":4,"column":2},"end":{"line":4,"column":54}}},"1":{"name":"(anonymous_1)","decl":{"start":{"line":6,"column":36},"end":{"line":6,"column":37}},"loc":{"start":{"line":7,"column":2},"end":{"line":7,"column":68}}},"2":{"name":"(anonymous_2)","decl":{"start":{"line":9,"column":32},"end":{"line":9,"column":33}},"loc":{"start":{"line":10,"column":2},"end":{"line":10,"column":66}}},"3":{"name":"(anonymous_3)","decl":{"start":{"line":12,"column":31},"end":{"line":12,"column":32}},"loc":{"start":{"line":12,"column":67},"end":{"line":22,"column":1}}},"4":{"name":"(anonymous_4)","decl":{"start":{"line":24,"column":31},"end":{"line":24,"column":32}},"loc":{"start":{"line":24,"column":67},"end":{"line":31,"column":1}}},"5":{"name":"(anonymous_5)","decl":{"start":{"line":33,"column":30},"end":{"line":33,"column":31}},"loc":{"start":{"line":34,"column":2},"end":{"line":34,"column":57}}},"6":{"name":"(anonymous_6)","decl":{"start":{"line":36,"column":24},"end":{"line":36,"column":25}},"loc":{"start":{"line":37,"column":2},"end":{"line":37,"column":45}}},"7":{"name":"(anonymous_7)","decl":{"start":{"line":39,"column":29},"end":{"line":39,"column":30}},"loc":{"start":{"line":40,"column":2},"end":{"line":40,"column":99}}},"8":{"name":"(anonymous_8)","decl":{"start":{"line":40,"column":38},"end":{"line":40,"column":39}},"loc":{"start":{"line":40,"column":48},"end":{"line":40,"column":98}}},"9":{"name":"(anonymous_9)","decl":{"start":{"line":42,"column":36},"end":{"line":42,"column":37}},"loc":{"start":{"line":43,"column":2},"end":{"line":43,"column":94}}}},"branchMap":{"0":{"loc":{"start":{"line":4,"column":2},"end":{"line":4,"column":54}},"type":"binary-expr","locations":[{"start":{"line":4,"column":2},"end":{"line":4,"column":27}},{"start":{"line":4,"column":31},"end":{"line":4,"column":54}}]},"1":{"loc":{"start":{"line":7,"column":2},"end":{"line":7,"column":68}},"type":"binary-expr","locations":[{"start":{"line":7,"column":2},"end":{"line":7,"column":27}},{"start":{"line":7,"column":31},"end":{"line":7,"column":54}},{"start":{"line":7,"column":58},"end":{"line":7,"column":68}}]},"2":{"loc":{"start":{"line":10,"column":2},"end":{"line":10,"column":66}},"type":"binary-expr","locations":[{"start":{"line":10,"column":2},"end":{"line":10,"column":27}},{"start":{"line":10,"column":31},"end":{"line":10,"column":53}},{"start":{"line":10,"column":57},"end":{"line":10,"column":66}}]},"3":{"loc":{"start":{"line":13,"column":2},"end":{"line":15,"column":3}},"type":"if","locations":[{"start":{"line":13,"column":2},"end":{"line":15,"column":3}},{"start":{},"end":{}}]},"4":{"loc":{"start":{"line":17,"column":2},"end":{"line":19,"column":3}},"type":"if","locations":[{"start":{"line":17,"column":2},"end":{"line":19,"column":3}},{"start":{},"end":{}}]},"5":{"loc":{"start":{"line":25,"column":2},"end":{"line":27,"column":3}},"type":"if","locations":[{"start":{"line":25,"column":2},"end":{"line":27,"column":3}},{"start":{},"end":{}}]},"6":{"loc":{"start":{"line":34,"column":2},"end":{"line":34,"column":57}},"type":"binary-expr","locations":[{"start":{"line":34,"column":2},"end":{"line":34,"column":23}},{"start":{"line":34,"column":27},"end":{"line":34,"column":57}}]},"7":{"loc":{"start":{"line":37,"column":2},"end":{"line":37,"column":45}},"type":"binary-expr","locations":[{"start":{"line":37,"column":2},"end":{"line":37,"column":27}},{"start":{"line":37,"column":31},"end":{"line":37,"column":45}}]},"8":{"loc":{"start":{"line":40,"column":2},"end":{"line":40,"column":99}},"type":"binary-expr","locations":[{"start":{"line":40,"column":2},"end":{"line":40,"column":22}},{"start":{"line":40,"column":26},"end":{"line":40,"column":99}}]},"9":{"loc":{"start":{"line":40,"column":48},"end":{"line":40,"column":98}},"type":"binary-expr","locations":[{"start":{"line":40,"column":48},"end":{"line":40,"column":72}},{"start":{"line":40,"column":76},"end":{"line":40,"column":98}}]},"10":{"loc":{"start":{"line":43,"column":2},"end":{"line":43,"column":94}},"type":"binary-expr","locations":[{"start":{"line":43,"column":2},"end":{"line":43,"column":27}},{"start":{"line":43,"column":32},"end":{"line":43,"column":94}}]}},"s":{"0":9,"1":9,"2":1091,"3":9,"4":9,"5":35,"6":9,"7":9,"8":0,"9":9,"10":9,"11":52,"12":1,"13":51,"14":1,"15":50,"16":9,"17":9,"18":0,"19":0,"20":0,"21":0,"22":9,"23":9,"24":118,"25":9,"26":9,"27":307,"28":9,"29":9,"30":72,"31":102,"32":9,"33":9,"34":16,"35":9},"f":{"0":1091,"1":35,"2":0,"3":52,"4":0,"5":118,"6":307,"7":72,"8":102,"9":16},"b":{"0":[1091,1028],"1":[35,35,35],"2":[0,0,0],"3":[1,51],"4":[1,50],"5":[0,0],"6":[118,114],"7":[307,295],"8":[72,72],"9":[102,102],"10":[16,16]}}
}
