{"/Volumes/Drive/Projects/fireblocks-custody-service/src/index.ts": {"path":"/Volumes/Drive/Projects/fireblocks-custody-service/src/index.ts","statementMap":{"0":{"start":{"line":1,"column":0},"end":{"line":1,"column":31}},"1":{"start":{"line":2,"column":0},"end":{"line":2,"column":39}},"2":{"start":{"line":3,"column":0},"end":{"line":3,"column":42}},"3":{"start":{"line":4,"column":0},"end":{"line":4,"column":34}},"4":{"start":{"line":5,"column":0},"end":{"line":5,"column":38}},"5":{"start":{"line":6,"column":0},"end":{"line":6,"column":37}},"6":{"start":{"line":7,"column":0},"end":{"line":7,"column":39}},"7":{"start":{"line":8,"column":0},"end":{"line":8,"column":38}},"8":{"start":{"line":9,"column":0},"end":{"line":9,"column":57}},"9":{"start":{"line":10,"column":0},"end":{"line":10,"column":55}},"10":{"start":{"line":11,"column":0},"end":{"line":11,"column":49}},"11":{"start":{"line":21,"column":0},"end":{"line":21,"column":54}},"12":{"start":{"line":26,"column":4},"end":{"line":26,"column":16}},"13":{"start":{"line":23,"column":0},"end":{"line":23,"column":13}}},"fnMap":{"0":{"name":"(anonymous_4)","decl":{"start":{"line":25,"column":2},"end":{"line":25,"column":14}},"loc":{"start":{"line":25,"column":29},"end":{"line":27,"column":3}}}},"branchMap":{},"s":{"0":0,"1":0,"2":0,"3":0,"4":0,"5":0,"6":0,"7":0,"8":0,"9":0,"10":0,"11":0,"12":0,"13":0},"f":{"0":0},"b":{}}
,"/Volumes/Drive/Projects/fireblocks-custody-service/src/main.ts": {"path":"/Volumes/Drive/Projects/fireblocks-custody-service/src/main.ts","statementMap":{"0":{"start":{"line":3,"column":0},"end":{"line":3,"column":23}},"1":{"start":{"line":5,"column":0},"end":{"line":5,"column":61}},"2":{"start":{"line":6,"column":0},"end":{"line":6,"column":61}},"3":{"start":{"line":8,"column":0},"end":{"line":8,"column":55}},"4":{"start":{"line":11,"column":24},"end":{"line":11,"column":59}},"5":{"start":{"line":12,"column":23},"end":{"line":12,"column":57}},"6":{"start":{"line":13,"column":19},"end":{"line":13,"column":49}},"7":{"start":{"line":16,"column":4},"end":{"line":16,"column":99}},"8":{"start":{"line":18,"column":2},"end":{"line":21,"column":3}},"9":{"start":{"line":19,"column":4},"end":{"line":19,"column":87}},"10":{"start":{"line":20,"column":4},"end":{"line":20,"column":11}},"11":{"start":{"line":23,"column":30},"end":{"line":23,"column":65}},"12":{"start":{"line":24,"column":2},"end":{"line":27,"column":3}},"13":{"start":{"line":25,"column":4},"end":{"line":25,"column":81}},"14":{"start":{"line":26,"column":4},"end":{"line":26,"column":11}},"15":{"start":{"line":28,"column":25},"end":{"line":28,"column":51}},"16":{"start":{"line":30,"column":23},"end":{"line":30,"column":90}},"17":{"start":{"line":32,"column":2},"end":{"line":48,"column":3}},"18":{"start":{"line":33,"column":4},"end":{"line":43,"column":7}},"19":{"start":{"line":44,"column":4},"end":{"line":44,"column":41}},"20":{"start":{"line":46,"column":25},"end":{"line":46,"column":53}},"21":{"start":{"line":47,"column":4},"end":{"line":47,"column":80}},"22":{"start":{"line":51,"column":0},"end":{"line":54,"column":3}},"23":{"start":{"line":52,"column":23},"end":{"line":52,"column":51}},"24":{"start":{"line":53,"column":2},"end":{"line":53,"column":71}}},"fnMap":{"0":{"name":"bootstrap","decl":{"start":{"line":10,"column":15},"end":{"line":10,"column":24}},"loc":{"start":{"line":10,"column":24},"end":{"line":49,"column":1}}},"1":{"name":"(anonymous_1)","decl":{"start":{"line":51,"column":18},"end":{"line":51,"column":19}},"loc":{"start":{"line":51,"column":28},"end":{"line":54,"column":1}}}},"branchMap":{"0":{"loc":{"start":{"line":16,"column":4},"end":{"line":16,"column":99}},"type":"binary-expr","locations":[{"start":{"line":16,"column":4},"end":{"line":16,"column":35}},{"start":{"line":16,"column":39},"end":{"line":16,"column":69}},{"start":{"line":16,"column":73},"end":{"line":16,"column":99}}]},"1":{"loc":{"start":{"line":18,"column":2},"end":{"line":21,"column":3}},"type":"if","locations":[{"start":{"line":18,"column":2},"end":{"line":21,"column":3}},{"start":{},"end":{}}]},"2":{"loc":{"start":{"line":24,"column":2},"end":{"line":27,"column":3}},"type":"if","locations":[{"start":{"line":24,"column":2},"end":{"line":27,"column":3}},{"start":{},"end":{}}]},"3":{"loc":{"start":{"line":30,"column":23},"end":{"line":30,"column":90}},"type":"binary-expr","locations":[{"start":{"line":30,"column":23},"end":{"line":30,"column":77}},{"start":{"line":30,"column":81},"end":{"line":30,"column":90}}]}},"s":{"0":0,"1":0,"2":0,"3":0,"4":0,"5":0,"6":0,"7":0,"8":0,"9":0,"10":0,"11":0,"12":0,"13":0,"14":0,"15":0,"16":0,"17":0,"18":0,"19":0,"20":0,"21":0,"22":0,"23":0,"24":0},"f":{"0":0,"1":0},"b":{"0":[0,0,0],"1":[0,0],"2":[0,0],"3":[0,0]}}
,"/Volumes/Drive/Projects/fireblocks-custody-service/src/approvals/validator.ts": {"path":"/Volumes/Drive/Projects/fireblocks-custody-service/src/approvals/validator.ts","statementMap":{"0":{"start":{"line":150,"column":0},"end":{"line":150,"column":16}},"1":{"start":{"line":2,"column":0},"end":{"line":2,"column":56}},"2":{"start":{"line":29,"column":2},"end":{"line":31,"column":3}},"3":{"start":{"line":30,"column":4},"end":{"line":30,"column":11}},"4":{"start":{"line":33,"column":19},"end":{"line":33,"column":36}},"5":{"start":{"line":35,"column":2},"end":{"line":64,"column":5}},"6":{"start":{"line":36,"column":25},"end":{"line":36,"column":54}},"7":{"start":{"line":37,"column":4},"end":{"line":40,"column":5}},"8":{"start":{"line":38,"column":6},"end":{"line":38,"column":65}},"9":{"start":{"line":39,"column":6},"end":{"line":39,"column":13}},"10":{"start":{"line":42,"column":4},"end":{"line":48,"column":5}},"11":{"start":{"line":43,"column":6},"end":{"line":43,"column":54}},"12":{"start":{"line":44,"column":11},"end":{"line":48,"column":5}},"13":{"start":{"line":45,"column":6},"end":{"line":45,"column":79}},"14":{"start":{"line":47,"column":6},"end":{"line":47,"column":33}},"15":{"start":{"line":50,"column":4},"end":{"line":52,"column":5}},"16":{"start":{"line":51,"column":6},"end":{"line":51,"column":91}},"17":{"start":{"line":54,"column":4},"end":{"line":56,"column":5}},"18":{"start":{"line":55,"column":6},"end":{"line":55,"column":92}},"19":{"start":{"line":58,"column":4},"end":{"line":63,"column":5}},"20":{"start":{"line":62,"column":6},"end":{"line":62,"column":78}},"21":{"start":{"line":72,"column":2},"end":{"line":75,"column":3}},"22":{"start":{"line":73,"column":4},"end":{"line":73,"column":55}},"23":{"start":{"line":74,"column":4},"end":{"line":74,"column":11}},"24":{"start":{"line":77,"column":2},"end":{"line":79,"column":3}},"25":{"start":{"line":78,"column":4},"end":{"line":78,"column":51}},"26":{"start":{"line":81,"column":2},"end":{"line":83,"column":3}},"27":{"start":{"line":82,"column":4},"end":{"line":82,"column":81}},"28":{"start":{"line":85,"column":2},"end":{"line":85,"column":54}},"29":{"start":{"line":95,"column":22},"end":{"line":95,"column":41}},"30":{"start":{"line":97,"column":2},"end":{"line":100,"column":3}},"31":{"start":{"line":98,"column":4},"end":{"line":98,"column":61}},"32":{"start":{"line":99,"column":4},"end":{"line":99,"column":11}},"33":{"start":{"line":102,"column":2},"end":{"line":105,"column":3}},"34":{"start":{"line":103,"column":4},"end":{"line":103,"column":52}},"35":{"start":{"line":104,"column":4},"end":{"line":104,"column":11}},"36":{"start":{"line":107,"column":21},"end":{"line":107,"column":28}},"37":{"start":{"line":108,"column":2},"end":{"line":111,"column":3}},"38":{"start":{"line":109,"column":4},"end":{"line":109,"column":54}},"39":{"start":{"line":110,"column":4},"end":{"line":110,"column":11}},"40":{"start":{"line":113,"column":2},"end":{"line":115,"column":3}},"41":{"start":{"line":114,"column":4},"end":{"line":114,"column":88}},"42":{"start":{"line":117,"column":2},"end":{"line":147,"column":3}},"43":{"start":{"line":119,"column":6},"end":{"line":121,"column":7}},"44":{"start":{"line":120,"column":8},"end":{"line":120,"column":82}},"45":{"start":{"line":122,"column":6},"end":{"line":122,"column":12}},"46":{"start":{"line":124,"column":6},"end":{"line":126,"column":7}},"47":{"start":{"line":125,"column":8},"end":{"line":125,"column":79}},"48":{"start":{"line":127,"column":6},"end":{"line":127,"column":12}},"49":{"start":{"line":129,"column":6},"end":{"line":131,"column":7}},"50":{"start":{"line":130,"column":8},"end":{"line":130,"column":74}},"51":{"start":{"line":132,"column":6},"end":{"line":132,"column":12}},"52":{"start":{"line":134,"column":6},"end":{"line":136,"column":7}},"53":{"start":{"line":135,"column":8},"end":{"line":135,"column":84}},"54":{"start":{"line":137,"column":6},"end":{"line":137,"column":12}},"55":{"start":{"line":139,"column":6},"end":{"line":141,"column":7}},"56":{"start":{"line":140,"column":8},"end":{"line":140,"column":82}},"57":{"start":{"line":142,"column":6},"end":{"line":142,"column":12}},"58":{"start":{"line":144,"column":6},"end":{"line":144,"column":12}},"59":{"start":{"line":146,"column":6},"end":{"line":146,"column":80}},"60":{"start":{"line":154,"column":27},"end":{"line":154,"column":29}},"61":{"start":{"line":155,"column":29},"end":{"line":155,"column":31}},"62":{"start":{"line":157,"column":2},"end":{"line":162,"column":3}},"63":{"start":{"line":158,"column":4},"end":{"line":161,"column":6}},"64":{"start":{"line":164,"column":22},"end":{"line":164,"column":39}},"65":{"start":{"line":165,"column":22},"end":{"line":165,"column":39}},"66":{"start":{"line":167,"column":2},"end":{"line":225,"column":5}},"67":{"start":{"line":168,"column":17},"end":{"line":168,"column":47}},"68":{"start":{"line":170,"column":4},"end":{"line":173,"column":5}},"69":{"start":{"line":171,"column":6},"end":{"line":171,"column":57}},"70":{"start":{"line":172,"column":6},"end":{"line":172,"column":13}},"71":{"start":{"line":175,"column":4},"end":{"line":181,"column":5}},"72":{"start":{"line":176,"column":6},"end":{"line":176,"column":53}},"73":{"start":{"line":177,"column":11},"end":{"line":181,"column":5}},"74":{"start":{"line":178,"column":6},"end":{"line":178,"column":81}},"75":{"start":{"line":180,"column":6},"end":{"line":180,"column":43}},"76":{"start":{"line":183,"column":4},"end":{"line":189,"column":5}},"77":{"start":{"line":184,"column":6},"end":{"line":184,"column":53}},"78":{"start":{"line":185,"column":11},"end":{"line":189,"column":5}},"79":{"start":{"line":186,"column":6},"end":{"line":186,"column":88}},"80":{"start":{"line":188,"column":6},"end":{"line":188,"column":43}},"81":{"start":{"line":191,"column":4},"end":{"line":195,"column":5}},"82":{"start":{"line":192,"column":6},"end":{"line":192,"column":49}},"83":{"start":{"line":193,"column":11},"end":{"line":195,"column":5}},"84":{"start":{"line":194,"column":6},"end":{"line":194,"column":84}},"85":{"start":{"line":197,"column":4},"end":{"line":197,"column":80}},"86":{"start":{"line":198,"column":4},"end":{"line":198,"column":80}},"87":{"start":{"line":200,"column":4},"end":{"line":202,"column":5}},"88":{"start":{"line":201,"column":6},"end":{"line":201,"column":77}},"89":{"start":{"line":204,"column":4},"end":{"line":214,"column":5}},"90":{"start":{"line":205,"column":6},"end":{"line":213,"column":7}},"91":{"start":{"line":206,"column":8},"end":{"line":206,"column":68}},"92":{"start":{"line":208,"column":8},"end":{"line":212,"column":11}},"93":{"start":{"line":209,"column":10},"end":{"line":211,"column":11}},"94":{"start":{"line":210,"column":12},"end":{"line":210,"column":85}},"95":{"start":{"line":216,"column":4},"end":{"line":224,"column":5}},"96":{"start":{"line":217,"column":6},"end":{"line":223,"column":7}},"97":{"start":{"line":218,"column":8},"end":{"line":218,"column":73}},"98":{"start":{"line":220,"column":8},"end":{"line":222,"column":10}},"99":{"start":{"line":221,"column":10},"end":{"line":221,"column":86}},"100":{"start":{"line":227,"column":2},"end":{"line":227,"column":30}}},"fnMap":{"0":{"name":"validateVariables","decl":{"start":{"line":24,"column":9},"end":{"line":24,"column":26}},"loc":{"start":{"line":27,"column":18},"end":{"line":65,"column":1}}},"1":{"name":"(anonymous_1)","decl":{"start":{"line":35,"column":20},"end":{"line":35,"column":21}},"loc":{"start":{"line":35,"column":40},"end":{"line":64,"column":3}}},"2":{"name":"validateExpressionTemplate","decl":{"start":{"line":67,"column":9},"end":{"line":67,"column":35}},"loc":{"start":{"line":70,"column":18},"end":{"line":86,"column":1}}},"3":{"name":"validateBinding","decl":{"start":{"line":88,"column":9},"end":{"line":88,"column":24}},"loc":{"start":{"line":93,"column":18},"end":{"line":148,"column":1}}},"4":{"name":"validatePolicyTemplates","decl":{"start":{"line":150,"column":16},"end":{"line":150,"column":39}},"loc":{"start":{"line":152,"column":34},"end":{"line":228,"column":1}}},"5":{"name":"(anonymous_5)","decl":{"start":{"line":167,"column":20},"end":{"line":167,"column":21}},"loc":{"start":{"line":167,"column":40},"end":{"line":225,"column":3}}},"6":{"name":"(anonymous_6)","decl":{"start":{"line":208,"column":30},"end":{"line":208,"column":31}},"loc":{"start":{"line":208,"column":64},"end":{"line":212,"column":9}}},"7":{"name":"(anonymous_7)","decl":{"start":{"line":220,"column":35},"end":{"line":220,"column":36}},"loc":{"start":{"line":221,"column":10},"end":{"line":221,"column":86}}}},"branchMap":{"0":{"loc":{"start":{"line":29,"column":2},"end":{"line":31,"column":3}},"type":"if","locations":[{"start":{"line":29,"column":2},"end":{"line":31,"column":3}},{"start":{},"end":{}}]},"1":{"loc":{"start":{"line":37,"column":4},"end":{"line":40,"column":5}},"type":"if","locations":[{"start":{"line":37,"column":4},"end":{"line":40,"column":5}},{"start":{},"end":{}}]},"2":{"loc":{"start":{"line":37,"column":8},"end":{"line":37,"column":57}},"type":"binary-expr","locations":[{"start":{"line":37,"column":8},"end":{"line":37,"column":25}},{"start":{"line":37,"column":29},"end":{"line":37,"column":57}}]},"3":{"loc":{"start":{"line":42,"column":4},"end":{"line":48,"column":5}},"type":"if","locations":[{"start":{"line":42,"column":4},"end":{"line":48,"column":5}},{"start":{"line":44,"column":11},"end":{"line":48,"column":5}}]},"4":{"loc":{"start":{"line":44,"column":11},"end":{"line":48,"column":5}},"type":"if","locations":[{"start":{"line":44,"column":11},"end":{"line":48,"column":5}},{"start":{"line":46,"column":11},"end":{"line":48,"column":5}}]},"5":{"loc":{"start":{"line":50,"column":4},"end":{"line":52,"column":5}},"type":"if","locations":[{"start":{"line":50,"column":4},"end":{"line":52,"column":5}},{"start":{},"end":{}}]},"6":{"loc":{"start":{"line":50,"column":8},"end":{"line":50,"column":85}},"type":"binary-expr","locations":[{"start":{"line":50,"column":8},"end":{"line":50,"column":42}},{"start":{"line":50,"column":46},"end":{"line":50,"column":85}}]},"7":{"loc":{"start":{"line":54,"column":4},"end":{"line":56,"column":5}},"type":"if","locations":[{"start":{"line":54,"column":4},"end":{"line":56,"column":5}},{"start":{},"end":{}}]},"8":{"loc":{"start":{"line":54,"column":8},"end":{"line":54,"column":87}},"type":"binary-expr","locations":[{"start":{"line":54,"column":8},"end":{"line":54,"column":43}},{"start":{"line":54,"column":47},"end":{"line":54,"column":87}}]},"9":{"loc":{"start":{"line":58,"column":4},"end":{"line":63,"column":5}},"type":"if","locations":[{"start":{"line":58,"column":4},"end":{"line":63,"column":5}},{"start":{},"end":{}}]},"10":{"loc":{"start":{"line":59,"column":6},"end":{"line":60,"column":90}},"type":"binary-expr","locations":[{"start":{"line":59,"column":6},"end":{"line":59,"column":35}},{"start":{"line":60,"column":6},"end":{"line":60,"column":90}}]},"11":{"loc":{"start":{"line":72,"column":2},"end":{"line":75,"column":3}},"type":"if","locations":[{"start":{"line":72,"column":2},"end":{"line":75,"column":3}},{"start":{},"end":{}}]},"12":{"loc":{"start":{"line":72,"column":6},"end":{"line":72,"column":55}},"type":"binary-expr","locations":[{"start":{"line":72,"column":6},"end":{"line":72,"column":23}},{"start":{"line":72,"column":27},"end":{"line":72,"column":55}}]},"13":{"loc":{"start":{"line":77,"column":2},"end":{"line":79,"column":3}},"type":"if","locations":[{"start":{"line":77,"column":2},"end":{"line":79,"column":3}},{"start":{},"end":{}}]},"14":{"loc":{"start":{"line":81,"column":2},"end":{"line":83,"column":3}},"type":"if","locations":[{"start":{"line":81,"column":2},"end":{"line":83,"column":3}},{"start":{},"end":{}}]},"15":{"loc":{"start":{"line":81,"column":6},"end":{"line":81,"column":83}},"type":"binary-expr","locations":[{"start":{"line":81,"column":6},"end":{"line":81,"column":40}},{"start":{"line":81,"column":44},"end":{"line":81,"column":83}}]},"16":{"loc":{"start":{"line":97,"column":2},"end":{"line":100,"column":3}},"type":"if","locations":[{"start":{"line":97,"column":2},"end":{"line":100,"column":3}},{"start":{},"end":{}}]},"17":{"loc":{"start":{"line":97,"column":6},"end":{"line":97,"column":53}},"type":"binary-expr","locations":[{"start":{"line":97,"column":6},"end":{"line":97,"column":22}},{"start":{"line":97,"column":26},"end":{"line":97,"column":53}}]},"18":{"loc":{"start":{"line":102,"column":2},"end":{"line":105,"column":3}},"type":"if","locations":[{"start":{"line":102,"column":2},"end":{"line":105,"column":3}},{"start":{},"end":{}}]},"19":{"loc":{"start":{"line":108,"column":2},"end":{"line":111,"column":3}},"type":"if","locations":[{"start":{"line":108,"column":2},"end":{"line":111,"column":3}},{"start":{},"end":{}}]},"20":{"loc":{"start":{"line":113,"column":2},"end":{"line":115,"column":3}},"type":"if","locations":[{"start":{"line":113,"column":2},"end":{"line":115,"column":3}},{"start":{},"end":{}}]},"21":{"loc":{"start":{"line":113,"column":6},"end":{"line":113,"column":81}},"type":"binary-expr","locations":[{"start":{"line":113,"column":6},"end":{"line":113,"column":39}},{"start":{"line":113,"column":43},"end":{"line":113,"column":81}}]},"22":{"loc":{"start":{"line":117,"column":2},"end":{"line":147,"column":3}},"type":"switch","locations":[{"start":{"line":118,"column":4},"end":{"line":122,"column":12}},{"start":{"line":123,"column":4},"end":{"line":127,"column":12}},{"start":{"line":128,"column":4},"end":{"line":132,"column":12}},{"start":{"line":133,"column":4},"end":{"line":137,"column":12}},{"start":{"line":138,"column":4},"end":{"line":142,"column":12}},{"start":{"line":143,"column":4},"end":{"line":144,"column":12}},{"start":{"line":145,"column":4},"end":{"line":146,"column":80}}]},"23":{"loc":{"start":{"line":119,"column":6},"end":{"line":121,"column":7}},"type":"if","locations":[{"start":{"line":119,"column":6},"end":{"line":121,"column":7}},{"start":{},"end":{}}]},"24":{"loc":{"start":{"line":124,"column":6},"end":{"line":126,"column":7}},"type":"if","locations":[{"start":{"line":124,"column":6},"end":{"line":126,"column":7}},{"start":{},"end":{}}]},"25":{"loc":{"start":{"line":129,"column":6},"end":{"line":131,"column":7}},"type":"if","locations":[{"start":{"line":129,"column":6},"end":{"line":131,"column":7}},{"start":{},"end":{}}]},"26":{"loc":{"start":{"line":134,"column":6},"end":{"line":136,"column":7}},"type":"if","locations":[{"start":{"line":134,"column":6},"end":{"line":136,"column":7}},{"start":{},"end":{}}]},"27":{"loc":{"start":{"line":134,"column":10},"end":{"line":134,"column":94}},"type":"binary-expr","locations":[{"start":{"line":134,"column":10},"end":{"line":134,"column":48}},{"start":{"line":134,"column":52},"end":{"line":134,"column":94}}]},"28":{"loc":{"start":{"line":139,"column":6},"end":{"line":141,"column":7}},"type":"if","locations":[{"start":{"line":139,"column":6},"end":{"line":141,"column":7}},{"start":{},"end":{}}]},"29":{"loc":{"start":{"line":139,"column":10},"end":{"line":139,"column":112}},"type":"binary-expr","locations":[{"start":{"line":139,"column":10},"end":{"line":139,"column":57}},{"start":{"line":139,"column":61},"end":{"line":139,"column":112}}]},"30":{"loc":{"start":{"line":157,"column":2},"end":{"line":162,"column":3}},"type":"if","locations":[{"start":{"line":157,"column":2},"end":{"line":162,"column":3}},{"start":{},"end":{}}]},"31":{"loc":{"start":{"line":170,"column":4},"end":{"line":173,"column":5}},"type":"if","locations":[{"start":{"line":170,"column":4},"end":{"line":173,"column":5}},{"start":{},"end":{}}]},"32":{"loc":{"start":{"line":170,"column":8},"end":{"line":170,"column":57}},"type":"binary-expr","locations":[{"start":{"line":170,"column":8},"end":{"line":170,"column":25}},{"start":{"line":170,"column":29},"end":{"line":170,"column":57}}]},"33":{"loc":{"start":{"line":175,"column":4},"end":{"line":181,"column":5}},"type":"if","locations":[{"start":{"line":175,"column":4},"end":{"line":181,"column":5}},{"start":{"line":177,"column":11},"end":{"line":181,"column":5}}]},"34":{"loc":{"start":{"line":177,"column":11},"end":{"line":181,"column":5}},"type":"if","locations":[{"start":{"line":177,"column":11},"end":{"line":181,"column":5}},{"start":{"line":179,"column":11},"end":{"line":181,"column":5}}]},"35":{"loc":{"start":{"line":183,"column":4},"end":{"line":189,"column":5}},"type":"if","locations":[{"start":{"line":183,"column":4},"end":{"line":189,"column":5}},{"start":{"line":185,"column":11},"end":{"line":189,"column":5}}]},"36":{"loc":{"start":{"line":185,"column":11},"end":{"line":189,"column":5}},"type":"if","locations":[{"start":{"line":185,"column":11},"end":{"line":189,"column":5}},{"start":{"line":187,"column":11},"end":{"line":189,"column":5}}]},"37":{"loc":{"start":{"line":191,"column":4},"end":{"line":195,"column":5}},"type":"if","locations":[{"start":{"line":191,"column":4},"end":{"line":195,"column":5}},{"start":{"line":193,"column":11},"end":{"line":195,"column":5}}]},"38":{"loc":{"start":{"line":193,"column":11},"end":{"line":195,"column":5}},"type":"if","locations":[{"start":{"line":193,"column":11},"end":{"line":195,"column":5}},{"start":{},"end":{}}]},"39":{"loc":{"start":{"line":193,"column":15},"end":{"line":193,"column":86}},"type":"binary-expr","locations":[{"start":{"line":193,"column":15},"end":{"line":193,"column":49}},{"start":{"line":193,"column":53},"end":{"line":193,"column":86}}]},"40":{"loc":{"start":{"line":200,"column":4},"end":{"line":202,"column":5}},"type":"if","locations":[{"start":{"line":200,"column":4},"end":{"line":202,"column":5}},{"start":{},"end":{}}]},"41":{"loc":{"start":{"line":200,"column":8},"end":{"line":200,"column":73}},"type":"binary-expr","locations":[{"start":{"line":200,"column":8},"end":{"line":200,"column":36}},{"start":{"line":200,"column":40},"end":{"line":200,"column":73}}]},"42":{"loc":{"start":{"line":204,"column":4},"end":{"line":214,"column":5}},"type":"if","locations":[{"start":{"line":204,"column":4},"end":{"line":214,"column":5}},{"start":{},"end":{}}]},"43":{"loc":{"start":{"line":205,"column":6},"end":{"line":213,"column":7}},"type":"if","locations":[{"start":{"line":205,"column":6},"end":{"line":213,"column":7}},{"start":{"line":207,"column":13},"end":{"line":213,"column":7}}]},"44":{"loc":{"start":{"line":209,"column":10},"end":{"line":211,"column":11}},"type":"if","locations":[{"start":{"line":209,"column":10},"end":{"line":211,"column":11}},{"start":{},"end":{}}]},"45":{"loc":{"start":{"line":216,"column":4},"end":{"line":224,"column":5}},"type":"if","locations":[{"start":{"line":216,"column":4},"end":{"line":224,"column":5}},{"start":{},"end":{}}]},"46":{"loc":{"start":{"line":217,"column":6},"end":{"line":223,"column":7}},"type":"if","locations":[{"start":{"line":217,"column":6},"end":{"line":223,"column":7}},{"start":{"line":219,"column":13},"end":{"line":223,"column":7}}]}},"s":{"0":1,"1":1,"2":0,"3":0,"4":0,"5":0,"6":0,"7":0,"8":0,"9":0,"10":0,"11":0,"12":0,"13":0,"14":0,"15":0,"16":0,"17":0,"18":0,"19":0,"20":0,"21":0,"22":0,"23":0,"24":0,"25":0,"26":0,"27":0,"28":0,"29":0,"30":0,"31":0,"32":0,"33":0,"34":0,"35":0,"36":0,"37":0,"38":0,"39":0,"40":0,"41":0,"42":0,"43":0,"44":0,"45":0,"46":0,"47":0,"48":0,"49":0,"50":0,"51":0,"52":0,"53":0,"54":0,"55":0,"56":0,"57":0,"58":0,"59":0,"60":0,"61":0,"62":0,"63":0,"64":0,"65":0,"66":0,"67":0,"68":0,"69":0,"70":0,"71":0,"72":0,"73":0,"74":0,"75":0,"76":0,"77":0,"78":0,"79":0,"80":0,"81":0,"82":0,"83":0,"84":0,"85":0,"86":0,"87":0,"88":0,"89":0,"90":0,"91":0,"92":0,"93":0,"94":0,"95":0,"96":0,"97":0,"98":0,"99":0,"100":0},"f":{"0":0,"1":0,"2":0,"3":0,"4":0,"5":0,"6":0,"7":0},"b":{"0":[0,0],"1":[0,0],"2":[0,0],"3":[0,0],"4":[0,0],"5":[0,0],"6":[0,0],"7":[0,0],"8":[0,0],"9":[0,0],"10":[0,0],"11":[0,0],"12":[0,0],"13":[0,0],"14":[0,0],"15":[0,0],"16":[0,0],"17":[0,0],"18":[0,0],"19":[0,0],"20":[0,0],"21":[0,0],"22":[0,0,0,0,0,0,0],"23":[0,0],"24":[0,0],"25":[0,0],"26":[0,0],"27":[0,0],"28":[0,0],"29":[0,0],"30":[0,0],"31":[0,0],"32":[0,0],"33":[0,0],"34":[0,0],"35":[0,0],"36":[0,0],"37":[0,0],"38":[0,0],"39":[0,0],"40":[0,0],"41":[0,0],"42":[0,0],"43":[0,0],"44":[0,0],"45":[0,0],"46":[0,0]}}
,"/Volumes/Drive/Projects/fireblocks-custody-service/src/config/types.ts": {"path":"/Volumes/Drive/Projects/fireblocks-custody-service/src/config/types.ts","statementMap":{"0":{"start":{"line":8,"column":13},"end":{"line":8,"column":82}},"1":{"start":{"line":121,"column":13},"end":{"line":121,"column":116}},"2":{"start":{"line":142,"column":13},"end":{"line":142,"column":108}}},"fnMap":{},"branchMap":{},"s":{"0":3,"1":3,"2":3},"f":{},"b":{}}
,"/Volumes/Drive/Projects/fireblocks-custody-service/src/config/validator-strict.ts": {"path":"/Volumes/Drive/Projects/fireblocks-custody-service/src/config/validator-strict.ts","statementMap":{"0":{"start":{"line":1,"column":0},"end":{"line":1,"column":28}}},"fnMap":{},"branchMap":{},"s":{"0":0},"f":{},"b":{}}
,"/Volumes/Drive/Projects/fireblocks-custody-service/src/config/validator.ts": {"path":"/Volumes/Drive/Projects/fireblocks-custody-service/src/config/validator.ts","statementMap":{"0":{"start":{"line":27,"column":0},"end":{"line":27,"column":49}},"1":{"start":{"line":28,"column":0},"end":{"line":28,"column":65}},"2":{"start":{"line":29,"column":0},"end":{"line":29,"column":100}},"3":{"start":{"line":31,"column":33},"end":{"line":31,"column":62}},"4":{"start":{"line":33,"column":21},"end":{"line":33,"column":81}},"5":{"start":{"line":62,"column":2},"end":{"line":64,"column":3}},"6":{"start":{"line":63,"column":4},"end":{"line":63,"column":17}},"7":{"start":{"line":66,"column":2},"end":{"line":68,"column":3}},"8":{"start":{"line":67,"column":4},"end":{"line":67,"column":17}},"9":{"start":{"line":69,"column":2},"end":{"line":74,"column":3}},"10":{"start":{"line":70,"column":4},"end":{"line":70,"column":17}},"11":{"start":{"line":71,"column":4},"end":{"line":71,"column":16}},"12":{"start":{"line":73,"column":4},"end":{"line":73,"column":17}},"13":{"start":{"line":78,"column":15},"end":{"line":78,"column":32}},"14":{"start":{"line":79,"column":2},"end":{"line":85,"column":3}},"15":{"start":{"line":80,"column":4},"end":{"line":84,"column":5}},"16":{"start":{"line":81,"column":6},"end":{"line":81,"column":62}},"17":{"start":{"line":83,"column":6},"end":{"line":83,"column":22}},"18":{"start":{"line":93,"column":2},"end":{"line":95,"column":3}},"19":{"start":{"line":94,"column":4},"end":{"line":94,"column":11}},"20":{"start":{"line":97,"column":2},"end":{"line":99,"column":3}},"21":{"start":{"line":98,"column":4},"end":{"line":98,"column":66}},"22":{"start":{"line":101,"column":2},"end":{"line":103,"column":3}},"23":{"start":{"line":102,"column":4},"end":{"line":102,"column":74}},"24":{"start":{"line":111,"column":2},"end":{"line":113,"column":3}},"25":{"start":{"line":112,"column":4},"end":{"line":112,"column":11}},"26":{"start":{"line":115,"column":15},"end":{"line":115,"column":32}},"27":{"start":{"line":117,"column":2},"end":{"line":140,"column":5}},"28":{"start":{"line":118,"column":24},"end":{"line":118,"column":43}},"29":{"start":{"line":120,"column":4},"end":{"line":123,"column":5}},"30":{"start":{"line":121,"column":6},"end":{"line":121,"column":70}},"31":{"start":{"line":122,"column":6},"end":{"line":122,"column":13}},"32":{"start":{"line":125,"column":4},"end":{"line":131,"column":5}},"33":{"start":{"line":126,"column":6},"end":{"line":126,"column":54}},"34":{"start":{"line":127,"column":11},"end":{"line":131,"column":5}},"35":{"start":{"line":128,"column":6},"end":{"line":128,"column":73}},"36":{"start":{"line":130,"column":6},"end":{"line":130,"column":29}},"37":{"start":{"line":133,"column":4},"end":{"line":135,"column":5}},"38":{"start":{"line":134,"column":6},"end":{"line":134,"column":84}},"39":{"start":{"line":137,"column":4},"end":{"line":139,"column":5}},"40":{"start":{"line":138,"column":6},"end":{"line":138,"column":103}},"41":{"start":{"line":144,"column":2},"end":{"line":146,"column":3}},"42":{"start":{"line":145,"column":4},"end":{"line":145,"column":59}},"43":{"start":{"line":148,"column":2},"end":{"line":150,"column":3}},"44":{"start":{"line":149,"column":4},"end":{"line":149,"column":50}},"45":{"start":{"line":152,"column":2},"end":{"line":154,"column":3}},"46":{"start":{"line":153,"column":4},"end":{"line":153,"column":82}},"47":{"start":{"line":156,"column":2},"end":{"line":160,"column":3}},"48":{"start":{"line":157,"column":4},"end":{"line":159,"column":5}},"49":{"start":{"line":158,"column":6},"end":{"line":158,"column":89}},"50":{"start":{"line":168,"column":2},"end":{"line":170,"column":3}},"51":{"start":{"line":169,"column":4},"end":{"line":169,"column":66}},"52":{"start":{"line":172,"column":2},"end":{"line":174,"column":3}},"53":{"start":{"line":173,"column":4},"end":{"line":173,"column":84}},"54":{"start":{"line":176,"column":2},"end":{"line":181,"column":3}},"55":{"start":{"line":180,"column":4},"end":{"line":180,"column":93}},"56":{"start":{"line":191,"column":2},"end":{"line":194,"column":3}},"57":{"start":{"line":192,"column":4},"end":{"line":192,"column":72}},"58":{"start":{"line":193,"column":4},"end":{"line":193,"column":36}},"59":{"start":{"line":196,"column":22},"end":{"line":196,"column":39}},"60":{"start":{"line":197,"column":27},"end":{"line":197,"column":44}},"61":{"start":{"line":199,"column":2},"end":{"line":263,"column":5}},"62":{"start":{"line":200,"column":21},"end":{"line":200,"column":40}},"63":{"start":{"line":202,"column":4},"end":{"line":205,"column":5}},"64":{"start":{"line":203,"column":6},"end":{"line":203,"column":71}},"65":{"start":{"line":204,"column":6},"end":{"line":204,"column":13}},"66":{"start":{"line":207,"column":4},"end":{"line":213,"column":5}},"67":{"start":{"line":208,"column":6},"end":{"line":208,"column":57}},"68":{"start":{"line":209,"column":11},"end":{"line":213,"column":5}},"69":{"start":{"line":210,"column":6},"end":{"line":210,"column":85}},"70":{"start":{"line":212,"column":6},"end":{"line":212,"column":43}},"71":{"start":{"line":215,"column":4},"end":{"line":217,"column":5}},"72":{"start":{"line":216,"column":6},"end":{"line":216,"column":63}},"73":{"start":{"line":219,"column":4},"end":{"line":221,"column":5}},"74":{"start":{"line":220,"column":6},"end":{"line":220,"column":93}},"75":{"start":{"line":223,"column":4},"end":{"line":228,"column":5}},"76":{"start":{"line":227,"column":6},"end":{"line":227,"column":99}},"77":{"start":{"line":230,"column":4},"end":{"line":234,"column":5}},"78":{"start":{"line":231,"column":6},"end":{"line":233,"column":8}},"79":{"start":{"line":232,"column":8},"end":{"line":232,"column":77}},"80":{"start":{"line":236,"column":4},"end":{"line":240,"column":5}},"81":{"start":{"line":237,"column":6},"end":{"line":239,"column":8}},"82":{"start":{"line":238,"column":8},"end":{"line":238,"column":91}},"83":{"start":{"line":242,"column":4},"end":{"line":252,"column":5}},"84":{"start":{"line":243,"column":6},"end":{"line":251,"column":9}},"85":{"start":{"line":244,"column":29},"end":{"line":244,"column":75}},"86":{"start":{"line":245,"column":8},"end":{"line":247,"column":9}},"87":{"start":{"line":246,"column":10},"end":{"line":246,"column":67}},"88":{"start":{"line":248,"column":8},"end":{"line":250,"column":9}},"89":{"start":{"line":249,"column":10},"end":{"line":249,"column":67}},"90":{"start":{"line":254,"column":4},"end":{"line":262,"column":5}},"91":{"start":{"line":255,"column":6},"end":{"line":261,"column":9}},"92":{"start":{"line":256,"column":8},"end":{"line":260,"column":9}},"93":{"start":{"line":257,"column":10},"end":{"line":257,"column":91}},"94":{"start":{"line":259,"column":10},"end":{"line":259,"column":36}},"95":{"start":{"line":265,"column":2},"end":{"line":273,"column":3}},"96":{"start":{"line":266,"column":4},"end":{"line":266,"column":80}},"97":{"start":{"line":267,"column":9},"end":{"line":273,"column":3}},"98":{"start":{"line":268,"column":4},"end":{"line":268,"column":92}},"99":{"start":{"line":269,"column":9},"end":{"line":273,"column":3}},"100":{"start":{"line":270,"column":4},"end":{"line":272,"column":6}},"101":{"start":{"line":275,"column":2},"end":{"line":275,"column":60}},"102":{"start":{"line":283,"column":2},"end":{"line":286,"column":3}},"103":{"start":{"line":284,"column":4},"end":{"line":284,"column":73}},"104":{"start":{"line":285,"column":4},"end":{"line":285,"column":56}},"105":{"start":{"line":288,"column":32},"end":{"line":288,"column":34}},"106":{"start":{"line":289,"column":28},"end":{"line":289,"column":30}},"107":{"start":{"line":290,"column":25},"end":{"line":290,"column":42}},"108":{"start":{"line":292,"column":2},"end":{"line":373,"column":5}},"109":{"start":{"line":293,"column":25},"end":{"line":293,"column":44}},"110":{"start":{"line":295,"column":4},"end":{"line":298,"column":5}},"111":{"start":{"line":296,"column":6},"end":{"line":296,"column":72}},"112":{"start":{"line":297,"column":6},"end":{"line":297,"column":13}},"113":{"start":{"line":300,"column":4},"end":{"line":304,"column":5}},"114":{"start":{"line":301,"column":6},"end":{"line":301,"column":61}},"115":{"start":{"line":303,"column":6},"end":{"line":303,"column":44}},"116":{"start":{"line":306,"column":4},"end":{"line":308,"column":5}},"117":{"start":{"line":307,"column":6},"end":{"line":307,"column":69}},"118":{"start":{"line":310,"column":4},"end":{"line":312,"column":5}},"119":{"start":{"line":311,"column":6},"end":{"line":311,"column":56}},"120":{"start":{"line":314,"column":4},"end":{"line":321,"column":5}},"121":{"start":{"line":318,"column":6},"end":{"line":320,"column":8}},"122":{"start":{"line":323,"column":4},"end":{"line":372,"column":5}},"123":{"start":{"line":324,"column":6},"end":{"line":324,"column":87}},"124":{"start":{"line":326,"column":27},"end":{"line":326,"column":44}},"125":{"start":{"line":328,"column":6},"end":{"line":371,"column":9}},"126":{"start":{"line":329,"column":28},"end":{"line":329,"column":71}},"127":{"start":{"line":331,"column":8},"end":{"line":346,"column":9}},"128":{"start":{"line":332,"column":10},"end":{"line":332,"column":59}},"129":{"start":{"line":334,"column":10},"end":{"line":338,"column":11}},"130":{"start":{"line":335,"column":12},"end":{"line":335,"column":101}},"131":{"start":{"line":337,"column":12},"end":{"line":337,"column":44}},"132":{"start":{"line":340,"column":10},"end":{"line":345,"column":11}},"133":{"start":{"line":341,"column":12},"end":{"line":341,"column":112}},"134":{"start":{"line":343,"column":12},"end":{"line":343,"column":46}},"135":{"start":{"line":344,"column":12},"end":{"line":344,"column":40}},"136":{"start":{"line":348,"column":8},"end":{"line":350,"column":9}},"137":{"start":{"line":349,"column":10},"end":{"line":349,"column":58}},"138":{"start":{"line":352,"column":8},"end":{"line":354,"column":9}},"139":{"start":{"line":353,"column":10},"end":{"line":353,"column":59}},"140":{"start":{"line":356,"column":8},"end":{"line":358,"column":9}},"141":{"start":{"line":357,"column":10},"end":{"line":357,"column":64}},"142":{"start":{"line":360,"column":8},"end":{"line":362,"column":9}},"143":{"start":{"line":361,"column":10},"end":{"line":361,"column":67}},"144":{"start":{"line":364,"column":8},"end":{"line":366,"column":9}},"145":{"start":{"line":365,"column":10},"end":{"line":365,"column":90}},"146":{"start":{"line":368,"column":8},"end":{"line":370,"column":9}},"147":{"start":{"line":369,"column":10},"end":{"line":369,"column":94}},"148":{"start":{"line":375,"column":2},"end":{"line":375,"column":47}},"149":{"start":{"line":377,"column":2},"end":{"line":377,"column":68}},"150":{"start":{"line":385,"column":2},"end":{"line":388,"column":3}},"151":{"start":{"line":386,"column":4},"end":{"line":386,"column":60}},"152":{"start":{"line":387,"column":4},"end":{"line":387,"column":112}},"153":{"start":{"line":390,"column":47},"end":{"line":390,"column":123}},"154":{"start":{"line":392,"column":46},"end":{"line":392,"column":48}},"155":{"start":{"line":394,"column":2},"end":{"line":420,"column":3}},"156":{"start":{"line":395,"column":4},"end":{"line":395,"column":50}},"157":{"start":{"line":397,"column":4},"end":{"line":411,"column":7}},"158":{"start":{"line":398,"column":23},"end":{"line":398,"column":51}},"159":{"start":{"line":399,"column":6},"end":{"line":402,"column":7}},"160":{"start":{"line":400,"column":8},"end":{"line":400,"column":73}},"161":{"start":{"line":401,"column":8},"end":{"line":401,"column":15}},"162":{"start":{"line":404,"column":6},"end":{"line":410,"column":7}},"163":{"start":{"line":405,"column":8},"end":{"line":405,"column":59}},"164":{"start":{"line":406,"column":13},"end":{"line":410,"column":7}},"165":{"start":{"line":407,"column":8},"end":{"line":407,"column":98}},"166":{"start":{"line":409,"column":8},"end":{"line":409,"column":42}},"167":{"start":{"line":413,"column":4},"end":{"line":415,"column":5}},"168":{"start":{"line":414,"column":6},"end":{"line":414,"column":70}},"169":{"start":{"line":417,"column":4},"end":{"line":419,"column":5}},"170":{"start":{"line":418,"column":6},"end":{"line":418,"column":68}},"171":{"start":{"line":422,"column":2},"end":{"line":428,"column":4}},"172":{"start":{"line":438,"column":2},"end":{"line":441,"column":3}},"173":{"start":{"line":439,"column":4},"end":{"line":439,"column":75}},"174":{"start":{"line":440,"column":4},"end":{"line":440,"column":14}},"175":{"start":{"line":443,"column":31},"end":{"line":443,"column":33}},"176":{"start":{"line":445,"column":2},"end":{"line":490,"column":5}},"177":{"start":{"line":446,"column":24},"end":{"line":446,"column":43}},"178":{"start":{"line":448,"column":4},"end":{"line":451,"column":5}},"179":{"start":{"line":449,"column":6},"end":{"line":449,"column":77}},"180":{"start":{"line":450,"column":6},"end":{"line":450,"column":13}},"181":{"start":{"line":453,"column":4},"end":{"line":459,"column":5}},"182":{"start":{"line":454,"column":6},"end":{"line":454,"column":59}},"183":{"start":{"line":455,"column":11},"end":{"line":459,"column":5}},"184":{"start":{"line":456,"column":6},"end":{"line":456,"column":85}},"185":{"start":{"line":458,"column":6},"end":{"line":458,"column":41}},"186":{"start":{"line":461,"column":4},"end":{"line":463,"column":5}},"187":{"start":{"line":462,"column":6},"end":{"line":462,"column":61}},"188":{"start":{"line":465,"column":4},"end":{"line":467,"column":5}},"189":{"start":{"line":466,"column":6},"end":{"line":466,"column":63}},"190":{"start":{"line":469,"column":4},"end":{"line":478,"column":5}},"191":{"start":{"line":470,"column":6},"end":{"line":477,"column":9}},"192":{"start":{"line":471,"column":29},"end":{"line":471,"column":72}},"193":{"start":{"line":472,"column":8},"end":{"line":476,"column":9}},"194":{"start":{"line":473,"column":10},"end":{"line":473,"column":97}},"195":{"start":{"line":474,"column":15},"end":{"line":476,"column":9}},"196":{"start":{"line":475,"column":10},"end":{"line":475,"column":104}},"197":{"start":{"line":480,"column":4},"end":{"line":485,"column":5}},"198":{"start":{"line":482,"column":75},"end":{"line":482,"column":96}},"199":{"start":{"line":484,"column":6},"end":{"line":484,"column":99}},"200":{"start":{"line":487,"column":4},"end":{"line":489,"column":5}},"201":{"start":{"line":488,"column":6},"end":{"line":488,"column":85}},"202":{"start":{"line":492,"column":2},"end":{"line":492,"column":20}},"203":{"start":{"line":501,"column":2},"end":{"line":503,"column":3}},"204":{"start":{"line":502,"column":4},"end":{"line":502,"column":14}},"205":{"start":{"line":505,"column":18},"end":{"line":505,"column":35}},"206":{"start":{"line":506,"column":37},"end":{"line":506,"column":39}},"207":{"start":{"line":508,"column":2},"end":{"line":581,"column":5}},"208":{"start":{"line":509,"column":21},"end":{"line":509,"column":40}},"209":{"start":{"line":511,"column":4},"end":{"line":514,"column":5}},"210":{"start":{"line":512,"column":6},"end":{"line":512,"column":68}},"211":{"start":{"line":513,"column":6},"end":{"line":513,"column":13}},"212":{"start":{"line":516,"column":4},"end":{"line":522,"column":5}},"213":{"start":{"line":517,"column":6},"end":{"line":517,"column":53}},"214":{"start":{"line":518,"column":11},"end":{"line":522,"column":5}},"215":{"start":{"line":519,"column":6},"end":{"line":519,"column":73}},"216":{"start":{"line":521,"column":6},"end":{"line":521,"column":31}},"217":{"start":{"line":524,"column":4},"end":{"line":526,"column":5}},"218":{"start":{"line":525,"column":6},"end":{"line":525,"column":55}},"219":{"start":{"line":528,"column":4},"end":{"line":530,"column":5}},"220":{"start":{"line":529,"column":6},"end":{"line":529,"column":88}},"221":{"start":{"line":532,"column":4},"end":{"line":560,"column":5}},"222":{"start":{"line":533,"column":6},"end":{"line":533,"column":59}},"223":{"start":{"line":535,"column":26},"end":{"line":535,"column":42}},"224":{"start":{"line":536,"column":83},"end":{"line":541,"column":8}},"225":{"start":{"line":542,"column":82},"end":{"line":546,"column":8}},"226":{"start":{"line":548,"column":6},"end":{"line":552,"column":9}},"227":{"start":{"line":549,"column":8},"end":{"line":551,"column":9}},"228":{"start":{"line":550,"column":10},"end":{"line":550,"column":76}},"229":{"start":{"line":554,"column":6},"end":{"line":559,"column":9}},"230":{"start":{"line":555,"column":22},"end":{"line":555,"column":39}},"231":{"start":{"line":556,"column":8},"end":{"line":558,"column":9}},"232":{"start":{"line":557,"column":10},"end":{"line":557,"column":90}},"233":{"start":{"line":562,"column":4},"end":{"line":566,"column":5}},"234":{"start":{"line":563,"column":6},"end":{"line":563,"column":69}},"235":{"start":{"line":565,"column":6},"end":{"line":565,"column":57}},"236":{"start":{"line":568,"column":35},"end":{"line":568,"column":71}},"237":{"start":{"line":569,"column":34},"end":{"line":569,"column":81}},"238":{"start":{"line":570,"column":4},"end":{"line":574,"column":5}},"239":{"start":{"line":571,"column":6},"end":{"line":573,"column":8}},"240":{"start":{"line":576,"column":4},"end":{"line":580,"column":5}},"241":{"start":{"line":577,"column":6},"end":{"line":579,"column":7}},"242":{"start":{"line":578,"column":8},"end":{"line":578,"column":86}},"243":{"start":{"line":583,"column":2},"end":{"line":583,"column":26}},"244":{"start":{"line":592,"column":2},"end":{"line":595,"column":3}},"245":{"start":{"line":593,"column":4},"end":{"line":593,"column":78}},"246":{"start":{"line":594,"column":4},"end":{"line":594,"column":53}},"247":{"start":{"line":597,"column":32},"end":{"line":597,"column":34}},"248":{"start":{"line":598,"column":37},"end":{"line":598,"column":39}},"249":{"start":{"line":600,"column":2},"end":{"line":668,"column":5}},"250":{"start":{"line":601,"column":21},"end":{"line":601,"column":40}},"251":{"start":{"line":603,"column":4},"end":{"line":606,"column":5}},"252":{"start":{"line":604,"column":6},"end":{"line":604,"column":77}},"253":{"start":{"line":605,"column":6},"end":{"line":605,"column":13}},"254":{"start":{"line":608,"column":4},"end":{"line":614,"column":5}},"255":{"start":{"line":609,"column":6},"end":{"line":609,"column":57}},"256":{"start":{"line":610,"column":11},"end":{"line":614,"column":5}},"257":{"start":{"line":611,"column":6},"end":{"line":611,"column":81}},"258":{"start":{"line":613,"column":6},"end":{"line":613,"column":40}},"259":{"start":{"line":616,"column":4},"end":{"line":618,"column":5}},"260":{"start":{"line":617,"column":6},"end":{"line":617,"column":63}},"261":{"start":{"line":620,"column":4},"end":{"line":622,"column":5}},"262":{"start":{"line":621,"column":6},"end":{"line":621,"column":93}},"263":{"start":{"line":624,"column":4},"end":{"line":629,"column":5}},"264":{"start":{"line":628,"column":6},"end":{"line":628,"column":99}},"265":{"start":{"line":631,"column":4},"end":{"line":635,"column":5}},"266":{"start":{"line":632,"column":6},"end":{"line":634,"column":8}},"267":{"start":{"line":633,"column":8},"end":{"line":633,"column":77}},"268":{"start":{"line":637,"column":4},"end":{"line":641,"column":5}},"269":{"start":{"line":638,"column":6},"end":{"line":640,"column":8}},"270":{"start":{"line":639,"column":8},"end":{"line":639,"column":91}},"271":{"start":{"line":643,"column":4},"end":{"line":653,"column":5}},"272":{"start":{"line":644,"column":6},"end":{"line":652,"column":9}},"273":{"start":{"line":645,"column":29},"end":{"line":645,"column":75}},"274":{"start":{"line":646,"column":8},"end":{"line":648,"column":9}},"275":{"start":{"line":647,"column":10},"end":{"line":647,"column":67}},"276":{"start":{"line":649,"column":8},"end":{"line":651,"column":9}},"277":{"start":{"line":650,"column":10},"end":{"line":650,"column":67}},"278":{"start":{"line":655,"column":4},"end":{"line":663,"column":5}},"279":{"start":{"line":656,"column":6},"end":{"line":662,"column":9}},"280":{"start":{"line":657,"column":8},"end":{"line":661,"column":9}},"281":{"start":{"line":658,"column":10},"end":{"line":658,"column":91}},"282":{"start":{"line":660,"column":10},"end":{"line":660,"column":37}},"283":{"start":{"line":665,"column":4},"end":{"line":667,"column":5}},"284":{"start":{"line":666,"column":6},"end":{"line":666,"column":90}},"285":{"start":{"line":670,"column":2},"end":{"line":670,"column":42}},"286":{"start":{"line":672,"column":2},"end":{"line":672,"column":43}},"287":{"start":{"line":681,"column":2},"end":{"line":683,"column":3}},"288":{"start":{"line":682,"column":4},"end":{"line":682,"column":11}},"289":{"start":{"line":685,"column":27},"end":{"line":708,"column":3}},"290":{"start":{"line":686,"column":4},"end":{"line":689,"column":5}},"291":{"start":{"line":687,"column":6},"end":{"line":687,"column":73}},"292":{"start":{"line":688,"column":6},"end":{"line":688,"column":13}},"293":{"start":{"line":691,"column":4},"end":{"line":699,"column":5}},"294":{"start":{"line":692,"column":6},"end":{"line":692,"column":55}},"295":{"start":{"line":693,"column":11},"end":{"line":699,"column":5}},"296":{"start":{"line":694,"column":6},"end":{"line":698,"column":8}},"297":{"start":{"line":696,"column":26},"end":{"line":696,"column":42}},"298":{"start":{"line":701,"column":4},"end":{"line":703,"column":5}},"299":{"start":{"line":702,"column":6},"end":{"line":702,"column":90}},"300":{"start":{"line":705,"column":4},"end":{"line":707,"column":5}},"301":{"start":{"line":706,"column":6},"end":{"line":706,"column":85}},"302":{"start":{"line":710,"column":2},"end":{"line":712,"column":3}},"303":{"start":{"line":711,"column":4},"end":{"line":711,"column":60}},"304":{"start":{"line":714,"column":2},"end":{"line":716,"column":3}},"305":{"start":{"line":715,"column":4},"end":{"line":715,"column":62}},"306":{"start":{"line":718,"column":2},"end":{"line":726,"column":3}},"307":{"start":{"line":719,"column":4},"end":{"line":725,"column":7}},"308":{"start":{"line":720,"column":27},"end":{"line":720,"column":73}},"309":{"start":{"line":721,"column":6},"end":{"line":723,"column":7}},"310":{"start":{"line":722,"column":8},"end":{"line":722,"column":89}},"311":{"start":{"line":724,"column":6},"end":{"line":724,"column":47}},"312":{"start":{"line":734,"column":2},"end":{"line":737,"column":3}},"313":{"start":{"line":735,"column":4},"end":{"line":735,"column":54}},"314":{"start":{"line":736,"column":4},"end":{"line":736,"column":11}},"315":{"start":{"line":739,"column":2},"end":{"line":741,"column":3}},"316":{"start":{"line":740,"column":4},"end":{"line":740,"column":80}},"317":{"start":{"line":743,"column":2},"end":{"line":745,"column":3}},"318":{"start":{"line":744,"column":4},"end":{"line":744,"column":55}},"319":{"start":{"line":747,"column":2},"end":{"line":749,"column":3}},"320":{"start":{"line":748,"column":4},"end":{"line":748,"column":73}},"321":{"start":{"line":751,"column":2},"end":{"line":751,"column":85}},"322":{"start":{"line":753,"column":2},"end":{"line":770,"column":3}},"323":{"start":{"line":754,"column":4},"end":{"line":754,"column":51}},"324":{"start":{"line":756,"column":4},"end":{"line":758,"column":5}},"325":{"start":{"line":757,"column":6},"end":{"line":757,"column":66}},"326":{"start":{"line":760,"column":4},"end":{"line":762,"column":5}},"327":{"start":{"line":761,"column":6},"end":{"line":761,"column":65}},"328":{"start":{"line":764,"column":4},"end":{"line":769,"column":5}},"329":{"start":{"line":768,"column":6},"end":{"line":768,"column":107}},"330":{"start":{"line":778,"column":2},"end":{"line":781,"column":3}},"331":{"start":{"line":779,"column":4},"end":{"line":779,"column":58}},"332":{"start":{"line":780,"column":4},"end":{"line":780,"column":32}},"333":{"start":{"line":783,"column":2},"end":{"line":785,"column":3}},"334":{"start":{"line":784,"column":4},"end":{"line":784,"column":57}},"335":{"start":{"line":787,"column":31},"end":{"line":792,"column":null}},"336":{"start":{"line":795,"column":2},"end":{"line":795,"column":93}},"337":{"start":{"line":797,"column":2},"end":{"line":799,"column":3}},"338":{"start":{"line":798,"column":4},"end":{"line":798,"column":84}},"339":{"start":{"line":801,"column":2},"end":{"line":801,"column":115}},"340":{"start":{"line":808,"column":2},"end":{"line":817,"column":3}},"341":{"start":{"line":809,"column":4},"end":{"line":809,"column":59}},"342":{"start":{"line":810,"column":4},"end":{"line":816,"column":6}},"343":{"start":{"line":819,"column":23},"end":{"line":822,"column":null}},"344":{"start":{"line":825,"column":24},"end":{"line":825,"column":46}},"345":{"start":{"line":826,"column":2},"end":{"line":828,"column":3}},"346":{"start":{"line":827,"column":4},"end":{"line":827,"column":68}},"347":{"start":{"line":830,"column":21},"end":{"line":835,"column":null}},"348":{"start":{"line":838,"column":2},"end":{"line":844,"column":4}},"349":{"start":{"line":848,"column":2},"end":{"line":850,"column":3}},"350":{"start":{"line":849,"column":4},"end":{"line":849,"column":11}},"351":{"start":{"line":852,"column":21},"end":{"line":852,"column":42}},"352":{"start":{"line":853,"column":2},"end":{"line":874,"column":3}},"353":{"start":{"line":854,"column":4},"end":{"line":864,"column":5}},"354":{"start":{"line":855,"column":6},"end":{"line":857,"column":7}},"355":{"start":{"line":856,"column":8},"end":{"line":856,"column":95}},"356":{"start":{"line":858,"column":6},"end":{"line":860,"column":7}},"357":{"start":{"line":859,"column":8},"end":{"line":859,"column":93}},"358":{"start":{"line":861,"column":6},"end":{"line":863,"column":7}},"359":{"start":{"line":862,"column":8},"end":{"line":862,"column":93}},"360":{"start":{"line":866,"column":4},"end":{"line":866,"column":104}},"361":{"start":{"line":868,"column":4},"end":{"line":873,"column":5}},"362":{"start":{"line":872,"column":6},"end":{"line":872,"column":101}},"363":{"start":{"line":876,"column":20},"end":{"line":876,"column":40}},"364":{"start":{"line":877,"column":2},"end":{"line":900,"column":3}},"365":{"start":{"line":878,"column":4},"end":{"line":880,"column":5}},"366":{"start":{"line":879,"column":6},"end":{"line":879,"column":79}},"367":{"start":{"line":882,"column":4},"end":{"line":887,"column":5}},"368":{"start":{"line":886,"column":6},"end":{"line":886,"column":111}},"369":{"start":{"line":889,"column":4},"end":{"line":891,"column":5}},"370":{"start":{"line":890,"column":6},"end":{"line":890,"column":100}},"371":{"start":{"line":893,"column":4},"end":{"line":899,"column":5}},"372":{"start":{"line":894,"column":6},"end":{"line":898,"column":9}},"373":{"start":{"line":895,"column":8},"end":{"line":897,"column":9}},"374":{"start":{"line":896,"column":10},"end":{"line":896,"column":109}},"375":{"start":{"line":908,"column":2},"end":{"line":910,"column":3}},"376":{"start":{"line":909,"column":4},"end":{"line":909,"column":11}},"377":{"start":{"line":912,"column":2},"end":{"line":914,"column":3}},"378":{"start":{"line":913,"column":4},"end":{"line":913,"column":88}},"379":{"start":{"line":916,"column":2},"end":{"line":922,"column":3}},"380":{"start":{"line":917,"column":4},"end":{"line":921,"column":7}},"381":{"start":{"line":918,"column":6},"end":{"line":920,"column":7}},"382":{"start":{"line":919,"column":8},"end":{"line":919,"column":99}},"383":{"start":{"line":924,"column":2},"end":{"line":931,"column":3}},"384":{"start":{"line":925,"column":4},"end":{"line":927,"column":5}},"385":{"start":{"line":926,"column":6},"end":{"line":926,"column":92}},"386":{"start":{"line":928,"column":4},"end":{"line":930,"column":5}},"387":{"start":{"line":929,"column":6},"end":{"line":929,"column":87}},"388":{"start":{"line":936,"column":29},"end":{"line":936,"column":31}},"389":{"start":{"line":937,"column":31},"end":{"line":937,"column":33}},"390":{"start":{"line":939,"column":4},"end":{"line":945,"column":5}},"391":{"start":{"line":940,"column":6},"end":{"line":944,"column":8}},"392":{"start":{"line":947,"column":4},"end":{"line":947,"column":56}},"393":{"start":{"line":949,"column":31},"end":{"line":949,"column":90}},"394":{"start":{"line":951,"column":32},"end":{"line":951,"column":83}},"395":{"start":{"line":953,"column":4},"end":{"line":1059,"column":5}},"396":{"start":{"line":954,"column":6},"end":{"line":954,"column":61}},"397":{"start":{"line":956,"column":31},"end":{"line":960,"column":null}},"398":{"start":{"line":963,"column":6},"end":{"line":965,"column":7}},"399":{"start":{"line":964,"column":8},"end":{"line":964,"column":74}},"400":{"start":{"line":967,"column":31},"end":{"line":971,"column":null}},"401":{"start":{"line":974,"column":29},"end":{"line":974,"column":74}},"402":{"start":{"line":975,"column":6},"end":{"line":984,"column":9}},"403":{"start":{"line":976,"column":8},"end":{"line":983,"column":9}},"404":{"start":{"line":980,"column":10},"end":{"line":982,"column":12}},"405":{"start":{"line":986,"column":6},"end":{"line":991,"column":8}},"406":{"start":{"line":993,"column":6},"end":{"line":1000,"column":7}},"407":{"start":{"line":997,"column":8},"end":{"line":999,"column":10}},"408":{"start":{"line":1002,"column":6},"end":{"line":1058,"column":7}},"409":{"start":{"line":1003,"column":8},"end":{"line":1003,"column":72}},"410":{"start":{"line":1005,"column":67},"end":{"line":1005,"column":96}},"411":{"start":{"line":1006,"column":30},"end":{"line":1016,"column":10}},"412":{"start":{"line":1018,"column":67},"end":{"line":1020,"column":null}},"413":{"start":{"line":1023,"column":8},"end":{"line":1023,"column":37}},"414":{"start":{"line":1024,"column":8},"end":{"line":1024,"column":41}},"415":{"start":{"line":1026,"column":34},"end":{"line":1026,"column":89}},"416":{"start":{"line":1026,"column":63},"end":{"line":1026,"column":82}},"417":{"start":{"line":1027,"column":8},"end":{"line":1037,"column":9}},"418":{"start":{"line":1028,"column":10},"end":{"line":1028,"column":101}},"419":{"start":{"line":1030,"column":10},"end":{"line":1036,"column":13}},"420":{"start":{"line":1031,"column":12},"end":{"line":1035,"column":13}},"421":{"start":{"line":1032,"column":14},"end":{"line":1034,"column":16}},"422":{"start":{"line":1039,"column":8},"end":{"line":1047,"column":9}},"423":{"start":{"line":1040,"column":10},"end":{"line":1046,"column":13}},"424":{"start":{"line":1041,"column":12},"end":{"line":1045,"column":13}},"425":{"start":{"line":1042,"column":14},"end":{"line":1044,"column":16}},"426":{"start":{"line":1049,"column":8},"end":{"line":1057,"column":9}},"427":{"start":{"line":1050,"column":10},"end":{"line":1056,"column":13}},"428":{"start":{"line":1051,"column":12},"end":{"line":1055,"column":13}},"429":{"start":{"line":1052,"column":14},"end":{"line":1054,"column":16}},"430":{"start":{"line":1061,"column":4},"end":{"line":1061,"column":50}},"431":{"start":{"line":1062,"column":4},"end":{"line":1062,"column":60}},"432":{"start":{"line":1064,"column":4},"end":{"line":1068,"column":6}},"433":{"start":{"line":934,"column":0},"end":{"line":934,"column":13}}},"fnMap":{"0":{"name":"isValidUrl","decl":{"start":{"line":61,"column":9},"end":{"line":61,"column":19}},"loc":{"start":{"line":61,"column":50},"end":{"line":75,"column":1}}},"1":{"name":"ensureUnique","decl":{"start":{"line":77,"column":9},"end":{"line":77,"column":21}},"loc":{"start":{"line":77,"column":78},"end":{"line":86,"column":1}}},"2":{"name":"validateActivityPoller","decl":{"start":{"line":88,"column":9},"end":{"line":88,"column":31}},"loc":{"start":{"line":91,"column":18},"end":{"line":104,"column":1}}},"3":{"name":"validateFeatureToggles","decl":{"start":{"line":106,"column":9},"end":{"line":106,"column":31}},"loc":{"start":{"line":109,"column":18},"end":{"line":141,"column":1}}},"4":{"name":"(anonymous_4)","decl":{"start":{"line":117,"column":19},"end":{"line":117,"column":20}},"loc":{"start":{"line":117,"column":73},"end":{"line":140,"column":3}}},"5":{"name":"validateApiKeySeed","decl":{"start":{"line":143,"column":9},"end":{"line":143,"column":27}},"loc":{"start":{"line":143,"column":84},"end":{"line":161,"column":1}}},"6":{"name":"validateAuthenticatorSeed","decl":{"start":{"line":163,"column":9},"end":{"line":163,"column":34}},"loc":{"start":{"line":166,"column":18},"end":{"line":182,"column":1}}},"7":{"name":"validateRootUsers","decl":{"start":{"line":184,"column":9},"end":{"line":184,"column":26}},"loc":{"start":{"line":189,"column":20},"end":{"line":276,"column":1}}},"8":{"name":"(anonymous_8)","decl":{"start":{"line":199,"column":20},"end":{"line":199,"column":21}},"loc":{"start":{"line":199,"column":66},"end":{"line":263,"column":3}}},"9":{"name":"(anonymous_9)","decl":{"start":{"line":231,"column":31},"end":{"line":231,"column":32}},"loc":{"start":{"line":232,"column":8},"end":{"line":232,"column":77}}},"10":{"name":"(anonymous_10)","decl":{"start":{"line":237,"column":38},"end":{"line":237,"column":39}},"loc":{"start":{"line":238,"column":8},"end":{"line":238,"column":91}}},"11":{"name":"(anonymous_11)","decl":{"start":{"line":243,"column":38},"end":{"line":243,"column":39}},"loc":{"start":{"line":243,"column":101},"end":{"line":251,"column":7}}},"12":{"name":"(anonymous_12)","decl":{"start":{"line":255,"column":32},"end":{"line":255,"column":33}},"loc":{"start":{"line":255,"column":74},"end":{"line":261,"column":7}}},"13":{"name":"validateWalletTemplates","decl":{"start":{"line":278,"column":9},"end":{"line":278,"column":32}},"loc":{"start":{"line":281,"column":18},"end":{"line":378,"column":1}}},"14":{"name":"(anonymous_14)","decl":{"start":{"line":292,"column":20},"end":{"line":292,"column":21}},"loc":{"start":{"line":292,"column":64},"end":{"line":373,"column":3}}},"15":{"name":"(anonymous_15)","decl":{"start":{"line":328,"column":32},"end":{"line":328,"column":33}},"loc":{"start":{"line":328,"column":89},"end":{"line":371,"column":7}}},"16":{"name":"validateWalletArchitecture","decl":{"start":{"line":380,"column":9},"end":{"line":380,"column":35}},"loc":{"start":{"line":383,"column":18},"end":{"line":429,"column":1}}},"17":{"name":"(anonymous_17)","decl":{"start":{"line":397,"column":47},"end":{"line":397,"column":48}},"loc":{"start":{"line":397,"column":68},"end":{"line":411,"column":5}}},"18":{"name":"validatePartners","decl":{"start":{"line":431,"column":9},"end":{"line":431,"column":25}},"loc":{"start":{"line":436,"column":18},"end":{"line":493,"column":1}}},"19":{"name":"(anonymous_19)","decl":{"start":{"line":445,"column":19},"end":{"line":445,"column":20}},"loc":{"start":{"line":445,"column":68},"end":{"line":490,"column":3}}},"20":{"name":"(anonymous_20)","decl":{"start":{"line":470,"column":52},"end":{"line":470,"column":53}},"loc":{"start":{"line":470,"column":77},"end":{"line":477,"column":7}}},"21":{"name":"(anonymous_21)","decl":{"start":{"line":482,"column":67},"end":{"line":482,"column":68}},"loc":{"start":{"line":482,"column":75},"end":{"line":482,"column":96}}},"22":{"name":"validateRoles","decl":{"start":{"line":495,"column":9},"end":{"line":495,"column":22}},"loc":{"start":{"line":499,"column":20},"end":{"line":584,"column":1}}},"23":{"name":"(anonymous_23)","decl":{"start":{"line":508,"column":16},"end":{"line":508,"column":17}},"loc":{"start":{"line":508,"column":60},"end":{"line":581,"column":3}}},"24":{"name":"(anonymous_24)","decl":{"start":{"line":548,"column":35},"end":{"line":548,"column":36}},"loc":{"start":{"line":548,"column":44},"end":{"line":552,"column":7}}},"25":{"name":"(anonymous_25)","decl":{"start":{"line":554,"column":34},"end":{"line":554,"column":35}},"loc":{"start":{"line":554,"column":43},"end":{"line":559,"column":7}}},"26":{"name":"validateAutomationUsers","decl":{"start":{"line":586,"column":9},"end":{"line":586,"column":32}},"loc":{"start":{"line":590,"column":20},"end":{"line":673,"column":1}}},"27":{"name":"(anonymous_27)","decl":{"start":{"line":600,"column":26},"end":{"line":600,"column":27}},"loc":{"start":{"line":600,"column":74},"end":{"line":668,"column":3}}},"28":{"name":"(anonymous_28)","decl":{"start":{"line":632,"column":27},"end":{"line":632,"column":28}},"loc":{"start":{"line":633,"column":8},"end":{"line":633,"column":77}}},"29":{"name":"(anonymous_29)","decl":{"start":{"line":638,"column":34},"end":{"line":638,"column":35}},"loc":{"start":{"line":639,"column":8},"end":{"line":639,"column":91}}},"30":{"name":"(anonymous_30)","decl":{"start":{"line":644,"column":34},"end":{"line":644,"column":35}},"loc":{"start":{"line":644,"column":97},"end":{"line":652,"column":7}}},"31":{"name":"(anonymous_31)","decl":{"start":{"line":656,"column":28},"end":{"line":656,"column":29}},"loc":{"start":{"line":656,"column":70},"end":{"line":662,"column":7}}},"32":{"name":"validateSessionConfiguration","decl":{"start":{"line":675,"column":9},"end":{"line":675,"column":37}},"loc":{"start":{"line":679,"column":46},"end":{"line":727,"column":1}}},"33":{"name":"(anonymous_33)","decl":{"start":{"line":685,"column":27},"end":{"line":685,"column":28}},"loc":{"start":{"line":685,"column":85},"end":{"line":708,"column":3}}},"34":{"name":"(anonymous_34)","decl":{"start":{"line":696,"column":15},"end":{"line":696,"column":16}},"loc":{"start":{"line":696,"column":26},"end":{"line":696,"column":42}}},"35":{"name":"(anonymous_35)","decl":{"start":{"line":719,"column":57},"end":{"line":719,"column":58}},"loc":{"start":{"line":719,"column":84},"end":{"line":725,"column":5}}},"36":{"name":"validatePlatform","decl":{"start":{"line":729,"column":9},"end":{"line":729,"column":25}},"loc":{"start":{"line":732,"column":20},"end":{"line":771,"column":1}}},"37":{"name":"validateProvisioning","decl":{"start":{"line":773,"column":9},"end":{"line":773,"column":29}},"loc":{"start":{"line":776,"column":20},"end":{"line":802,"column":1}}},"38":{"name":"validateBusinessModel","decl":{"start":{"line":804,"column":9},"end":{"line":804,"column":30}},"loc":{"start":{"line":806,"column":18},"end":{"line":845,"column":1}}},"39":{"name":"validateOperations","decl":{"start":{"line":847,"column":9},"end":{"line":847,"column":27}},"loc":{"start":{"line":847,"column":86},"end":{"line":901,"column":1}}},"40":{"name":"(anonymous_40)","decl":{"start":{"line":894,"column":42},"end":{"line":894,"column":43}},"loc":{"start":{"line":894,"column":76},"end":{"line":898,"column":7}}},"41":{"name":"validateCompliance","decl":{"start":{"line":903,"column":9},"end":{"line":903,"column":27}},"loc":{"start":{"line":906,"column":20},"end":{"line":932,"column":1}}},"42":{"name":"(anonymous_42)","decl":{"start":{"line":917,"column":40},"end":{"line":917,"column":41}},"loc":{"start":{"line":917,"column":71},"end":{"line":921,"column":5}}},"43":{"name":"(anonymous_43)","decl":{"start":{"line":935,"column":2},"end":{"line":935,"column":7}},"loc":{"start":{"line":935,"column":48},"end":{"line":1069,"column":3}}},"44":{"name":"(anonymous_44)","decl":{"start":{"line":975,"column":29},"end":{"line":975,"column":30}},"loc":{"start":{"line":975,"column":78},"end":{"line":984,"column":7}}},"45":{"name":"(anonymous_45)","decl":{"start":{"line":1026,"column":49},"end":{"line":1026,"column":50}},"loc":{"start":{"line":1026,"column":63},"end":{"line":1026,"column":82}}},"46":{"name":"(anonymous_46)","decl":{"start":{"line":1030,"column":35},"end":{"line":1030,"column":36}},"loc":{"start":{"line":1030,"column":55},"end":{"line":1036,"column":11}}},"47":{"name":"(anonymous_47)","decl":{"start":{"line":1040,"column":36},"end":{"line":1040,"column":37}},"loc":{"start":{"line":1040,"column":56},"end":{"line":1046,"column":11}}},"48":{"name":"(anonymous_48)","decl":{"start":{"line":1050,"column":62},"end":{"line":1050,"column":63}},"loc":{"start":{"line":1050,"column":82},"end":{"line":1056,"column":11}}}},"branchMap":{"0":{"loc":{"start":{"line":62,"column":2},"end":{"line":64,"column":3}},"type":"if","locations":[{"start":{"line":62,"column":2},"end":{"line":64,"column":3}},{"start":{},"end":{}}]},"1":{"loc":{"start":{"line":66,"column":2},"end":{"line":68,"column":3}},"type":"if","locations":[{"start":{"line":66,"column":2},"end":{"line":68,"column":3}},{"start":{},"end":{}}]},"2":{"loc":{"start":{"line":80,"column":4},"end":{"line":84,"column":5}},"type":"if","locations":[{"start":{"line":80,"column":4},"end":{"line":84,"column":5}},{"start":{"line":82,"column":11},"end":{"line":84,"column":5}}]},"3":{"loc":{"start":{"line":93,"column":2},"end":{"line":95,"column":3}},"type":"if","locations":[{"start":{"line":93,"column":2},"end":{"line":95,"column":3}},{"start":{},"end":{}}]},"4":{"loc":{"start":{"line":97,"column":2},"end":{"line":99,"column":3}},"type":"if","locations":[{"start":{"line":97,"column":2},"end":{"line":99,"column":3}},{"start":{},"end":{}}]},"5":{"loc":{"start":{"line":97,"column":6},"end":{"line":97,"column":72}},"type":"binary-expr","locations":[{"start":{"line":97,"column":6},"end":{"line":97,"column":46}},{"start":{"line":97,"column":50},"end":{"line":97,"column":72}}]},"6":{"loc":{"start":{"line":101,"column":2},"end":{"line":103,"column":3}},"type":"if","locations":[{"start":{"line":101,"column":2},"end":{"line":103,"column":3}},{"start":{},"end":{}}]},"7":{"loc":{"start":{"line":101,"column":6},"end":{"line":101,"column":71}},"type":"binary-expr","locations":[{"start":{"line":101,"column":6},"end":{"line":101,"column":46}},{"start":{"line":101,"column":50},"end":{"line":101,"column":71}}]},"8":{"loc":{"start":{"line":111,"column":2},"end":{"line":113,"column":3}},"type":"if","locations":[{"start":{"line":111,"column":2},"end":{"line":113,"column":3}},{"start":{},"end":{}}]},"9":{"loc":{"start":{"line":120,"column":4},"end":{"line":123,"column":5}},"type":"if","locations":[{"start":{"line":120,"column":4},"end":{"line":123,"column":5}},{"start":{},"end":{}}]},"10":{"loc":{"start":{"line":120,"column":8},"end":{"line":120,"column":55}},"type":"binary-expr","locations":[{"start":{"line":120,"column":8},"end":{"line":120,"column":24}},{"start":{"line":120,"column":28},"end":{"line":120,"column":55}}]},"11":{"loc":{"start":{"line":125,"column":4},"end":{"line":131,"column":5}},"type":"if","locations":[{"start":{"line":125,"column":4},"end":{"line":131,"column":5}},{"start":{"line":127,"column":11},"end":{"line":131,"column":5}}]},"12":{"loc":{"start":{"line":127,"column":11},"end":{"line":131,"column":5}},"type":"if","locations":[{"start":{"line":127,"column":11},"end":{"line":131,"column":5}},{"start":{"line":129,"column":11},"end":{"line":131,"column":5}}]},"13":{"loc":{"start":{"line":133,"column":4},"end":{"line":135,"column":5}},"type":"if","locations":[{"start":{"line":133,"column":4},"end":{"line":135,"column":5}},{"start":{},"end":{}}]},"14":{"loc":{"start":{"line":133,"column":8},"end":{"line":133,"column":71}},"type":"binary-expr","locations":[{"start":{"line":133,"column":8},"end":{"line":133,"column":35}},{"start":{"line":133,"column":39},"end":{"line":133,"column":71}}]},"15":{"loc":{"start":{"line":137,"column":4},"end":{"line":139,"column":5}},"type":"if","locations":[{"start":{"line":137,"column":4},"end":{"line":139,"column":5}},{"start":{},"end":{}}]},"16":{"loc":{"start":{"line":137,"column":8},"end":{"line":137,"column":87}},"type":"binary-expr","locations":[{"start":{"line":137,"column":8},"end":{"line":137,"column":23}},{"start":{"line":137,"column":27},"end":{"line":137,"column":57}},{"start":{"line":137,"column":61},"end":{"line":137,"column":87}}]},"17":{"loc":{"start":{"line":144,"column":2},"end":{"line":146,"column":3}},"type":"if","locations":[{"start":{"line":144,"column":2},"end":{"line":146,"column":3}},{"start":{},"end":{}}]},"18":{"loc":{"start":{"line":148,"column":2},"end":{"line":150,"column":3}},"type":"if","locations":[{"start":{"line":148,"column":2},"end":{"line":150,"column":3}},{"start":{},"end":{}}]},"19":{"loc":{"start":{"line":152,"column":2},"end":{"line":154,"column":3}},"type":"if","locations":[{"start":{"line":152,"column":2},"end":{"line":154,"column":3}},{"start":{},"end":{}}]},"20":{"loc":{"start":{"line":152,"column":6},"end":{"line":152,"column":77}},"type":"binary-expr","locations":[{"start":{"line":152,"column":6},"end":{"line":152,"column":37}},{"start":{"line":152,"column":41},"end":{"line":152,"column":77}}]},"21":{"loc":{"start":{"line":156,"column":2},"end":{"line":160,"column":3}},"type":"if","locations":[{"start":{"line":156,"column":2},"end":{"line":160,"column":3}},{"start":{},"end":{}}]},"22":{"loc":{"start":{"line":157,"column":4},"end":{"line":159,"column":5}},"type":"if","locations":[{"start":{"line":157,"column":4},"end":{"line":159,"column":5}},{"start":{},"end":{}}]},"23":{"loc":{"start":{"line":157,"column":8},"end":{"line":157,"column":84}},"type":"binary-expr","locations":[{"start":{"line":157,"column":8},"end":{"line":157,"column":53}},{"start":{"line":157,"column":57},"end":{"line":157,"column":84}}]},"24":{"loc":{"start":{"line":168,"column":2},"end":{"line":170,"column":3}},"type":"if","locations":[{"start":{"line":168,"column":2},"end":{"line":170,"column":3}},{"start":{},"end":{}}]},"25":{"loc":{"start":{"line":172,"column":2},"end":{"line":174,"column":3}},"type":"if","locations":[{"start":{"line":172,"column":2},"end":{"line":174,"column":3}},{"start":{},"end":{}}]},"26":{"loc":{"start":{"line":172,"column":6},"end":{"line":172,"column":81}},"type":"binary-expr","locations":[{"start":{"line":172,"column":6},"end":{"line":172,"column":39}},{"start":{"line":172,"column":43},"end":{"line":172,"column":81}}]},"27":{"loc":{"start":{"line":176,"column":2},"end":{"line":181,"column":3}},"type":"if","locations":[{"start":{"line":176,"column":2},"end":{"line":181,"column":3}},{"start":{},"end":{}}]},"28":{"loc":{"start":{"line":177,"column":4},"end":{"line":178,"column":93}},"type":"binary-expr","locations":[{"start":{"line":177,"column":4},"end":{"line":177,"column":27}},{"start":{"line":178,"column":4},"end":{"line":178,"column":93}}]},"29":{"loc":{"start":{"line":191,"column":2},"end":{"line":194,"column":3}},"type":"if","locations":[{"start":{"line":191,"column":2},"end":{"line":194,"column":3}},{"start":{},"end":{}}]},"30":{"loc":{"start":{"line":191,"column":6},"end":{"line":191,"column":57}},"type":"binary-expr","locations":[{"start":{"line":191,"column":6},"end":{"line":191,"column":31}},{"start":{"line":191,"column":35},"end":{"line":191,"column":57}}]},"31":{"loc":{"start":{"line":202,"column":4},"end":{"line":205,"column":5}},"type":"if","locations":[{"start":{"line":202,"column":4},"end":{"line":205,"column":5}},{"start":{},"end":{}}]},"32":{"loc":{"start":{"line":202,"column":8},"end":{"line":202,"column":57}},"type":"binary-expr","locations":[{"start":{"line":202,"column":8},"end":{"line":202,"column":25}},{"start":{"line":202,"column":29},"end":{"line":202,"column":57}}]},"33":{"loc":{"start":{"line":207,"column":4},"end":{"line":213,"column":5}},"type":"if","locations":[{"start":{"line":207,"column":4},"end":{"line":213,"column":5}},{"start":{"line":209,"column":11},"end":{"line":213,"column":5}}]},"34":{"loc":{"start":{"line":209,"column":11},"end":{"line":213,"column":5}},"type":"if","locations":[{"start":{"line":209,"column":11},"end":{"line":213,"column":5}},{"start":{"line":211,"column":11},"end":{"line":213,"column":5}}]},"35":{"loc":{"start":{"line":215,"column":4},"end":{"line":217,"column":5}},"type":"if","locations":[{"start":{"line":215,"column":4},"end":{"line":217,"column":5}},{"start":{},"end":{}}]},"36":{"loc":{"start":{"line":219,"column":4},"end":{"line":221,"column":5}},"type":"if","locations":[{"start":{"line":219,"column":4},"end":{"line":221,"column":5}},{"start":{},"end":{}}]},"37":{"loc":{"start":{"line":219,"column":8},"end":{"line":219,"column":97}},"type":"binary-expr","locations":[{"start":{"line":219,"column":8},"end":{"line":219,"column":48}},{"start":{"line":219,"column":52},"end":{"line":219,"column":97}}]},"38":{"loc":{"start":{"line":223,"column":4},"end":{"line":228,"column":5}},"type":"if","locations":[{"start":{"line":223,"column":4},"end":{"line":228,"column":5}},{"start":{},"end":{}}]},"39":{"loc":{"start":{"line":224,"column":6},"end":{"line":225,"column":57}},"type":"binary-expr","locations":[{"start":{"line":224,"column":6},"end":{"line":224,"column":52}},{"start":{"line":225,"column":6},"end":{"line":225,"column":57}}]},"40":{"loc":{"start":{"line":230,"column":4},"end":{"line":234,"column":5}},"type":"if","locations":[{"start":{"line":230,"column":4},"end":{"line":234,"column":5}},{"start":{},"end":{}}]},"41":{"loc":{"start":{"line":236,"column":4},"end":{"line":240,"column":5}},"type":"if","locations":[{"start":{"line":236,"column":4},"end":{"line":240,"column":5}},{"start":{},"end":{}}]},"42":{"loc":{"start":{"line":242,"column":4},"end":{"line":252,"column":5}},"type":"if","locations":[{"start":{"line":242,"column":4},"end":{"line":252,"column":5}},{"start":{},"end":{}}]},"43":{"loc":{"start":{"line":245,"column":8},"end":{"line":247,"column":9}},"type":"if","locations":[{"start":{"line":245,"column":8},"end":{"line":247,"column":9}},{"start":{},"end":{}}]},"44":{"loc":{"start":{"line":248,"column":8},"end":{"line":250,"column":9}},"type":"if","locations":[{"start":{"line":248,"column":8},"end":{"line":250,"column":9}},{"start":{},"end":{}}]},"45":{"loc":{"start":{"line":254,"column":4},"end":{"line":262,"column":5}},"type":"if","locations":[{"start":{"line":254,"column":4},"end":{"line":262,"column":5}},{"start":{},"end":{}}]},"46":{"loc":{"start":{"line":256,"column":8},"end":{"line":260,"column":9}},"type":"if","locations":[{"start":{"line":256,"column":8},"end":{"line":260,"column":9}},{"start":{"line":258,"column":15},"end":{"line":260,"column":9}}]},"47":{"loc":{"start":{"line":265,"column":2},"end":{"line":273,"column":3}},"type":"if","locations":[{"start":{"line":265,"column":2},"end":{"line":273,"column":3}},{"start":{"line":267,"column":9},"end":{"line":273,"column":3}}]},"48":{"loc":{"start":{"line":265,"column":6},"end":{"line":265,"column":68}},"type":"binary-expr","locations":[{"start":{"line":265,"column":6},"end":{"line":265,"column":44}},{"start":{"line":265,"column":48},"end":{"line":265,"column":68}}]},"49":{"loc":{"start":{"line":267,"column":9},"end":{"line":273,"column":3}},"type":"if","locations":[{"start":{"line":267,"column":9},"end":{"line":273,"column":3}},{"start":{"line":269,"column":9},"end":{"line":273,"column":3}}]},"50":{"loc":{"start":{"line":269,"column":9},"end":{"line":273,"column":3}},"type":"if","locations":[{"start":{"line":269,"column":9},"end":{"line":273,"column":3}},{"start":{},"end":{}}]},"51":{"loc":{"start":{"line":283,"column":2},"end":{"line":286,"column":3}},"type":"if","locations":[{"start":{"line":283,"column":2},"end":{"line":286,"column":3}},{"start":{},"end":{}}]},"52":{"loc":{"start":{"line":283,"column":6},"end":{"line":283,"column":57}},"type":"binary-expr","locations":[{"start":{"line":283,"column":6},"end":{"line":283,"column":31}},{"start":{"line":283,"column":35},"end":{"line":283,"column":57}}]},"53":{"loc":{"start":{"line":295,"column":4},"end":{"line":298,"column":5}},"type":"if","locations":[{"start":{"line":295,"column":4},"end":{"line":298,"column":5}},{"start":{},"end":{}}]},"54":{"loc":{"start":{"line":295,"column":8},"end":{"line":295,"column":57}},"type":"binary-expr","locations":[{"start":{"line":295,"column":8},"end":{"line":295,"column":25}},{"start":{"line":295,"column":29},"end":{"line":295,"column":57}}]},"55":{"loc":{"start":{"line":300,"column":4},"end":{"line":304,"column":5}},"type":"if","locations":[{"start":{"line":300,"column":4},"end":{"line":304,"column":5}},{"start":{"line":302,"column":11},"end":{"line":304,"column":5}}]},"56":{"loc":{"start":{"line":306,"column":4},"end":{"line":308,"column":5}},"type":"if","locations":[{"start":{"line":306,"column":4},"end":{"line":308,"column":5}},{"start":{},"end":{}}]},"57":{"loc":{"start":{"line":310,"column":4},"end":{"line":312,"column":5}},"type":"if","locations":[{"start":{"line":310,"column":4},"end":{"line":312,"column":5}},{"start":{},"end":{}}]},"58":{"loc":{"start":{"line":314,"column":4},"end":{"line":321,"column":5}},"type":"if","locations":[{"start":{"line":314,"column":4},"end":{"line":321,"column":5}},{"start":{},"end":{}}]},"59":{"loc":{"start":{"line":315,"column":6},"end":{"line":316,"column":60}},"type":"binary-expr","locations":[{"start":{"line":315,"column":6},"end":{"line":315,"column":43}},{"start":{"line":316,"column":6},"end":{"line":316,"column":60}}]},"60":{"loc":{"start":{"line":323,"column":4},"end":{"line":372,"column":5}},"type":"if","locations":[{"start":{"line":323,"column":4},"end":{"line":372,"column":5}},{"start":{"line":325,"column":11},"end":{"line":372,"column":5}}]},"61":{"loc":{"start":{"line":323,"column":8},"end":{"line":323,"column":75}},"type":"binary-expr","locations":[{"start":{"line":323,"column":8},"end":{"line":323,"column":41}},{"start":{"line":323,"column":45},"end":{"line":323,"column":75}}]},"62":{"loc":{"start":{"line":331,"column":8},"end":{"line":346,"column":9}},"type":"if","locations":[{"start":{"line":331,"column":8},"end":{"line":346,"column":9}},{"start":{"line":333,"column":15},"end":{"line":346,"column":9}}]},"63":{"loc":{"start":{"line":334,"column":10},"end":{"line":338,"column":11}},"type":"if","locations":[{"start":{"line":334,"column":10},"end":{"line":338,"column":11}},{"start":{"line":336,"column":17},"end":{"line":338,"column":11}}]},"64":{"loc":{"start":{"line":340,"column":10},"end":{"line":345,"column":11}},"type":"if","locations":[{"start":{"line":340,"column":10},"end":{"line":345,"column":11}},{"start":{"line":342,"column":17},"end":{"line":345,"column":11}}]},"65":{"loc":{"start":{"line":348,"column":8},"end":{"line":350,"column":9}},"type":"if","locations":[{"start":{"line":348,"column":8},"end":{"line":350,"column":9}},{"start":{},"end":{}}]},"66":{"loc":{"start":{"line":352,"column":8},"end":{"line":354,"column":9}},"type":"if","locations":[{"start":{"line":352,"column":8},"end":{"line":354,"column":9}},{"start":{},"end":{}}]},"67":{"loc":{"start":{"line":356,"column":8},"end":{"line":358,"column":9}},"type":"if","locations":[{"start":{"line":356,"column":8},"end":{"line":358,"column":9}},{"start":{},"end":{}}]},"68":{"loc":{"start":{"line":360,"column":8},"end":{"line":362,"column":9}},"type":"if","locations":[{"start":{"line":360,"column":8},"end":{"line":362,"column":9}},{"start":{},"end":{}}]},"69":{"loc":{"start":{"line":364,"column":8},"end":{"line":366,"column":9}},"type":"if","locations":[{"start":{"line":364,"column":8},"end":{"line":366,"column":9}},{"start":{},"end":{}}]},"70":{"loc":{"start":{"line":364,"co
[...]
ations":[{"start":{"line":312,"column":20},"end":{"line":312,"column":35}},{"start":{"line":312,"column":39},"end":{"line":312,"column":41}}]},"22":{"loc":{"start":{"line":340,"column":40},"end":{"line":340,"column":70}},"type":"binary-expr","locations":[{"start":{"line":340,"column":40},"end":{"line":340,"column":57}},{"start":{"line":340,"column":61},"end":{"line":340,"column":70}}]},"23":{"loc":{"start":{"line":341,"column":6},"end":{"line":343,"column":7}},"type":"if","locations":[{"start":{"line":341,"column":6},"end":{"line":343,"column":7}},{"start":{},"end":{}}]},"24":{"loc":{"start":{"line":349,"column":16},"end":{"line":349,"column":45}},"type":"binary-expr","locations":[{"start":{"line":349,"column":16},"end":{"line":349,"column":32}},{"start":{"line":349,"column":36},"end":{"line":349,"column":45}}]},"25":{"loc":{"start":{"line":351,"column":29},"end":{"line":351,"column":106}},"type":"cond-expr","locations":[{"start":{"line":351,"column":73},"end":{"line":351,"column":94}},{"start":{"line":351,"column":97},"end":{"line":351,"column":106}}]},"26":{"loc":{"start":{"line":366,"column":8},"end":{"line":371,"column":9}},"type":"if","locations":[{"start":{"line":366,"column":8},"end":{"line":371,"column":9}},{"start":{"line":369,"column":15},"end":{"line":371,"column":9}}]},"27":{"loc":{"start":{"line":368,"column":21},"end":{"line":368,"column":51}},"type":"binary-expr","locations":[{"start":{"line":368,"column":21},"end":{"line":368,"column":39}},{"start":{"line":368,"column":43},"end":{"line":368,"column":51}}]},"28":{"loc":{"start":{"line":370,"column":21},"end":{"line":370,"column":87}},"type":"binary-expr","locations":[{"start":{"line":370,"column":21},"end":{"line":370,"column":75}},{"start":{"line":370,"column":79},"end":{"line":370,"column":87}}]},"29":{"loc":{"start":{"line":378,"column":19},"end":{"line":378,"column":65}},"type":"binary-expr","locations":[{"start":{"line":378,"column":19},"end":{"line":378,"column":59}},{"start":{"line":378,"column":63},"end":{"line":378,"column":65}}]},"30":{"loc":{"start":{"line":407,"column":5},"end":{"line":407,"column":53}},"type":"binary-expr","locations":[{"start":{"line":407,"column":5},"end":{"line":407,"column":47}},{"start":{"line":407,"column":51},"end":{"line":407,"column":53}}]},"31":{"loc":{"start":{"line":411,"column":5},"end":{"line":411,"column":37}},"type":"binary-expr","locations":[{"start":{"line":411,"column":5},"end":{"line":411,"column":31}},{"start":{"line":411,"column":35},"end":{"line":411,"column":37}}]},"32":{"loc":{"start":{"line":412,"column":6},"end":{"line":414,"column":7}},"type":"if","locations":[{"start":{"line":412,"column":6},"end":{"line":414,"column":7}},{"start":{},"end":{}}]},"33":{"loc":{"start":{"line":417,"column":11},"end":{"line":417,"column":51}},"type":"cond-expr","locations":[{"start":{"line":417,"column":23},"end":{"line":417,"column":39}},{"start":{"line":417,"column":42},"end":{"line":417,"column":51}}]},"34":{"loc":{"start":{"line":427,"column":4},"end":{"line":429,"column":5}},"type":"if","locations":[{"start":{"line":427,"column":4},"end":{"line":429,"column":5}},{"start":{},"end":{}}]},"35":{"loc":{"start":{"line":427,"column":8},"end":{"line":427,"column":87}},"type":"binary-expr","locations":[{"start":{"line":427,"column":8},"end":{"line":427,"column":16}},{"start":{"line":427,"column":20},"end":{"line":427,"column":53}},{"start":{"line":427,"column":57},"end":{"line":427,"column":87}}]},"36":{"loc":{"start":{"line":430,"column":4},"end":{"line":432,"column":5}},"type":"if","locations":[{"start":{"line":430,"column":4},"end":{"line":432,"column":5}},{"start":{},"end":{}}]},"37":{"loc":{"start":{"line":430,"column":8},"end":{"line":430,"column":59}},"type":"binary-expr","locations":[{"start":{"line":430,"column":8},"end":{"line":430,"column":22}},{"start":{"line":430,"column":26},"end":{"line":430,"column":59}}]}},"s":{"0":1,"1":1,"2":1,"3":0,"4":0,"5":1,"6":4,"7":4,"8":4,"9":4,"10":4,"11":4,"12":4,"13":4,"14":4,"15":4,"16":0,"17":0,"18":0,"19":4,"20":0,"21":0,"22":0,"23":4,"24":4,"25":4,"26":4,"27":4,"28":4,"29":4,"30":5,"31":5,"32":1,"33":4,"34":4,"35":0,"36":4,"37":4,"38":3,"39":3,"40":3,"41":3,"42":3,"43":3,"44":3,"45":3,"46":6,"47":6,"48":3,"49":3,"50":4,"51":4,"52":0,"53":3,"54":3,"55":3,"56":4,"57":4,"58":4,"59":4,"60":5,"61":5,"62":5,"63":5,"64":5,"65":5,"66":5,"67":5,"68":5,"69":9,"70":14,"71":9,"72":0,"73":9,"74":5,"75":5,"76":5,"77":0,"78":0,"79":0,"80":0,"81":0,"82":0,"83":0,"84":0,"85":3,"86":0,"87":4,"88":0,"89":0,"90":0,"91":4,"92":4,"93":4,"94":4,"95":7,"96":7,"97":7,"98":7,"99":7,"100":7,"101":7,"102":7,"103":7,"104":3,"105":4,"106":4,"107":4,"108":4,"109":3,"110":3,"111":1,"112":4,"113":4,"114":3,"115":3,"116":6,"117":6,"118":3,"119":3,"120":3,"121":0,"122":0,"123":3,"124":0,"125":0,"126":3,"127":0,"128":0,"129":3,"130":3,"131":3,"132":3,"133":4,"134":0,"135":4,"136":0,"137":1},"f":{"0":0,"1":4,"2":4,"3":0,"4":0,"5":4,"6":3,"7":6,"8":4,"9":4,"10":0,"11":4,"12":4,"13":5,"14":5,"15":5,"16":5,"17":9,"18":14,"19":5,"20":0,"21":3,"22":0,"23":4,"24":0,"25":4,"26":4,"27":7,"28":7,"29":3,"30":4,"31":4,"32":3,"33":6,"34":6,"35":3,"36":0,"37":0,"38":0,"39":0,"40":0,"41":3,"42":4},"b":{"0":[0],"1":[0],"2":[0,0],"3":[0,0],"4":[0,0],"5":[1,4],"6":[0,4],"7":[3,3],"8":[0,3],"9":[0,3],"10":[5,1],"11":[4,1],"12":[0,9],"13":[5,5],"14":[5,0],"15":[0,0,0],"16":[0,0],"17":[0,0],"18":[0,0],"19":[0,0],"20":[0,0],"21":[0,0],"22":[7,0],"23":[7,0],"24":[7,0],"25":[7,0],"26":[3,1],"27":[3,0],"28":[1,0],"29":[4,4],"30":[3,3],"31":[3,0],"32":[0,0],"33":[0,3],"34":[0,4],"35":[4,4,4],"36":[0,4],"37":[4,4]}}
,"/Volumes/Drive/Projects/fireblocks-custody-service/src/provisioner/wallet-manager.ts": {"path":"/Volumes/Drive/Projects/fireblocks-custody-service/src/provisioner/wallet-manager.ts","statementMap":{"0":{"start":{"line":3,"column":0},"end":{"line":3,"column":90}},"1":{"start":{"line":21,"column":21},"end":{"line":21,"column":52}},"2":{"start":{"line":22,"column":21},"end":{"line":22,"column":54}},"3":{"start":{"line":26,"column":43},"end":{"line":29,"column":6}},"4":{"start":{"line":31,"column":22},"end":{"line":31,"column":55}},"5":{"start":{"line":32,"column":21},"end":{"line":32,"column":96}},"6":{"start":{"line":33,"column":4},"end":{"line":33,"column":35}},"7":{"start":{"line":41,"column":43},"end":{"line":44,"column":6}},"8":{"start":{"line":46,"column":22},"end":{"line":46,"column":55}},"9":{"start":{"line":47,"column":21},"end":{"line":50,"column":6}},"10":{"start":{"line":51,"column":4},"end":{"line":51,"column":36}},"11":{"start":{"line":60,"column":43},"end":{"line":63,"column":6}},"12":{"start":{"line":64,"column":22},"end":{"line":64,"column":55}},"13":{"start":{"line":65,"column":4},"end":{"line":71,"column":7}},"14":{"start":{"line":75,"column":4},"end":{"line":77,"column":5}},"15":{"start":{"line":76,"column":6},"end":{"line":76,"column":82}},"16":{"start":{"line":79,"column":20},"end":{"line":82,"column":6}},"17":{"start":{"line":84,"column":20},"end":{"line":84,"column":35}},"18":{"start":{"line":85,"column":21},"end":{"line":85,"column":51}},"19":{"start":{"line":86,"column":4},"end":{"line":86,"column":31}},"20":{"start":{"line":90,"column":4},"end":{"line":90,"column":71}},"21":{"start":{"line":90,"column":47},"end":{"line":90,"column":69}},"22":{"start":{"line":19,"column":0},"end":{"line":19,"column":13}}},"fnMap":{"0":{"name":"(anonymous_0)","decl":{"start":{"line":20,"column":2},"end":{"line":20,"column":null}},"loc":{"start":{"line":22,"column":54},"end":{"line":23,"column":6}}},"1":{"name":"(anonymous_1)","decl":{"start":{"line":25,"column":2},"end":{"line":25,"column":7}},"loc":{"start":{"line":25,"column":76},"end":{"line":34,"column":3}}},"2":{"name":"(anonymous_2)","decl":{"start":{"line":36,"column":2},"end":{"line":36,"column":7}},"loc":{"start":{"line":39,"column":33},"end":{"line":52,"column":3}}},"3":{"name":"(anonymous_3)","decl":{"start":{"line":54,"column":2},"end":{"line":54,"column":7}},"loc":{"start":{"line":58,"column":33},"end":{"line":72,"column":3}}},"4":{"name":"(anonymous_4)","decl":{"start":{"line":74,"column":2},"end":{"line":74,"column":7}},"loc":{"start":{"line":74,"column":58},"end":{"line":87,"column":3}}},"5":{"name":"(anonymous_5)","decl":{"start":{"line":89,"column":2},"end":{"line":89,"column":17}},"loc":{"start":{"line":89,"column":77},"end":{"line":91,"column":3}}},"6":{"name":"(anonymous_6)","decl":{"start":{"line":90,"column":37},"end":{"line":90,"column":38}},"loc":{"start":{"line":90,"column":47},"end":{"line":90,"column":69}}}},"branchMap":{"0":{"loc":{"start":{"line":21,"column":21},"end":{"line":21,"column":86}},"type":"default-arg","locations":[{"start":{"line":21,"column":52},"end":{"line":21,"column":86}}]},"1":{"loc":{"start":{"line":33,"column":11},"end":{"line":33,"column":34}},"type":"binary-expr","locations":[{"start":{"line":33,"column":11},"end":{"line":33,"column":28}},{"start":{"line":33,"column":32},"end":{"line":33,"column":34}}]},"2":{"loc":{"start":{"line":51,"column":11},"end":{"line":51,"column":35}},"type":"binary-expr","locations":[{"start":{"line":51,"column":11},"end":{"line":51,"column":29}},{"start":{"line":51,"column":33},"end":{"line":51,"column":35}}]},"3":{"loc":{"start":{"line":75,"column":4},"end":{"line":77,"column":5}},"type":"if","locations":[{"start":{"line":75,"column":4},"end":{"line":77,"column":5}},{"start":{},"end":{}}]}},"s":{"0":1,"1":12,"2":12,"3":1,"4":1,"5":1,"6":1,"7":5,"8":5,"9":5,"10":4,"11":1,"12":1,"13":1,"14":2,"15":1,"16":1,"17":1,"18":1,"19":1,"20":2,"21":2,"22":1},"f":{"0":12,"1":1,"2":5,"3":1,"4":2,"5":2,"6":2},"b":{"0":[11],"1":[1,0],"2":[4,2],"3":[1,1]}}
,"/Volumes/Drive/Projects/fireblocks-custody-service/src/provisioner/wallet-template-registry.ts": {"path":"/Volumes/Drive/Projects/fireblocks-custody-service/src/provisioner/wallet-template-registry.ts","statementMap":{"0":{"start":{"line":4,"column":31},"end":{"line":4,"column":58}},"1":{"start":{"line":5,"column":4},"end":{"line":7,"column":5}},"2":{"start":{"line":6,"column":6},"end":{"line":6,"column":85}},"3":{"start":{"line":11,"column":4},"end":{"line":11,"column":34}},"4":{"start":{"line":15,"column":21},"end":{"line":15,"column":100}},"5":{"start":{"line":15,"column":64},"end":{"line":15,"column":99}},"6":{"start":{"line":16,"column":4},"end":{"line":18,"column":5}},"7":{"start":{"line":17,"column":6},"end":{"line":17,"column":67}},"8":{"start":{"line":19,"column":4},"end":{"line":19,"column":20}},"9":{"start":{"line":23,"column":21},"end":{"line":23,"column":53}},"10":{"start":{"line":24,"column":4},"end":{"line":24,"column":61}},"11":{"start":{"line":24,"column":46},"end":{"line":24,"column":59}},"12":{"start":{"line":3,"column":0},"end":{"line":3,"column":13}}},"fnMap":{"0":{"name":"(anonymous_0)","decl":{"start":{"line":4,"column":2},"end":{"line":4,"column":31}},"loc":{"start":{"line":4,"column":58},"end":{"line":8,"column":3}}},"1":{"name":"(anonymous_1)","decl":{"start":{"line":10,"column":2},"end":{"line":10,"column":15}},"loc":{"start":{"line":10,"column":15},"end":{"line":12,"column":3}}},"2":{"name":"(anonymous_2)","decl":{"start":{"line":14,"column":2},"end":{"line":14,"column":17}},"loc":{"start":{"line":14,"column":36},"end":{"line":20,"column":3}}},"3":{"name":"(anonymous_3)","decl":{"start":{"line":15,"column":49},"end":{"line":15,"column":50}},"loc":{"start":{"line":15,"column":64},"end":{"line":15,"column":99}}},"4":{"name":"(anonymous_4)","decl":{"start":{"line":22,"column":2},"end":{"line":22,"column":19}},"loc":{"start":{"line":22,"column":38},"end":{"line":25,"column":3}}},"5":{"name":"(anonymous_5)","decl":{"start":{"line":24,"column":33},"end":{"line":24,"column":34}},"loc":{"start":{"line":24,"column":46},"end":{"line":24,"column":59}}}},"branchMap":{"0":{"loc":{"start":{"line":5,"column":4},"end":{"line":7,"column":5}},"type":"if","locations":[{"start":{"line":5,"column":4},"end":{"line":7,"column":5}},{"start":{},"end":{}}]},"1":{"loc":{"start":{"line":5,"column":8},"end":{"line":5,"column":120}},"type":"binary-expr","locations":[{"start":{"line":5,"column":8},"end":{"line":5,"column":29}},{"start":{"line":5,"column":33},"end":{"line":5,"column":49}},{"start":{"line":5,"column":53},"end":{"line":5,"column":86}},{"start":{"line":5,"column":90},"end":{"line":5,"column":120}}]},"2":{"loc":{"start":{"line":16,"column":4},"end":{"line":18,"column":5}},"type":"if","locations":[{"start":{"line":16,"column":4},"end":{"line":18,"column":5}},{"start":{},"end":{}}]}},"s":{"0":0,"1":0,"2":0,"3":0,"4":0,"5":0,"6":0,"7":0,"8":0,"9":0,"10":0,"11":0,"12":0},"f":{"0":0,"1":0,"2":0,"3":0,"4":0,"5":0},"b":{"0":[0,0],"1":[0,0,0,0],"2":[0,0]}}
,"/Volumes/Drive/Projects/fireblocks-custody-service/src/utils/type-guards.ts": {"path":"/Volumes/Drive/Projects/fireblocks-custody-service/src/utils/type-guards.ts","statementMap":{"0":{"start":{"line":1,"column":0},"end":{"line":1,"column":75}},"1":{"start":{"line":3,"column":32},"end":{"line":4,"column":54}},"2":{"start":{"line":4,"column":2},"end":{"line":4,"column":54}},"3":{"start":{"line":3,"column":13},"end":{"line":3,"column":32}},"4":{"start":{"line":6,"column":36},"end":{"line":7,"column":68}},"5":{"start":{"line":7,"column":2},"end":{"line":7,"column":68}},"6":{"start":{"line":6,"column":13},"end":{"line":6,"column":36}},"7":{"start":{"line":9,"column":32},"end":{"line":10,"column":66}},"8":{"start":{"line":10,"column":2},"end":{"line":10,"column":66}},"9":{"start":{"line":9,"column":13},"end":{"line":9,"column":32}},"10":{"start":{"line":12,"column":31},"end":{"line":22,"column":1}},"11":{"start":{"line":13,"column":2},"end":{"line":15,"column":3}},"12":{"start":{"line":14,"column":4},"end":{"line":14,"column":17}},"13":{"start":{"line":17,"column":2},"end":{"line":19,"column":3}},"14":{"start":{"line":18,"column":4},"end":{"line":18,"column":17}},"15":{"start":{"line":21,"column":2},"end":{"line":21,"column":38}},"16":{"start":{"line":12,"column":13},"end":{"line":12,"column":31}},"17":{"start":{"line":24,"column":31},"end":{"line":31,"column":1}},"18":{"start":{"line":25,"column":2},"end":{"line":27,"column":3}},"19":{"start":{"line":26,"column":4},"end":{"line":26,"column":17}},"20":{"start":{"line":29,"column":20},"end":{"line":29,"column":37}},"21":{"start":{"line":30,"column":2},"end":{"line":30,"column":36}},"22":{"start":{"line":24,"column":13},"end":{"line":24,"column":31}},"23":{"start":{"line":33,"column":30},"end":{"line":34,"column":57}},"24":{"start":{"line":34,"column":2},"end":{"line":34,"column":57}},"25":{"start":{"line":33,"column":13},"end":{"line":33,"column":30}},"26":{"start":{"line":36,"column":24},"end":{"line":37,"column":45}},"27":{"start":{"line":37,"column":2},"end":{"line":37,"column":45}},"28":{"start":{"line":36,"column":13},"end":{"line":36,"column":24}},"29":{"start":{"line":39,"column":29},"end":{"line":40,"column":99}},"30":{"start":{"line":40,"column":2},"end":{"line":40,"column":99}},"31":{"start":{"line":40,"column":48},"end":{"line":40,"column":98}},"32":{"start":{"line":39,"column":13},"end":{"line":39,"column":29}},"33":{"start":{"line":42,"column":36},"end":{"line":43,"column":94}},"34":{"start":{"line":43,"column":2},"end":{"line":43,"column":94}},"35":{"start":{"line":42,"column":13},"end":{"line":42,"column":36}}},"fnMap":{"0":{"name":"(anonymous_0)","decl":{"start":{"line":3,"column":32},"end":{"line":3,"column":33}},"loc":{"start":{"line":4,"column":2},"end":{"line":4,"column":54}}},"1":{"name":"(anonymous_1)","decl":{"start":{"line":6,"column":36},"end":{"line":6,"column":37}},"loc":{"start":{"line":7,"column":2},"end":{"line":7,"column":68}}},"2":{"name":"(anonymous_2)","decl":{"start":{"line":9,"column":32},"end":{"line":9,"column":33}},"loc":{"start":{"line":10,"column":2},"end":{"line":10,"column":66}}},"3":{"name":"(anonymous_3)","decl":{"start":{"line":12,"column":31},"end":{"line":12,"column":32}},"loc":{"start":{"line":12,"column":67},"end":{"line":22,"column":1}}},"4":{"name":"(anonymous_4)","decl":{"start":{"line":24,"column":31},"end":{"line":24,"column":32}},"loc":{"start":{"line":24,"column":67},"end":{"line":31,"column":1}}},"5":{"name":"(anonymous_5)","decl":{"start":{"line":33,"column":30},"end":{"line":33,"column":31}},"loc":{"start":{"line":34,"column":2},"end":{"line":34,"column":57}}},"6":{"name":"(anonymous_6)","decl":{"start":{"line":36,"column":24},"end":{"line":36,"column":25}},"loc":{"start":{"line":37,"column":2},"end":{"line":37,"column":45}}},"7":{"name":"(anonymous_7)","decl":{"start":{"line":39,"column":29},"end":{"line":39,"column":30}},"loc":{"start":{"line":40,"column":2},"end":{"line":40,"column":99}}},"8":{"name":"(anonymous_8)","decl":{"start":{"line":40,"column":38},"end":{"line":40,"column":39}},"loc":{"start":{"line":40,"column":48},"end":{"line":40,"column":98}}},"9":{"name":"(anonymous_9)","decl":{"start":{"line":42,"column":36},"end":{"line":42,"column":37}},"loc":{"start":{"line":43,"column":2},"end":{"line":43,"column":94}}}},"branchMap":{"0":{"loc":{"start":{"line":4,"column":2},"end":{"line":4,"column":54}},"type":"binary-expr","locations":[{"start":{"line":4,"column":2},"end":{"line":4,"column":27}},{"start":{"line":4,"column":31},"end":{"line":4,"column":54}}]},"1":{"loc":{"start":{"line":7,"column":2},"end":{"line":7,"column":68}},"type":"binary-expr","locations":[{"start":{"line":7,"column":2},"end":{"line":7,"column":27}},{"start":{"line":7,"column":31},"end":{"line":7,"column":54}},{"start":{"line":7,"column":58},"end":{"line":7,"column":68}}]},"2":{"loc":{"start":{"line":10,"column":2},"end":{"line":10,"column":66}},"type":"binary-expr","locations":[{"start":{"line":10,"column":2},"end":{"line":10,"column":27}},{"start":{"line":10,"column":31},"end":{"line":10,"column":53}},{"start":{"line":10,"column":57},"end":{"line":10,"column":66}}]},"3":{"loc":{"start":{"line":13,"column":2},"end":{"line":15,"column":3}},"type":"if","locations":[{"start":{"line":13,"column":2},"end":{"line":15,"column":3}},{"start":{},"end":{}}]},"4":{"loc":{"start":{"line":17,"column":2},"end":{"line":19,"column":3}},"type":"if","locations":[{"start":{"line":17,"column":2},"end":{"line":19,"column":3}},{"start":{},"end":{}}]},"5":{"loc":{"start":{"line":25,"column":2},"end":{"line":27,"column":3}},"type":"if","locations":[{"start":{"line":25,"column":2},"end":{"line":27,"column":3}},{"start":{},"end":{}}]},"6":{"loc":{"start":{"line":34,"column":2},"end":{"line":34,"column":57}},"type":"binary-expr","locations":[{"start":{"line":34,"column":2},"end":{"line":34,"column":23}},{"start":{"line":34,"column":27},"end":{"line":34,"column":57}}]},"7":{"loc":{"start":{"line":37,"column":2},"end":{"line":37,"column":45}},"type":"binary-expr","locations":[{"start":{"line":37,"column":2},"end":{"line":37,"column":27}},{"start":{"line":37,"column":31},"end":{"line":37,"column":45}}]},"8":{"loc":{"start":{"line":40,"column":2},"end":{"line":40,"column":99}},"type":"binary-expr","locations":[{"start":{"line":40,"column":2},"end":{"line":40,"column":22}},{"start":{"line":40,"column":26},"end":{"line":40,"column":99}}]},"9":{"loc":{"start":{"line":40,"column":48},"end":{"line":40,"column":98}},"type":"binary-expr","locations":[{"start":{"line":40,"column":48},"end":{"line":40,"column":72}},{"start":{"line":40,"column":76},"end":{"line":40,"column":98}}]},"10":{"loc":{"start":{"line":43,"column":2},"end":{"line":43,"column":94}},"type":"binary-expr","locations":[{"start":{"line":43,"column":2},"end":{"line":43,"column":27}},{"start":{"line":43,"column":32},"end":{"line":43,"column":94}}]}},"s":{"0":3,"1":3,"2":0,"3":3,"4":3,"5":0,"6":3,"7":3,"8":0,"9":3,"10":3,"11":0,"12":0,"13":0,"14":0,"15":0,"16":3,"17":3,"18":0,"19":0,"20":0,"21":0,"22":3,"23":3,"24":0,"25":3,"26":3,"27":0,"28":3,"29":3,"30":0,"31":0,"32":3,"33":3,"34":0,"35":3},"f":{"0":0,"1":0,"2":0,"3":0,"4":0,"5":0,"6":0,"7":0,"8":0,"9":0},"b":{"0":[0,0],"1":[0,0,0],"2":[0,0,0],"3":[0,0],"4":[0,0],"5":[0,0],"6":[0,0],"7":[0,0],"8":[0,0],"9":[0,0],"10":[0,0]}}
}
