TN:
SF:src/index.ts
FN:25,(anonymous_4)
FNF:1
FNH:0
FNDA:0,(anonymous_4)
DA:1,0
DA:2,0
DA:3,0
DA:4,0
DA:5,0
DA:6,0
DA:7,0
DA:8,0
DA:9,0
DA:10,0
DA:11,0
DA:21,0
DA:23,0
DA:26,0
LF:14
LH:0
BRF:0
BRH:0
end_of_record
TN:
SF:src/main.ts
FN:10,bootstrap
FN:51,(anonymous_1)
FNF:2
FNH:0
FNDA:0,bootstrap
FNDA:0,(anonymous_1)
DA:3,0
DA:5,0
DA:6,0
DA:8,0
DA:11,0
DA:12,0
DA:13,0
DA:16,0
DA:18,0
DA:19,0
DA:20,0
DA:23,0
DA:24,0
DA:25,0
DA:26,0
DA:28,0
DA:30,0
DA:32,0
DA:33,0
DA:44,0
DA:46,0
DA:47,0
DA:51,0
DA:52,0
DA:53,0
LF:25
LH:0
BRDA:16,0,0,0
BRDA:16,0,1,0
BRDA:16,0,2,0
BRDA:18,1,0,0
BRDA:18,1,1,0
BRDA:24,2,0,0
BRDA:24,2,1,0
BRDA:30,3,0,0
BRDA:30,3,1,0
BRF:9
BRH:0
end_of_record
TN:
SF:src/approvals/validator.ts
FN:24,validateVariables
FN:35,(anonymous_1)
FN:67,validateExpressionTemplate
FN:88,validateBinding
FN:150,validatePolicyTemplates
FN:167,(anonymous_5)
FN:208,(anonymous_6)
FN:220,(anonymous_7)
FNF:8
FNH:0
FNDA:0,validateVariables
FNDA:0,(anonymous_1)
FNDA:0,validateExpressionTemplate
FNDA:0,validateBinding
FNDA:0,validatePolicyTemplates
FNDA:0,(anonymous_5)
FNDA:0,(anonymous_6)
FNDA:0,(anonymous_7)
DA:2,1
DA:29,0
DA:30,0
DA:33,0
DA:35,0
DA:36,0
DA:37,0
DA:38,0
DA:39,0
DA:42,0
DA:43,0
DA:44,0
DA:45,0
DA:47,0
DA:50,0
DA:51,0
DA:54,0
DA:55,0
DA:58,0
DA:62,0
DA:72,0
DA:73,0
DA:74,0
DA:77,0
DA:78,0
DA:81,0
DA:82,0
DA:85,0
DA:95,0
DA:97,0
DA:98,0
DA:99,0
DA:102,0
DA:103,0
DA:104,0
DA:107,0
DA:108,0
DA:109,0
DA:110,0
DA:113,0
DA:114,0
DA:117,0
DA:119,0
DA:120,0
DA:122,0
DA:124,0
DA:125,0
DA:127,0
DA:129,0
DA:130,0
DA:132,0
DA:134,0
DA:135,0
DA:137,0
DA:139,0
DA:140,0
DA:142,0
DA:144,0
DA:146,0
DA:150,1
DA:154,0
DA:155,0
DA:157,0
DA:158,0
DA:164,0
DA:165,0
DA:167,0
DA:168,0
DA:170,0
DA:171,0
DA:172,0
DA:175,0
DA:176,0
DA:177,0
DA:178,0
DA:180,0
DA:183,0
DA:184,0
DA:185,0
DA:186,0
DA:188,0
DA:191,0
DA:192,0
DA:193,0
DA:194,0
DA:197,0
DA:198,0
DA:200,0
DA:201,0
DA:204,0
DA:205,0
DA:206,0
DA:208,0
DA:209,0
DA:210,0
DA:216,0
DA:217,0
DA:218,0
DA:220,0
DA:221,0
DA:227,0
LF:101
LH:2
BRDA:29,0,0,0
BRDA:29,0,1,0
BRDA:37,1,0,0
BRDA:37,1,1,0
BRDA:37,2,0,0
BRDA:37,2,1,0
BRDA:42,3,0,0
BRDA:42,3,1,0
BRDA:44,4,0,0
BRDA:44,4,1,0
BRDA:50,5,0,0
BRDA:50,5,1,0
BRDA:50,6,0,0
BRDA:50,6,1,0
BRDA:54,7,0,0
BRDA:54,7,1,0
BRDA:54,8,0,0
BRDA:54,8,1,0
BRDA:58,9,0,0
BRDA:58,9,1,0
BRDA:59,10,0,0
BRDA:59,10,1,0
BRDA:72,11,0,0
BRDA:72,11,1,0
BRDA:72,12,0,0
BRDA:72,12,1,0
BRDA:77,13,0,0
BRDA:77,13,1,0
BRDA:81,14,0,0
BRDA:81,14,1,0
BRDA:81,15,0,0
BRDA:81,15,1,0
BRDA:97,16,0,0
BRDA:97,16,1,0
BRDA:97,17,0,0
BRDA:97,17,1,0
BRDA:102,18,0,0
BRDA:102,18,1,0
BRDA:108,19,0,0
BRDA:108,19,1,0
BRDA:113,20,0,0
BRDA:113,20,1,0
BRDA:113,21,0,0
BRDA:113,21,1,0
BRDA:117,22,0,0
BRDA:117,22,1,0
BRDA:117,22,2,0
BRDA:117,22,3,0
BRDA:117,22,4,0
BRDA:117,22,5,0
BRDA:117,22,6,0
BRDA:119,23,0,0
BRDA:119,23,1,0
BRDA:124,24,0,0
BRDA:124,24,1,0
BRDA:129,25,0,0
BRDA:129,25,1,0
BRDA:134,26,0,0
BRDA:134,26,1,0
BRDA:134,27,0,0
BRDA:134,27,1,0
BRDA:139,28,0,0
BRDA:139,28,1,0
BRDA:139,29,0,0
BRDA:139,29,1,0
BRDA:157,30,0,0
BRDA:157,30,1,0
BRDA:170,31,0,0
BRDA:170,31,1,0
BRDA:170,32,0,0
BRDA:170,32,1,0
BRDA:175,33,0,0
BRDA:175,33,1,0
BRDA:177,34,0,0
BRDA:177,34,1,0
BRDA:183,35,0,0
BRDA:183,35,1,0
BRDA:185,36,0,0
BRDA:185,36,1,0
BRDA:191,37,0,0
BRDA:191,37,1,0
BRDA:193,38,0,0
BRDA:193,38,1,0
BRDA:193,39,0,0
BRDA:193,39,1,0
BRDA:200,40,0,0
BRDA:200,40,1,0
BRDA:200,41,0,0
BRDA:200,41,1,0
BRDA:204,42,0,0
BRDA:204,42,1,0
BRDA:205,43,0,0
BRDA:205,43,1,0
BRDA:209,44,0,0
BRDA:209,44,1,0
BRDA:216,45,0,0
BRDA:216,45,1,0
BRDA:217,46,0,0
BRDA:217,46,1,0
BRF:99
BRH:0
end_of_record
TN:
SF:src/config/types.ts
FNF:0
FNH:0
DA:8,3
DA:121,3
DA:142,3
LF:3
LH:3
BRF:0
BRH:0
end_of_record
TN:
SF:src/config/validator-strict.ts
FNF:0
FNH:0
DA:1,0
LF:1
LH:0
BRF:0
BRH:0
end_of_record
TN:
SF:src/config/validator.ts
FN:61,isValidUrl
FN:77,ensureUnique
FN:88,validateActivityPoller
FN:106,validateFeatureToggles
FN:117,(anonymous_4)
FN:143,validateApiKeySeed
FN:163,validateAuthenticatorSeed
FN:184,validateRootUsers
FN:199,(anonymous_8)
FN:231,(anonymous_9)
FN:237,(anonymous_10)
FN:243,(anonymous_11)
FN:255,(anonymous_12)
FN:278,validateWalletTemplates
FN:292,(anonymous_14)
FN:328,(anonymous_15)
FN:380,validateWalletArchitecture
FN:397,(anonymous_17)
FN:431,validatePartners
FN:445,(anonymous_19)
FN:470,(anonymous_20)
FN:482,(anonymous_21)
FN:495,validateRoles
FN:508,(anonymous_23)
FN:548,(anonymous_24)
FN:554,(anonymous_25)
FN:586,validateAutomationUsers
FN:600,(anonymous_27)
FN:632,(anonymous_28)
FN:638,(anonymous_29)
FN:644,(anonymous_30)
FN:656,(anonymous_31)
FN:675,validateSessionConfiguration
FN:685,(anonymous_33)
FN:696,(anonymous_34)
FN:719,(anonymous_35)
FN:729,validatePlatform
FN:773,validateProvisioning
FN:804,validateBusinessModel
FN:847,validateOperations
FN:894,(anonymous_40)
FN:903,validateCompliance
FN:917,(anonymous_42)
FN:935,(anonymous_43)
FN:975,(anonymous_44)
FN:1026,(anonymous_45)
FN:1030,(anonymous_46)
FN:1040,(anonymous_47)
FN:1050,(anonymous_48)
FNF:49
FNH:0
FNDA:0,isValidUrl
FNDA:0,ensureUnique
FNDA:0,validateActivityPoller
FNDA:0,validateFeatureToggles
FNDA:0,(anonymous_4)
FNDA:0,validateApiKeySeed
FNDA:0,validateAuthenticatorSeed
FNDA:0,validateRootUsers
FNDA:0,(anonymous_8)
FNDA:0,(anonymous_9)
FNDA:0,(anonymous_10)
FNDA:0,(anonymous_11)
FNDA:0,(anonymous_12)
FNDA:0,validateWalletTemplates
FNDA:0,(anonymous_14)
FNDA:0,(anonymous_15)
FNDA:0,validateWalletArchitecture
FNDA:0,(anonymous_17)
FNDA:0,validatePartners
FNDA:0,(anonymous_19)
FNDA:0,(anonymous_20)
FNDA:0,(anonymous_21)
FNDA:0,validateRoles
FNDA:0,(anonymous_23)
FNDA:0,(anonymous_24)
FNDA:0,(anonymous_25)
FNDA:0,validateAutomationUsers
FNDA:0,(anonymous_27)
FNDA:0,(anonymous_28)
FNDA:0,(anonymous_29)
FNDA:0,(anonymous_30)
FNDA:0,(anonymous_31)
FNDA:0,validateSessionConfiguration
FNDA:0,(anonymous_33)
FNDA:0,(anonymous_34)
FNDA:0,(anonymous_35)
FNDA:0,validatePlatform
FNDA:0,validateProvisioning
FNDA:0,validateBusinessModel
FNDA:0,validateOperations
FNDA:0,(anonymous_40)
FNDA:0,validateCompliance
FNDA:0,(anonymous_42)
FNDA:0,(anonymous_43)
FNDA:0,(anonymous_44)
FNDA:0,(anonymous_45)
FNDA:0,(anonymous_46)
FNDA:0,(anonymous_47)
FNDA:0,(anonymous_48)
DA:27,1
DA:28,1
DA:29,1
DA:31,1
DA:33,1
DA:62,0
DA:63,0
DA:66,0
DA:67,0
DA:69,0
DA:70,0
DA:71,0
DA:73,0
DA:78,0
DA:79,0
DA:80,0
DA:81,0
DA:83,0
DA:93,0
DA:94,0
DA:97,0
DA:98,0
DA:101,0
DA:102,0
DA:111,0
DA:112,0
DA:115,0
DA:117,0
DA:118,0
DA:120,0
DA:121,0
DA:122,0
DA:125,0
DA:126,0
DA:127,0
DA:128,0
DA:130,0
DA:133,0
DA:134,0
DA:137,0
DA:138,0
DA:144,0
DA:145,0
DA:148,0
DA:149,0
DA:152,0
DA:153,0
DA:156,0
DA:157,0
DA:158,0
DA:168,0
DA:169,0
DA:172,0
DA:173,0
DA:176,0
DA:180,0
DA:191,0
DA:192,0
DA:193,0
DA:196,0
DA:197,0
DA:199,0
DA:200,0
DA:202,0
DA:203,0
DA:204,0
DA:207,0
DA:208,0
DA:209,0
DA:210,0
DA:212,0
DA:215,0
DA:216,0
DA:219,0
DA:220,0
DA:223,0
DA:227,0
DA:230,0
DA:231,0
DA:232,0
DA:236,0
DA:237,0
DA:238,0
DA:242,0
DA:243,0
DA:244,0
DA:245,0
DA:246,0
DA:248,0
DA:249,0
DA:254,0
DA:255,0
DA:256,0
DA:257,0
DA:259,0
DA:265,0
DA:266,0
DA:267,0
DA:268,0
DA:269,0
DA:270,0
DA:275,0
DA:283,0
DA:284,0
DA:285,0
DA:288,0
DA:289,0
DA:290,0
DA:292,0
DA:293,0
DA:295,0
DA:296,0
DA:297,0
DA:300,0
DA:301,0
DA:303,0
DA:306,0
DA:307,0
DA:310,0
DA:311,0
DA:314,0
DA:318,0
DA:323,0
DA:324,0
DA:326,0
DA:328,0
DA:329,0
DA:331,0
DA:332,0
DA:334,0
DA:335,0
DA:337,0
DA:340,0
DA:341,0
DA:343,0
DA:344,0
DA:348,0
DA:349,0
DA:352,0
DA:353,0
DA:356,0
DA:357,0
DA:360,0
DA:361,0
DA:364,0
DA:365,0
DA:368,0
DA:369,0
DA:375,0
DA:377,0
DA:385,0
DA:386,0
DA:387,0
DA:390,0
DA:392,0
DA:394,0
DA:395,0
DA:397,0
DA:398,0
DA:399,0
DA:400,0
DA:401,0
DA:404,0
DA:405,0
DA:406,0
DA:407,0
DA:409,0
DA:413,0
DA:414,0
DA:417,0
DA:418,0
DA:422,0
DA:438,0
DA:439,0
DA:440,0
DA:443,0
DA:445,0
DA:446,0
DA:448,0
DA:449,0
DA:450,0
DA:453,0
DA:454,0
DA:455,0
DA:456,0
DA:458,0
DA:461,0
DA:462,0
DA:465,0
DA:466,0
DA:469,0
DA:470,0
DA:471,0
DA:472,0
DA:473,0
DA:474,0
DA:475,0
DA:480,0
DA:482,0
DA:484,0
DA:487,0
DA:488,0
DA:492,0
DA:501,0
DA:502,0
DA:505,0
DA:506,0
DA:508,0
DA:509,0
DA:511,0
DA:512,0
DA:513,0
DA:516,0
DA:517,0
DA:518,0
DA:519,0
DA:521,0
DA:524,0
DA:525,0
DA:528,0
DA:529,0
DA:532,0
DA:533,0
DA:535,0
DA:536,0
DA:542,0
DA:548,0
DA:549,0
DA:550,0
DA:554,0
DA:555,0
DA:556,0
DA:557,0
DA:562,0
DA:563,0
DA:565,0
DA:568,0
DA:569,0
DA:570,0
DA:571,0
DA:576,0
DA:577,0
DA:578,0
DA:583,0
DA:592,0
DA:593,0
DA:594,0
DA:597,0
DA:598,0
DA:600,0
DA:601,0
DA:603,0
DA:604,0
DA:605,0
DA:608,0
DA:609,0
DA:610,0
DA:611,0
DA:613,0
DA:616,0
DA:617,0
DA:620,0
DA:621,0
DA:624,0
DA:628,0
DA:631,0
DA:632,0
DA:633,0
DA:637,0
DA:638,0
DA:639,0
DA:643,0
DA:644,0
DA:645,0
DA:646,0
DA:647,0
DA:649,0
DA:650,0
DA:655,0
DA:656,0
DA:657,0
DA:658,0
DA:660,0
DA:665,0
DA:666,0
DA:670,0
DA:672,0
DA:681,0
DA:682,0
DA:685,0
DA:686,0
DA:687,0
DA:688,0
DA:691,0
DA:692,0
DA:693,0
DA:694,0
DA:696,0
DA:701,0
DA:702,0
DA:705,0
DA:706,0
DA:710,0
DA:711,0
DA:714,0
DA:715,0
DA:718,0
DA:719,0
DA:720,0
DA:721,0
DA:722,0
DA:724,0
DA:734,0
DA:735,0
DA:736,0
DA:739,0
DA:740,0
DA:743,0
DA:744,0
DA:747,0
DA:748,0
DA:751,0
DA:753,0
DA:754,0
DA:756,0
DA:757,0
DA:760,0
DA:761,0
DA:764,0
DA:768,0
DA:778,0
DA:779,0
DA:780,0
DA:783,0
DA:784,0
DA:787,0
DA:795,0
DA:797,0
DA:798,0
DA:801,0
DA:808,0
DA:809,0
DA:810,0
DA:819,0
DA:825,0
DA:826,0
DA:827,0
DA:830,0
DA:838,0
DA:848,0
DA:849,0
DA:852,0
DA:853,0
DA:854,0
DA:855,0
DA:856,0
DA:858,0
DA:859,0
DA:861,0
DA:862,0
DA:866,0
DA:868,0
DA:872,0
DA:876,0
DA:877,0
DA:878,0
DA:879,0
DA:882,0
DA:886,0
DA:889,0
DA:890,0
DA:893,0
DA:894,0
DA:895,0
DA:896,0
DA:908,0
DA:909,0
DA:912,0
DA:913,0
DA:916,0
DA:917,0
DA:918,0
DA:919,0
DA:924,0
DA:925,0
DA:926,0
DA:928,0
DA:929,0
DA:934,1
DA:936,0
DA:937,0
DA:939,0
DA:940,0
DA:947,0
DA:949,0
DA:951,0
DA:953,0
DA:954,0
DA:956,0
DA:963,0
DA:964,0
DA:967,0
DA:974,0
DA:975,0
DA:976,0
DA:980,0
DA:986,0
DA:993,0
DA:997,0
DA:1002,0
DA:1003,0
DA:1005,0
DA:1006,0
DA:1018,0
DA:1023,0
DA:1024,0
DA:1026,0
DA:1027,0
DA:1028,0
DA:1030,0
DA:1031,0
DA:1032,0
DA:1039,0
DA:1040,0
DA:1041,0
DA:1042,0
DA:1049,0
DA:1050,0
DA:1051,0
DA:1052,0
DA:1061,0
DA:1062,0
DA:1064,0
LF:433
LH:6
BRDA:62,0,0,0
BRDA:62,0,1,0
BRDA:66,1,0,0
BRDA:66,1,1,0
BRDA:80,2,0,0
BRDA:80,2,1,0
BRDA:93,3,0,0
BRDA:93,3,1,0
BRDA:97,4,0,0
BRDA:97,4,1,0
BRDA:97,5,0,0
BRDA:97,5,1,0
BRDA:101,6,0,0
BRDA:101,6,1,0
BRDA:101,7,0,0
BRDA:101,7,1,0
BRDA:111,8,0,0
BRDA:111,8,1,0
BRDA:120,9,0,0
BRDA:120,9,1,0
BRDA:120,10,0,0
BRDA:120,10,1,0
BRDA:125,11,0,0
BRDA:125,11,1,0
BRDA:127,12,0,0
BRDA:127,12,1,0
BRDA:133,13,0,0
BRDA:133,13,1,0
BRDA:133,14,0,0
BRDA:133,14,1,0
BRDA:137,15,0,0
BRDA:137,15,1,0
BRDA:137,16,0,0
BRDA:137,16,1,0
BRDA:137,16,2,0
BRDA:144,17,0,0
BRDA:144,17,1,0
BRDA:148,18,0,0
BRDA:148,18,1,0
BRDA:152,19,0,0
BRDA:152,19,1,0
BRDA:152,20,0,0
BRDA:152,20,1,0
BRDA:156,21,0,0
BRDA:156,21,1,0
BRDA:157,22,0,0
BRDA:157,22,1,0
BRDA:157,23,0,0
BRDA:157,23,1,0
BRDA:168,24,0,0
BRDA:168,24,1,0
BRDA:172,25,0,0
BRDA:172,25,1,0
BRDA:172,26,0,0
BRDA:172,26,1,0
BRDA:176,27,0,0
BRDA:176,27,1,0
BRDA:177,28,0,0
BRDA:177,28,1,0
BRDA:191,29,0,0
BRDA:191,29,1,0
BRDA:191,30,0,0
BRDA:191,30,1,0
BRDA:202,31,0,0
BRDA:202,31,1,0
BRDA:202,32,0,0
BRDA:202,32,1,0
BRDA:207,33,0,0
BRDA:207,33,1,0
BRDA:209,34,0,0
BRDA:209,34,1,0
BRDA:215,35,0,0
BRDA:215,35,1,0
BRDA:219,36,0,0
BRDA:219,36,1,0
BRDA:219,37,0,0
BRDA:219,37,1,0
BRDA:223,38,0,0
BRDA:223,38,1,0
BRDA:224,39,0,0
BRDA:224,39,1,0
BRDA:230,40,0,0
BRDA:230,40,1,0
BRDA:236,41,0,0
BRDA:236,41,1,0
BRDA:242,42,0,0
BRDA:242,42,1,0
BRDA:245,43,0,0
BRDA:245,43,1,0
BRDA:248,44,0,0
BRDA:248,44,1,0
BRDA:254,45,0,0
BRDA:254,45,1,0
BRDA:256,46,0,0
BRDA:256,46,1,0
BRDA:265,47,0,0
BRDA:265,47,1,0
BRDA:265,48,0,0
BRDA:265,48,1,0
BRDA:267,49,0,0
BRDA:267,49,1,0
BRDA:269,50,0,0
BRDA:269,50,1,0
BRDA:283,51,0,0
BRDA:283,51,1,0
BRDA:283,52,0,0
BRDA:283,52,1,0
BRDA:295,53,0,0
BRDA:295,53,1,0
BRDA:295,54,0,0
BRDA:295,54,1,0
BRDA:300,55,0,0
BRDA:300,55,1,0
BRDA:306,56,0,0
BRDA:306,56,1,0
BRDA:310,57,0,0
BRDA:310,57,1,0
BRDA:314,58,0,0
BRDA:314,58,1,0
BRDA:315,59,0,0
BRDA:315,59,1,0
BRDA:323,60,0,0
BRDA:323,60,1,0
BRDA:323,61,0,0
BRDA:323,61,1,0
BRDA:331,62,0,0
BRDA:331,62,1,0
BRDA:334,63,0,0
BRDA:334,63,1,0
BRDA:340,64,0,0
BRDA:340,64,1,0
BRDA:348,65,0,0
BRDA:348,65,1,0
BRDA:352,66,0,0
BRDA:352,66,1,0
BRDA:356,67,0,0
BRDA:356,67,1,0
BRDA:360,68,0,0
BRDA:360,68,1,0
BRDA:364,69,0,0
BRDA:364,69,1,0
BRDA:364,70,0,0
BRDA:364,70,1,0
BRDA:368,71,0,0
BRDA:368,71,1,0
BRDA:368,72,0,0
BRDA:368,72,1,0
BRDA:385,73,0,0
BRDA:385,73,1,0
BRDA:385,74,0,0
BRDA:385,74,1,0
BRDA:385,74,2,0
BRDA:394,75,0,0
BRDA:394,75,1,0
BRDA:394,76,0,0
BRDA:394,76,1,0
BRDA:394,76,2,0
BRDA:399,77,0,0
BRDA:399,77,1,0
BRDA:399,78,0,0
BRDA:399,78,1,0
BRDA:404,79,0,0
BRDA:404,79,1,0
BRDA:406,80,0,0
BRDA:406,80,1,0
BRDA:413,81,0,0
BRDA:413,81,1,0
BRDA:417,82,0,0
BRDA:417,82,1,0
BRDA:438,83,0,0
BRDA:438,83,1,0
BRDA:438,84,0,0
BRDA:438,84,1,0
BRDA:448,85,0,0
BRDA:448,85,1,0
BRDA:448,86,0,0
BRDA:448,86,1,0
BRDA:453,87,0,0
BRDA:453,87,1,0
BRDA:455,88,0,0
BRDA:455,88,1,0
BRDA:461,89,0,0
BRDA:461,89,1,0
BRDA:465,90,0,0
BRDA:465,90,1,0
BRDA:469,91,0,0
BRDA:469,91,1,0
BRDA:472,92,0,0
BRDA:472,92,1,0
BRDA:474,93,0,0
BRDA:474,93,1,0
BRDA:480,94,0,0
BRDA:480,94,1,0
BRDA:481,95,0,0
BRDA:481,95,1,0
BRDA:481,95,2,0
BRDA:487,96,0,0
BRDA:487,96,1,0
BRDA:487,97,0,0
BRDA:487,97,1,0
BRDA:501,98,0,0
BRDA:501,98,1,0
BRDA:511,99,0,0
BRDA:511,99,1,0
BRDA:511,100,0,0
BRDA:511,100,1,0
BRDA:516,101,0,0
BRDA:516,101,1,0
BRDA:518,102,0,0
BRDA:518,102,1,0
BRDA:524,103,0,0
BRDA:524,103,1,0
BRDA:528,104,0,0
BRDA:528,104,1,0
BRDA:532,105,0,0
BRDA:532,105,1,0
BRDA:532,106,0,0
BRDA:532,106,1,0
BRDA:532,106,2,0
BRDA:549,107,0,0
BRDA:549,107,1,0
BRDA:556,108,0,0
BRDA:556,108,1,0
BRDA:556,109,0,0
BRDA:556,109,1,0
BRDA:562,110,0,0
BRDA:562,110,1,0
BRDA:570,111,0,0
BRDA:570,111,1,0
BRDA:570,112,0,0
BRDA:570,112,1,0
BRDA:576,113,0,0
BRDA:576,113,1,0
BRDA:577,114,0,0
BRDA:577,114,1,0
BRDA:577,115,0,0
BRDA:577,115,1,0
BRDA:592,116,0,0
BRDA:592,116,1,0
BRDA:592,117,0,0
BRDA:592,117,1,0
BRDA:603,118,0,0
BRDA:603,118,1,0
BRDA:603,119,0,0
BRDA:603,119,1,0
BRDA:608,120,0,0
BRDA:608,120,1,0
BRDA:610,121,0,0
BRDA:610,121,1,0
BRDA:616,122,0,0
BRDA:616,122,1,0
BRDA:620,123,0,0
BRDA:620,123,1,0
BRDA:620,124,0,0
BRDA:620,124,1,0
BRDA:624,125,0,0
BRDA:624,125,1,0
BRDA:625,126,0,0
BRDA:625,126,1,0
BRDA:631,127,0,0
BRDA:631,127,1,0
BRDA:637,128,0,0
BRDA:637,128,1,0
BRDA:643,129,0,0
BRDA:643,129,1,0
BRDA:646,130,0,0
BRDA:646,130,1,0
BRDA:649,131,0,0
BRDA:649,131,1,0
BRDA:655,132,0,0
BRDA:655,132,1,0
BRDA:657,133,0,0
BRDA:657,133,1,0
BRDA:665,134,0,0
BRDA:665,134,1,0
BRDA:665,135,0,0
BRDA:665,135,1,0
BRDA:681,136,0,0
BRDA:681,136,1,0
BRDA:686,137,0,0
BRDA:686,137,1,0
BRDA:686,138,0,0
BRDA:686,138,1,0
BRDA:691,139,0,0
BRDA:691,139,1,0
BRDA:691,140,0,0
BRDA:691,140,1,0
BRDA:693,141,0,0
BRDA:693,141,1,0
BRDA:701,142,0,0
BRDA:701,142,1,0
BRDA:701,143,0,0
BRDA:701,143,1,0
BRDA:705,144,0,0
BRDA:705,144,1,0
BRDA:705,145,0,0
BRDA:705,145,1,0
BRDA:710,146,0,0
BRDA:710,146,1,0
BRDA:714,147,0,0
BRDA:714,147,1,0
BRDA:718,148,0,0
BRDA:718,148,1,0
BRDA:721,149,0,0
BRDA:721,149,1,0
BRDA:734,150,0,0
BRDA:734,150,1,0
BRDA:734,151,0,0
BRDA:734,151,1,0
BRDA:734,151,2,0
BRDA:739,152,0,0
BRDA:739,152,1,0
BRDA:743,153,0,0
BRDA:743,153,1,0
BRDA:747,154,0,0
BRDA:747,154,1,0
BRDA:747,155,0,0
BRDA:747,155,1,0
BRDA:753,156,0,0
BRDA:753,156,1,0
BRDA:753,157,0,0
BRDA:753,157,1,0
BRDA:753,157,2,0
BRDA:756,158,0,0
BRDA:756,158,1,0
BRDA:760,159,0,0
BRDA:760,159,1,0
BRDA:764,160,0,0
BRDA:764,160,1,0
BRDA:765,161,0,0
BRDA:765,161,1,0
BRDA:778,162,0,0
BRDA:778,162,1,0
BRDA:778,163,0,0
BRDA:778,163,1,0
BRDA:778,163,2,0
BRDA:783,164,0,0
BRDA:783,164,1,0
BRDA:797,165,0,0
BRDA:797,165,1,0
BRDA:797,166,0,0
BRDA:797,166,1,0
BRDA:808,167,0,0
BRDA:808,167,1,0
BRDA:808,168,0,0
BRDA:808,168,1,0
BRDA:808,168,2,0
BRDA:826,169,0,0
BRDA:826,169,1,0
BRDA:826,170,0,0
BRDA:826,170,1,0
BRDA:826,170,2,0
BRDA:831,171,0,0
BRDA:831,171,1,0
BRDA:843,172,0,0
BRDA:843,172,1,0
BRDA:848,173,0,0
BRDA:848,173,1,0
BRDA:853,174,0,0
BRDA:853,174,1,0
BRDA:854,175,0,0
BRDA:854,175,1,0
BRDA:855,176,0,0
BRDA:855,176,1,0
BRDA:855,177,0,0
BRDA:855,177,1,0
BRDA:858,178,0,0
BRDA:858,178,1,0
BRDA:858,179,0,0
BRDA:858,179,1,0
BRDA:861,180,0,0
BRDA:861,180,1,0
BRDA:861,181,0,0
BRDA:861,181,1,0
BRDA:868,182,0,0
BRDA:868,182,1,0
BRDA:869,183,0,0
BRDA:869,183,1,0
BRDA:869,183,2,0
BRDA:877,184,0,0
BRDA:877,184,1,0
BRDA:878,185,0,0
BRDA:878,185,1,0
BRDA:882,186,0,0
BRDA:882,186,1,0
BRDA:883,187,0,0
BRDA:883,187,1,0
BRDA:889,188,0,0
BRDA:889,188,1,0
BRDA:889,189,0,0
BRDA:889,189,1,0
BRDA:893,190,0,0
BRDA:893,190,1,0
BRDA:895,191,0,0
BRDA:895,191,1,0
BRDA:908,192,0,0
BRDA:908,192,1,0
BRDA:912,193,0,0
BRDA:912,193,1,0
BRDA:912,194,0,0
BRDA:912,194,1,0
BRDA:916,195,0,0
BRDA:916,195,1,0
BRDA:918,196,0,0
BRDA:918,196,1,0
BRDA:924,197,0,0
BRDA:924,197,1,0
BRDA:925,198,0,0
BRDA:925,198,1,0
BRDA:925,199,0,0
BRDA:925,199,1,0
BRDA:928,200,0,0
BRDA:928,200,1,0
BRDA:939,201,0,0
BRDA:939,201,1,0
BRDA:939,202,0,0
BRDA:939,202,1,0
BRDA:953,203,0,0
BRDA:953,203,1,0
BRDA:953,204,0,0
BRDA:953,204,1,0
BRDA:953,204,2,0
BRDA:963,205,0,0
BRDA:963,205,1,0
BRDA:963,206,0,0
BRDA:963,206,1,0
BRDA:963,206,2,0
BRDA:974,207,0,0
BRDA:974,207,1,0
BRDA:976,208,0,0
BRDA:976,208,1,0
BRDA:977,209,0,0
BRDA:977,209,1,0
BRDA:993,210,0,0
BRDA:993,210,1,0
BRDA:994,211,0,0
BRDA:994,211,1,0
BRDA:1002,212,0,0
BRDA:1002,212,1,0
BRDA:1002,213,0,0
BRDA:1002,213,1,0
BRDA:1002,213,2,0
BRDA:1019,214,0,0
BRDA:1019,214,1,0
BRDA:1026,215,0,0
BRDA:1026,215,1,0
BRDA:1027,216,0,0
BRDA:1027,216,1,0
BRDA:1027,217,0,0
BRDA:1027,217,1,0
BRDA:1031,218,0,0
BRDA:1031,218,1,0
BRDA:1039,219,0,0
BRDA:1039,219,1,0
BRDA:1041,220,0,0
BRDA:1041,220,1,0
BRDA:1049,221,0,0
BRDA:1049,221,1,0
BRDA:1051,222,0,0
BRDA:1051,222,1,0
BRF:460
BRH:0
end_of_record
TN:
SF:src/config/presets/roles.ts
FNF:0
FNH:0
DA:3,0
LF:1
LH:0
BRF:0
BRH:0
end_of_record
TN:
SF:src/contracts/shared-config.ts
FN:117,(anonymous_0)
FN:151,(anonymous_1)
FN:215,(anonymous_2)
FNF:3
FNH:0
FNDA:0,(anonymous_0)
FNDA:0,(anonymous_1)
FNDA:0,(anonymous_2)
DA:1,0
DA:63,0
DA:78,0
DA:79,0
DA:86,0
DA:87,0
DA:117,0
DA:118,0
DA:119,0
DA:120,0
DA:121,0
DA:122,0
DA:123,0
DA:124,0
DA:150,0
DA:152,0
DA:153,0
DA:156,0
DA:158,0
DA:159,0
DA:160,0
DA:162,0
DA:163,0
DA:164,0
DA:166,0
DA:167,0
DA:168,0
DA:169,0
DA:170,0
DA:171,0
DA:173,0
DA:174,0
DA:175,0
DA:176,0
DA:177,0
DA:178,0
DA:179,0
DA:183,0
DA:186,0
DA:187,0
DA:188,0
DA:189,0
DA:190,0
DA:192,0
DA:193,0
DA:194,0
DA:195,0
DA:196,0
DA:198,0
DA:199,0
DA:200,0
DA:201,0
DA:202,0
DA:204,0
DA:205,0
DA:207,0
DA:208,0
DA:212,0
DA:216,0
DA:217,0
DA:220,0
DA:222,0
DA:223,0
DA:224,0
DA:225,0
DA:226,0
DA:228,0
LF:67
LH:0
BRDA:117,0,0,0
BRDA:117,0,1,0
BRDA:152,1,0,0
BRDA:152,1,1,0
BRDA:158,2,0,0
BRDA:158,2,1,0
BRDA:159,3,0,0
BRDA:159,3,1,0
BRDA:160,4,0,0
BRDA:160,4,1,0
BRDA:162,5,0,0
BRDA:162,5,1,0
BRDA:162,6,0,0
BRDA:162,6,1,0
BRDA:163,7,0,0
BRDA:163,7,1,0
BRDA:164,8,0,0
BRDA:164,8,1,0
BRDA:164,9,0,0
BRDA:164,9,1,0
BRDA:167,10,0,0
BRDA:167,10,1,0
BRDA:168,11,0,0
BRDA:168,11,1,0
BRDA:169,12,0,0
BRDA:169,12,1,0
BRDA:169,13,0,0
BRDA:169,13,1,0
BRDA:170,14,0,0
BRDA:170,14,1,0
BRDA:170,15,0,0
BRDA:170,15,1,0
BRDA:171,16,0,0
BRDA:171,16,1,0
BRDA:171,17,0,0
BRDA:171,17,1,0
BRDA:174,18,0,0
BRDA:174,18,1,0
BRDA:175,19,0,0
BRDA:175,19,1,0
BRDA:176,20,0,0
BRDA:176,20,1,0
BRDA:177,21,0,0
BRDA:177,21,1,0
BRDA:178,22,0,0
BRDA:178,22,1,0
BRDA:178,23,0,0
BRDA:178,23,1,0
BRDA:179,24,0,0
BRDA:179,24,1,0
BRDA:180,25,0,0
BRDA:180,25,1,0
BRDA:187,26,0,0
BRDA:187,26,1,0
BRDA:188,27,0,0
BRDA:188,27,1,0
BRDA:189,28,0,0
BRDA:189,28,1,0
BRDA:189,29,0,0
BRDA:189,29,1,0
BRDA:190,30,0,0
BRDA:190,30,1,0
BRDA:190,31,0,0
BRDA:190,31,1,0
BRDA:193,32,0,0
BRDA:193,32,1,0
BRDA:194,33,0,0
BRDA:194,33,1,0
BRDA:194,34,0,0
BRDA:194,34,1,0
BRDA:194,34,2,0
BRDA:195,35,0,0
BRDA:195,35,1,0
BRDA:195,36,0,0
BRDA:195,36,1,0
BRDA:196,37,0,0
BRDA:196,37,1,0
BRDA:196,38,0,0
BRDA:196,38,1,0
BRDA:199,39,0,0
BRDA:199,39,1,0
BRDA:200,40,0,0
BRDA:200,40,1,0
BRDA:201,41,0,0
BRDA:201,41,1,0
BRDA:201,42,0,0
BRDA:201,42,1,0
BRDA:204,43,0,0
BRDA:204,43,1,0
BRDA:204,44,0,0
BRDA:204,44,1,0
BRDA:207,45,0,0
BRDA:207,45,1,0
BRDA:207,46,0,0
BRDA:207,46,1,0
BRDA:216,47,0,0
BRDA:216,47,1,0
BRDA:222,48,0,0
BRDA:222,48,1,0
BRDA:223,49,0,0
BRDA:223,49,1,0
BRDA:224,50,0,0
BRDA:224,50,1,0
BRDA:225,51,0,0
BRDA:225,51,1,0
BRDA:226,52,0,0
BRDA:226,52,1,0
BRDA:226,53,0,0
BRDA:226,53,1,0
BRF:109
BRH:0
end_of_record
TN:
SF:src/core/error-handler.ts
FN:22,(anonymous_0)
FN:35,(anonymous_1)
FN:49,(anonymous_2)
FN:61,(anonymous_3)
FN:66,toTurnkeyServiceError
FN:85,retryWithBackoff
FN:105,(anonymous_6)
FN:113,buildTurnkeyRequestError
FN:123,buildPolicyDeniedError
FN:140,buildActivityFailedError
FN:148,mapTurnkeyRequestError
FN:170,extractPolicyIds
FN:176,(anonymous_12)
FN:184,(anonymous_13)
FNF:14
FNH:0
FNDA:0,(anonymous_0)
FNDA:0,(anonymous_1)
FNDA:0,(anonymous_2)
FNDA:0,(anonymous_3)
FNDA:0,toTurnkeyServiceError
FNDA:0,retryWithBackoff
FNDA:0,(anonymous_6)
FNDA:0,buildTurnkeyRequestError
FNDA:0,buildPolicyDeniedError
FNDA:0,buildActivityFailedError
FNDA:0,mapTurnkeyRequestError
FNDA:0,extractPolicyIds
FNDA:0,(anonymous_12)
FNDA:0,(anonymous_13)
DA:1,2
DA:4,2
DA:21,2
DA:24,0
DA:25,0
DA:26,0
DA:27,0
DA:29,0
DA:30,0
DA:34,2
DA:37,0
DA:38,0
DA:39,0
DA:40,0
DA:41,0
DA:44,0
DA:48,2
DA:51,0
DA:56,0
DA:60,2
DA:61,0
DA:62,0
DA:66,2
DA:70,0
DA:71,0
DA:74,0
DA:75,0
DA:78,0
DA:79,0
DA:82,0
DA:85,2
DA:92,0
DA:93,0
DA:94,0
DA:96,0
DA:98,0
DA:99,0
DA:100,0
DA:103,0
DA:104,0
DA:105,0
DA:110,0
DA:113,2
DA:117,0
DA:118,0
DA:120,0
DA:123,2
DA:127,0
DA:128,0
DA:131,0
DA:132,0
DA:135,0
DA:136,0
DA:137,0
DA:140,2
DA:145,0
DA:152,0
DA:154,0
DA:156,0
DA:158,0
DA:159,0
DA:162,0
DA:164,0
DA:166,0
DA:171,0
DA:172,0
DA:175,0
DA:176,0
DA:177,0
DA:178,0
DA:181,0
DA:183,0
DA:184,0
DA:185,0
DA:186,0
DA:187,0
DA:190,0
DA:193,0
DA:194,0
DA:195,0
DA:199,0
LF:81
LH:11
BRDA:70,0,0,0
BRDA:70,0,1,0
BRDA:74,1,0,0
BRDA:74,1,1,0
BRDA:78,2,0,0
BRDA:78,2,1,0
BRDA:87,3,0,0
BRDA:88,4,0,0
BRDA:99,5,0,0
BRDA:99,5,1,0
BRDA:99,6,0,0
BRDA:99,6,1,0
BRDA:103,7,0,0
BRDA:103,7,1,0
BRDA:117,8,0,0
BRDA:117,8,1,0
BRDA:127,9,0,0
BRDA:127,9,1,0
BRDA:131,10,0,0
BRDA:131,10,1,0
BRDA:135,11,0,0
BRDA:135,11,1,0
BRDA:142,12,0,0
BRDA:152,13,0,0
BRDA:152,13,1,0
BRDA:154,14,0,0
BRDA:154,14,1,0
BRDA:154,14,2,0
BRDA:154,14,3,0
BRDA:154,14,4,0
BRDA:159,15,0,0
BRDA:159,15,1,0
BRDA:171,16,0,0
BRDA:171,16,1,0
BRDA:177,17,0,0
BRDA:177,17,1,0
BRDA:177,18,0,0
BRDA:177,18,1,0
BRDA:181,19,0,0
BRDA:181,19,1,0
BRDA:183,20,0,0
BRDA:183,20,1,0
BRDA:185,21,0,0
BRDA:185,21,1,0
BRDA:186,22,0,0
BRDA:186,22,1,0
BRDA:193,23,0,0
BRDA:193,23,1,0
BRDA:194,24,0,0
BRDA:194,24,1,0
BRF:50
BRH:0
end_of_record
TN:
SF:src/core/ip-validator.ts
FN:18,(anonymous_9)
FN:26,(anonymous_10)
FN:53,(anonymous_11)
FN:85,(anonymous_12)
FN:92,(anonymous_13)
FN:93,(anonymous_14)
FN:113,(anonymous_15)
FN:126,(anonymous_16)
FN:129,(anonymous_17)
FN:136,(anonymous_18)
FN:143,(anonymous_19)
FN:157,(anonymous_20)
FNF:12
FNH:0
FNDA:0,(anonymous_9)
FNDA:0,(anonymous_10)
FNDA:0,(anonymous_11)
FNDA:0,(anonymous_12)
FNDA:0,(anonymous_13)
FNDA:0,(anonymous_14)
FNDA:0,(anonymous_15)
FNDA:0,(anonymous_16)
FNDA:0,(anonymous_17)
FNDA:0,(anonymous_18)
FNDA:0,(anonymous_19)
FNDA:0,(anonymous_20)
DA:6,0
DA:14,0
DA:16,0
DA:19,0
DA:20,0
DA:28,0
DA:30,0
DA:31,0
DA:33,0
DA:34,0
DA:36,0
DA:37,0
DA:40,0
DA:43,0
DA:44,0
DA:54,0
DA:55,0
DA:58,0
DA:59,0
DA:63,0
DA:64,0
DA:68,0
DA:69,0
DA:73,0
DA:74,0
DA:75,0
DA:79,0
DA:86,0
DA:93,0
DA:96,0
DA:99,0
DA:102,0
DA:105,0
DA:107,0
DA:114,0
DA:115,0
DA:117,0
DA:118,0
DA:120,0
DA:127,0
DA:129,0
DA:137,0
DA:144,0
DA:145,0
DA:148,0
DA:149,0
DA:150,0
DA:158,0
DA:159,0
DA:160,0
DA:161,0
LF:51
LH:0
BRDA:31,0,0,0
BRDA:31,0,1,0
BRDA:36,1,0,0
BRDA:36,1,1,0
BRDA:36,2,0,0
BRDA:36,2,1,0
BRDA:36,2,2,0
BRDA:43,3,0,0
BRDA:43,3,1,0
BRDA:54,4,0,0
BRDA:54,4,1,0
BRDA:58,5,0,0
BRDA:58,5,1,0
BRDA:63,6,0,0
BRDA:63,6,1,0
BRDA:63,7,0,0
BRDA:63,7,1,0
BRDA:68,8,0,0
BRDA:68,8,1,0
BRDA:74,9,0,0
BRDA:74,9,1,0
BRDA:96,10,0,0
BRDA:96,10,1,0
BRDA:99,11,0,0
BRDA:99,11,1,0
BRDA:99,12,0,0
BRDA:99,12,1,0
BRDA:99,12,2,0
BRDA:102,13,0,0
BRDA:102,13,1,0
BRDA:102,14,0,0
BRDA:102,14,1,0
BRDA:105,15,0,0
BRDA:105,15,1,0
BRDA:144,16,0,0
BRDA:144,16,1,0
BRDA:148,17,0,0
BRDA:148,17,1,0
BRDA:159,18,0,0
BRDA:159,18,1,0
BRF:40
BRH:0
end_of_record
TN:
SF:src/core/secrets-manager.ts
FN:6,(anonymous_0)
FN:55,(anonymous_1)
FN:60,(anonymous_2)
FN:70,(anonymous_3)
FN:91,(anonymous_4)
FN:122,(anonymous_5)
FN:159,(anonymous_6)
FN:163,(anonymous_7)
FN:167,(anonymous_8)
FN:171,(anonymous_9)
FN:185,(anonymous_10)
FN:216,(anonymous_11)
FN:228,(anonymous_12)
FN:241,(anonymous_13)
FN:261,(anonymous_14)
FN:275,(anonymous_15)
FN:282,(anonymous_16)
FN:305,(anonymous_17)
FN:312,(anonymous_18)
FN:316,(anonymous_19)
FN:320,(anonymous_20)
FN:346,(anonymous_21)
FN:388,(anonymous_22)
FN:408,(anonymous_23)
FN:414,(anonymous_24)
FN:421,(anonymous_25)
FNF:26
FNH:1
FNDA:2,(anonymous_0)
FNDA:0,(anonymous_1)
FNDA:0,(anonymous_2)
FNDA:0,(anonymous_3)
FNDA:0,(anonymous_4)
FNDA:0,(anonymous_5)
FNDA:0,(anonymous_6)
FNDA:0,(anonymous_7)
FNDA:0,(anonymous_8)
FNDA:0,(anonymous_9)
FNDA:0,(anonymous_10)
FNDA:0,(anonymous_11)
FNDA:0,(anonymous_12)
FNDA:0,(anonymous_13)
FNDA:0,(anonymous_14)
FNDA:0,(anonymous_15)
FNDA:0,(anonymous_16)
FNDA:0,(anonymous_17)
FNDA:0,(anonymous_18)
FNDA:0,(anonymous_19)
FNDA:0,(anonymous_20)
FNDA:0,(anonymous_21)
FNDA:0,(anonymous_22)
FNDA:0,(anonymous_23)
FNDA:0,(anonymous_24)
FNDA:0,(anonymous_25)
DA:6,2
DA:7,2
DA:8,2
DA:9,2
DA:10,2
DA:46,2
DA:48,2
DA:49,2
DA:50,0
DA:51,0
DA:52,0
DA:56,0
DA:57,0
DA:61,0
DA:62,0
DA:63,0
DA:65,0
DA:67,0
DA:71,0
DA:72,0
DA:75,0
DA:77,0
DA:78,0
DA:80,0
DA:82,0
DA:83,0
DA:85,0
DA:87,0
DA:92,0
DA:93,0
DA:98,0
DA:100,0
DA:101,0
DA:103,0
DA:104,0
DA:106,0
DA:107,0
DA:109,0
DA:110,0
DA:112,0
DA:115,0
DA:116,0
DA:117,0
DA:118,0
DA:119,0
DA:123,0
DA:124,0
DA:125,0
DA:126,0
DA:128,0
DA:129,0
DA:134,0
DA:135,0
DA:137,0
DA:138,0
DA:139,0
DA:142,0
DA:144,0
DA:145,0
DA:148,0
DA:160,0
DA:164,0
DA:168,0
DA:174,0
DA:175,0
DA:178,0
DA:179,0
DA:180,0
DA:181,0
DA:184,0
DA:185,0
DA:186,0
DA:187,0
DA:190,0
DA:191,0
DA:192,0
DA:193,0
DA:197,0
DA:201,0
DA:208,0
DA:210,0
DA:217,0
DA:218,0
DA:221,0
DA:222,0
DA:223,0
DA:224,0
DA:227,0
DA:228,0
DA:229,0
DA:230,0
DA:232,0
DA:235,0
DA:237,0
DA:242,0
DA:244,0
DA:245,0
DA:248,0
DA:249,0
DA:250,0
DA:251,0
DA:253,0
DA:255,0
DA:262,0
DA:263,0
DA:266,0
DA:267,0
DA:270,0
DA:271,0
DA:276,0
DA:277,0
DA:279,0
DA:283,0
DA:285,0
DA:286,0
DA:289,0
DA:295,0
DA:297,0
DA:298,0
DA:306,0
DA:307,0
DA:308,0
DA:313,0
DA:317,0
DA:321,0
DA:322,0
DA:323,0
DA:326,0
DA:327,0
DA:328,0
DA:329,0
DA:330,0
DA:331,0
DA:335,0
DA:336,0
DA:337,0
DA:338,0
DA:339,0
DA:343,0
DA:347,0
DA:348,0
DA:349,0
DA:352,0
DA:353,0
DA:354,0
DA:357,0
DA:358,0
DA:359,0
DA:360,0
DA:363,0
DA:364,0
DA:365,0
DA:366,0
DA:369,0
DA:370,0
DA:371,0
DA:372,0
DA:375,0
DA:376,0
DA:377,0
DA:378,0
DA:383,0
DA:386,0
DA:388,0
DA:389,0
DA:391,0
DA:401,0
DA:402,0
DA:404,0
DA:409,0
DA:410,0
DA:411,0
DA:415,0
DA:416,0
DA:418,0
DA:422,0
LF:176
LH:8
BRDA:6,0,0,2
BRDA:6,0,1,2
BRDA:61,1,0,0
BRDA:61,1,1,0
BRDA:62,2,0,0
BRDA:62,2,1,0
BRDA:71,3,0,0
BRDA:71,3,1,0
BRDA:75,4,0,0
BRDA:75,4,1,0
BRDA:75,4,2,0
BRDA:77,5,0,0
BRDA:77,5,1,0
BRDA:82,6,0,0
BRDA:82,6,1,0
BRDA:92,7,0,0
BRDA:92,7,1,0
BRDA:98,8,0,0
BRDA:98,8,1,0
BRDA:98,8,2,0
BRDA:98,8,3,0
BRDA:98,8,4,0
BRDA:117,9,0,0
BRDA:117,9,1,0
BRDA:128,10,0,0
BRDA:128,10,1,0
BRDA:128,11,0,0
BRDA:128,11,1,0
BRDA:128,11,2,0
BRDA:142,12,0,0
BRDA:142,12,1,0
BRDA:144,13,0,0
BRDA:144,13,1,0
BRDA:144,14,0,0
BRDA:144,14,1,0
BRDA:174,15,0,0
BRDA:174,15,1,0
BRDA:180,16,0,0
BRDA:180,16,1,0
BRDA:186,17,0,0
BRDA:186,17,1,0
BRDA:192,18,0,0
BRDA:192,18,1,0
BRDA:192,19,0,0
BRDA:192,19,1,0
BRDA:197,20,0,0
BRDA:197,20,1,0
BRDA:197,21,0,0
BRDA:197,21,1,0
BRDA:217,22,0,0
BRDA:217,22,1,0
BRDA:223,23,0,0
BRDA:223,23,1,0
BRDA:229,24,0,0
BRDA:229,24,1,0
BRDA:244,25,0,0
BRDA:244,25,1,0
BRDA:250,26,0,0
BRDA:250,26,1,0
BRDA:262,27,0,0
BRDA:262,27,1,0
BRDA:262,28,0,0
BRDA:262,28,1,0
BRDA:266,29,0,0
BRDA:266,29,1,0
BRDA:266,30,0,0
BRDA:266,30,1,0
BRDA:270,31,0,0
BRDA:270,31,1,0
BRDA:276,32,0,0
BRDA:276,32,1,0
BRDA:285,33,0,0
BRDA:285,33,1,0
BRDA:285,34,0,0
BRDA:285,34,1,0
BRDA:297,35,0,0
BRDA:297,35,1,0
BRDA:299,36,0,0
BRDA:299,36,1,0
BRDA:307,37,0,0
BRDA:307,37,1,0
BRDA:307,38,0,0
BRDA:307,38,1,0
BRDA:322,39,0,0
BRDA:322,39,1,0
BRDA:328,40,0,0
BRDA:328,40,1,0
BRDA:330,41,0,0
BRDA:330,41,1,0
BRDA:336,42,0,0
BRDA:336,42,1,0
BRDA:338,43,0,0
BRDA:338,43,1,0
BRDA:348,44,0,0
BRDA:348,44,1,0
BRDA:353,45,0,0
BRDA:353,45,1,0
BRDA:359,46,0,0
BRDA:359,46,1,0
BRDA:365,47,0,0
BRDA:365,47,1,0
BRDA:371,48,0,0
BRDA:371,48,1,0
BRDA:371,49,0,0
BRDA:371,49,1,0
BRDA:378,50,0,0
BRDA:378,50,1,0
BRDA:379,51,0,0
BRDA:379,51,1,0
BRDA:379,51,2,0
BRDA:388,52,0,0
BRDA:388,52,1,0
BRDA:389,53,0,0
BRDA:389,53,1,0
BRDA:415,54,0,0
BRDA:415,54,1,0
BRF:116
BRH:2
end_of_record
TN:
SF:src/core/turnkey-client.ts
FN:54,(anonymous_0)
FN:62,(anonymous_1)
FN:159,cacheKeyToString
FN:166,(anonymous_3)
FN:177,(anonymous_4)
FN:184,(anonymous_5)
FN:194,(anonymous_6)
FN:202,(anonymous_7)
FN:216,(anonymous_8)
FN:254,(anonymous_9)
FN:277,(anonymous_10)
FN:281,(anonymous_11)
FN:319,(anonymous_12)
FN:327,(anonymous_13)
FN:331,(anonymous_14)
FN:366,(anonymous_15)
FN:443,(anonymous_16)
FN:459,(anonymous_17)
FN:495,(anonymous_18)
FN:556,(anonymous_19)
FN:567,(anonymous_20)
FN:578,(anonymous_21)
FN:594,(anonymous_22)
FN:613,(anonymous_23)
FN:620,(anonymous_24)
FN:622,(anonymous_25)
FN:638,(anonymous_26)
FN:691,(anonymous_27)
FN:719,(anonymous_28)
FN:727,(anonymous_29)
FN:729,(anonymous_30)
FN:741,(anonymous_31)
FN:742,(anonymous_32)
FN:768,(anonymous_33)
FN:775,(anonymous_34)
FN:801,(anonymous_35)
FN:833,(anonymous_36)
FN:843,(anonymous_37)
FN:867,(anonymous_38)
FN:884,(anonymous_39)
FN:892,(anonymous_40)
FN:906,(anonymous_41)
FN:913,(anonymous_42)
FN:917,(anonymous_43)
FN:926,(anonymous_44)
FN:932,(anonymous_45)
FN:937,(anonymous_46)
FN:945,(anonymous_47)
FN:962,(anonymous_48)
FN:971,(anonymous_49)
FN:1010,(anonymous_50)
FN:1011,(anonymous_51)
FN:1021,(anonymous_52)
FN:1030,(anonymous_53)
FN:1037,(anonymous_54)
FN:1074,(anonymous_55)
FN:1075,(anonymous_56)
FN:1088,(anonymous_57)
FN:1093,(anonymous_58)
FN:1094,(anonymous_59)
FN:1101,(anonymous_60)
FN:1106,(anonymous_61)
FN:1111,(anonymous_62)
FN:1116,(anonymous_63)
FN:1120,(anonymous_64)
FNF:65
FNH:0
FNDA:0,(anonymous_0)
FNDA:0,(anonymous_1)
FNDA:0,cacheKeyToString
FNDA:0,(anonymous_3)
FNDA:0,(anonymous_4)
FNDA:0,(anonymous_5)
FNDA:0,(anonymous_6)
FNDA:0,(anonymous_7)
FNDA:0,(anonymous_8)
FNDA:0,(anonymous_9)
FNDA:0,(anonymous_10)
FNDA:0,(anonymous_11)
FNDA:0,(anonymous_12)
FNDA:0,(anonymous_13)
FNDA:0,(anonymous_14)
FNDA:0,(anonymous_15)
FNDA:0,(anonymous_16)
FNDA:0,(anonymous_17)
FNDA:0,(anonymous_18)
FNDA:0,(anonymous_19)
FNDA:0,(anonymous_20)
FNDA:0,(anonymous_21)
FNDA:0,(anonymous_22)
FNDA:0,(anonymous_23)
FNDA:0,(anonymous_24)
FNDA:0,(anonymous_25)
FNDA:0,(anonymous_26)
FNDA:0,(anonymous_27)
FNDA:0,(anonymous_28)
FNDA:0,(anonymous_29)
FNDA:0,(anonymous_30)
FNDA:0,(anonymous_31)
FNDA:0,(anonymous_32)
FNDA:0,(anonymous_33)
FNDA:0,(anonymous_34)
FNDA:0,(anonymous_35)
FNDA:0,(anonymous_36)
FNDA:0,(anonymous_37)
FNDA:0,(anonymous_38)
FNDA:0,(anonymous_39)
FNDA:0,(anonymous_40)
FNDA:0,(anonymous_41)
FNDA:0,(anonymous_42)
FNDA:0,(anonymous_43)
FNDA:0,(anonymous_44)
FNDA:0,(anonymous_45)
FNDA:0,(anonymous_46)
FNDA:0,(anonymous_47)
FNDA:0,(anonymous_48)
FNDA:0,(anonymous_49)
FNDA:0,(anonymous_50)
FNDA:0,(anonymous_51)
FNDA:0,(anonymous_52)
FNDA:0,(anonymous_53)
FNDA:0,(anonymous_54)
FNDA:0,(anonymous_55)
FNDA:0,(anonymous_56)
FNDA:0,(anonymous_57)
FNDA:0,(anonymous_58)
FNDA:0,(anonymous_59)
FNDA:0,(anonymous_60)
FNDA:0,(anonymous_61)
FNDA:0,(anonymous_62)
FNDA:0,(anonymous_63)
FNDA:0,(anonymous_64)
DA:1,2
DA:28,2
DA:29,2
DA:54,2
DA:55,0
DA:62,2
DA:63,0
DA:64,0
DA:65,0
DA:66,0
DA:160,0
DA:163,2
DA:164,2
DA:167,0
DA:168,0
DA:171,0
DA:172,0
DA:173,0
DA:174,0
DA:178,0
DA:179,0
DA:181,0
DA:185,0
DA:192,0
DA:195,0
DA:196,0
DA:197,0
DA:203,0
DA:205,0
DA:213,0
DA:217,0
DA:218,0
DA:221,0
DA:222,0
DA:225,0
DA:226,0
DA:227,0
DA:233,0
DA:238,0
DA:239,0
DA:242,0
DA:247,0
DA:248,0
DA:251,0
DA:252,0
DA:253,0
DA:254,0
DA:255,0
DA:256,0
DA:257,0
DA:258,0
DA:259,0
DA:260,0
DA:268,0
DA:273,0
DA:274,0
DA:278,0
DA:286,0
DA:287,0
DA:288,0
DA:289,0
DA:294,0
DA:295,0
DA:296,0
DA:297,0
DA:305,0
DA:306,0
DA:309,0
DA:310,0
DA:318,0
DA:319,0
DA:320,0
DA:328,0
DA:336,0
DA:337,0
DA:338,0
DA:343,0
DA:345,0
DA:352,0
DA:353,0
DA:354,0
DA:355,0
DA:357,0
DA:358,0
DA:359,0
DA:362,0
DA:367,0
DA:368,0
DA:370,0
DA:371,0
DA:372,0
DA:379,0
DA:388,0
DA:389,0
DA:390,0
DA:392,0
DA:403,0
DA:404,0
DA:408,0
DA:415,0
DA:419,0
DA:420,0
DA:429,0
DA:431,0
DA:432,0
DA:439,0
DA:444,0
DA:445,0
DA:448,0
DA:449,0
DA:460,0
DA:461,0
DA:462,0
DA:463,0
DA:469,0
DA:470,0
DA:481,0
DA:482,0
DA:485,0
DA:500,0
DA:501,0
DA:502,0
DA:507,0
DA:509,0
DA:519,0
DA:523,0
DA:524,0
DA:525,0
DA:526,0
DA:527,0
DA:529,0
DA:531,0
DA:532,0
DA:535,0
DA:536,0
DA:537,0
DA:538,0
DA:544,0
DA:545,0
DA:548,0
DA:566,0
DA:567,0
DA:568,0
DA:574,0
DA:579,0
DA:580,0
DA:582,0
DA:589,0
DA:590,0
DA:593,0
DA:594,0
DA:600,0
DA:605,0
DA:610,0
DA:611,0
DA:612,0
DA:613,0
DA:614,0
DA:617,0
DA:618,0
DA:620,0
DA:621,0
DA:622,0
DA:624,0
DA:625,0
DA:626,0
DA:627,0
DA:628,0
DA:632,0
DA:635,0
DA:643,0
DA:645,0
DA:646,0
DA:647,0
DA:652,0
DA:653,0
DA:654,0
DA:655,0
DA:660,0
DA:661,0
DA:662,0
DA:663,0
DA:665,0
DA:666,0
DA:684,0
DA:688,0
DA:689,0
DA:690,0
DA:691,0
DA:693,0
DA:700,0
DA:701,0
DA:704,0
DA:705,0
DA:716,0
DA:724,0
DA:728,0
DA:729,0
DA:730,0
DA:733,0
DA:742,0
DA:743,0
DA:749,0
DA:750,0
DA:751,0
DA:757,0
DA:774,0
DA:775,0
DA:776,0
DA:781,0
DA:783,0
DA:786,0
DA:787,0
DA:790,0
DA:798,0
DA:806,0
DA:807,0
DA:808,0
DA:811,0
DA:812,0
DA:815,0
DA:816,0
DA:817,0
DA:818,0
DA:821,0
DA:838,0
DA:839,0
DA:842,0
DA:843,0
DA:844,0
DA:845,0
DA:848,0
DA:851,0
DA:852,0
DA:855,0
DA:860,0
DA:861,0
DA:862,0
DA:866,0
DA:868,0
DA:871,0
DA:881,0
DA:887,0
DA:888,0
DA:891,0
DA:892,0
DA:893,0
DA:894,0
DA:895,0
DA:897,0
DA:903,0
DA:909,0
DA:910,0
DA:913,0
DA:914,0
DA:921,0
DA:922,0
DA:925,0
DA:927,0
DA:932,0
DA:934,0
DA:938,0
DA:939,0
DA:941,0
DA:942,0
DA:946,0
DA:947,0
DA:950,0
DA:951,0
DA:963,0
DA:964,0
DA:967,0
DA:968,0
DA:976,0
DA:977,0
DA:978,0
DA:979,0
DA:980,0
DA:988,0
DA:992,0
DA:994,0
DA:1001,0
DA:1005,0
DA:1011,0
DA:1012,0
DA:1013,0
DA:1018,0
DA:1022,0
DA:1035,0
DA:1036,0
DA:1037,0
DA:1039,0
DA:1049,0
DA:1053,0
DA:1054,0
DA:1055,0
DA:1057,0
DA:1058,0
DA:1067,0
DA:1068,0
DA:1072,0
DA:1074,0
DA:1075,0
DA:1077,0
DA:1089,0
DA:1090,0
DA:1094,0
DA:1095,0
DA:1096,0
DA:1097,0
DA:1102,0
DA:1103,0
DA:1107,0
DA:1108,0
DA:1112,0
DA:1113,0
DA:1117,0
DA:1121,0
DA:1122,0
DA:1123,0
DA:1124,0
LF:321
LH:7
BRDA:160,0,0,0
BRDA:160,0,1,0
BRDA:167,1,0,0
BRDA:167,1,1,0
BRDA:178,2,0,0
BRDA:178,2,1,0
BRDA:198,3,0,0
BRDA:198,3,1,0
BRDA:206,4,0,0
BRDA:206,4,1,0
BRDA:217,5,0,0
BRDA:217,5,1,0
BRDA:221,6,0,0
BRDA:221,6,1,0
BRDA:226,7,0,0
BRDA:226,7,1,0
BRDA:234,8,0,0
BRDA:234,8,1,0
BRDA:238,9,0,0
BRDA:238,9,1,0
BRDA:247,10,0,0
BRDA:247,10,1,0
BRDA:252,11,0,0
BRDA:252,11,1,0
BRDA:258,12,0,0
BRDA:258,12,1,0
BRDA:286,13,0,0
BRDA:286,13,1,0
BRDA:287,14,0,0
BRDA:287,14,1,0
BRDA:291,15,0,0
BRDA:291,15,1,0
BRDA:296,16,0,0
BRDA:296,16,1,0
BRDA:305,17,0,0
BRDA:305,17,1,0
BRDA:305,18,0,0
BRDA:305,18,1,0
BRDA:309,19,0,0
BRDA:309,19,1,0
BRDA:322,20,0,0
BRDA:322,20,1,0
BRDA:328,21,0,0
BRDA:328,21,1,0
BRDA:337,22,0,0
BRDA:337,22,1,0
BRDA:337,22,2,0
BRDA:358,23,0,0
BRDA:358,23,1,0
BRDA:370,24,0,0
BRDA:370,24,1,0
BRDA:371,25,0,0
BRDA:371,25,1,0
BRDA:388,26,0,0
BRDA:388,26,1,0
BRDA:389,27,0,0
BRDA:389,27,1,0
BRDA:403,28,0,0
BRDA:403,28,1,0
BRDA:419,29,0,0
BRDA:419,29,1,0
BRDA:419,30,0,0
BRDA:419,30,1,0
BRDA:444,31,0,0
BRDA:444,31,1,0
BRDA:448,32,0,0
BRDA:448,32,1,0
BRDA:452,33,0,0
BRDA:452,33,1,0
BRDA:461,34,0,0
BRDA:461,34,1,0
BRDA:464,35,0,0
BRDA:464,35,1,0
BRDA:465,36,0,0
BRDA:465,36,1,0
BRDA:481,37,0,0
BRDA:481,37,1,0
BRDA:486,38,0,0
BRDA:486,38,1,0
BRDA:526,39,0,0
BRDA:526,39,1,0
BRDA:529,40,0,0
BRDA:529,40,1,0
BRDA:531,41,0,0
BRDA:531,41,1,0
BRDA:531,42,0,0
BRDA:531,42,1,0
BRDA:569,43,0,0
BRDA:569,43,1,0
BRDA:570,44,0,0
BRDA:570,44,1,0
BRDA:580,45,0,0
BRDA:580,45,1,0
BRDA:589,46,0,0
BRDA:589,46,1,0
BRDA:593,47,0,0
BRDA:593,47,1,0
BRDA:612,48,0,0
BRDA:612,48,1,0
BRDA:617,49,0,0
BRDA:617,49,1,0
BRDA:622,50,0,0
BRDA:622,50,1,0
BRDA:627,51,0,0
BRDA:627,51,1,0
BRDA:645,52,0,0
BRDA:645,52,1,0
BRDA:654,53,0,0
BRDA:654,53,1,0
BRDA:691,54,0,0
BRDA:691,54,1,0
BRDA:691,55,0,0
BRDA:691,55,1,0
BRDA:693,56,0,0
BRDA:693,56,1,0
BRDA:696,57,0,0
BRDA:696,57,1,0
BRDA:700,58,0,0
BRDA:700,58,1,0
BRDA:704,59,0,0
BRDA:704,59,1,0
BRDA:708,60,0,0
BRDA:708,60,1,0
BRDA:729,61,0,0
BRDA:729,61,1,0
BRDA:736,62,0,0
BRDA:736,62,1,0
BRDA:750,63,0,0
BRDA:750,63,1,0
BRDA:783,64,0,0
BRDA:783,64,1,0
BRDA:783,64,2,0
BRDA:786,65,0,0
BRDA:786,65,1,0
BRDA:786,66,0,0
BRDA:786,66,1,0
BRDA:794,67,0,0
BRDA:794,67,1,0
BRDA:807,68,0,0
BRDA:807,68,1,0
BRDA:811,69,0,0
BRDA:811,69,1,0
BRDA:815,70,0,0
BRDA:815,70,1,0
BRDA:817,71,0,0
BRDA:817,71,1,0
BRDA:825,72,0,0
BRDA:825,72,1,0
BRDA:826,73,0,0
BRDA:826,73,1,0
BRDA:838,74,0,0
BRDA:838,74,1,0
BRDA:844,75,0,0
BRDA:844,75,1,0
BRDA:851,76,0,0
BRDA:851,76,1,0
BRDA:861,77,0,0
BRDA:861,77,1,0
BRDA:866,78,0,0
BRDA:866,78,1,0
BRDA:887,79,0,0
BRDA:887,79,1,0
BRDA:894,80,0,0
BRDA:894,80,1,0
BRDA:909,81,0,0
BRDA:909,81,1,0
BRDA:914,82,0,0
BRDA:914,82,1,0
BRDA:921,83,0,0
BRDA:921,83,1,0
BRDA:938,84,0,0
BRDA:938,84,1,0
BRDA:942,85,0,0
BRDA:942,85,1,0
BRDA:946,86,0,0
BRDA:946,86,1,0
BRDA:946,87,0,0
BRDA:946,87,1,0
BRDA:952,88,0,0
BRDA:952,88,1,0
BRDA:952,88,2,0
BRDA:952,88,3,0
BRDA:952,88,4,0
BRDA:952,88,5,0
BRDA:952,88,6,0
BRDA:963,89,0,0
BRDA:963,89,1,0
BRDA:963,90,0,0
BRDA:963,90,1,0
BRDA:968,91,0,0
BRDA:968,91,1,0
BRDA:968,91,2,0
BRDA:977,92,0,0
BRDA:977,92,1,0
BRDA:978,93,0,0
BRDA:978,93,1,0
BRDA:1012,94,0,0
BRDA:1012,94,1,0
BRDA:1057,95,0,0
BRDA:1057,95,1,0
BRDA:1072,96,0,0
BRDA:1072,96,1,0
BRDA:1074,97,0,0
BRDA:1074,97,1,0
BRDA:1075,98,0,0
BRDA:1075,98,1,0
BRDA:1097,99,0,0
BRDA:1097,99,1,0
BRDA:1103,100,0,0
BRDA:1103,100,1,0
BRDA:1123,101,0,0
BRDA:1123,101,1,0
BRDA:1123,102,0,0
BRDA:1123,102,1,0
BRF:214
BRH:0
end_of_record
TN:
SF:src/provisioner/policy-binding-resolver.ts
FN:54,(anonymous_0)
FN:57,createPolicyBindingResolver
FN:63,(anonymous_2)
FN:119,(anonymous_3)
FN:123,(anonymous_4)
FN:127,(anonymous_5)
FN:128,(anonymous_6)
FNF:7
FNH:0
FNDA:0,(anonymous_0)
FNDA:0,createPolicyBindingResolver
FNDA:0,(anonymous_2)
FNDA:0,(anonymous_3)
FNDA:0,(anonymous_4)
FNDA:0,(anonymous_5)
FNDA:0,(anonymous_6)
DA:54,1
DA:55,0
DA:57,1
DA:58,0
DA:59,0
DA:60,0
DA:61,0
DA:63,0
DA:64,0
DA:65,0
DA:68,0
DA:69,0
DA:70,0
DA:73,0
DA:75,0
DA:77,0
DA:78,0
DA:79,0
DA:81,0
DA:84,0
DA:85,0
DA:86,0
DA:88,0
DA:91,0
DA:92,0
DA:94,0
DA:97,0
DA:98,0
DA:100,0
DA:103,0
DA:104,0
DA:105,0
DA:107,0
DA:108,0
DA:110,0
DA:113,0
DA:115,0
DA:119,0
DA:122,0
DA:123,0
DA:126,0
DA:127,0
DA:128,0
DA:129,0
DA:130,0
DA:135,0
DA:138,0
LF:47
LH:2
BRDA:55,0,0,0
BRDA:55,0,1,0
BRDA:59,1,0,0
BRDA:59,1,1,0
BRDA:60,2,0,0
BRDA:60,2,1,0
BRDA:61,3,0,0
BRDA:61,3,1,0
BRDA:64,4,0,0
BRDA:64,4,1,0
BRDA:64,5,0,0
BRDA:64,5,1,0
BRDA:69,6,0,0
BRDA:69,6,1,0
BRDA:75,7,0,0
BRDA:75,7,1,0
BRDA:75,7,2,0
BRDA:75,7,3,0
BRDA:75,7,4,0
BRDA:75,7,5,0
BRDA:75,7,6,0
BRDA:78,8,0,0
BRDA:78,8,1,0
BRDA:78,9,0,0
BRDA:78,9,1,0
BRDA:85,10,0,0
BRDA:85,10,1,0
BRDA:85,11,0,0
BRDA:85,11,1,0
BRDA:91,12,0,0
BRDA:91,12,1,0
BRDA:97,13,0,0
BRDA:97,13,1,0
BRDA:104,14,0,0
BRDA:104,14,1,0
BRDA:104,15,0,0
BRDA:104,15,1,0
BRDA:107,16,0,0
BRDA:107,16,1,0
BRDA:126,17,0,0
BRDA:126,17,1,0
BRDA:129,18,0,0
BRDA:129,18,1,0
BRDA:129,19,0,0
BRDA:129,19,1,0
BRF:45
BRH:0
end_of_record
TN:
SF:src/provisioner/policy-provisioner.ts
FN:22,(anonymous_0)
FN:24,(anonymous_1)
FN:32,(anonymous_2)
FN:35,(anonymous_3)
FN:41,(anonymous_4)
FN:61,(anonymous_5)
FN:68,(anonymous_6)
FNF:7
FNH:0
FNDA:0,(anonymous_0)
FNDA:0,(anonymous_1)
FNDA:0,(anonymous_2)
FNDA:0,(anonymous_3)
FNDA:0,(anonymous_4)
FNDA:0,(anonymous_5)
FNDA:0,(anonymous_6)
DA:4,1
DA:5,1
DA:21,1
DA:22,0
DA:25,0
DA:26,0
DA:28,0
DA:29,0
DA:30,0
DA:32,0
DA:33,0
DA:34,0
DA:35,0
DA:39,0
DA:40,0
DA:42,0
DA:43,0
DA:44,0
DA:49,0
DA:50,0
DA:54,0
DA:61,0
DA:62,0
DA:63,0
DA:65,0
DA:68,0
DA:76,0
LF:27
LH:3
BRDA:22,0,0,0
BRDA:33,1,0,0
BRDA:33,1,1,0
BRDA:33,2,0,0
BRDA:33,2,1,0
BRDA:63,3,0,0
BRDA:63,3,1,0
BRF:7
BRH:0
end_of_record
TN:
SF:src/provisioner/turnkey-client-cache.ts
FN:28,(anonymous_0)
FN:34,(anonymous_1)
FN:51,(anonymous_2)
FN:59,(anonymous_3)
FN:63,(anonymous_4)
FN:67,(anonymous_5)
FNF:6
FNH:0
FNDA:0,(anonymous_0)
FNDA:0,(anonymous_1)
FNDA:0,(anonymous_2)
FNDA:0,(anonymous_3)
FNDA:0,(anonymous_4)
FNDA:0,(anonymous_5)
DA:25,0
DA:26,0
DA:28,0
DA:35,0
DA:36,0
DA:38,0
DA:39,0
DA:42,0
DA:43,0
DA:44,0
DA:52,0
DA:53,0
DA:60,0
DA:64,0
DA:68,0
DA:69,0
DA:72,0
DA:73,0
DA:76,0
LF:19
LH:0
BRDA:38,0,0,0
BRDA:38,0,1,0
BRDA:38,1,0,0
BRDA:38,1,1,0
BRDA:68,2,0,0
BRDA:68,2,1,0
BRDA:68,3,0,0
BRDA:68,3,1,0
BRDA:68,3,2,0
BRDA:72,4,0,0
BRDA:72,4,1,0
BRDA:72,5,0,0
BRDA:72,5,1,0
BRF:13
BRH:0
end_of_record
TN:
SF:src/provisioner/turnkey-suborg-provisioner.ts
FN:37,(anonymous_1)
FN:44,(anonymous_2)
FN:49,(anonymous_3)
FN:73,(anonymous_4)
FN:80,(anonymous_5)
FN:95,(anonymous_6)
FN:142,(anonymous_7)
FN:147,(anonymous_8)
FN:162,(anonymous_9)
FN:163,(anonymous_10)
FN:166,(anonymous_11)
FN:214,(anonymous_12)
FN:228,(anonymous_13)
FN:230,(anonymous_14)
FN:231,(anonymous_15)
FN:238,(anonymous_16)
FN:243,(anonymous_17)
FN:255,(anonymous_18)
FN:256,(anonymous_19)
FN:265,(anonymous_20)
FN:283,(anonymous_21)
FN:293,(anonymous_22)
FN:294,(anonymous_23)
FN:302,(anonymous_24)
FN:303,(anonymous_25)
FN:317,(anonymous_26)
FN:321,(anonymous_27)
FN:328,(anonymous_28)
FN:337,(anonymous_29)
FN:356,(anonymous_30)
FN:362,(anonymous_31)
FN:364,(anonymous_32)
FN:386,(anonymous_33)
FN:388,(anonymous_34)
FN:389,(anonymous_35)
FN:400,(anonymous_36)
FN:403,(anonymous_37)
FN:404,(anonymous_38)
FN:407,(anonymous_39)
FN:408,(anonymous_40)
FN:411,(anonymous_41)
FN:420,(anonymous_42)
FN:426,(anonymous_43)
FNF:43
FNH:31
FNDA:0,(anonymous_1)
FNDA:4,(anonymous_2)
FNDA:4,(anonymous_3)
FNDA:0,(anonymous_4)
FNDA:0,(anonymous_5)
FNDA:4,(anonymous_6)
FNDA:3,(anonymous_7)
FNDA:6,(anonymous_8)
FNDA:4,(anonymous_9)
FNDA:4,(anonymous_10)
FNDA:0,(anonymous_11)
FNDA:4,(anonymous_12)
FNDA:4,(anonymous_13)
FNDA:5,(anonymous_14)
FNDA:5,(anonymous_15)
FNDA:5,(anonymous_16)
FNDA:5,(anonymous_17)
FNDA:9,(anonymous_18)
FNDA:14,(anonymous_19)
FNDA:5,(anonymous_20)
FNDA:0,(anonymous_21)
FNDA:3,(anonymous_22)
FNDA:0,(anonymous_23)
FNDA:4,(anonymous_24)
FNDA:0,(anonymous_25)
FNDA:4,(anonymous_26)
FNDA:4,(anonymous_27)
FNDA:7,(anonymous_28)
FNDA:7,(anonymous_29)
FNDA:3,(anonymous_30)
FNDA:4,(anonymous_31)
FNDA:4,(anonymous_32)
FNDA:3,(anonymous_33)
FNDA:6,(anonymous_34)
FNDA:6,(anonymous_35)
FNDA:3,(anonymous_36)
FNDA:0,(anonymous_37)
FNDA:0,(anonymous_38)
FNDA:0,(anonymous_39)
FNDA:0,(anonymous_40)
FNDA:0,(anonymous_41)
FNDA:3,(anonymous_42)
FNDA:4,(anonymous_43)
DA:1,1
DA:13,1
DA:23,1
DA:36,1
DA:38,0
DA:39,0
DA:43,1
DA:45,4
DA:46,4
DA:50,4
DA:52,4
DA:53,4
DA:55,4
DA:61,4
DA:67,4
DA:72,4
DA:73,4
DA:74,0
DA:75,0
DA:77,0
DA:79,4
DA:81,0
DA:82,0
DA:84,0
DA:89,4
DA:94,4
DA:95,4
DA:97,4
DA:98,4
DA:100,4
DA:101,5
DA:102,5
DA:103,1
DA:106,4
DA:107,4
DA:108,0
DA:111,4
DA:119,4
DA:125,3
DA:135,3
DA:136,3
DA:140,3
DA:142,3
DA:143,3
DA:144,3
DA:147,3
DA:148,6
DA:149,6
DA:152,3
DA:154,3
DA:162,4
DA:163,4
DA:166,0
DA:174,3
DA:181,3
DA:200,3
DA:215,4
DA:216,4
DA:218,4
DA:229,4
DA:230,5
DA:231,5
DA:242,5
DA:243,5
DA:244,5
DA:245,5
DA:246,5
DA:247,5
DA:252,5
DA:256,14
DA:257,9
DA:258,0
DA:262,9
DA:269,5
DA:270,5
DA:271,5
DA:275,0
DA:279,0
DA:280,0
DA:283,0
DA:284,0
DA:285,0
DA:290,0
DA:294,3
DA:303,4
DA:304,0
DA:305,0
DA:306,0
DA:321,4
DA:322,4
DA:323,4
DA:324,4
DA:334,7
DA:335,7
DA:337,7
DA:338,7
DA:339,7
DA:340,7
DA:341,7
DA:342,7
DA:346,7
DA:362,3
DA:363,4
DA:364,4
DA:365,4
DA:366,4
DA:367,3
DA:368,3
DA:370,1
DA:372,4
DA:375,4
DA:387,3
DA:388,3
DA:389,6
DA:390,6
DA:397,3
DA:401,3
DA:403,3
DA:404,0
DA:407,3
DA:408,0
DA:411,3
DA:412,0
DA:413,0
DA:417,3
DA:421,3
DA:422,3
DA:423,3
DA:427,4
DA:428,0
DA:430,4
DA:431,0
LF:132
LH:105
BRDA:45,0,0,0
BRDA:46,1,0,0
BRDA:74,2,0,0
BRDA:74,2,1,0
BRDA:74,3,0,0
BRDA:74,3,1,0
BRDA:81,4,0,0
BRDA:81,4,1,0
BRDA:102,5,0,1
BRDA:102,5,1,4
BRDA:107,6,0,0
BRDA:107,6,1,4
BRDA:165,7,0,3
BRDA:165,7,1,3
BRDA:194,8,0,0
BRDA:194,8,1,3
BRDA:206,9,0,0
BRDA:206,9,1,3
BRDA:245,10,0,5
BRDA:245,10,1,1
BRDA:249,11,0,4
BRDA:249,11,1,1
BRDA:257,12,0,0
BRDA:257,12,1,9
BRDA:269,13,0,5
BRDA:269,13,1,5
BRDA:270,14,0,5
BRDA:270,14,1,0
BRDA:275,15,0,0
BRDA:275,15,1,0
BRDA:275,15,2,0
BRDA:279,16,0,0
BRDA:279,16,1,0
BRDA:284,17,0,0
BRDA:284,17,1,0
BRDA:296,18,0,0
BRDA:296,18,1,0
BRDA:304,19,0,0
BRDA:304,19,1,0
BRDA:304,20,0,0
BRDA:304,20,1,0
BRDA:312,21,0,0
BRDA:312,21,1,0
BRDA:340,22,0,7
BRDA:340,22,1,0
BRDA:341,23,0,7
BRDA:341,23,1,0
BRDA:349,24,0,7
BRDA:349,24,1,0
BRDA:351,25,0,7
BRDA:351,25,1,0
BRDA:366,26,0,3
BRDA:366,26,1,1
BRDA:368,27,0,3
BRDA:368,27,1,0
BRDA:370,28,0,1
BRDA:370,28,1,0
BRDA:378,29,0,4
BRDA:378,29,1,4
BRDA:407,30,0,3
BRDA:407,30,1,3
BRDA:411,31,0,3
BRDA:411,31,1,0
BRDA:412,32,0,0
BRDA:412,32,1,0
BRDA:417,33,0,0
BRDA:417,33,1,3
BRDA:427,34,0,0
BRDA:427,34,1,4
BRDA:427,35,0,4
BRDA:427,35,1,4
BRDA:427,35,2,4
BRDA:430,36,0,0
BRDA:430,36,1,4
BRDA:430,37,0,4
BRDA:430,37,1,4
BRF:76
BRH:36
end_of_record
TN:
SF:src/provisioner/wallet-manager.ts
FN:20,(anonymous_0)
FN:25,(anonymous_1)
FN:36,(anonymous_2)
FN:54,(anonymous_3)
FN:74,(anonymous_4)
FN:89,(anonymous_5)
FN:90,(anonymous_6)
FNF:7
FNH:7
FNDA:12,(anonymous_0)
FNDA:1,(anonymous_1)
FNDA:5,(anonymous_2)
FNDA:1,(anonymous_3)
FNDA:2,(anonymous_4)
FNDA:2,(anonymous_5)
FNDA:2,(anonymous_6)
DA:3,1
DA:19,1
DA:21,12
DA:22,12
DA:26,1
DA:31,1
DA:32,1
DA:33,1
DA:41,5
DA:46,5
DA:47,5
DA:51,4
DA:60,1
DA:64,1
DA:65,1
DA:75,2
DA:76,1
DA:79,1
DA:84,1
DA:85,1
DA:86,1
DA:90,2
LF:22
LH:22
BRDA:21,0,0,11
BRDA:33,1,0,1
BRDA:33,1,1,0
BRDA:51,2,0,4
BRDA:51,2,1,2
BRDA:75,3,0,1
BRDA:75,3,1,1
BRF:7
BRH:6
end_of_record
TN:
SF:src/provisioner/wallet-template-registry.ts
FN:4,(anonymous_0)
FN:10,(anonymous_1)
FN:14,(anonymous_2)
FN:15,(anonymous_3)
FN:22,(anonymous_4)
FN:24,(anonymous_5)
FNF:6
FNH:0
FNDA:0,(anonymous_0)
FNDA:0,(anonymous_1)
FNDA:0,(anonymous_2)
FNDA:0,(anonymous_3)
FNDA:0,(anonymous_4)
FNDA:0,(anonymous_5)
DA:3,0
DA:4,0
DA:5,0
DA:6,0
DA:11,0
DA:15,0
DA:16,0
DA:17,0
DA:19,0
DA:23,0
DA:24,0
LF:11
LH:0
BRDA:5,0,0,0
BRDA:5,0,1,0
BRDA:5,1,0,0
BRDA:5,1,1,0
BRDA:5,1,2,0
BRDA:5,1,3,0
BRDA:16,2,0,0
BRDA:16,2,1,0
BRF:8
BRH:0
end_of_record
TN:
SF:src/utils/type-guards.ts
FN:3,(anonymous_0)
FN:6,(anonymous_1)
FN:9,(anonymous_2)
FN:12,(anonymous_3)
FN:24,(anonymous_4)
FN:33,(anonymous_5)
FN:36,(anonymous_6)
FN:39,(anonymous_7)
FN:40,(anonymous_8)
FN:42,(anonymous_9)
FNF:10
FNH:0
FNDA:0,(anonymous_0)
FNDA:0,(anonymous_1)
FNDA:0,(anonymous_2)
FNDA:0,(anonymous_3)
FNDA:0,(anonymous_4)
FNDA:0,(anonymous_5)
FNDA:0,(anonymous_6)
FNDA:0,(anonymous_7)
FNDA:0,(anonymous_8)
FNDA:0,(anonymous_9)
DA:1,3
DA:3,3
DA:4,0
DA:6,3
DA:7,0
DA:9,3
DA:10,0
DA:12,3
DA:13,0
DA:14,0
DA:17,0
DA:18,0
DA:21,0
DA:24,3
DA:25,0
DA:26,0
DA:29,0
DA:30,0
DA:33,3
DA:34,0
DA:36,3
DA:37,0
DA:39,3
DA:40,0
DA:42,3
DA:43,0
LF:26
LH:10
BRDA:4,0,0,0
BRDA:4,0,1,0
BRDA:7,1,0,0
BRDA:7,1,1,0
BRDA:7,1,2,0
BRDA:10,2,0,0
BRDA:10,2,1,0
BRDA:10,2,2,0
BRDA:13,3,0,0
BRDA:13,3,1,0
BRDA:17,4,0,0
BRDA:17,4,1,0
BRDA:25,5,0,0
BRDA:25,5,1,0
BRDA:34,6,0,0
BRDA:34,6,1,0
BRDA:37,7,0,0
BRDA:37,7,1,0
BRDA:40,8,0,0
BRDA:40,8,1,0
BRDA:40,9,0,0
BRDA:40,9,1,0
BRDA:43,10,0,0
BRDA:43,10,1,0
BRF:24
BRH:0
end_of_record
