TN:
SF:src/index.ts
FN:25,(anonymous_4)
FNF:1
FNH:0
FNDA:0,(anonymous_4)
DA:1,0
DA:2,0
DA:3,0
DA:4,0
DA:5,0
DA:6,0
DA:7,0
DA:8,0
DA:9,0
DA:10,0
DA:11,0
DA:21,0
DA:23,0
DA:26,0
LF:14
LH:0
BRF:0
BRH:0
end_of_record
TN:
SF:src/main.ts
FN:10,bootstrap
FN:51,(anonymous_1)
FNF:2
FNH:0
FNDA:0,bootstrap
FNDA:0,(anonymous_1)
DA:3,0
DA:5,0
DA:6,0
DA:8,0
DA:11,0
DA:12,0
DA:13,0
DA:16,0
DA:18,0
DA:19,0
DA:20,0
DA:23,0
DA:24,0
DA:25,0
DA:26,0
DA:28,0
DA:30,0
DA:32,0
DA:33,0
DA:44,0
DA:46,0
DA:47,0
DA:51,0
DA:52,0
DA:53,0
LF:25
LH:0
BRDA:16,0,0,0
BRDA:16,0,1,0
BRDA:16,0,2,0
BRDA:18,1,0,0
BRDA:18,1,1,0
BRDA:24,2,0,0
BRDA:24,2,1,0
BRDA:30,3,0,0
BRDA:30,3,1,0
BRF:9
BRH:0
end_of_record
TN:
SF:src/approvals/validator.ts
FN:23,validateVariables
FN:34,(anonymous_1)
FN:66,validateExpressionTemplate
FN:87,validateBinding
FN:152,safeGetProperty
FN:175,validatePolicyTemplates
FN:192,(anonymous_6)
FN:256,(anonymous_7)
FN:271,(anonymous_8)
FNF:9
FNH:7
FNDA:14,validateVariables
FNDA:0,(anonymous_1)
FNDA:14,validateExpressionTemplate
FNDA:6,validateBinding
FNDA:56,safeGetProperty
FNDA:16,validatePolicyTemplates
FNDA:7,(anonymous_6)
FNDA:0,(anonymous_7)
FNDA:6,(anonymous_8)
DA:2,2
DA:28,14
DA:29,14
DA:32,0
DA:34,0
DA:35,0
DA:36,0
DA:37,0
DA:38,0
DA:41,0
DA:42,0
DA:43,0
DA:44,0
DA:46,0
DA:49,0
DA:50,0
DA:53,0
DA:54,0
DA:57,0
DA:61,0
DA:71,14
DA:72,0
DA:73,0
DA:76,14
DA:77,0
DA:80,14
DA:81,0
DA:84,14
DA:94,6
DA:96,6
DA:97,0
DA:98,0
DA:101,6
DA:102,0
DA:103,0
DA:106,6
DA:107,6
DA:108,0
DA:109,0
DA:112,6
DA:113,0
DA:116,6
DA:118,6
DA:119,1
DA:121,6
DA:123,0
DA:124,0
DA:126,0
DA:128,0
DA:129,0
DA:131,0
DA:133,0
DA:134,0
DA:136,0
DA:138,0
DA:139,0
DA:141,0
DA:143,0
DA:145,0
DA:153,56
DA:154,0
DA:156,56
DA:175,2
DA:179,16
DA:180,16
DA:182,16
DA:183,0
DA:189,16
DA:190,16
DA:192,16
DA:193,7
DA:195,7
DA:196,0
DA:197,0
DA:201,7
DA:202,7
DA:203,0
DA:205,7
DA:206,7
DA:207,0
DA:209,7
DA:214,7
DA:215,7
DA:216,0
DA:218,7
DA:219,7
DA:220,0
DA:222,7
DA:227,7
DA:228,7
DA:229,1
DA:231,6
DA:232,6
DA:233,0
DA:238,7
DA:239,7
DA:240,7
DA:241,7
DA:244,7
DA:245,7
DA:246,0
DA:250,7
DA:251,7
DA:252,0
DA:253,0
DA:255,0
DA:256,0
DA:257,0
DA:258,0
DA:265,7
DA:266,7
DA:267,6
DA:268,0
DA:270,6
DA:271,6
DA:272,6
DA:278,16
LF:117
LH:58
BRDA:28,0,0,14
BRDA:28,0,1,0
BRDA:36,1,0,0
BRDA:36,1,1,0
BRDA:36,2,0,0
BRDA:36,2,1,0
BRDA:41,3,0,0
BRDA:41,3,1,0
BRDA:43,4,0,0
BRDA:43,4,1,0
BRDA:49,5,0,0
BRDA:49,5,1,0
BRDA:49,6,0,0
BRDA:49,6,1,0
BRDA:53,7,0,0
BRDA:53,7,1,0
BRDA:53,8,0,0
BRDA:53,8,1,0
BRDA:57,9,0,0
BRDA:57,9,1,0
BRDA:58,10,0,0
BRDA:58,10,1,0
BRDA:71,11,0,0
BRDA:71,11,1,14
BRDA:71,12,0,14
BRDA:71,12,1,14
BRDA:76,13,0,0
BRDA:76,13,1,14
BRDA:80,14,0,0
BRDA:80,14,1,14
BRDA:80,15,0,14
BRDA:80,15,1,0
BRDA:96,16,0,0
BRDA:96,16,1,6
BRDA:96,17,0,6
BRDA:96,17,1,6
BRDA:101,18,0,0
BRDA:101,18,1,6
BRDA:107,19,0,0
BRDA:107,19,1,6
BRDA:112,20,0,0
BRDA:112,20,1,6
BRDA:112,21,0,6
BRDA:112,21,1,0
BRDA:116,22,0,6
BRDA:116,22,1,0
BRDA:116,22,2,0
BRDA:116,22,3,0
BRDA:116,22,4,0
BRDA:116,22,5,0
BRDA:116,22,6,0
BRDA:118,23,0,1
BRDA:118,23,1,5
BRDA:123,24,0,0
BRDA:123,24,1,0
BRDA:128,25,0,0
BRDA:128,25,1,0
BRDA:133,26,0,0
BRDA:133,26,1,0
BRDA:133,27,0,0
BRDA:133,27,1,0
BRDA:138,28,0,0
BRDA:138,28,1,0
BRDA:138,29,0,0
BRDA:138,29,1,0
BRDA:153,30,0,0
BRDA:153,30,1,56
BRDA:156,31,0,41
BRDA:156,31,1,15
BRDA:182,32,0,0
BRDA:182,32,1,16
BRDA:195,33,0,0
BRDA:195,33,1,7
BRDA:195,34,0,7
BRDA:195,34,1,7
BRDA:202,35,0,0
BRDA:202,35,1,7
BRDA:206,36,0,0
BRDA:206,36,1,7
BRDA:215,37,0,0
BRDA:215,37,1,7
BRDA:219,38,0,0
BRDA:219,38,1,7
BRDA:228,39,0,1
BRDA:228,39,1,6
BRDA:232,40,0,0
BRDA:232,40,1,6
BRDA:232,41,0,6
BRDA:232,41,1,0
BRDA:245,42,0,0
BRDA:245,42,1,7
BRDA:245,43,0,7
BRDA:245,43,1,0
BRDA:251,44,0,0
BRDA:251,44,1,7
BRDA:252,45,0,0
BRDA:252,45,1,0
BRDA:257,46,0,0
BRDA:257,46,1,0
BRDA:266,47,0,6
BRDA:266,47,1,1
BRDA:267,48,0,0
BRDA:267,48,1,6
BRF:103
BRH:38
end_of_record
TN:
SF:src/config/types.ts
FNF:0
FNH:0
DA:8,9
DA:121,9
DA:142,9
LF:3
LH:3
BRF:0
BRH:0
end_of_record
TN:
SF:src/config/validator-strict.ts
FNF:0
FNH:0
DA:1,1
LF:1
LH:1
BRF:0
BRH:0
end_of_record
TN:
SF:src/config/validator.ts
FN:62,isValidUrl
FN:78,ensureUnique
FN:89,validateActivityPoller
FN:107,validateFeatureToggles
FN:123,(anonymous_4)
FN:149,validateApiKeySeed
FN:169,validateAuthenticatorSeed
FN:190,validateRootUsers
FN:205,(anonymous_8)
FN:237,(anonymous_9)
FN:243,(anonymous_10)
FN:249,(anonymous_11)
FN:261,(anonymous_12)
FN:284,validateWalletTemplates
FN:298,(anonymous_14)
FN:334,(anonymous_15)
FN:386,validateWalletArchitecture
FN:403,(anonymous_17)
FN:442,validatePartners
FN:456,(anonymous_19)
FN:481,(anonymous_20)
FN:493,(anonymous_21)
FN:506,validateRoles
FN:519,(anonymous_23)
FN:559,(anonymous_24)
FN:565,(anonymous_25)
FN:597,validateAutomationUsers
FN:611,(anonymous_27)
FN:643,(anonymous_28)
FN:649,(anonymous_29)
FN:655,(anonymous_30)
FN:667,(anonymous_31)
FN:686,validateSessionConfiguration
FN:696,(anonymous_33)
FN:707,(anonymous_34)
FN:730,(anonymous_35)
FN:740,validatePlatform
FN:784,validateProvisioning
FN:815,validateBusinessModel
FN:858,validateOperations
FN:905,(anonymous_40)
FN:914,validateCompliance
FN:928,(anonymous_42)
FN:946,(anonymous_43)
FN:950,(anonymous_44)
FN:954,(anonymous_45)
FN:991,(anonymous_46)
FN:1042,(anonymous_47)
FN:1046,(anonymous_48)
FN:1056,(anonymous_49)
FN:1066,(anonymous_50)
FN:1083,(anonymous_51)
FNF:52
FNH:40
FNDA:15,isValidUrl
FNDA:23,ensureUnique
FNDA:23,validateActivityPoller
FNDA:16,validateFeatureToggles
FNDA:7,(anonymous_4)
FNDA:14,validateApiKeySeed
FNDA:0,validateAuthenticatorSeed
FNDA:16,validateRootUsers
FNDA:7,(anonymous_8)
FNDA:7,(anonymous_9)
FNDA:0,(anonymous_10)
FNDA:0,(anonymous_11)
FNDA:7,(anonymous_12)
FNDA:16,validateWalletTemplates
FNDA:24,(anonymous_14)
FNDA:24,(anonymous_15)
FNDA:16,validateWalletArchitecture
FNDA:23,(anonymous_17)
FNDA:16,validatePartners
FNDA:16,(anonymous_19)
FNDA:0,(anonymous_20)
FNDA:0,(anonymous_21)
FNDA:16,validateRoles
FNDA:7,(anonymous_23)
FNDA:28,(anonymous_24)
FNDA:21,(anonymous_25)
FNDA:16,validateAutomationUsers
FNDA:7,(anonymous_27)
FNDA:7,(anonymous_28)
FNDA:0,(anonymous_29)
FNDA:0,(anonymous_30)
FNDA:7,(anonymous_31)
FNDA:16,validateSessionConfiguration
FNDA:14,(anonymous_33)
FNDA:0,(anonymous_34)
FNDA:0,(anonymous_35)
FNDA:16,validatePlatform
FNDA:16,validateProvisioning
FNDA:16,validateBusinessModel
FNDA:16,validateOperations
FNDA:0,(anonymous_40)
FNDA:16,validateCompliance
FNDA:0,(anonymous_42)
FNDA:8,(anonymous_43)
FNDA:8,(anonymous_44)
FNDA:16,(anonymous_45)
FNDA:16,(anonymous_46)
FNDA:7,(anonymous_47)
FNDA:7,(anonymous_48)
FNDA:0,(anonymous_49)
FNDA:7,(anonymous_50)
FNDA:16,(anonymous_51)
DA:27,2
DA:28,2
DA:29,2
DA:31,2
DA:33,2
DA:63,15
DA:64,4
DA:67,11
DA:68,0
DA:70,11
DA:71,11
DA:72,8
DA:74,3
DA:79,23
DA:80,23
DA:81,31
DA:82,0
DA:84,31
DA:94,23
DA:95,16
DA:98,7
DA:99,0
DA:102,7
DA:103,0
DA:112,16
DA:113,0
DA:116,16
DA:117,9
DA:118,9
DA:121,7
DA:123,7
DA:124,7
DA:126,7
DA:127,0
DA:128,0
DA:131,7
DA:132,0
DA:133,7
DA:134,0
DA:136,7
DA:139,7
DA:140,0
DA:143,7
DA:144,0
DA:150,14
DA:151,0
DA:154,14
DA:155,0
DA:158,14
DA:159,0
DA:162,14
DA:163,0
DA:164,0
DA:174,0
DA:175,0
DA:178,0
DA:179,0
DA:182,0
DA:186,0
DA:197,16
DA:198,9
DA:199,9
DA:202,7
DA:203,7
DA:205,7
DA:206,7
DA:208,7
DA:209,0
DA:210,0
DA:213,7
DA:214,0
DA:215,7
DA:216,0
DA:218,7
DA:221,7
DA:222,0
DA:225,7
DA:226,0
DA:229,7
DA:233,0
DA:236,7
DA:237,7
DA:238,7
DA:242,7
DA:243,0
DA:244,0
DA:248,7
DA:249,0
DA:250,0
DA:251,0
DA:252,0
DA:254,0
DA:255,0
DA:260,7
DA:261,7
DA:262,7
DA:263,0
DA:265,7
DA:271,7
DA:272,0
DA:273,7
DA:274,0
DA:275,7
DA:276,0
DA:281,7
DA:289,16
DA:290,0
DA:291,0
DA:294,16
DA:295,16
DA:296,16
DA:298,16
DA:299,24
DA:301,24
DA:302,0
DA:303,0
DA:306,24
DA:307,0
DA:309,24
DA:312,24
DA:313,0
DA:316,24
DA:317,0
DA:320,24
DA:324,0
DA:329,24
DA:330,0
DA:332,24
DA:334,24
DA:335,24
DA:337,24
DA:338,0
DA:340,24
DA:341,0
DA:343,24
DA:346,24
DA:347,1
DA:349,23
DA:350,23
DA:354,24
DA:355,9
DA:358,24
DA:359,9
DA:362,24
DA:363,9
DA:366,24
DA:367,9
DA:370,24
DA:371,0
DA:374,24
DA:375,0
DA:381,16
DA:383,16
DA:391,16
DA:392,0
DA:393,0
DA:396,16
DA:398,16
DA:400,16
DA:401,0
DA:403,16
DA:404,23
DA:405,23
DA:406,0
DA:407,0
DA:410,23
DA:411,0
DA:412,23
DA:413,0
DA:415,23
DA:424,16
DA:425,9
DA:428,16
DA:429,9
DA:433,16
DA:449,16
DA:450,1
DA:451,1
DA:454,15
DA:456,15
DA:457,16
DA:459,16
DA:460,0
DA:461,0
DA:464,16
DA:465,0
DA:466,16
DA:467,0
DA:469,16
DA:472,16
DA:473,0
DA:476,16
DA:477,1
DA:480,16
DA:481,0
DA:482,0
DA:483,0
DA:484,0
DA:485,0
DA:486,0
DA:491,16
DA:493,0
DA:495,0
DA:498,16
DA:499,7
DA:503,15
DA:512,16
DA:513,0
DA:516,16
DA:517,16
DA:519,16
DA:520,7
DA:522,7
DA:523,0
DA:524,0
DA:527,7
DA:528,0
DA:529,7
DA:530,0
DA:532,7
DA:535,7
DA:536,0
DA:539,7
DA:540,0
DA:543,7
DA:544,0
DA:546,7
DA:547,7
DA:553,7
DA:559,7
DA:560,28
DA:561,1
DA:565,7
DA:566,21
DA:567,21
DA:568,0
DA:573,7
DA:574,0
DA:576,7
DA:579,7
DA:580,7
DA:581,7
DA:582,0
DA:587,7
DA:588,0
DA:589,0
DA:594,16
DA:603,16
DA:604,9
DA:605,9
DA:608,7
DA:609,7
DA:611,7
DA:612,7
DA:614,7
DA:615,0
DA:616,0
DA:619,7
DA:620,0
DA:621,7
DA:622,0
DA:624,7
DA:627,7
DA:628,0
DA:631,7
DA:632,0
DA:635,7
DA:639,0
DA:642,7
DA:643,7
DA:644,7
DA:648,7
DA:649,0
DA:650,0
DA:654,7
DA:655,0
DA:656,0
DA:657,0
DA:658,0
DA:660,0
DA:661,0
DA:666,7
DA:667,7
DA:668,7
DA:669,0
DA:671,7
DA:676,7
DA:677,0
DA:681,7
DA:683,7
DA:692,16
DA:693,9
DA:696,7
DA:697,14
DA:698,0
DA:699,0
DA:702,14
DA:703,0
DA:704,14
DA:705,0
DA:707,0
DA:712,14
DA:713,0
DA:716,14
DA:717,0
DA:721,7
DA:722,7
DA:725,7
DA:726,7
DA:729,7
DA:730,0
DA:731,0
DA:732,0
DA:733,0
DA:735,0
DA:745,16
DA:746,0
DA:747,0
DA:750,16
DA:751,0
DA:754,16
DA:755,0
DA:758,16
DA:759,0
DA:762,16
DA:764,16
DA:765,0
DA:767,16
DA:768,0
DA:771,16
DA:772,0
DA:775,16
DA:779,0
DA:789,16
DA:790,0
DA:791,0
DA:794,16
DA:795,0
DA:798,16
DA:806,16
DA:808,16
DA:809,0
DA:812,16
DA:819,16
DA:820,0
DA:821,0
DA:830,16
DA:836,16
DA:837,16
DA:838,0
DA:841,16
DA:849,16
DA:859,16
DA:860,9
DA:863,7
DA:864,7
DA:865,7
DA:866,7
DA:867,0
DA:869,7
DA:870,0
DA:872,7
DA:873,0
DA:877,7
DA:879,7
DA:883,0
DA:887,7
DA:888,7
DA:889,7
DA:890,0
DA:893,7
DA:897,0
DA:900,7
DA:901,0
DA:904,7
DA:905,0
DA:906,0
DA:907,0
DA:919,16
DA:920,9
DA:923,7
DA:924,0
DA:927,7
DA:928,0
DA:929,0
DA:930,0
DA:935,7
DA:936,0
DA:937,0
DA:939,0
DA:940,0
DA:945,2
DA:947,8
DA:951,8
DA:955,16
DA:956,16
DA:958,16
DA:959,0
DA:960,0
DA:963,16
DA:965,16
DA:967,16
DA:969,16
DA:970,0
DA:972,16
DA:979,16
DA:980,9
DA:983,16
DA:990,16
DA:991,16
DA:992,16
DA:996,1
DA:1002,16
DA:1009,16
DA:1013,0
DA:1018,16
DA:1019,0
DA:1021,16
DA:1022,16
DA:1034,16
DA:1039,16
DA:1040,16
DA:1042,16
DA:1043,16
DA:1044,9
DA:1046,7
DA:1047,7
DA:1048,0
DA:1055,16
DA:1056,0
DA:1057,0
DA:1058,0
DA:1065,16
DA:1066,7
DA:1067,7
DA:1068,2
DA:1077,16
DA:1078,16
DA:1080,16
DA:1084,16
DA:1085,16
LF:441
LH:282
BRDA:63,0,0,4
BRDA:63,0,1,11
BRDA:63,1,0,15
BRDA:63,1,1,12
BRDA:67,2,0,0
BRDA:67,2,1,11
BRDA:81,3,0,0
BRDA:81,3,1,31
BRDA:94,4,0,16
BRDA:94,4,1,7
BRDA:98,5,0,0
BRDA:98,5,1,7
BRDA:98,6,0,7
BRDA:98,6,1,7
BRDA:102,7,0,0
BRDA:102,7,1,7
BRDA:102,8,0,7
BRDA:102,8,1,7
BRDA:112,9,0,0
BRDA:112,9,1,16
BRDA:116,10,0,9
BRDA:116,10,1,7
BRDA:126,11,0,0
BRDA:126,11,1,7
BRDA:126,12,0,7
BRDA:126,12,1,7
BRDA:131,13,0,0
BRDA:131,13,1,7
BRDA:133,14,0,0
BRDA:133,14,1,7
BRDA:139,15,0,0
BRDA:139,15,1,7
BRDA:139,16,0,7
BRDA:139,16,1,7
BRDA:143,17,0,0
BRDA:143,17,1,7
BRDA:143,18,0,7
BRDA:143,18,1,7
BRDA:143,18,2,0
BRDA:150,19,0,0
BRDA:150,19,1,14
BRDA:154,20,0,0
BRDA:154,20,1,14
BRDA:158,21,0,0
BRDA:158,21,1,14
BRDA:158,22,0,14
BRDA:158,22,1,0
BRDA:162,23,0,0
BRDA:162,23,1,14
BRDA:163,24,0,0
BRDA:163,24,1,0
BRDA:163,25,0,0
BRDA:163,25,1,0
BRDA:174,26,0,0
BRDA:174,26,1,0
BRDA:178,27,0,0
BRDA:178,27,1,0
BRDA:178,28,0,0
BRDA:178,28,1,0
BRDA:182,29,0,0
BRDA:182,29,1,0
BRDA:183,30,0,0
BRDA:183,30,1,0
BRDA:197,31,0,9
BRDA:197,31,1,7
BRDA:197,32,0,16
BRDA:197,32,1,16
BRDA:208,33,0,0
BRDA:208,33,1,7
BRDA:208,34,0,7
BRDA:208,34,1,7
BRDA:213,35,0,0
BRDA:213,35,1,7
BRDA:215,36,0,0
BRDA:215,36,1,7
BRDA:221,37,0,0
BRDA:221,37,1,7
BRDA:225,38,0,0
BRDA:225,38,1,7
BRDA:225,39,0,7
BRDA:225,39,1,0
BRDA:229,40,0,0
BRDA:229,40,1,7
BRDA:230,41,0,7
BRDA:230,41,1,0
BRDA:236,42,0,7
BRDA:236,42,1,0
BRDA:242,43,0,0
BRDA:242,43,1,7
BRDA:248,44,0,0
BRDA:248,44,1,7
BRDA:251,45,0,0
BRDA:251,45,1,0
BRDA:254,46,0,0
BRDA:254,46,1,0
BRDA:260,47,0,7
BRDA:260,47,1,0
BRDA:262,48,0,0
BRDA:262,48,1,7
BRDA:271,49,0,0
BRDA:271,49,1,7
BRDA:271,50,0,7
BRDA:271,50,1,7
BRDA:273,51,0,0
BRDA:273,51,1,7
BRDA:275,52,0,0
BRDA:275,52,1,7
BRDA:289,53,0,0
BRDA:289,53,1,16
BRDA:289,54,0,16
BRDA:289,54,1,16
BRDA:301,55,0,0
BRDA:301,55,1,24
BRDA:301,56,0,24
BRDA:301,56,1,24
BRDA:306,57,0,0
BRDA:306,57,1,24
BRDA:312,58,0,0
BRDA:312,58,1,24
BRDA:316,59,0,0
BRDA:316,59,1,24
BRDA:320,60,0,0
BRDA:320,60,1,24
BRDA:321,61,0,24
BRDA:321,61,1,0
BRDA:329,62,0,0
BRDA:329,62,1,24
BRDA:329,63,0,24
BRDA:329,63,1,24
BRDA:337,64,0,0
BRDA:337,64,1,24
BRDA:340,65,0,0
BRDA:340,65,1,24
BRDA:346,66,0,1
BRDA:346,66,1,23
BRDA:354,67,0,9
BRDA:354,67,1,15
BRDA:358,68,0,9
BRDA:358,68,1,15
BRDA:362,69,0,9
BRDA:362,69,1,15
BRDA:366,70,0,9
BRDA:366,70,1,15
BRDA:370,71,0,0
BRDA:370,71,1,24
BRDA:370,72,0,24
BRDA:370,72,1,0
BRDA:374,73,0,0
BRDA:374,73,1,24
BRDA:374,74,0,24
BRDA:374,74,1,0
BRDA:391,75,0,0
BRDA:391,75,1,16
BRDA:391,76,0,16
BRDA:391,76,1,16
BRDA:391,76,2,16
BRDA:400,77,0,0
BRDA:400,77,1,16
BRDA:400,78,0,16
BRDA:400,78,1,16
BRDA:400,78,2,16
BRDA:405,79,0,0
BRDA:405,79,1,23
BRDA:405,80,0,23
BRDA:405,80,1,23
BRDA:410,81,0,0
BRDA:410,81,1,23
BRDA:412,82,0,0
BRDA:412,82,1,23
BRDA:424,83,0,9
BRDA:424,83,1,7
BRDA:428,84,0,9
BRDA:428,84,1,7
BRDA:449,85,0,1
BRDA:449,85,1,15
BRDA:449,86,0,16
BRDA:449,86,1,16
BRDA:459,87,0,0
BRDA:459,87,1,16
BRDA:459,88,0,16
BRDA:459,88,1,16
BRDA:464,89,0,0
BRDA:464,89,1,16
BRDA:466,90,0,0
BRDA:466,90,1,16
BRDA:472,91,0,0
BRDA:472,91,1,16
BRDA:476,92,0,1
BRDA:476,92,1,15
BRDA:480,93,0,0
BRDA:480,93,1,16
BRDA:483,94,0,0
BRDA:483,94,1,0
BRDA:485,95,0,0
BRDA:485,95,1,0
BRDA:491,96,0,0
BRDA:491,96,1,16
BRDA:492,97,0,16
BRDA:492,97,1,0
BRDA:492,97,2,0
BRDA:498,98,0,7
BRDA:498,98,1,9
BRDA:498,99,0,16
BRDA:498,99,1,8
BRDA:512,100,0,0
BRDA:512,100,1,16
BRDA:522,101,0,0
BRDA:522,101,1,7
BRDA:522,102,0,7
BRDA:522,102,1,7
BRDA:527,103,0,0
BRDA:527,103,1,7
BRDA:529,104,0,0
BRDA:529,104,1,7
BRDA:535,105,0,0
BRDA:535,105,1,7
BRDA:539,106,0,0
BRDA:539,106,1,7
BRDA:543,107,0,0
BRDA:543,107,1,7
BRDA:543,108,0,7
BRDA:543,108,1,7
BRDA:543,108,2,7
BRDA:560,109,0,1
BRDA:560,109,1,27
BRDA:560,110,0,28
BRDA:560,110,1,0
BRDA:567,111,0,0
BRDA:567,111,1,21
BRDA:567,112,0,21
BRDA:567,112,1,21
BRDA:573,113,0,0
BRDA:573,113,1,7
BRDA:581,114,0,0
BRDA:581,114,1,7
BRDA:581,115,0,7
BRDA:581,115,1,0
BRDA:587,116,0,0
BRDA:587,116,1,7
BRDA:588,117,0,0
BRDA:588,117,1,0
BRDA:588,118,0,0
BRDA:588,118,1,0
BRDA:603,119,0,9
BRDA:603,119,1,7
BRDA:603,120,0,16
BRDA:603,120,1,7
BRDA:614,121,0,0
BRDA:614,121,1,7
BRDA:614,122,0,7
BRDA:614,122,1,7
BRDA:619,123,0,0
BRDA:619,123,1,7
BRDA:621,124,0,0
BRDA:621,124,1,7
BRDA:627,125,0,0
BRDA:627,125,1,7
BRDA:631,126,0,0
BRDA:631,126,1,7
BRDA:631,127,0,7
BRDA:631,127,1,0
BRDA:635,128,0,0
BRDA:635,128,1,7
BRDA:636,129,0,7
BRDA:636,129,1,0
BRDA:642,130,0,7
BRDA:642,130,1,0
BRDA:648,131,0,0
BRDA:648,131,1,7
BRDA:654,132,0,0
BRDA:654,132,1,7
BRDA:657,133,0,0
BRDA:657,133,1,0
BRDA:660,134,0,0
BRDA:660,134,1,0
BRDA:666,135,0,7
BRDA:666,135,1,0
BRDA:668,136,0,0
BRDA:668,136,1,7
BRDA:676,137,0,0
BRDA:676,137,1,7
BRDA:676,138,0,7
BRDA:676,138,1,0
BRDA:692,139,0,9
BRDA:692,139,1,7
BRDA:697,140,0,0
BRDA:697,140,1,14
BRDA:697,141,0,14
BRDA:697,141,1,14
BRDA:702,142,0,0
BRDA:702,142,1,14
BRDA:702,143,0,14
BRDA:702,143,1,14
BRDA:704,144,0,0
BRDA:704,144,1,14
BRDA:712,145,0,0
BRDA:712,145,1,14
BRDA:712,146,0,14
BRDA:712,146,1,14
BRDA:716,147,0,0
BRDA:716,147,1,14
BRDA:716,148,0,14
BRDA:716,148,1,0
BRDA:721,149,0,7
BRDA:721,149,1,0
BRDA:725,150,0,7
BRDA:725,150,1,0
BRDA:729,151,0,0
BRDA:729,151,1,7
BRDA:732,152,0,0
BRDA:732,152,1,0
BRDA:745,153,0,0
BRDA:745,153,1,16
BRDA:745,154,0,16
BRDA:745,154,1,16
BRDA:745,154,2,16
BRDA:750,155,0,0
BRDA:750,155,1,16
BRDA:754,156,0,0
BRDA:754,156,1,16
BRDA:758,157,0,0
BRDA:758,157,1,16
BRDA:758,158,0,16
BRDA:758,158,1,0
BRDA:764,159,0,0
BRDA:764,159,1,16
BRDA:764,160,0,16
BRDA:764,160,1,16
BRDA:764,160,2,16
BRDA:767,161,0,0
BRDA:767,161,1,16
BRDA:771,162,0,0
BRDA:771,162,1,16
BRDA:775,163,0,0
BRDA:775,163,1,16
BRDA:776,164,0,16
BRDA:776,164,1,9
BRDA:789,165,0,0
BRDA:789,165,1,16
BRDA:789,166,0,16
BRDA:789,166,1,16
BRDA:789,166,2,16
BRDA:794,167,0,0
BRDA:794,167,1,16
BRDA:808,168,0,0
BRDA:808,168,1,16
BRDA:808,169,0,16
BRDA:808,169,1,0
BRDA:819,170,0,0
BRDA:819,170,1,16
BRDA:819,171,0,16
BRDA:819,171,1,16
BRDA:819,171,2,16
BRDA:837,172,0,0
BRDA:837,172,1,16
BRDA:837,173,0,16
BRDA:837,173,1,16
BRDA:837,173,2,16
BRDA:842,174,0,16
BRDA:842,174,1,0
BRDA:854,175,0,16
BRDA:854,175,1,0
BRDA:859,176,0,9
BRDA:859,176,1,7
BRDA:864,177,0,7
BRDA:864,177,1,0
BRDA:865,178,0,7
BRDA:865,178,1,0
BRDA:866,179,0,0
BRDA:866,179,1,7
BRDA:866,180,0,7
BRDA:866,180,1,7
BRDA:869,181,0,0
BRDA:869,181,1,7
BRDA:869,182,0,7
BRDA:869,182,1,0
BRDA:872,183,0,0
BRDA:872,183,1,7
BRDA:872,184,0,7
BRDA:872,184,1,0
BRDA:879,185,0,0
BRDA:879,185,1,7
BRDA:880,186,0,7
BRDA:880,186,1,0
BRDA:880,186,2,0
BRDA:888,187,0,7
BRDA:888,187,1,0
BRDA:889,188,0,0
BRDA:889,188,1,7
BRDA:893,189,0,0
BRDA:893,189,1,7
BRDA:894,190,0,7
BRDA:894,190,1,7
BRDA:900,191,0,0
BRDA:900,191,1,7
BRDA:900,192,0,7
BRDA:900,192,1,0
BRDA:904,193,0,0
BRDA:904,193,1,7
BRDA:906,194,0,0
BRDA:906,194,1,0
BRDA:919,195,0,9
BRDA:919,195,1,7
BRDA:923,196,0,0
BRDA:923,196,1,7
BRDA:923,197,0,7
BRDA:923,197,1,7
BRDA:927,198,0,0
BRDA:927,198,1,7
BRDA:929,199,0,0
BRDA:929,199,1,0
BRDA:935,200,0,0
BRDA:935,200,1,7
BRDA:936,201,0,0
BRDA:936,201,1,0
BRDA:936,202,0,0
BRDA:936,202,1,0
BRDA:939,203,0,0
BRDA:939,203,1,0
BRDA:958,204,0,0
BRDA:958,204,1,16
BRDA:958,205,0,16
BRDA:958,205,1,16
BRDA:969,206,0,0
BRDA:969,206,1,16
BRDA:969,207,0,16
BRDA:969,207,1,16
BRDA:969,207,2,16
BRDA:979,208,0,9
BRDA:979,208,1,7
BRDA:979,209,0,16
BRDA:979,209,1,7
BRDA:979,209,2,7
BRDA:990,210,0,16
BRDA:990,210,1,0
BRDA:992,211,0,1
BRDA:992,211,1,15
BRDA:993,212,0,16
BRDA:993,212,1,1
BRDA:1009,213,0,0
BRDA:1009,213,1,16
BRDA:1010,214,0,16
BRDA:1010,214,1,7
BRDA:1018,215,0,0
BRDA:1018,215,1,16
BRDA:1018,216,0,16
BRDA:1018,216,1,16
BRDA:1018,216,2,16
BRDA:1035,217,0,16
BRDA:1035,217,1,0
BRDA:1042,218,0,16
BRDA:1042,218,1,0
BRDA:1043,219,0,9
BRDA:1043,219,1,7
BRDA:1043,220,0,16
BRDA:1043,220,1,16
BRDA:1047,221,0,0
BRDA:1047,221,1,7
BRDA:1055,222,0,0
BRDA:1055,222,1,16
BRDA:1057,223,0,0
BRDA:1057,223,1,0
BRDA:1065,224,0,7
BRDA:1065,224,1,9
BRDA:1067,225,0,2
BRDA:1067,225,1,5
BRF:466
BRH:281
end_of_record
TN:
SF:src/config/presets/roles.ts
FNF:0
FNH:0
DA:3,0
LF:1
LH:0
BRF:0
BRH:0
end_of_record
TN:
SF:src/contracts/shared-config.ts
FN:117,(anonymous_0)
FN:151,(anonymous_1)
FN:215,(anonymous_2)
FNF:3
FNH:3
FNDA:1,(anonymous_0)
FNDA:60,(anonymous_1)
FNDA:19,(anonymous_2)
DA:1,1
DA:63,1
DA:78,1
DA:79,1
DA:86,1
DA:87,1
DA:117,1
DA:118,1
DA:119,1
DA:120,1
DA:121,1
DA:122,1
DA:123,1
DA:124,1
DA:150,1
DA:152,60
DA:153,4
DA:156,56
DA:158,56
DA:159,54
DA:160,53
DA:162,52
DA:163,46
DA:164,45
DA:166,43
DA:167,43
DA:168,41
DA:169,40
DA:170,39
DA:171,39
DA:173,39
DA:174,39
DA:175,37
DA:176,36
DA:177,36
DA:178,36
DA:179,36
DA:183,1
DA:186,35
DA:187,35
DA:188,33
DA:189,32
DA:190,31
DA:192,31
DA:193,31
DA:194,27
DA:195,22
DA:196,20
DA:198,20
DA:199,20
DA:200,20
DA:201,20
DA:202,0
DA:204,20
DA:205,0
DA:207,20
DA:208,0
DA:212,20
DA:216,19
DA:217,4
DA:220,15
DA:222,15
DA:223,13
DA:224,12
DA:225,10
DA:226,5
DA:228,5
LF:67
LH:64
BRDA:117,0,0,1
BRDA:117,0,1,1
BRDA:152,1,0,4
BRDA:152,1,1,56
BRDA:158,2,0,2
BRDA:158,2,1,54
BRDA:159,3,0,1
BRDA:159,3,1,53
BRDA:160,4,0,1
BRDA:160,4,1,52
BRDA:162,5,0,6
BRDA:162,5,1,46
BRDA:162,6,0,52
BRDA:162,6,1,48
BRDA:163,7,0,1
BRDA:163,7,1,45
BRDA:164,8,0,2
BRDA:164,8,1,43
BRDA:164,9,0,45
BRDA:164,9,1,44
BRDA:167,10,0,2
BRDA:167,10,1,41
BRDA:168,11,0,1
BRDA:168,11,1,40
BRDA:169,12,0,1
BRDA:169,12,1,39
BRDA:169,13,0,40
BRDA:169,13,1,40
BRDA:170,14,0,0
BRDA:170,14,1,39
BRDA:170,15,0,39
BRDA:170,15,1,39
BRDA:171,16,0,0
BRDA:171,16,1,39
BRDA:171,17,0,39
BRDA:171,17,1,39
BRDA:174,18,0,2
BRDA:174,18,1,37
BRDA:175,19,0,1
BRDA:175,19,1,36
BRDA:176,20,0,0
BRDA:176,20,1,36
BRDA:177,21,0,0
BRDA:177,21,1,36
BRDA:178,22,0,0
BRDA:178,22,1,36
BRDA:178,23,0,36
BRDA:178,23,1,36
BRDA:179,24,0,1
BRDA:179,24,1,35
BRDA:180,25,0,36
BRDA:180,25,1,36
BRDA:187,26,0,2
BRDA:187,26,1,33
BRDA:188,27,0,1
BRDA:188,27,1,32
BRDA:189,28,0,1
BRDA:189,28,1,31
BRDA:189,29,0,32
BRDA:189,29,1,32
BRDA:190,30,0,0
BRDA:190,30,1,31
BRDA:190,31,0,31
BRDA:190,31,1,31
BRDA:193,32,0,4
BRDA:193,32,1,27
BRDA:194,33,0,5
BRDA:194,33,1,22
BRDA:194,34,0,27
BRDA:194,34,1,25
BRDA:194,34,2,24
BRDA:195,35,0,2
BRDA:195,35,1,20
BRDA:195,36,0,22
BRDA:195,36,1,21
BRDA:196,37,0,0
BRDA:196,37,1,20
BRDA:196,38,0,20
BRDA:196,38,1,20
BRDA:199,39,0,20
BRDA:199,39,1,0
BRDA:200,40,0,0
BRDA:200,40,1,20
BRDA:201,41,0,0
BRDA:201,41,1,20
BRDA:201,42,0,20
BRDA:201,42,1,20
BRDA:204,43,0,0
BRDA:204,43,1,20
BRDA:204,44,0,20
BRDA:204,44,1,20
BRDA:207,45,0,0
BRDA:207,45,1,20
BRDA:207,46,0,20
BRDA:207,46,1,0
BRDA:216,47,0,4
BRDA:216,47,1,15
BRDA:222,48,0,2
BRDA:222,48,1,13
BRDA:223,49,0,1
BRDA:223,49,1,12
BRDA:224,50,0,2
BRDA:224,50,1,10
BRDA:225,51,0,5
BRDA:225,51,1,5
BRDA:226,52,0,0
BRDA:226,52,1,5
BRDA:226,53,0,5
BRDA:226,53,1,4
BRF:109
BRH:95
end_of_record
TN:
SF:src/core/error-handler.ts
FN:22,(anonymous_0)
FN:35,(anonymous_1)
FN:49,(anonymous_2)
FN:61,(anonymous_3)
FN:66,toTurnkeyServiceError
FN:85,retryWithBackoff
FN:105,(anonymous_6)
FN:113,buildTurnkeyRequestError
FN:123,buildPolicyDeniedError
FN:140,buildActivityFailedError
FN:148,mapTurnkeyRequestError
FN:170,isTurnkeyRequestError
FN:192,extractPolicyIds
FN:198,(anonymous_13)
FN:206,(anonymous_14)
FNF:15
FNH:15
FNDA:41,(anonymous_0)
FNDA:3,(anonymous_1)
FNDA:8,(anonymous_2)
FNDA:4,(anonymous_3)
FNDA:19,toTurnkeyServiceError
FNDA:6,retryWithBackoff
FNDA:6,(anonymous_6)
FNDA:3,buildTurnkeyRequestError
FNDA:11,buildPolicyDeniedError
FNDA:3,buildActivityFailedError
FNDA:5,mapTurnkeyRequestError
FNDA:30,isTurnkeyRequestError
FNDA:7,extractPolicyIds
FNDA:12,(anonymous_13)
FNDA:5,(anonymous_14)
DA:1,6
DA:4,6
DA:21,6
DA:24,41
DA:25,41
DA:26,41
DA:27,41
DA:29,41
DA:30,41
DA:34,6
DA:37,3
DA:38,3
DA:39,3
DA:40,3
DA:41,3
DA:44,3
DA:48,6
DA:51,8
DA:56,8
DA:60,6
DA:61,4
DA:62,4
DA:66,6
DA:70,19
DA:71,3
DA:74,16
DA:75,4
DA:78,12
DA:79,11
DA:82,1
DA:85,6
DA:92,6
DA:93,12
DA:94,12
DA:96,9
DA:98,9
DA:99,9
DA:100,2
DA:103,7
DA:104,6
DA:105,6
DA:110,1
DA:113,6
DA:117,3
DA:118,1
DA:120,2
DA:123,6
DA:127,11
DA:128,2
DA:131,9
DA:132,2
DA:135,7
DA:136,7
DA:137,7
DA:140,6
DA:145,3
DA:152,5
DA:154,5
DA:156,1
DA:158,1
DA:159,1
DA:162,1
DA:164,1
DA:166,1
DA:171,30
DA:193,7
DA:194,1
DA:197,6
DA:198,6
DA:199,12
DA:200,0
DA:203,12
DA:205,12
DA:206,3
DA:207,5
DA:208,5
DA:209,5
DA:212,3
DA:215,9
DA:216,9
DA:217,9
DA:221,6
LF:82
LH:81
BRDA:70,0,0,3
BRDA:70,0,1,16
BRDA:74,1,0,4
BRDA:74,1,1,12
BRDA:78,2,0,11
BRDA:78,2,1,1
BRDA:87,3,0,3
BRDA:88,4,0,3
BRDA:99,5,0,2
BRDA:99,5,1,7
BRDA:99,6,0,9
BRDA:99,6,1,8
BRDA:103,7,0,6
BRDA:103,7,1,1
BRDA:117,8,0,1
BRDA:117,8,1,2
BRDA:127,9,0,2
BRDA:127,9,1,9
BRDA:131,10,0,2
BRDA:131,10,1,7
BRDA:135,11,0,7
BRDA:135,11,1,0
BRDA:142,12,0,1
BRDA:152,13,0,5
BRDA:152,13,1,0
BRDA:154,14,0,1
BRDA:154,14,1,1
BRDA:154,14,2,1
BRDA:154,14,3,1
BRDA:154,14,4,1
BRDA:159,15,0,1
BRDA:159,15,1,0
BRDA:171,16,0,30
BRDA:171,16,1,27
BRDA:193,17,0,1
BRDA:193,17,1,6
BRDA:199,18,0,0
BRDA:199,18,1,12
BRDA:203,19,0,12
BRDA:203,19,1,9
BRDA:205,20,0,3
BRDA:205,20,1,9
BRDA:207,21,0,5
BRDA:207,21,1,0
BRDA:208,22,0,5
BRDA:208,22,1,0
BRDA:215,23,0,9
BRDA:215,23,1,4
BRDA:216,24,0,9
BRDA:216,24,1,0
BRF:50
BRH:43
end_of_record
TN:
SF:src/core/ip-validator.ts
FN:18,(anonymous_9)
FN:26,(anonymous_10)
FN:53,(anonymous_11)
FN:85,(anonymous_12)
FN:92,(anonymous_13)
FN:93,(anonymous_14)
FN:113,(anonymous_15)
FN:126,(anonymous_16)
FN:129,(anonymous_17)
FN:136,(anonymous_18)
FN:143,(anonymous_19)
FN:157,(anonymous_20)
FNF:12
FNH:12
FNDA:17,(anonymous_9)
FNDA:19,(anonymous_10)
FNDA:35,(anonymous_11)
FNDA:62,(anonymous_12)
FNDA:27,(anonymous_13)
FNDA:108,(anonymous_14)
FNDA:9,(anonymous_15)
FNDA:18,(anonymous_16)
FNDA:72,(anonymous_17)
FNDA:6,(anonymous_18)
FNDA:3,(anonymous_19)
FNDA:2,(anonymous_20)
DA:6,1
DA:14,1
DA:16,17
DA:19,17
DA:20,17
DA:28,19
DA:30,19
DA:31,27
DA:33,6
DA:34,6
DA:36,6
DA:37,1
DA:40,5
DA:43,21
DA:44,1
DA:54,35
DA:55,3
DA:58,32
DA:59,3
DA:63,29
DA:64,12
DA:68,17
DA:69,6
DA:73,11
DA:74,9
DA:75,5
DA:79,6
DA:86,62
DA:93,108
DA:96,27
DA:99,24
DA:102,21
DA:105,18
DA:107,15
DA:114,9
DA:115,9
DA:117,9
DA:118,9
DA:120,9
DA:127,18
DA:129,72
DA:137,6
DA:144,3
DA:145,1
DA:148,2
DA:149,1
DA:150,1
DA:158,2
DA:159,2
DA:160,1
DA:161,1
LF:51
LH:51
BRDA:31,0,0,6
BRDA:31,0,1,21
BRDA:36,1,0,1
BRDA:36,1,1,5
BRDA:36,2,0,6
BRDA:36,2,1,6
BRDA:36,2,2,6
BRDA:43,3,0,1
BRDA:43,3,1,20
BRDA:54,4,0,3
BRDA:54,4,1,32
BRDA:58,5,0,3
BRDA:58,5,1,29
BRDA:63,6,0,12
BRDA:63,6,1,17
BRDA:63,7,0,29
BRDA:63,7,1,27
BRDA:68,8,0,6
BRDA:68,8,1,11
BRDA:74,9,0,5
BRDA:74,9,1,4
BRDA:96,10,0,3
BRDA:96,10,1,24
BRDA:99,11,0,3
BRDA:99,11,1,21
BRDA:99,12,0,24
BRDA:99,12,1,3
BRDA:99,12,2,3
BRDA:102,13,0,3
BRDA:102,13,1,18
BRDA:102,14,0,21
BRDA:102,14,1,3
BRDA:105,15,0,3
BRDA:105,15,1,15
BRDA:144,16,0,1
BRDA:144,16,1,2
BRDA:148,17,0,1
BRDA:148,17,1,1
BRDA:159,18,0,1
BRDA:159,18,1,1
BRF:40
BRH:40
end_of_record
TN:
SF:src/core/secrets-manager.ts
FN:6,(anonymous_0)
FN:55,(anonymous_1)
FN:60,(anonymous_2)
FN:70,(anonymous_3)
FN:91,(anonymous_4)
FN:122,(anonymous_5)
FN:159,(anonymous_6)
FN:163,(anonymous_7)
FN:167,(anonymous_8)
FN:171,(anonymous_9)
FN:185,(anonymous_10)
FN:222,(anonymous_11)
FN:234,(anonymous_12)
FN:252,(anonymous_13)
FN:272,(anonymous_14)
FN:286,(anonymous_15)
FN:293,(anonymous_16)
FN:321,(anonymous_17)
FN:332,(anonymous_18)
FN:336,(anonymous_19)
FN:342,(anonymous_20)
FN:372,(anonymous_21)
FN:418,(anonymous_22)
FN:443,(anonymous_23)
FN:449,(anonymous_24)
FN:456,(anonymous_25)
FNF:26
FNH:13
FNDA:6,(anonymous_0)
FNDA:10,(anonymous_1)
FNDA:12,(anonymous_2)
FNDA:10,(anonymous_3)
FNDA:9,(anonymous_4)
FNDA:9,(anonymous_5)
FNDA:0,(anonymous_6)
FNDA:0,(anonymous_7)
FNDA:0,(anonymous_8)
FNDA:5,(anonymous_9)
FNDA:0,(anonymous_10)
FNDA:10,(anonymous_11)
FNDA:0,(anonymous_12)
FNDA:14,(anonymous_13)
FNDA:5,(anonymous_14)
FNDA:4,(anonymous_15)
FNDA:0,(anonymous_16)
FNDA:0,(anonymous_17)
FNDA:0,(anonymous_18)
FNDA:0,(anonymous_19)
FNDA:0,(anonymous_20)
FNDA:0,(anonymous_21)
FNDA:0,(anonymous_22)
FNDA:10,(anonymous_23)
FNDA:11,(anonymous_24)
FNDA:0,(anonymous_25)
DA:6,6
DA:7,6
DA:8,6
DA:9,6
DA:10,6
DA:46,6
DA:48,6
DA:49,6
DA:50,10
DA:51,10
DA:52,10
DA:56,10
DA:57,10
DA:61,12
DA:62,11
DA:63,1
DA:65,10
DA:67,11
DA:71,10
DA:72,0
DA:75,10
DA:77,0
DA:78,0
DA:80,0
DA:82,0
DA:83,0
DA:85,0
DA:87,10
DA:92,9
DA:93,0
DA:98,9
DA:100,9
DA:101,5
DA:103,0
DA:104,0
DA:106,0
DA:107,0
DA:109,0
DA:110,0
DA:112,0
DA:115,5
DA:116,5
DA:117,5
DA:118,5
DA:119,5
DA:123,9
DA:124,9
DA:125,9
DA:126,9
DA:128,9
DA:129,1
DA:134,8
DA:135,6
DA:137,5
DA:138,5
DA:139,5
DA:142,5
DA:144,5
DA:145,1
DA:148,5
DA:160,0
DA:164,0
DA:168,0
DA:174,5
DA:175,5
DA:178,0
DA:179,0
DA:180,0
DA:181,0
DA:184,0
DA:185,0
DA:186,0
DA:187,0
DA:190,0
DA:191,0
DA:192,0
DA:193,0
DA:197,0
DA:201,0
DA:206,0
DA:214,0
DA:216,0
DA:223,10
DA:224,10
DA:227,0
DA:228,0
DA:229,0
DA:230,0
DA:233,0
DA:234,0
DA:235,0
DA:236,0
DA:238,0
DA:246,0
DA:248,0
DA:253,14
DA:255,14
DA:256,2
DA:259,12
DA:260,12
DA:261,12
DA:262,9
DA:264,3
DA:266,3
DA:273,5
DA:274,0
DA:277,5
DA:278,0
DA:281,5
DA:282,0
DA:287,4
DA:288,3
DA:290,1
DA:294,0
DA:296,0
DA:297,0
DA:300,0
DA:306,0
DA:313,0
DA:314,0
DA:322,0
DA:323,0
DA:325,0
DA:326,0
DA:327,0
DA:333,0
DA:337,0
DA:343,0
DA:344,0
DA:345,0
DA:348,0
DA:349,0
DA:352,0
DA:353,0
DA:354,0
DA:355,0
DA:359,0
DA:362,0
DA:363,0
DA:364,0
DA:365,0
DA:369,0
DA:373,0
DA:374,0
DA:375,0
DA:378,0
DA:381,0
DA:382,0
DA:385,0
DA:386,0
DA:389,0
DA:390,0
DA:393,0
DA:394,0
DA:395,0
DA:396,0
DA:399,0
DA:400,0
DA:401,0
DA:402,0
DA:405,0
DA:406,0
DA:407,0
DA:408,0
DA:413,0
DA:416,0
DA:418,0
DA:419,0
DA:421,0
DA:431,0
DA:437,0
DA:439,0
DA:444,10
DA:445,10
DA:446,10
DA:450,11
DA:451,9
DA:453,11
DA:457,0
LF:179
LH:70
BRDA:6,0,0,6
BRDA:6,0,1,6
BRDA:61,1,0,11
BRDA:61,1,1,1
BRDA:62,2,0,1
BRDA:62,2,1,10
BRDA:71,3,0,0
BRDA:71,3,1,10
BRDA:75,4,0,0
BRDA:75,4,1,0
BRDA:75,4,2,10
BRDA:77,5,0,0
BRDA:77,5,1,0
BRDA:82,6,0,0
BRDA:82,6,1,0
BRDA:92,7,0,0
BRDA:92,7,1,9
BRDA:98,8,0,9
BRDA:98,8,1,0
BRDA:98,8,2,0
BRDA:98,8,3,0
BRDA:98,8,4,0
BRDA:117,9,0,5
BRDA:117,9,1,5
BRDA:128,10,0,1
BRDA:128,10,1,8
BRDA:128,11,0,9
BRDA:128,11,1,8
BRDA:128,11,2,8
BRDA:142,12,0,1
BRDA:142,12,1,4
BRDA:144,13,0,1
BRDA:144,13,1,4
BRDA:144,14,0,5
BRDA:144,14,1,1
BRDA:174,15,0,5
BRDA:174,15,1,0
BRDA:180,16,0,0
BRDA:180,16,1,0
BRDA:186,17,0,0
BRDA:186,17,1,0
BRDA:192,18,0,0
BRDA:192,18,1,0
BRDA:192,19,0,0
BRDA:192,19,1,0
BRDA:197,20,0,0
BRDA:197,20,1,0
BRDA:197,21,0,0
BRDA:197,21,1,0
BRDA:223,22,0,10
BRDA:223,22,1,0
BRDA:229,23,0,0
BRDA:229,23,1,0
BRDA:235,24,0,0
BRDA:235,24,1,0
BRDA:255,25,0,2
BRDA:255,25,1,12
BRDA:261,26,0,9
BRDA:261,26,1,3
BRDA:273,27,0,0
BRDA:273,27,1,5
BRDA:273,28,0,5
BRDA:273,28,1,5
BRDA:277,29,0,0
BRDA:277,29,1,5
BRDA:277,30,0,5
BRDA:277,30,1,5
BRDA:281,31,0,0
BRDA:281,31,1,5
BRDA:287,32,0,3
BRDA:287,32,1,1
BRDA:296,33,0,0
BRDA:296,33,1,0
BRDA:296,34,0,0
BRDA:296,34,1,0
BRDA:313,35,0,0
BRDA:313,35,1,0
BRDA:315,36,0,0
BRDA:315,36,1,0
BRDA:322,37,0,0
BRDA:322,37,1,0
BRDA:325,38,0,0
BRDA:325,38,1,0
BRDA:325,39,0,0
BRDA:325,39,1,0
BRDA:326,40,0,0
BRDA:326,40,1,0
BRDA:337,41,0,0
BRDA:337,41,1,0
BRDA:344,42,0,0
BRDA:344,42,1,0
BRDA:349,43,0,0
BRDA:349,43,1,0
BRDA:349,44,0,0
BRDA:349,44,1,0
BRDA:352,45,0,0
BRDA:352,45,1,0
BRDA:354,46,0,0
BRDA:354,46,1,0
BRDA:359,47,0,0
BRDA:359,47,1,0
BRDA:362,48,0,0
BRDA:362,48,1,0
BRDA:364,49,0,0
BRDA:364,49,1,0
BRDA:374,50,0,0
BRDA:374,50,1,0
BRDA:378,51,0,0
BRDA:378,51,1,0
BRDA:381,52,0,0
BRDA:381,52,1,0
BRDA:386,53,0,0
BRDA:386,53,1,0
BRDA:386,54,0,0
BRDA:386,54,1,0
BRDA:389,55,0,0
BRDA:389,55,1,0
BRDA:395,56,0,0
BRDA:395,56,1,0
BRDA:401,57,0,0
BRDA:401,57,1,0
BRDA:401,58,0,0
BRDA:401,58,1,0
BRDA:408,59,0,0
BRDA:408,59,1,0
BRDA:409,60,0,0
BRDA:409,60,1,0
BRDA:409,60,2,0
BRDA:418,61,0,0
BRDA:418,61,1,0
BRDA:419,62,0,0
BRDA:419,62,1,0
BRDA:450,63,0,9
BRDA:450,63,1,2
BRF:134
BRH:40
end_of_record
TN:
SF:src/core/turnkey-client.ts
FN:62,(anonymous_0)
FN:65,(anonymous_1)
FN:76,(anonymous_2)
FN:84,(anonymous_3)
FN:181,cacheKeyToString
FN:188,(anonymous_5)
FN:199,(anonymous_6)
FN:206,(anonymous_7)
FN:216,(anonymous_8)
FN:224,(anonymous_9)
FN:238,(anonymous_10)
FN:282,(anonymous_11)
FN:305,(anonymous_12)
FN:309,(anonymous_13)
FN:347,(anonymous_14)
FN:355,(anonymous_15)
FN:359,(anonymous_16)
FN:380,(anonymous_17)
FN:403,(anonymous_18)
FN:463,(anonymous_19)
FN:479,(anonymous_20)
FN:498,(anonymous_21)
FN:516,(anonymous_22)
FN:528,(anonymous_23)
FN:564,(anonymous_24)
FN:626,(anonymous_25)
FN:637,(anonymous_26)
FN:649,(anonymous_27)
FN:681,(anonymous_28)
FN:696,(anonymous_29)
FN:698,(anonymous_30)
FN:701,(anonymous_31)
FN:711,(anonymous_32)
FN:791,(anonymous_33)
FN:799,(anonymous_34)
FN:801,(anonymous_35)
FN:818,(anonymous_36)
FN:819,(anonymous_37)
FN:845,(anonymous_38)
FN:852,(anonymous_39)
FN:890,(anonymous_40)
FN:923,(anonymous_41)
FN:933,(anonymous_42)
FN:961,(anonymous_43)
FN:963,(anonymous_44)
FN:997,(anonymous_45)
FN:1005,(anonymous_46)
FN:1019,(anonymous_47)
FN:1026,(anonymous_48)
FN:1030,(anonymous_49)
FN:1039,(anonymous_50)
FN:1045,(anonymous_51)
FN:1050,(anonymous_52)
FN:1058,(anonymous_53)
FN:1092,(anonymous_54)
FN:1098,(anonymous_55)
FN:1120,(anonymous_56)
FN:1128,(anonymous_57)
FN:1131,(anonymous_58)
FN:1144,(anonymous_59)
FN:1149,(anonymous_60)
FN:1155,(anonymous_61)
FN:1162,(anonymous_62)
FN:1172,(anonymous_63)
FN:1183,(anonymous_64)
FN:1191,(anonymous_65)
FN:1230,(anonymous_66)
FN:1231,(anonymous_67)
FN:1241,(anonymous_68)
FN:1250,(anonymous_69)
FN:1257,(anonymous_70)
FN:1294,(anonymous_71)
FN:1295,(anonymous_72)
FN:1308,(anonymous_73)
FN:1313,(anonymous_74)
FN:1314,(anonymous_75)
FN:1331,(anonymous_76)
FN:1336,(anonymous_77)
FN:1341,(anonymous_78)
FN:1346,(anonymous_79)
FN:1350,(anonymous_80)
FNF:81
FNH:51
FNDA:24,(anonymous_0)
FNDA:13,(anonymous_1)
FNDA:0,(anonymous_2)
FNDA:0,(anonymous_3)
FNDA:21,cacheKeyToString
FNDA:19,(anonymous_5)
FNDA:1,(anonymous_6)
FNDA:19,(anonymous_7)
FNDA:18,(anonymous_8)
FNDA:18,(anonymous_9)
FNDA:18,(anonymous_10)
FNDA:0,(anonymous_11)
FNDA:1,(anonymous_12)
FNDA:5,(anonymous_13)
FNDA:7,(anonymous_14)
FNDA:24,(anonymous_15)
FNDA:17,(anonymous_16)
FNDA:17,(anonymous_17)
FNDA:12,(anonymous_18)
FNDA:2,(anonymous_19)
FNDA:26,(anonymous_20)
FNDA:3,(anonymous_21)
FNDA:1,(anonymous_22)
FNDA:2,(anonymous_23)
FNDA:3,(anonymous_24)
FNDA:1,(anonymous_25)
FNDA:1,(anonymous_26)
FNDA:1,(anonymous_27)
FNDA:1,(anonymous_28)
FNDA:0,(anonymous_29)
FNDA:0,(anonymous_30)
FNDA:0,(anonymous_31)
FNDA:0,(anonymous_32)
FNDA:0,(anonymous_33)
FNDA:0,(anonymous_34)
FNDA:0,(anonymous_35)
FNDA:3,(anonymous_36)
FNDA:1,(anonymous_37)
FNDA:1,(anonymous_38)
FNDA:1,(anonymous_39)
FNDA:0,(anonymous_40)
FNDA:1,(anonymous_41)
FNDA:0,(anonymous_42)
FNDA:0,(anonymous_43)
FNDA:0,(anonymous_44)
FNDA:1,(anonymous_45)
FNDA:0,(anonymous_46)
FNDA:0,(anonymous_47)
FNDA:0,(anonymous_48)
FNDA:0,(anonymous_49)
FNDA:0,(anonymous_50)
FNDA:0,(anonymous_51)
FNDA:2,(anonymous_52)
FNDA:3,(anonymous_53)
FNDA:1,(anonymous_54)
FNDA:1,(anonymous_55)
FNDA:1,(anonymous_56)
FNDA:1,(anonymous_57)
FNDA:0,(anonymous_58)
FNDA:0,(anonymous_59)
FNDA:0,(anonymous_60)
FNDA:1,(anonymous_61)
FNDA:1,(anonymous_62)
FNDA:1,(anonymous_63)
FNDA:0,(anonymous_64)
FNDA:0,(anonymous_65)
FNDA:1,(anonymous_66)
FNDA:1,(anonymous_67)
FNDA:1,(anonymous_68)
FNDA:1,(anonymous_69)
FNDA:1,(anonymous_70)
FNDA:1,(anonymous_71)
FNDA:1,(anonymous_72)
FNDA:0,(anonymous_73)
FNDA:8,(anonymous_74)
FNDA:11,(anonymous_75)
FNDA:22,(anonymous_76)
FNDA:0,(anonymous_77)
FNDA:0,(anonymous_78)
FNDA:0,(anonymous_79)
FNDA:0,(anonymous_80)
DA:1,5
DA:28,5
DA:29,5
DA:62,5
DA:63,24
DA:65,5
DA:66,13
DA:76,5
DA:77,0
DA:84,5
DA:85,0
DA:86,0
DA:87,0
DA:88,0
DA:182,21
DA:185,5
DA:186,5
DA:189,19
DA:190,1
DA:193,18
DA:194,18
DA:195,17
DA:196,17
DA:200,1
DA:201,1
DA:203,0
DA:207,19
DA:214,18
DA:217,18
DA:218,18
DA:219,18
DA:225,18
DA:227,17
DA:235,17
DA:239,18
DA:240,0
DA:243,18
DA:244,18
DA:245,15
DA:246,15
DA:249,18
DA:250,14
DA:253,4
DA:254,4
DA:255,1
DA:261,3
DA:266,3
DA:267,1
DA:270,2
DA:275,2
DA:276,2
DA:279,2
DA:280,2
DA:281,0
DA:282,0
DA:283,0
DA:284,0
DA:285,0
DA:286,0
DA:287,0
DA:288,0
DA:296,0
DA:301,2
DA:302,2
DA:306,1
DA:314,5
DA:315,5
DA:316,5
DA:317,5
DA:322,5
DA:323,12
DA:324,12
DA:325,0
DA:333,12
DA:334,4
DA:337,8
DA:338,1
DA:346,7
DA:347,7
DA:348,7
DA:356,24
DA:364,17
DA:365,17
DA:370,17
DA:372,17
DA:380,17
DA:381,17
DA:383,16
DA:384,16
DA:386,1
DA:387,1
DA:389,15
DA:390,15
DA:392,15
DA:393,15
DA:394,1
DA:397,15
DA:399,15
DA:404,12
DA:405,12
DA:408,11
DA:410,11
DA:411,8
DA:412,8
DA:419,8
DA:428,3
DA:429,2
DA:430,2
DA:432,2
DA:444,1
DA:445,1
DA:449,1
DA:456,1
DA:460,15
DA:463,17
DA:465,2
DA:468,2
DA:475,2
DA:480,26
DA:481,23
DA:484,3
DA:485,3
DA:486,0
DA:488,3
DA:499,3
DA:500,0
DA:502,3
DA:503,3
DA:504,0
DA:507,3
DA:509,3
DA:510,3
DA:511,0
DA:513,3
DA:517,1
DA:518,0
DA:520,1
DA:521,1
DA:522,0
DA:524,1
DA:525,1
DA:529,2
DA:530,2
DA:531,0
DA:532,0
DA:538,0
DA:539,0
DA:550,2
DA:551,1
DA:554,1
DA:569,3
DA:570,3
DA:571,3
DA:576,3
DA:578,3
DA:588,3
DA:592,3
DA:593,3
DA:594,3
DA:595,3
DA:596,0
DA:598,3
DA:600,3
DA:601,0
DA:604,3
DA:605,3
DA:606,1
DA:607,1
DA:613,1
DA:614,1
DA:616,3
DA:618,3
DA:636,1
DA:637,1
DA:638,1
DA:639,1
DA:645,1
DA:650,1
DA:651,1
DA:658,1
DA:659,0
DA:663,1
DA:664,1
DA:665,0
DA:668,1
DA:673,1
DA:678,1
DA:679,1
DA:681,1
DA:682,1
DA:684,1
DA:685,1
DA:686,1
DA:688,1
DA:690,1
DA:692,1
DA:696,1
DA:697,0
DA:698,0
DA:700,0
DA:701,0
DA:704,0
DA:706,1
DA:708,1
DA:716,0
DA:718,0
DA:719,0
DA:720,0
DA:725,0
DA:726,0
DA:727,0
DA:728,0
DA:733,0
DA:734,0
DA:735,0
DA:736,0
DA:738,0
DA:739,0
DA:757,0
DA:761,0
DA:762,0
DA:763,0
DA:765,0
DA:772,0
DA:773,0
DA:776,0
DA:777,0
DA:788,0
DA:796,0
DA:800,0
DA:801,0
DA:802,0
DA:810,0
DA:819,3
DA:820,1
DA:826,1
DA:827,1
DA:828,0
DA:834,1
DA:851,1
DA:852,1
DA:853,1
DA:858,1
DA:859,1
DA:860,0
DA:864,1
DA:865,1
DA:866,1
DA:867,0
DA:871,1
DA:872,0
DA:875,1
DA:876,1
DA:879,0
DA:887,1
DA:895,0
DA:896,0
DA:897,0
DA:900,0
DA:901,0
DA:902,0
DA:905,0
DA:906,0
DA:907,0
DA:908,0
DA:911,0
DA:928,1
DA:929,1
DA:932,0
DA:933,0
DA:934,0
DA:939,0
DA:940,0
DA:941,0
DA:945,0
DA:946,0
DA:947,0
DA:950,0
DA:953,0
DA:954,0
DA:957,0
DA:959,0
DA:961,0
DA:964,0
DA:968,0
DA:978,0
DA:981,0
DA:994,0
DA:1000,1
DA:1001,1
DA:1004,0
DA:1005,0
DA:1006,0
DA:1007,0
DA:1008,0
DA:1010,0
DA:1016,0
DA:1022,0
DA:1023,0
DA:1026,0
DA:1027,0
DA:1034,0
DA:1035,0
DA:1038,0
DA:1040,0
DA:1045,0
DA:1047,0
DA:1051,2
DA:1052,2
DA:1054,0
DA:1055,0
DA:1061,3
DA:1062,0
DA:1065,3
DA:1075,3
DA:1083,3
DA:1084,0
DA:1087,3
DA:1088,3
DA:1090,3
DA:1091,3
DA:1092,1
DA:1095,3
DA:1101,1
DA:1102,0
DA:1105,1
DA:1110,1
DA:1111,1
DA:1112,0
DA:1115,1
DA:1116,1
DA:1117,1
DA:1121,1
DA:1122,1
DA:1123,1
DA:1124,0
DA:1126,1
DA:1128,1
DA:1134,0
DA:1139,0
DA:1140,0
DA:1142,0
DA:1143,0
DA:1144,0
DA:1147,0
DA:1148,0
DA:1149,0
DA:1152,0
DA:1158,1
DA:1159,0
DA:1162,1
DA:1163,1
DA:1164,0
DA:1166,1
DA:1167,1
DA:1168,1
DA:1176,1
DA:1177,0
DA:1179,1
DA:1180,1
DA:1184,0
DA:1185,0
DA:1187,0
DA:1188,0
DA:1196,0
DA:1197,0
DA:1198,0
DA:1199,0
DA:1200,0
DA:1208,0
DA:1212,0
DA:1214,0
DA:1221,0
DA:1225,0
DA:1231,1
DA:1232,1
DA:1233,0
DA:1238,1
DA:1242,1
DA:1255,1
DA:1256,1
DA:1257,1
DA:1259,1
DA:1269,1
DA:1273,1
DA:1274,1
DA:1275,1
DA:1277,1
DA:1278,0
DA:1287,1
DA:1288,1
DA:1292,1
DA:1294,1
DA:1295,1
DA:1297,1
DA:1309,0
DA:1310,0
DA:1314,8
DA:1315,11
DA:1316,11
DA:1317,1
DA:1319,10
DA:1320,10
DA:1321,10
DA:1322,0
DA:1324,10
DA:1325,10
DA:1327,0
DA:1332,22
DA:1333,22
DA:1337,0
DA:1338,0
DA:1342,0
DA:1343,0
DA:1347,0
DA:1351,0
DA:1352,0
DA:1353,0
DA:1354,0
LF:419
LH:252
BRDA:63,0,0,24
BRDA:63,0,1,17
BRDA:66,1,0,13
BRDA:66,1,1,13
BRDA:182,2,0,3
BRDA:182,2,1,18
BRDA:189,3,0,1
BRDA:189,3,1,18
BRDA:200,4,0,1
BRDA:200,4,1,0
BRDA:220,5,0,18
BRDA:220,5,1,0
BRDA:228,6,0,17
BRDA:228,6,1,0
BRDA:239,7,0,0
BRDA:239,7,1,18
BRDA:244,8,0,15
BRDA:244,8,1,3
BRDA:249,9,0,14
BRDA:249,9,1,4
BRDA:249,10,0,18
BRDA:249,10,1,4
BRDA:254,11,0,1
BRDA:254,11,1,3
BRDA:262,12,0,3
BRDA:262,12,1,1
BRDA:266,13,0,1
BRDA:266,13,1,2
BRDA:275,14,0,2
BRDA:275,14,1,0
BRDA:275,15,0,2
BRDA:275,15,1,2
BRDA:280,16,0,0
BRDA:280,16,1,2
BRDA:286,17,0,0
BRDA:286,17,1,0
BRDA:286,18,0,0
BRDA:286,18,1,0
BRDA:314,19,0,5
BRDA:314,19,1,0
BRDA:315,20,0,5
BRDA:315,20,1,0
BRDA:319,21,0,5
BRDA:319,21,1,0
BRDA:324,22,0,0
BRDA:324,22,1,12
BRDA:333,23,0,4
BRDA:333,23,1,8
BRDA:333,24,0,12
BRDA:333,24,1,10
BRDA:337,25,0,1
BRDA:337,25,1,7
BRDA:350,26,0,7
BRDA:350,26,1,0
BRDA:356,27,0,24
BRDA:356,27,1,16
BRDA:364,28,0,17
BRDA:364,28,1,17
BRDA:364,28,2,12
BRDA:393,29,0,1
BRDA:393,29,1,14
BRDA:405,30,0,5
BRDA:405,30,1,7
BRDA:410,31,0,8
BRDA:410,31,1,3
BRDA:411,32,0,8
BRDA:411,32,1,0
BRDA:428,33,0,2
BRDA:428,33,1,1
BRDA:429,34,0,2
BRDA:429,34,1,0
BRDA:444,35,0,1
BRDA:444,35,1,0
BRDA:465,36,0,1
BRDA:465,36,1,1
BRDA:465,37,0,2
BRDA:465,37,1,1
BRDA:480,38,0,23
BRDA:480,38,1,3
BRDA:485,39,0,0
BRDA:485,39,1,3
BRDA:491,40,0,3
BRDA:491,40,1,0
BRDA:491,40,2,0
BRDA:499,41,0,0
BRDA:499,41,1,3
BRDA:503,42,0,0
BRDA:503,42,1,3
BRDA:507,43,0,3
BRDA:507,43,1,0
BRDA:509,44,0,3
BRDA:509,44,1,0
BRDA:510,45,0,0
BRDA:510,45,1,3
BRDA:510,46,0,3
BRDA:510,46,1,0
BRDA:517,47,0,0
BRDA:517,47,1,1
BRDA:521,48,0,0
BRDA:521,48,1,1
BRDA:525,49,0,1
BRDA:525,49,1,0
BRDA:525,50,0,1
BRDA:525,50,1,1
BRDA:530,51,0,0
BRDA:530,51,1,2
BRDA:533,52,0,0
BRDA:533,52,1,0
BRDA:534,53,0,0
BRDA:534,53,1,0
BRDA:535,54,0,0
BRDA:535,54,1,0
BRDA:550,55,0,1
BRDA:550,55,1,1
BRDA:555,56,0,1
BRDA:555,56,1,1
BRDA:595,57,0,0
BRDA:595,57,1,3
BRDA:598,58,0,1
BRDA:598,58,1,2
BRDA:600,59,0,0
BRDA:600,59,1,3
BRDA:600,60,0,3
BRDA:600,60,1,0
BRDA:640,61,0,1
BRDA:640,61,1,0
BRDA:641,62,0,1
BRDA:641,62,1,0
BRDA:658,63,0,0
BRDA:658,63,1,1
BRDA:664,64,0,0
BRDA:664,64,1,1
BRDA:664,65,0,1
BRDA:664,65,1,0
BRDA:685,66,0,1
BRDA:685,66,1,0
BRDA:685,67,0,1
BRDA:685,67,1,1
BRDA:693,68,0,1
BRDA:693,68,1,0
BRDA:694,69,0,1
BRDA:694,69,1,0
BRDA:698,70,0,0
BRDA:698,70,1,0
BRDA:718,71,0,0
BRDA:718,71,1,0
BRDA:727,72,0,0
BRDA:727,72,1,0
BRDA:765,73,0,0
BRDA:765,73,1,0
BRDA:768,74,0,0
BRDA:768,74,1,0
BRDA:772,75,0,0
BRDA:772,75,1,0
BRDA:776,76,0,0
BRDA:776,76,1,0
BRDA:780,77,0,0
BRDA:780,77,1,0
BRDA:801,78,0,0
BRDA:801,78,1,0
BRDA:813,79,0,0
BRDA:813,79,1,0
BRDA:827,80,0,0
BRDA:827,80,1,1
BRDA:827,81,0,1
BRDA:827,81,1,1
BRDA:859,82,0,0
BRDA:859,82,1,1
BRDA:864,83,0,1
BRDA:864,83,1,0
BRDA:866,84,0,0
BRDA:866,84,1,1
BRDA:871,85,0,0
BRDA:871,85,1,1
BRDA:871,86,0,1
BRDA:871,86,1,1
BRDA:875,87,0,1
BRDA:875,87,1,0
BRDA:883,88,0,0
BRDA:883,88,1,0
BRDA:896,89,0,0
BRDA:896,89,1,0
BRDA:900,90,0,0
BRDA:900,90,1,0
BRDA:901,91,0,0
BRDA:901,91,1,0
BRDA:905,92,0,0
BRDA:905,92,1,0
BRDA:907,93,0,0
BRDA:907,93,1,0
BRDA:915,94,0,0
BRDA:915,94,1,0
BRDA:916,95,0,0
BRDA:916,95,1,0
BRDA:928,96,0,1
BRDA:928,96,1,0
BRDA:928,97,0,1
BRDA:928,97,1,0
BRDA:940,98,0,0
BRDA:940,98,1,0
BRDA:945,99,0,0
BRDA:945,99,1,0
BRDA:945,100,0,0
BRDA:945,100,1,0
BRDA:946,101,0,0
BRDA:946,101,1,0
BRDA:946,102,0,0
BRDA:946,102,1,0
BRDA:953,103,0,0
BRDA:953,103,1,0
BRDA:959,104,0,0
BRDA:959,104,1,0
BRDA:978,105,0,0
BRDA:978,105,1,0
BRDA:978,106,0,0
BRDA:978,106,1,0
BRDA:1000,107,0,1
BRDA:1000,107,1,0
BRDA:1000,108,0,1
BRDA:1000,108,1,0
BRDA:1007,109,0,0
BRDA:1007,109,1,0
BRDA:1022,110,0,0
BRDA:1022,110,1,0
BRDA:1022,111,0,0
BRDA:1022,111,1,0
BRDA:1027,112,0,0
BRDA:1027,112,1,0
BRDA:1034,113,0,0
BRDA:1034,113,1,0
BRDA:1034,114,0,0
BRDA:1034,114,1,0
BRDA:1051,115,0,2
BRDA:1051,115,1,0
BRDA:1055,116,0,0
BRDA:1055,116,1,0
BRDA:1061,117,0,0
BRDA:1061,117,1,3
BRDA:1075,118,0,3
BRDA:1075,118,1,0
BRDA:1075,118,2,0
BRDA:1075,118,3,0
BRDA:1075,118,4,0
BRDA:1075,118,5,0
BRDA:1075,118,6,0
BRDA:1083,119,0,0
BRDA:1083,119,1,3
BRDA:1090,120,0,3
BRDA:1090,120,1,0
BRDA:1091,121,0,1
BRDA:1091,121,1,2
BRDA:1101,122,0,0
BRDA:1101,122,1,1
BRDA:1110,123,0,1
BRDA:1110,123,1,0
BRDA:1110,123,2,0
BRDA:1111,124,0,0
BRDA:1111,124,1,1
BRDA:1116,125,0,1
BRDA:1116,125,1,0
BRDA:1123,126,0,0
BRDA:1123,126,1,1
BRDA:1142,127,0,0
BRDA:1142,127,1,0
BRDA:1143,128,0,0
BRDA:1143,128,1,0
BRDA:1147,129,0,0
BRDA:1147,129,1,0
BRDA:1148,130,0,0
BRDA:1148,130,1,0
BRDA:1158,131,0,0
BRDA:1158,131,1,1
BRDA:1163,132,0,0
BRDA:1163,132,1,1
BRDA:1168,133,0,1
BRDA:1168,133,1,1
BRDA:1176,134,0,0
BRDA:1176,134,1,1
BRDA:1176,135,0,1
BRDA:1176,135,1,1
BRDA:1184,136,0,0
BRDA:1184,136,1,0
BRDA:1197,137,0,0
BRDA:1197,137,1,0
BRDA:1198,138,0,0
BRDA:1198,138,1,0
BRDA:1232,139,0,0
BRDA:1232,139,1,1
BRDA:1277,140,0,0
BRDA:1277,140,1,1
BRDA:1295,141,0,1
BRDA:1295,141,1,0
BRDA:1316,142,0,1
BRDA:1316,142,1,10
BRDA:1321,143,0,0
BRDA:1321,143,1,10
BRDA:1324,144,0,10
BRDA:1324,144,1,0
BRDA:1324,145,0,10
BRDA:1324,145,1,1
BRDA:1324,145,2,0
BRDA:1333,146,0,22
BRDA:1333,146,1,0
BRDA:1353,147,0,0
BRDA:1353,147,1,0
BRDA:1353,148,0,0
BRDA:1353,148,1,0
BRF:307
BRH:137
end_of_record
TN:
SF:src/provisioner/policy-binding-resolver.ts
FN:54,(anonymous_0)
FN:57,createPolicyBindingResolver
FN:67,(anonymous_2)
FN:123,(anonymous_3)
FN:126,(anonymous_4)
FNF:5
FNH:5
FNDA:9,(anonymous_0)
FNDA:3,createPolicyBindingResolver
FNDA:9,(anonymous_2)
FNDA:2,(anonymous_3)
FNDA:5,(anonymous_4)
DA:54,4
DA:55,9
DA:57,4
DA:58,3
DA:59,3
DA:60,3
DA:61,3
DA:64,3
DA:65,3
DA:67,3
DA:68,9
DA:69,0
DA:72,9
DA:73,9
DA:74,0
DA:77,9
DA:79,9
DA:81,2
DA:82,2
DA:83,0
DA:85,2
DA:88,2
DA:89,2
DA:90,0
DA:92,2
DA:95,2
DA:96,1
DA:98,1
DA:101,1
DA:102,0
DA:104,1
DA:107,2
DA:108,2
DA:109,2
DA:111,0
DA:112,0
DA:114,0
DA:117,0
DA:119,0
DA:123,3
DA:126,5
DA:127,2
DA:130,3
LF:43
LH:33
BRDA:55,0,0,9
BRDA:55,0,1,9
BRDA:59,1,0,3
BRDA:59,1,1,1
BRDA:64,2,0,3
BRDA:64,2,1,1
BRDA:65,3,0,3
BRDA:65,3,1,1
BRDA:68,4,0,0
BRDA:68,4,1,9
BRDA:68,5,0,9
BRDA:68,5,1,9
BRDA:73,6,0,0
BRDA:73,6,1,9
BRDA:79,7,0,2
BRDA:79,7,1,2
BRDA:79,7,2,2
BRDA:79,7,3,1
BRDA:79,7,4,2
BRDA:79,7,5,0
BRDA:79,7,6,0
BRDA:82,8,0,0
BRDA:82,8,1,2
BRDA:82,9,0,2
BRDA:82,9,1,2
BRDA:89,10,0,0
BRDA:89,10,1,2
BRDA:89,11,0,2
BRDA:89,11,1,2
BRDA:95,12,0,1
BRDA:95,12,1,1
BRDA:101,13,0,0
BRDA:101,13,1,1
BRDA:108,14,0,2
BRDA:108,14,1,0
BRDA:108,15,0,2
BRDA:108,15,1,2
BRDA:111,16,0,0
BRDA:111,16,1,0
BRF:39
BRH:29
end_of_record
TN:
SF:src/provisioner/policy-provisioner.ts
FN:22,(anonymous_0)
FN:24,(anonymous_1)
FN:32,(anonymous_2)
FN:35,(anonymous_3)
FN:40,(anonymous_4)
FN:58,(anonymous_5)
FN:65,(anonymous_6)
FNF:7
FNH:7
FNDA:2,(anonymous_0)
FNDA:2,(anonymous_1)
FNDA:3,(anonymous_2)
FNDA:5,(anonymous_3)
FNDA:5,(anonymous_4)
FNDA:3,(anonymous_5)
FNDA:5,(anonymous_6)
DA:4,3
DA:5,3
DA:21,3
DA:22,2
DA:25,2
DA:26,2
DA:28,2
DA:29,2
DA:30,2
DA:32,2
DA:33,3
DA:34,2
DA:35,5
DA:39,2
DA:40,2
DA:41,5
DA:42,5
DA:44,2
DA:46,1
DA:47,1
DA:51,2
DA:58,2
DA:59,3
DA:60,3
DA:62,3
DA:65,5
DA:73,2
LF:27
LH:27
BRDA:22,0,0,2
BRDA:33,1,0,2
BRDA:33,1,1,1
BRDA:33,2,0,3
BRDA:33,2,1,2
BRDA:60,3,0,3
BRDA:60,3,1,0
BRF:7
BRH:6
end_of_record
TN:
SF:src/provisioner/turnkey-client-cache.ts
FN:28,(anonymous_0)
FN:34,(anonymous_1)
FN:51,(anonymous_2)
FN:59,(anonymous_3)
FN:63,(anonymous_4)
FN:67,(anonymous_5)
FNF:6
FNH:0
FNDA:0,(anonymous_0)
FNDA:0,(anonymous_1)
FNDA:0,(anonymous_2)
FNDA:0,(anonymous_3)
FNDA:0,(anonymous_4)
FNDA:0,(anonymous_5)
DA:25,0
DA:26,0
DA:28,0
DA:35,0
DA:36,0
DA:38,0
DA:39,0
DA:42,0
DA:43,0
DA:44,0
DA:52,0
DA:53,0
DA:60,0
DA:64,0
DA:68,0
DA:69,0
DA:72,0
DA:73,0
DA:76,0
LF:19
LH:0
BRDA:38,0,0,0
BRDA:38,0,1,0
BRDA:38,1,0,0
BRDA:38,1,1,0
BRDA:68,2,0,0
BRDA:68,2,1,0
BRDA:68,3,0,0
BRDA:68,3,1,0
BRDA:68,3,2,0
BRDA:72,4,0,0
BRDA:72,4,1,0
BRDA:72,5,0,0
BRDA:72,5,1,0
BRF:13
BRH:0
end_of_record
TN:
SF:src/provisioner/turnkey-suborg-provisioner.ts
FN:50,(anonymous_1)
FN:57,(anonymous_2)
FN:62,(anonymous_3)
FN:86,(anonymous_4)
FN:93,(anonymous_5)
FN:108,(anonymous_6)
FN:155,(anonymous_7)
FN:160,(anonymous_8)
FN:167,(anonymous_9)
FN:183,(anonymous_10)
FN:184,(anonymous_11)
FN:187,(anonymous_12)
FN:235,(anonymous_13)
FN:249,(anonymous_14)
FN:251,(anonymous_15)
FN:252,(anonymous_16)
FN:259,(anonymous_17)
FN:264,(anonymous_18)
FN:276,(anonymous_19)
FN:277,(anonymous_20)
FN:286,(anonymous_21)
FN:304,(anonymous_22)
FN:314,(anonymous_23)
FN:315,(anonymous_24)
FN:323,(anonymous_25)
FN:324,(anonymous_26)
FN:338,(anonymous_27)
FN:342,(anonymous_28)
FN:349,(anonymous_29)
FN:358,(anonymous_30)
FN:377,(anonymous_31)
FN:383,(anonymous_32)
FN:385,(anonymous_33)
FN:407,(anonymous_34)
FN:412,(anonymous_35)
FN:427,(anonymous_36)
FN:428,(anonymous_37)
FN:462,(anonymous_38)
FN:465,(anonymous_39)
FN:466,(anonymous_40)
FN:469,(anonymous_41)
FN:470,(anonymous_42)
FN:473,(anonymous_43)
FN:482,(anonymous_44)
FN:488,(anonymous_45)
FNF:45
FNH:44
FNDA:3,(anonymous_1)
FNDA:11,(anonymous_2)
FNDA:11,(anonymous_3)
FNDA:3,(anonymous_4)
FNDA:3,(anonymous_5)
FNDA:12,(anonymous_6)
FNDA:12,(anonymous_7)
FNDA:12,(anonymous_8)
FNDA:5,(anonymous_9)
FNDA:12,(anonymous_10)
FNDA:12,(anonymous_11)
FNDA:7,(anonymous_12)
FNDA:10,(anonymous_13)
FNDA:10,(anonymous_14)
FNDA:19,(anonymous_15)
FNDA:18,(anonymous_16)
FNDA:18,(anonymous_17)
FNDA:35,(anonymous_18)
FNDA:47,(anonymous_19)
FNDA:83,(anonymous_20)
FNDA:17,(anonymous_21)
FNDA:18,(anonymous_22)
FNDA:6,(anonymous_23)
FNDA:11,(anonymous_24)
FNDA:6,(anonymous_25)
FNDA:3,(anonymous_26)
FNDA:6,(anonymous_27)
FNDA:12,(anonymous_28)
FNDA:17,(anonymous_29)
FNDA:17,(anonymous_30)
FNDA:6,(anonymous_31)
FNDA:12,(anonymous_32)
FNDA:24,(anonymous_33)
FNDA:6,(anonymous_34)
FNDA:66,(anonymous_35)
FNDA:17,(anonymous_36)
FNDA:17,(anonymous_37)
FNDA:6,(anonymous_38)
FNDA:11,(anonymous_39)
FNDA:20,(anonymous_40)
FNDA:7,(anonymous_41)
FNDA:10,(anonymous_42)
FNDA:0,(anonymous_43)
FNDA:6,(anonymous_44)
FNDA:11,(anonymous_45)
DA:1,2
DA:26,2
DA:36,2
DA:49,2
DA:51,3
DA:52,3
DA:56,2
DA:58,11
DA:59,11
DA:63,11
DA:65,10
DA:66,10
DA:68,8
DA:74,7
DA:80,7
DA:85,6
DA:86,6
DA:87,3
DA:88,3
DA:90,3
DA:92,6
DA:94,3
DA:95,1
DA:97,3
DA:102,6
DA:107,6
DA:108,12
DA:110,6
DA:111,6
DA:113,6
DA:114,12
DA:115,24
DA:116,19
DA:119,5
DA:120,5
DA:121,0
DA:124,5
DA:132,5
DA:138,5
DA:148,5
DA:149,5
DA:153,6
DA:155,6
DA:156,12
DA:157,12
DA:160,6
DA:161,12
DA:162,12
DA:164,12
DA:167,6
DA:168,5
DA:169,4
DA:173,6
DA:175,6
DA:183,12
DA:184,12
DA:187,7
DA:195,6
DA:202,6
DA:221,6
DA:236,10
DA:237,10
DA:239,10
DA:250,10
DA:251,19
DA:252,18
DA:263,18
DA:264,18
DA:265,35
DA:266,35
DA:267,35
DA:268,34
DA:273,17
DA:277,83
DA:278,47
DA:279,1
DA:283,46
DA:290,17
DA:291,17
DA:292,0
DA:296,17
DA:300,17
DA:301,0
DA:304,18
DA:305,17
DA:306,1
DA:311,16
DA:315,11
DA:324,6
DA:325,3
DA:326,3
DA:327,3
DA:342,6
DA:343,12
DA:344,12
DA:345,12
DA:355,17
DA:356,17
DA:358,17
DA:359,17
DA:360,17
DA:361,17
DA:362,17
DA:363,8
DA:367,17
DA:383,6
DA:384,12
DA:385,12
DA:386,24
DA:387,24
DA:388,5
DA:389,5
DA:391,19
DA:393,24
DA:396,12
DA:410,6
DA:412,6
DA:413,66
DA:414,0
DA:416,66
DA:417,3
DA:419,63
DA:427,6
DA:428,17
DA:429,17
DA:430,0
DA:433,17
DA:434,17
DA:441,17
DA:444,17
DA:447,17
DA:449,17
DA:450,17
DA:452,5
DA:453,5
DA:454,5
DA:459,6
DA:463,6
DA:465,6
DA:466,20
DA:469,6
DA:470,10
DA:473,6
DA:474,0
DA:475,0
DA:479,6
DA:483,6
DA:484,6
DA:485,6
DA:489,11
DA:490,1
DA:492,10
DA:493,0
LF:153
LH:145
BRDA:58,0,0,1
BRDA:59,1,0,1
BRDA:87,2,0,3
BRDA:87,2,1,0
BRDA:87,3,0,3
BRDA:87,3,1,3
BRDA:94,4,0,1
BRDA:94,4,1,2
BRDA:115,5,0,19
BRDA:115,5,1,5
BRDA:120,6,0,0
BRDA:120,6,1,5
BRDA:161,7,0,12
BRDA:161,7,1,0
BRDA:168,8,0,4
BRDA:168,8,1,1
BRDA:186,9,0,6
BRDA:186,9,1,0
BRDA:215,10,0,1
BRDA:215,10,1,5
BRDA:227,11,0,1
BRDA:227,11,1,5
BRDA:266,12,0,35
BRDA:266,12,1,29
BRDA:270,13,0,5
BRDA:270,13,1,29
BRDA:278,14,0,1
BRDA:278,14,1,46
BRDA:290,15,0,17
BRDA:290,15,1,0
BRDA:291,16,0,0
BRDA:291,16,1,17
BRDA:296,17,0,17
BRDA:296,17,1,17
BRDA:296,17,2,15
BRDA:300,18,0,0
BRDA:300,18,1,17
BRDA:305,19,0,1
BRDA:305,19,1,16
BRDA:317,20,0,4
BRDA:317,20,1,7
BRDA:317,21,0,11
BRDA:317,21,1,11
BRDA:325,22,0,3
BRDA:325,22,1,0
BRDA:325,23,0,0
BRDA:325,23,1,0
BRDA:333,24,0,3
BRDA:333,24,1,2
BRDA:361,25,0,17
BRDA:361,25,1,9
BRDA:362,26,0,8
BRDA:362,26,1,9
BRDA:370,27,0,17
BRDA:370,27,1,4
BRDA:372,28,0,8
BRDA:372,28,1,9
BRDA:387,29,0,5
BRDA:387,29,1,19
BRDA:389,30,0,5
BRDA:389,30,1,0
BRDA:391,31,0,19
BRDA:391,31,1,0
BRDA:399,32,0,12
BRDA:399,32,1,8
BRDA:413,33,0,0
BRDA:413,33,1,66
BRDA:413,34,0,66
BRDA:413,34,1,66
BRDA:416,35,0,3
BRDA:416,35,1,63
BRDA:429,36,0,0
BRDA:429,36,1,17
BRDA:429,37,0,17
BRDA:429,37,1,17
BRDA:450,38,0,5
BRDA:450,38,1,12
BRDA:450,39,0,17
BRDA:450,39,1,5
BRDA:469,40,0,6
BRDA:469,40,1,0
BRDA:473,41,0,6
BRDA:473,41,1,0
BRDA:474,42,0,0
BRDA:474,42,1,0
BRDA:479,43,0,5
BRDA:479,43,1,1
BRDA:489,44,0,1
BRDA:489,44,1,10
BRDA:489,45,0,11
BRDA:489,45,1,10
BRDA:489,45,2,10
BRDA:492,46,0,0
BRDA:492,46,1,10
BRDA:492,47,0,10
BRDA:492,47,1,10
BRF:96
BRH:77
end_of_record
TN:
SF:src/provisioner/wallet-manager.ts
FN:25,(anonymous_0)
FN:30,(anonymous_1)
FN:41,(anonymous_2)
FN:59,(anonymous_3)
FN:77,(anonymous_4)
FN:92,(anonymous_5)
FN:93,(anonymous_6)
FNF:7
FNH:3
FNDA:2,(anonymous_0)
FNDA:0,(anonymous_1)
FNDA:1,(anonymous_2)
FNDA:1,(anonymous_3)
FNDA:0,(anonymous_4)
FNDA:0,(anonymous_5)
FNDA:0,(anonymous_6)
DA:5,1
DA:24,1
DA:26,2
DA:27,2
DA:31,0
DA:36,0
DA:37,0
DA:38,0
DA:46,1
DA:51,1
DA:52,1
DA:56,1
DA:65,1
DA:78,0
DA:79,0
DA:82,0
DA:87,0
DA:88,0
DA:89,0
DA:93,0
LF:20
LH:9
BRDA:26,0,0,2
BRDA:70,1,0,1
BRDA:70,1,1,1
BRDA:78,2,0,0
BRDA:78,2,1,0
BRF:5
BRH:3
end_of_record
TN:
SF:src/provisioner/wallet-template-registry.ts
FN:4,(anonymous_0)
FN:10,(anonymous_1)
FN:14,(anonymous_2)
FN:15,(anonymous_3)
FN:22,(anonymous_4)
FN:24,(anonymous_5)
FNF:6
FNH:0
FNDA:0,(anonymous_0)
FNDA:0,(anonymous_1)
FNDA:0,(anonymous_2)
FNDA:0,(anonymous_3)
FNDA:0,(anonymous_4)
FNDA:0,(anonymous_5)
DA:3,0
DA:4,0
DA:5,0
DA:6,0
DA:11,0
DA:15,0
DA:16,0
DA:17,0
DA:19,0
DA:23,0
DA:24,0
LF:11
LH:0
BRDA:5,0,0,0
BRDA:5,0,1,0
BRDA:5,1,0,0
BRDA:5,1,1,0
BRDA:5,1,2,0
BRDA:5,1,3,0
BRDA:16,2,0,0
BRDA:16,2,1,0
BRF:8
BRH:0
end_of_record
TN:
SF:src/utils/type-guards.ts
FN:3,(anonymous_0)
FN:6,(anonymous_1)
FN:9,(anonymous_2)
FN:12,(anonymous_3)
FN:24,(anonymous_4)
FN:33,(anonymous_5)
FN:36,(anonymous_6)
FN:39,(anonymous_7)
FN:40,(anonymous_8)
FN:42,(anonymous_9)
FNF:10
FNH:8
FNDA:1091,(anonymous_0)
FNDA:35,(anonymous_1)
FNDA:0,(anonymous_2)
FNDA:52,(anonymous_3)
FNDA:0,(anonymous_4)
FNDA:118,(anonymous_5)
FNDA:307,(anonymous_6)
FNDA:72,(anonymous_7)
FNDA:102,(anonymous_8)
FNDA:16,(anonymous_9)
DA:1,9
DA:3,9
DA:4,1091
DA:6,9
DA:7,35
DA:9,9
DA:10,0
DA:12,9
DA:13,52
DA:14,1
DA:17,51
DA:18,1
DA:21,50
DA:24,9
DA:25,0
DA:26,0
DA:29,0
DA:30,0
DA:33,9
DA:34,118
DA:36,9
DA:37,307
DA:39,9
DA:40,102
DA:42,9
DA:43,16
LF:26
LH:21
BRDA:4,0,0,1091
BRDA:4,0,1,1028
BRDA:7,1,0,35
BRDA:7,1,1,35
BRDA:7,1,2,35
BRDA:10,2,0,0
BRDA:10,2,1,0
BRDA:10,2,2,0
BRDA:13,3,0,1
BRDA:13,3,1,51
BRDA:17,4,0,1
BRDA:17,4,1,50
BRDA:25,5,0,0
BRDA:25,5,1,0
BRDA:34,6,0,118
BRDA:34,6,1,114
BRDA:37,7,0,307
BRDA:37,7,1,295
BRDA:40,8,0,72
BRDA:40,8,1,72
BRDA:40,9,0,102
BRDA:40,9,1,102
BRDA:43,10,0,16
BRDA:43,10,1,16
BRF:24
BRH:19
end_of_record
